root - INFO - GA Tuner Matrix Multiplication - 2023-08-01 18:35:03.547482
autotvm - DEBUG - waiting for device...
autotvm - DEBUG - device available
autotvm - INFO - Get devices for measurement successfully!
autotvm - DEBUG - No: 1	GFLOPS: 0.72/0.72	result: MeasureResult(costs=(176.86919705600002,), error_no=MeasureErrorNo.NO_ERROR, all_cost=354.60037302970886, timestamp=1690933265.1806302)	[('tile_x', 2), ('tile_xT', 1)],None,1
autotvm - DEBUG - No: 2	GFLOPS: 0.64/0.72	result: MeasureResult(costs=(201.36253218899998,), error_no=MeasureErrorNo.NO_ERROR, all_cost=409.6817672252655, timestamp=1690933674.814902)	[('tile_x', 10), ('tile_xT', 1)],None,5
autotvm - DEBUG - No: 3	GFLOPS: 2.35/2.35	result: MeasureResult(costs=(54.353809888,), error_no=MeasureErrorNo.NO_ERROR, all_cost=112.15595412254333, timestamp=1690933786.8949947)	[('tile_x', 400), ('tile_xT', 1)],None,16
autotvm - DEBUG - No: 4	GFLOPS: 1.11/2.35	result: MeasureResult(costs=(115.295996505,), error_no=MeasureErrorNo.NO_ERROR, all_cost=232.99372363090515, timestamp=1690934019.8303068)	[('tile_x', 5), ('tile_xT', 2)],None,23
autotvm - DEBUG - No: 5	GFLOPS: 2.25/2.35	result: MeasureResult(costs=(56.891198291,), error_no=MeasureErrorNo.NO_ERROR, all_cost=111.20457220077515, timestamp=1690934130.9480224)	[('tile_x', 8), ('tile_xT', 2)],None,24
autotvm - DEBUG - No: 6	GFLOPS: 0.93/2.35	result: MeasureResult(costs=(137.672961972,), error_no=MeasureErrorNo.NO_ERROR, all_cost=279.52556920051575, timestamp=1690934410.3884597)	[('tile_x', 16), ('tile_xT', 2)],None,26
autotvm - DEBUG - No: 7	GFLOPS: 3.89/3.89	result: MeasureResult(costs=(32.868265677000004,), error_no=MeasureErrorNo.NO_ERROR, all_cost=68.92629671096802, timestamp=1690934479.2657084)	[('tile_x', 40), ('tile_xT', 2)],None,29
autotvm - DEBUG - No: 8	GFLOPS: 3.88/3.89	result: MeasureResult(costs=(33.020099964,), error_no=MeasureErrorNo.NO_ERROR, all_cost=68.43295454978943, timestamp=1690934547.2953615)	[('tile_x', 50), ('tile_xT', 2)],None,30
autotvm - DEBUG - No: 9	GFLOPS: 2.83/3.89	result: MeasureResult(costs=(45.239175648999996,), error_no=MeasureErrorNo.NO_ERROR, all_cost=92.35659170150757, timestamp=1690934639.5864644)	[('tile_x', 8), ('tile_xT', 4)],None,44
autotvm - DEBUG - No: 10	GFLOPS: 2.67/3.89	result: MeasureResult(costs=(47.86224586,), error_no=MeasureErrorNo.NO_ERROR, all_cost=108.55486869812012, timestamp=1690934748.071754)	[('tile_x', 10), ('tile_xT', 4)],None,45
autotvm - DEBUG - No: 11	GFLOPS: 3.42/3.89	result: MeasureResult(costs=(37.412559751,), error_no=MeasureErrorNo.NO_ERROR, all_cost=88.10500431060791, timestamp=1690934836.0686247)	[('tile_x', 25), ('tile_xT', 4)],None,48
autotvm - DEBUG - No: 12	GFLOPS: 4.87/4.87	result: MeasureResult(costs=(26.289976146,), error_no=MeasureErrorNo.NO_ERROR, all_cost=55.53276491165161, timestamp=1690934891.5150125)	[('tile_x', 50), ('tile_xT', 4)],None,50
autotvm - DEBUG - No: 13	GFLOPS: 3.83/4.87	result: MeasureResult(costs=(33.450578646000004,), error_no=MeasureErrorNo.NO_ERROR, all_cost=69.07302689552307, timestamp=1690934960.5629034)	[('tile_x', 125), ('tile_xT', 4)],None,53
autotvm - DEBUG - No: 14	GFLOPS: 1.98/4.87	result: MeasureResult(costs=(64.808556227,), error_no=MeasureErrorNo.NO_ERROR, all_cost=134.203759431839, timestamp=1690935094.677648)	[('tile_x', 2), ('tile_xT', 5)],None,61
autotvm - DEBUG - No: 15	GFLOPS: 3.53/4.87	result: MeasureResult(costs=(36.22807873,), error_no=MeasureErrorNo.NO_ERROR, all_cost=84.56396126747131, timestamp=1690935179.17041)	[('tile_x', 16), ('tile_xT', 5)],None,66
autotvm - DEBUG - No: 16	GFLOPS: 4.57/4.87	result: MeasureResult(costs=(27.994071857999998,), error_no=MeasureErrorNo.NO_ERROR, all_cost=59.558507442474365, timestamp=1690935238.6839607)	[('tile_x', 100), ('tile_xT', 5)],None,72
autotvm - DEBUG - No: 17	GFLOPS: 5.72/5.72	result: MeasureResult(costs=(22.385064904,), error_no=MeasureErrorNo.NO_ERROR, all_cost=46.40494704246521, timestamp=1690935285.061429)	[('tile_x', 500), ('tile_xT', 5)],None,77
autotvm - DEBUG - No: 18	GFLOPS: 6.69/6.69	result: MeasureResult(costs=(19.140848475,), error_no=MeasureErrorNo.NO_ERROR, all_cost=39.69018244743347, timestamp=1690935324.6803367)	[('tile_x', 2000), ('tile_xT', 5)],None,79
autotvm - DEBUG - No: 19	GFLOPS: 2.08/6.69	result: MeasureResult(costs=(61.454805966,), error_no=MeasureErrorNo.NO_ERROR, all_cost=124.34449768066406, timestamp=1690935449.0070415)	[('tile_x', 1), ('tile_xT', 8)],None,80
autotvm - DEBUG - No: 20	GFLOPS: 3.17/6.69	result: MeasureResult(costs=(40.317759655,), error_no=MeasureErrorNo.NO_ERROR, all_cost=77.3827576637268, timestamp=1690935526.2903621)	[('tile_x', 10), ('tile_xT', 8)],None,85
autotvm - DEBUG - No: 21	GFLOPS: 4.21/6.69	result: MeasureResult(costs=(30.384448934,), error_no=MeasureErrorNo.NO_ERROR, all_cost=63.70709586143494, timestamp=1690935589.9356232)	[('tile_x', 16), ('tile_xT', 8)],None,86
autotvm - DEBUG - No: 22	GFLOPS: 4.19/6.69	result: MeasureResult(costs=(30.566282024,), error_no=MeasureErrorNo.NO_ERROR, all_cost=64.17766523361206, timestamp=1690935653.9314256)	[('tile_x', 25), ('tile_xT', 8)],None,88
autotvm - DEBUG - No: 23	GFLOPS: 5.06/6.69	result: MeasureResult(costs=(25.284236191,), error_no=MeasureErrorNo.NO_ERROR, all_cost=52.827231645584106, timestamp=1690935706.6919134)	[('tile_x', 80), ('tile_xT', 8)],None,91
autotvm - DEBUG - No: 24	GFLOPS: 6.11/6.69	result: MeasureResult(costs=(20.935967669,), error_no=MeasureErrorNo.NO_ERROR, all_cost=43.608033180236816, timestamp=1690935750.1813383)	[('tile_x', 250), ('tile_xT', 8)],None,95
autotvm - DEBUG - No: 25	GFLOPS: 3.25/6.69	result: MeasureResult(costs=(39.427329015000005,), error_no=MeasureErrorNo.NO_ERROR, all_cost=85.78151893615723, timestamp=1690935835.8923085)	[('tile_x', 8), ('tile_xT', 10)],None,104
autotvm - DEBUG - No: 26	GFLOPS: 4.36/6.69	result: MeasureResult(costs=(29.334580691,), error_no=MeasureErrorNo.NO_ERROR, all_cost=60.54777956008911, timestamp=1690935896.3296854)	[('tile_x', 25), ('tile_xT', 10)],None,108
autotvm - DEBUG - No: 27	GFLOPS: 4.68/6.69	result: MeasureResult(costs=(27.360077234000002,), error_no=MeasureErrorNo.NO_ERROR, all_cost=55.773650884628296, timestamp=1690935951.8586211)	[('tile_x', 40), ('tile_xT', 10)],None,109
autotvm - DEBUG - No: 28	GFLOPS: 5.31/6.69	result: MeasureResult(costs=(24.095119965000002,), error_no=MeasureErrorNo.NO_ERROR, all_cost=49.71441054344177, timestamp=1690936001.2251647)	[('tile_x', 80), ('tile_xT', 10)],None,111
autotvm - DEBUG - No: 29	GFLOPS: 6.58/6.69	result: MeasureResult(costs=(19.455187048,), error_no=MeasureErrorNo.NO_ERROR, all_cost=41.06701445579529, timestamp=1690936042.250974)	[('tile_x', 250), ('tile_xT', 10)],None,115
autotvm - DEBUG - No: 30	GFLOPS: 6.56/6.69	result: MeasureResult(costs=(19.504111099000003,), error_no=MeasureErrorNo.NO_ERROR, all_cost=40.54569053649902, timestamp=1690936082.7115338)	[('tile_x', 400), ('tile_xT', 10)],None,116
autotvm - DEBUG - No: 31	GFLOPS: 7.54/7.54	result: MeasureResult(costs=(16.982279556,), error_no=MeasureErrorNo.NO_ERROR, all_cost=35.865172386169434, timestamp=1690936118.1748035)	[('tile_x', 2000), ('tile_xT', 10)],None,119
autotvm - DEBUG - No: 32	GFLOPS: 2.42/7.54	result: MeasureResult(costs=(52.956190273,), error_no=MeasureErrorNo.NO_ERROR, all_cost=107.29974746704102, timestamp=1690936225.485309)	[('tile_x', 1), ('tile_xT', 16)],None,120
autotvm - DEBUG - No: 33	GFLOPS: 5.23/7.54	result: MeasureResult(costs=(24.496971680999998,), error_no=MeasureErrorNo.NO_ERROR, all_cost=53.341064453125, timestamp=1690936277.9608088)	[('tile_x', 50), ('tile_xT', 16)],None,130
autotvm - DEBUG - No: 34	GFLOPS: 7.32/7.54	result: MeasureResult(costs=(17.478724163,), error_no=MeasureErrorNo.NO_ERROR, all_cost=36.63117694854736, timestamp=1690936314.4919996)	[('tile_x', 200), ('tile_xT', 16)],None,134
autotvm - DEBUG - No: 35	GFLOPS: 7.18/7.54	result: MeasureResult(costs=(17.82188826,), error_no=MeasureErrorNo.NO_ERROR, all_cost=37.17672514915466, timestamp=1690936351.4997075)	[('tile_x', 250), ('tile_xT', 16)],None,135
autotvm - DEBUG - No: 36	GFLOPS: 7.11/7.54	result: MeasureResult(costs=(17.995167619,), error_no=MeasureErrorNo.NO_ERROR, all_cost=37.53898739814758, timestamp=1690936388.8982522)	[('tile_x', 400), ('tile_xT', 16)],None,136
autotvm - DEBUG - No: 37	GFLOPS: 3.48/7.54	result: MeasureResult(costs=(36.83355682,), error_no=MeasureErrorNo.NO_ERROR, all_cost=78.07420134544373, timestamp=1690936466.9506412)	[('tile_x', 4), ('tile_xT', 20)],None,142
autotvm - DEBUG - No: 38	GFLOPS: 3.46/7.54	result: MeasureResult(costs=(37.007614253,), error_no=MeasureErrorNo.NO_ERROR, all_cost=75.89669060707092, timestamp=1690936542.5312963)	[('tile_x', 16), ('tile_xT', 20)],None,146
autotvm - DEBUG - No: 39	GFLOPS: 4.78/7.54	result: MeasureResult(costs=(26.773456366999998,), error_no=MeasureErrorNo.NO_ERROR, all_cost=55.401607036590576, timestamp=1690936597.795197)	[('tile_x', 25), ('tile_xT', 20)],None,148
autotvm - DEBUG - No: 40	GFLOPS: 7.51/7.54	result: MeasureResult(costs=(17.041109544999998,), error_no=MeasureErrorNo.NO_ERROR, all_cost=36.43116211891174, timestamp=1690936633.8761182)	[('tile_x', 200), ('tile_xT', 20)],None,154
autotvm - DEBUG - No: 41	GFLOPS: 7.73/7.73	result: MeasureResult(costs=(16.563109298,), error_no=MeasureErrorNo.NO_ERROR, all_cost=35.161022663116455, timestamp=1690936668.7533786)	[('tile_x', 1000), ('tile_xT', 20)],None,158
autotvm - DEBUG - No: 42	GFLOPS: 8.18/8.18	result: MeasureResult(costs=(15.642046614000002,), error_no=MeasureErrorNo.NO_ERROR, all_cost=33.16527485847473, timestamp=1690936701.5392914)	[('tile_x', 2000), ('tile_xT', 20)],None,159
autotvm - DEBUG - No: 43	GFLOPS: 5.87/8.18	result: MeasureResult(costs=(21.797673293,), error_no=MeasureErrorNo.NO_ERROR, all_cost=45.057921409606934, timestamp=1690936746.3894405)	[('tile_x', 100), ('tile_xT', 25)],None,172
autotvm - DEBUG - No: 44	GFLOPS: 6.89/8.18	result: MeasureResult(costs=(18.572184525,), error_no=MeasureErrorNo.NO_ERROR, all_cost=38.25586438179016, timestamp=1690936784.598784)	[('tile_x', 125), ('tile_xT', 25)],None,173
autotvm - DEBUG - No: 45	GFLOPS: 7.44/8.18	result: MeasureResult(costs=(17.212513512,), error_no=MeasureErrorNo.NO_ERROR, all_cost=36.197444915771484, timestamp=1690936820.4588814)	[('tile_x', 250), ('tile_xT', 25)],None,175
autotvm - DEBUG - No: 46	GFLOPS: 7.57/8.18	result: MeasureResult(costs=(16.917681035,), error_no=MeasureErrorNo.NO_ERROR, all_cost=35.36076378822327, timestamp=1690936855.443689)	[('tile_x', 500), ('tile_xT', 25)],None,177
autotvm - DEBUG - No: 47	GFLOPS: 7.88/8.18	result: MeasureResult(costs=(16.240981142,), error_no=MeasureErrorNo.NO_ERROR, all_cost=34.0870406627655, timestamp=1690936889.1670601)	[('tile_x', 2000), ('tile_xT', 25)],None,179
autotvm - DEBUG - No: 48	GFLOPS: 3.36/8.18	result: MeasureResult(costs=(38.053346998,), error_no=MeasureErrorNo.NO_ERROR, all_cost=75.50238156318665, timestamp=1690936964.3186653)	[('tile_x', 10), ('tile_xT', 40)],None,185
autotvm - DEBUG - No: 49	GFLOPS: 5.08/8.18	result: MeasureResult(costs=(25.185431958000002,), error_no=MeasureErrorNo.NO_ERROR, all_cost=54.82884216308594, timestamp=1690937018.878284)	[('tile_x', 20), ('tile_xT', 40)],None,187
autotvm - DEBUG - No: 50	GFLOPS: 7.80/8.18	result: MeasureResult(costs=(16.408191517,), error_no=MeasureErrorNo.NO_ERROR, all_cost=34.85253190994263, timestamp=1690937053.3987606)	[('tile_x', 400), ('tile_xT', 40)],None,196
autotvm - DEBUG - No: 51	GFLOPS: 7.78/8.18	result: MeasureResult(costs=(16.447761556,), error_no=MeasureErrorNo.NO_ERROR, all_cost=34.628376483917236, timestamp=1690937087.7561786)	[('tile_x', 500), ('tile_xT', 40)],None,197
autotvm - DEBUG - No: 52	GFLOPS: 5.13/8.18	result: MeasureResult(costs=(24.949457381,), error_no=MeasureErrorNo.NO_ERROR, all_cost=51.43016481399536, timestamp=1690937138.7694318)	[('tile_x', 20), ('tile_xT', 50)],None,207
autotvm - DEBUG - No: 53	GFLOPS: 8.14/8.18	result: MeasureResult(costs=(15.734054415000001,), error_no=MeasureErrorNo.NO_ERROR, all_cost=32.761221170425415, timestamp=1690937171.4149868)	[('tile_x', 200), ('tile_xT', 50)],None,214
autotvm - DEBUG - No: 54	GFLOPS: 8.06/8.18	result: MeasureResult(costs=(15.883978027,), error_no=MeasureErrorNo.NO_ERROR, all_cost=32.98312950134277, timestamp=1690937204.414142)	[('tile_x', 1000), ('tile_xT', 50)],None,218
autotvm - DEBUG - No: 55	GFLOPS: 3.14/8.18	result: MeasureResult(costs=(40.791378227,), error_no=MeasureErrorNo.NO_ERROR, all_cost=82.39114570617676, timestamp=1690937286.8257139)	[('tile_x', 2), ('tile_xT', 80)],None,221
autotvm - DEBUG - No: 56	GFLOPS: 4.97/8.18	result: MeasureResult(costs=(25.738009048,), error_no=MeasureErrorNo.NO_ERROR, all_cost=53.157270669937134, timestamp=1690937339.9061146)	[('tile_x', 8), ('tile_xT', 80)],None,224
autotvm - DEBUG - No: 57	GFLOPS: 5.15/8.18	result: MeasureResult(costs=(24.86350561,), error_no=MeasureErrorNo.NO_ERROR, all_cost=52.33216452598572, timestamp=1690937392.0053308)	[('tile_x', 25), ('tile_xT', 80)],None,228
autotvm - DEBUG - No: 58	GFLOPS: 8.05/8.18	result: MeasureResult(costs=(15.905440968,), error_no=MeasureErrorNo.NO_ERROR, all_cost=33.50256967544556, timestamp=1690937425.4850101)	[('tile_x', 500), ('tile_xT', 80)],None,237
autotvm - DEBUG - No: 59	GFLOPS: 7.93/8.18	result: MeasureResult(costs=(16.138459328,), error_no=MeasureErrorNo.NO_ERROR, all_cost=33.76651191711426, timestamp=1690937458.9452105)	[('tile_x', 2000), ('tile_xT', 80)],None,239
autotvm - DEBUG - No: 60	GFLOPS: 4.11/8.18	result: MeasureResult(costs=(31.154689857,), error_no=MeasureErrorNo.NO_ERROR, all_cost=63.412479639053345, timestamp=1690937522.1151683)	[('tile_x', 4), ('tile_xT', 100)],None,242
autotvm - DEBUG - No: 61	GFLOPS: 4.50/8.18	result: MeasureResult(costs=(28.46515712,), error_no=MeasureErrorNo.NO_ERROR, all_cost=58.29044556617737, timestamp=1690937580.4042363)	[('tile_x', 10), ('tile_xT', 100)],None,245
autotvm - DEBUG - No: 62	GFLOPS: 4.71/8.18	result: MeasureResult(costs=(27.196726841,), error_no=MeasureErrorNo.NO_ERROR, all_cost=56.15621280670166, timestamp=1690937636.2585943)	[('tile_x', 16), ('tile_xT', 100)],None,246
autotvm - DEBUG - No: 63	GFLOPS: 7.26/8.18	result: MeasureResult(costs=(17.623898275,), error_no=MeasureErrorNo.NO_ERROR, all_cost=37.12053918838501, timestamp=1690937673.0042567)	[('tile_x', 125), ('tile_xT', 100)],None,253
autotvm - DEBUG - No: 64	GFLOPS: 8.44/8.44	result: MeasureResult(costs=(15.164403365,), error_no=MeasureErrorNo.NO_ERROR, all_cost=32.21591830253601, timestamp=1690937704.8910093)	[('tile_x', 200), ('tile_xT', 100)],None,254
autotvm - DEBUG - No: 65	GFLOPS: 3.30/8.44	result: MeasureResult(costs=(38.840580003,), error_no=MeasureErrorNo.NO_ERROR, all_cost=78.31513929367065, timestamp=1690937783.2363336)	[('tile_x', 2), ('tile_xT', 125)],None,261
autotvm - DEBUG - No: 66	GFLOPS: 5.16/8.44	result: MeasureResult(costs=(24.813071873000002,), error_no=MeasureErrorNo.NO_ERROR, all_cost=51.11851263046265, timestamp=1690937834.015068)	[('tile_x', 8), ('tile_xT', 125)],None,264
autotvm - DEBUG - No: 67	GFLOPS: 8.93/8.93	result: MeasureResult(costs=(14.335435944,), error_no=MeasureErrorNo.NO_ERROR, all_cost=30.395803213119507, timestamp=1690937864.0398507)	[('tile_x', 40), ('tile_xT', 125)],None,269
autotvm - DEBUG - No: 68	GFLOPS: 8.13/8.93	result: MeasureResult(costs=(15.740260939,), error_no=MeasureErrorNo.NO_ERROR, all_cost=32.8388249874115, timestamp=1690937896.893258)	[('tile_x', 100), ('tile_xT', 125)],None,272
autotvm - DEBUG - No: 69	GFLOPS: 8.40/8.93	result: MeasureResult(costs=(15.242082051999999,), error_no=MeasureErrorNo.NO_ERROR, all_cost=31.704094648361206, timestamp=1690937928.6422296)	[('tile_x', 200), ('tile_xT', 125)],None,274
autotvm - DEBUG - No: 70	GFLOPS: 7.37/8.93	result: MeasureResult(costs=(17.364937665000003,), error_no=MeasureErrorNo.NO_ERROR, all_cost=36.263022899627686, timestamp=1690937964.6348104)	[('tile_x', 500), ('tile_xT', 125)],None,277
autotvm - DEBUG - No: 71	GFLOPS: 8.85/8.93	result: MeasureResult(costs=(14.456335058,), error_no=MeasureErrorNo.NO_ERROR, all_cost=30.23075270652771, timestamp=1690937994.4891145)	[('tile_x', 40), ('tile_xT', 200)],None,289
autotvm - DEBUG - No: 72	GFLOPS: 8.17/8.93	result: MeasureResult(costs=(15.660701691,), error_no=MeasureErrorNo.NO_ERROR, all_cost=32.266785621643066, timestamp=1690938026.7592046)	[('tile_x', 80), ('tile_xT', 200)],None,291
autotvm - DEBUG - No: 73	GFLOPS: 7.32/8.93	result: MeasureResult(costs=(17.486495941,), error_no=MeasureErrorNo.NO_ERROR, all_cost=36.47433066368103, timestamp=1690938062.910469)	[('tile_x', 200), ('tile_xT', 200)],None,294
autotvm - DEBUG - No: 74	GFLOPS: 7.56/8.93	result: MeasureResult(costs=(16.935623409,), error_no=MeasureErrorNo.NO_ERROR, all_cost=35.43219327926636, timestamp=1690938097.9840539)	[('tile_x', 250), ('tile_xT', 200)],None,295
autotvm - DEBUG - No: 75	GFLOPS: 6.42/8.93	result: MeasureResult(costs=(19.938687247999997,), error_no=MeasureErrorNo.NO_ERROR, all_cost=40.7319655418396, timestamp=1690938138.348737)	[('tile_x', 400), ('tile_xT', 200)],None,296
autotvm - DEBUG - No: 76	GFLOPS: 8.15/8.93	result: MeasureResult(costs=(15.714580951,), error_no=MeasureErrorNo.NO_ERROR, all_cost=32.75336813926697, timestamp=1690938170.7418506)	[('tile_x', 2000), ('tile_xT', 200)],None,299
autotvm - DEBUG - No: 77	GFLOPS: 1.47/8.93	result: MeasureResult(costs=(87.128259716,), error_no=MeasureErrorNo.NO_ERROR, all_cost=176.445219039917, timestamp=1690938346.8671532)	[('tile_x', 1), ('tile_xT', 250)],None,300
autotvm - DEBUG - No: 78	GFLOPS: 4.89/8.93	result: MeasureResult(costs=(26.172551108,), error_no=MeasureErrorNo.NO_ERROR, all_cost=53.940305948257446, timestamp=1690938400.4955661)	[('tile_x', 8), ('tile_xT', 250)],None,304
autotvm - DEBUG - No: 79	GFLOPS: 4.94/8.93	result: MeasureResult(costs=(25.894060959999997,), error_no=MeasureErrorNo.NO_ERROR, all_cost=52.974395751953125, timestamp=1690938453.4622316)	[('tile_x', 25), ('tile_xT', 250)],None,308
autotvm - DEBUG - No: 80	GFLOPS: 8.84/8.93	result: MeasureResult(costs=(14.475937583999999,), error_no=MeasureErrorNo.NO_ERROR, all_cost=30.39330291748047, timestamp=1690938483.747233)	[('tile_x', 40), ('tile_xT', 250)],None,309
autotvm - DEBUG - No: 81	GFLOPS: 7.16/8.93	result: MeasureResult(costs=(17.885512437000003,), error_no=MeasureErrorNo.NO_ERROR, all_cost=37.79727053642273, timestamp=1690938521.1881633)	[('tile_x', 125), ('tile_xT', 250)],None,313
autotvm - DEBUG - No: 82	GFLOPS: 7.62/8.93	result: MeasureResult(costs=(16.806079451000002,), error_no=MeasureErrorNo.NO_ERROR, all_cost=35.258278131484985, timestamp=1690938556.0549796)	[('tile_x', 1000), ('tile_xT', 250)],None,318
autotvm - DEBUG - No: 83	GFLOPS: 1.34/8.93	result: MeasureResult(costs=(95.651191765,), error_no=MeasureErrorNo.NO_ERROR, all_cost=194.63083481788635, timestamp=1690938750.7279968)	[('tile_x', 1), ('tile_xT', 400)],None,320
autotvm - DEBUG - No: 84	GFLOPS: 2.70/8.93	result: MeasureResult(costs=(47.414616628999994,), error_no=MeasureErrorNo.NO_ERROR, all_cost=100.79770231246948, timestamp=1690938851.1640668)	[('tile_x', 2), ('tile_xT', 400)],None,321
autotvm - DEBUG - No: 85	GFLOPS: 4.41/8.93	result: MeasureResult(costs=(29.001405876,), error_no=MeasureErrorNo.NO_ERROR, all_cost=60.21508502960205, timestamp=1690938910.994168)	[('tile_x', 25), ('tile_xT', 400)],None,328
autotvm - DEBUG - No: 86	GFLOPS: 6.43/8.93	result: MeasureResult(costs=(19.913389770000002,), error_no=MeasureErrorNo.NO_ERROR, all_cost=41.53457188606262, timestamp=1690938952.1637976)	[('tile_x', 80), ('tile_xT', 400)],None,331
autotvm - DEBUG - No: 87	GFLOPS: 5.34/8.93	result: MeasureResult(costs=(23.957833556,), error_no=MeasureErrorNo.NO_ERROR, all_cost=49.579506158828735, timestamp=1690939001.381848)	[('tile_x', 125), ('tile_xT', 400)],None,333
autotvm - DEBUG - No: 88	GFLOPS: 6.87/8.93	result: MeasureResult(costs=(18.641613196999998,), error_no=MeasureErrorNo.NO_ERROR, all_cost=39.20138430595398, timestamp=1690939040.228333)	[('tile_x', 250), ('tile_xT', 400)],None,335
autotvm - DEBUG - No: 89	GFLOPS: 6.40/8.93	result: MeasureResult(costs=(20.001970793,), error_no=MeasureErrorNo.NO_ERROR, all_cost=42.41968274116516, timestamp=1690939082.3254144)	[('tile_x', 50), ('tile_xT', 500)],None,350
autotvm - DEBUG - No: 90	GFLOPS: 5.03/8.93	result: MeasureResult(costs=(25.426833455,), error_no=MeasureErrorNo.NO_ERROR, all_cost=52.97430205345154, timestamp=1690939134.986263)	[('tile_x', 125), ('tile_xT', 500)],None,353
autotvm - DEBUG - No: 91	GFLOPS: 6.65/8.93	result: MeasureResult(costs=(19.247433091999998,), error_no=MeasureErrorNo.NO_ERROR, all_cost=39.919025897979736, timestamp=1690939174.542942)	[('tile_x', 400), ('tile_xT', 500)],None,356
autotvm - DEBUG - No: 92	GFLOPS: 1.34/8.93	result: MeasureResult(costs=(95.199747733,), error_no=MeasureErrorNo.NO_ERROR, all_cost=192.00859022140503, timestamp=1690939366.2886436)	[('tile_x', 2), ('tile_xT', 1000)],None,361
autotvm - DEBUG - No: 93	GFLOPS: 2.93/8.93	result: MeasureResult(costs=(43.739086594,), error_no=MeasureErrorNo.NO_ERROR, all_cost=88.97470188140869, timestamp=1690939455.136165)	[('tile_x', 16), ('tile_xT', 1000)],None,366
autotvm - DEBUG - No: 94	GFLOPS: 5.88/8.93	result: MeasureResult(costs=(21.756623210999997,), error_no=MeasureErrorNo.NO_ERROR, all_cost=44.99328923225403, timestamp=1690939499.8066304)	[('tile_x', 200), ('tile_xT', 1000)],None,374
autotvm - DEBUG - No: 95	GFLOPS: 6.58/8.93	result: MeasureResult(costs=(19.4599648,), error_no=MeasureErrorNo.NO_ERROR, all_cost=40.23330736160278, timestamp=1690939539.6570554)	[('tile_x', 500), ('tile_xT', 1000)],None,377
autotvm - DEBUG - No: 96	GFLOPS: 7.31/8.93	result: MeasureResult(costs=(17.502891875,), error_no=MeasureErrorNo.NO_ERROR, all_cost=36.366477966308594, timestamp=1690939575.6444423)	[('tile_x', 1000), ('tile_xT', 1000)],None,378
autotvm - DEBUG - No: 97	GFLOPS: 1.97/8.93	result: MeasureResult(costs=(64.917410575,), error_no=MeasureErrorNo.NO_ERROR, all_cost=132.7571783065796, timestamp=1690939708.0577266)	[('tile_x', 10), ('tile_xT', 2000)],None,385
autotvm - DEBUG - No: 98	GFLOPS: 5.64/8.93	result: MeasureResult(costs=(22.700710771999997,), error_no=MeasureErrorNo.NO_ERROR, all_cost=46.62570357322693, timestamp=1690939754.3230777)	[('tile_x', 200), ('tile_xT', 2000)],None,394
autotvm - DEBUG - No: 99	GFLOPS: 5.84/8.93	result: MeasureResult(costs=(21.923771055,), error_no=MeasureErrorNo.NO_ERROR, all_cost=45.608227014541626, timestamp=1690939799.59805)	[('tile_x', 250), ('tile_xT', 2000)],None,395
autotvm - DEBUG - No: 100	GFLOPS: 2.91/8.93	result: MeasureResult(costs=(44.037296986,), error_no=MeasureErrorNo.NO_ERROR, all_cost=90.05085301399231, timestamp=1690939889.285649)	[('tile_x', 2000), ('tile_xT', 2000)],None,399
root - INFO - Elpased time = 6985.443560361862
autotvm - DEBUG - Finish loading 100 records
