root - INFO - GridSearch Tuner Matrix Multiplication - 2023-07-27 17:58:50.162612
autotvm - DEBUG - waiting for device...
autotvm - DEBUG - device available
autotvm - INFO - Get devices for measurement successfully!
autotvm - DEBUG - No: 1	GFLOPS: 0.00/0.00	result: Traceback (most recent call last):
  File "/home/pparamasivam/anaconda3/envs/tvm/lib/python3.10/site-packages/tvm/autotvm/measure/measure_methods.py", line 742, in __call__
    yield remote, remote.load_module(os.path.split(build_result.filename)[1])
  File "/home/pparamasivam/anaconda3/envs/tvm/lib/python3.10/site-packages/tvm/autotvm/measure/measure_methods.py", line 706, in run_through_rpc
    costs = time_f(*args).results
  File "/home/pparamasivam/anaconda3/envs/tvm/lib/python3.10/site-packages/tvm/runtime/module.py", line 357, in evaluator
    blob = feval(*args)
  File "tvm/_ffi/_cython/./packed_func.pxi", line 331, in tvm._ffi._cy3.core.PackedFuncBase.__call__
  File "tvm/_ffi/_cython/./packed_func.pxi", line 262, in tvm._ffi._cy3.core.FuncCall
  File "tvm/_ffi/_cython/./packed_func.pxi", line 251, in tvm._ffi._cy3.core.FuncCall3
  File "tvm/_ffi/_cython/./base.pxi", line 181, in tvm._ffi._cy3.core.CHECK_CALL
tvm._ffi.base.TVMError: Traceback (most recent call last):
  3: TVMFuncCall
  2: tvm::runtime::RPCWrappedFunc::operator()(tvm::runtime::TVMArgs, tvm::runtime::TVMRetValue*) const
  1: tvm::runtime::RPCClientSession::CallFunc(void*, TVMValue const*, int const*, int, std::function<void (tvm::runtime::TVMArgs)> const&)
  0: tvm::runtime::RPCEndpoint::CallFunc(void*, TVMValue const*, int const*, int, std::function<void (tvm::runtime::TVMArgs)>)
  File "/workspace/tvm/src/runtime/rpc/rpc_endpoint.cc", line 804
TVMError: 
---------------------------------------------------------------
An error occurred during the execution of TVM.
For more information, please see: https://tvm.apache.org/docs/errors.html
---------------------------------------------------------------
  Check failed: (code == RPCCode::kReturn) is false: code=kShutdown

During handling of the above exception, another exception occurred:

Traceback (most recent call last):
  File "/home/pparamasivam/anaconda3/envs/tvm/lib/python3.10/site-packages/tvm/autotvm/measure/measure_methods.py", line 671, in run_through_rpc
    with module_loader(remote_kwargs, build_result) as (remote, mod):
  File "/home/pparamasivam/anaconda3/envs/tvm/lib/python3.10/contextlib.py", line 153, in __exit__
    self.gen.throw(typ, value, traceback)
  File "/home/pparamasivam/anaconda3/envs/tvm/lib/python3.10/site-packages/tvm/autotvm/measure/measure_methods.py", line 746, in __call__
    remote.remove(build_result.filename)
  File "/home/pparamasivam/anaconda3/envs/tvm/lib/python3.10/site-packages/tvm/rpc/client.py", line 144, in remove
    self._remote_funcs["remove"] = self.get_function("tvm.rpc.server.remove")
  File "/home/pparamasivam/anaconda3/envs/tvm/lib/python3.10/site-packages/tvm/rpc/client.py", line 72, in get_function
    return self._sess.get_function(name)
  File "/home/pparamasivam/anaconda3/envs/tvm/lib/python3.10/site-packages/tvm/runtime/module.py", line 169, in get_function
    check_call(
  File "/home/pparamasivam/anaconda3/envs/tvm/lib/python3.10/site-packages/tvm/_ffi/base.py", line 348, in check_call
    raise get_last_ffi_error()
tvm._ffi.base.TVMError: Traceback (most recent call last):
  94: 0xffffffffffffffff
  93: 0x000000000058c1ed
  92: __libc_start_main
  91: Py_BytesMain
        at /usr/local/src/conda/python-3.10.9/Modules/main.c:1090
  90: Py_RunMain
        at /usr/local/src/conda/python-3.10.9/Modules/main.c:670
  89: pymain_run_python
        at /usr/local/src/conda/python-3.10.9/Modules/main.c:585
  88: pymain_run_module
        at /usr/local/src/conda/python-3.10.9/Modules/main.c:297
  87: _PyFunction_Vectorcall
        at /usr/local/src/conda/python-3.10.9/Objects/call.c:342
  86: _PyEval_Vector
        at /usr/local/src/conda/python-3.10.9/Python/ceval.c:5065
  85: _PyEval_EvalFrame
        at /usr/local/src/conda/python-3.10.9/Include/internal/pycore_ceval.h:46
  84: _PyEval_EvalFrameDefault
        at /usr/local/src/conda/python-3.10.9/Python/ceval.c:4213
  83: call_function
        at /usr/local/src/conda/python-3.10.9/Python/ceval.c:5891
  82: PyObject_Vectorcall
        at /usr/local/src/conda/python-3.10.9/Include/cpython/abstract.h:123
  81: _PyObject_VectorcallTstate
        at /usr/local/src/conda/python-3.10.9/Include/cpython/abstract.h:114
  80: _PyFunction_Vectorcall
        at /usr/local/src/conda/python-3.10.9/Objects/call.c:342
  79: _PyEval_Vector
        at /usr/local/src/conda/python-3.10.9/Python/ceval.c:5065
  78: _PyEval_EvalFrame
        at /usr/local/src/conda/python-3.10.9/Include/internal/pycore_ceval.h:46
  77: _PyEval_EvalFrameDefault
        at /usr/local/src/conda/python-3.10.9/Python/ceval.c:4213
  76: call_function
        at /usr/local/src/conda/python-3.10.9/Python/ceval.c:5891
  75: PyObject_Vectorcall
        at /usr/local/src/conda/python-3.10.9/Include/cpython/abstract.h:123
  74: _PyObject_VectorcallTstate
        at /usr/local/src/conda/python-3.10.9/Include/cpython/abstract.h:114
  73: cfunction_vectorcall_FASTCALL
        at /usr/local/src/conda/python-3.10.9/Objects/methodobject.c:430
  72: builtin_exec
        at /usr/local/src/conda/python-3.10.9/Python/clinic/bltinmodule.c.h:371
  71: builtin_exec_impl
        at /usr/local/src/conda/python-3.10.9/Python/bltinmodule.c:1056
  70: PyEval_EvalCode
        at /usr/local/src/conda/python-3.10.9/Python/ceval.c:1134
  69: _PyEval_Vector
        at /usr/local/src/conda/python-3.10.9/Python/ceval.c:5065
  68: _PyEval_EvalFrame
        at /usr/local/src/conda/python-3.10.9/Include/internal/pycore_ceval.h:46
  67: _PyEval_EvalFrameDefault
        at /usr/local/src/conda/python-3.10.9/Python/ceval.c:4213
  66: call_function
        at /usr/local/src/conda/python-3.10.9/Python/ceval.c:5891
  65: PyObject_Vectorcall
        at /usr/local/src/conda/python-3.10.9/Include/cpython/abstract.h:123
  64: _PyObject_VectorcallTstate
        at /usr/local/src/conda/python-3.10.9/Include/cpython/abstract.h:114
  63: _PyFunction_Vectorcall
        at /usr/local/src/conda/python-3.10.9/Objects/call.c:342
  62: _PyEval_Vector
        at /usr/local/src/conda/python-3.10.9/Python/ceval.c:5065
  61: _PyEval_EvalFrame
        at /usr/local/src/conda/python-3.10.9/Include/internal/pycore_ceval.h:46
  60: _PyEval_EvalFrameDefault
        at /usr/local/src/conda/python-3.10.9/Python/ceval.c:4277
  59: do_call_core
        at /usr/local/src/conda/python-3.10.9/Python/ceval.c:5943
  58: _PyFunction_Vectorcall
        at /usr/local/src/conda/python-3.10.9/Objects/call.c:342
  57: _PyEval_Vector
        at /usr/local/src/conda/python-3.10.9/Python/ceval.c:5065
  56: _PyEval_EvalFrame
        at /usr/local/src/conda/python-3.10.9/Include/internal/pycore_ceval.h:46
  55: _PyEval_EvalFrameDefault
        at /usr/local/src/conda/python-3.10.9/Python/ceval.c:4113
  54: PyObject_Vectorcall
        at /usr/local/src/conda/python-3.10.9/Include/cpython/abstract.h:123
  53: _PyObject_VectorcallTstate
        at /usr/local/src/conda/python-3.10.9/Include/cpython/abstract.h:114
  52: method_vectorcall
        at /usr/local/src/conda/python-3.10.9/Objects/classobject.c:53
  51: _PyObject_VectorcallTstate
        at /usr/local/src/conda/python-3.10.9/Include/cpython/abstract.h:114
  50: _PyFunction_Vectorcall
        at /usr/local/src/conda/python-3.10.9/Objects/call.c:342
  49: _PyEval_Vector
        at /usr/local/src/conda/python-3.10.9/Python/ceval.c:5065
  48: _PyEval_EvalFrame
        at /usr/local/src/conda/python-3.10.9/Include/internal/pycore_ceval.h:46
  47: _PyEval_EvalFrameDefault
        at /usr/local/src/conda/python-3.10.9/Python/ceval.c:4198
  46: call_function
        at /usr/local/src/conda/python-3.10.9/Python/ceval.c:5891
  45: PyObject_Vectorcall
        at /usr/local/src/conda/python-3.10.9/Include/cpython/abstract.h:123
  44: _PyObject_VectorcallTstate
        at /usr/local/src/conda/python-3.10.9/Include/cpython/abstract.h:114
  43: method_vectorcall_VARARGS
        at /usr/local/src/conda/python-3.10.9/Objects/descrobject.c:311
  42: gen_throw
        at /usr/local/src/conda/python-3.10.9/Objects/genobject.c:571
  41: _gen_throw
        at /usr/local/src/conda/python-3.10.9/Objects/genobject.c:549
  40: gen_send_ex
        at /usr/local/src/conda/python-3.10.9/Objects/genobject.c:279
  39: gen_send_ex2
        at /usr/local/src/conda/python-3.10.9/Objects/genobject.c:213
  38: _PyEval_EvalFrame
        at /usr/local/src/conda/python-3.10.9/Include/internal/pycore_ceval.h:46
  37: _PyEval_EvalFrameDefault
        at /usr/local/src/conda/python-3.10.9/Python/ceval.c:4198
  36: call_function
        at /usr/local/src/conda/python-3.10.9/Python/ceval.c:5891
  35: PyObject_Vectorcall
        at /usr/local/src/conda/python-3.10.9/Include/cpython/abstract.h:123
  34: _PyObject_VectorcallTstate
        at /usr/local/src/conda/python-3.10.9/Include/cpython/abstract.h:114
  33: _PyFunction_Vectorcall
        at /usr/local/src/conda/python-3.10.9/Objects/call.c:342
  32: _PyEval_Vector
        at /usr/local/src/conda/python-3.10.9/Python/ceval.c:5065
  31: _PyEval_EvalFrame
        at /usr/local/src/conda/python-3.10.9/Include/internal/pycore_ceval.h:46
  30: _PyEval_EvalFrameDefault
        at /usr/local/src/conda/python-3.10.9/Python/ceval.c:4198
  29: call_function
        at /usr/local/src/conda/python-3.10.9/Python/ceval.c:5891
  28: PyObject_Vectorcall
        at /usr/local/src/conda/python-3.10.9/Include/cpython/abstract.h:123
  27: _PyObject_VectorcallTstate
        at /usr/local/src/conda/python-3.10.9/Include/cpython/abstract.h:114
  26: _PyFunction_Vectorcall
        at /usr/local/src/conda/python-3.10.9/Objects/call.c:342
  25: _PyEval_Vector
        at /usr/local/src/conda/python-3.10.9/Python/ceval.c:5065
  24: _PyEval_EvalFrame
        at /usr/local/src/conda/python-3.10.9/Include/internal/pycore_ceval.h:46
  23: _PyEval_EvalFrameDefault
        at /usr/local/src/conda/python-3.10.9/Python/ceval.c:4198
  22: call_function
        at /usr/local/src/conda/python-3.10.9/Python/ceval.c:5891
  21: PyObject_Vectorcall
        at /usr/local/src/conda/python-3.10.9/Include/cpython/abstract.h:123
  20: _PyObject_VectorcallTstate
        at /usr/local/src/conda/python-3.10.9/Include/cpython/abstract.h:114
  19: _PyFunction_Vectorcall
        at /usr/local/src/conda/python-3.10.9/Objects/call.c:342
  18: _PyEval_Vector
        at /usr/local/src/conda/python-3.10.9/Python/ceval.c:5065
  17: _PyEval_EvalFrame
        at /usr/local/src/conda/python-3.10.9/Include/internal/pycore_ceval.h:46
  16: _PyEval_EvalFrameDefault
        at /usr/local/src/conda/python-3.10.9/Python/ceval.c:4181
  15: call_function
        at /usr/local/src/conda/python-3.10.9/Python/ceval.c:5891
  14: PyObject_Vectorcall
        at /usr/local/src/conda/python-3.10.9/Include/cpython/abstract.h:123
  13: _PyObject_VectorcallTstate
        at /usr/local/src/conda/python-3.10.9/Include/cpython/abstract.h:99
  12: _PyObject_VectorcallTstate
        at /usr/local/src/conda/python-3.10.9/Include/cpython/abstract.h:112
  11: _PyObject_MakeTpCall
        at /usr/local/src/conda/python-3.10.9/Objects/call.c:215
  10: PyCFuncPtr_call
        at /usr/local/src/conda/python-3.10.9/Modules/_ctypes/_ctypes.c:4201
  9: _ctypes_callproc
        at /usr/local/src/conda/python-3.10.9/Modules/_ctypes/callproc.c:1262
  8: _call_function_pointer
        at /usr/local/src/conda/python-3.10.9/Modules/_ctypes/callproc.c:916
  7: ffi_call
  6: ffi_call_int
  5: ffi_call_unix64
  4: TVMModGetFunction
  3: tvm::runtime::ModuleNode::GetFunction(std::string const&, bool) [clone .localalias]
  2: tvm::runtime::RPCModuleNode::GetFunction(std::string const&, tvm::runtime::ObjectPtr<tvm::runtime::Object> const&)
  1: tvm::runtime::RPCClientSession::GetFunction(std::string const&)
  0: tvm::runtime::PackedFuncObj::Extractor<tvm::runtime::PackedFuncSubObj<tvm::runtime::RPCEndpoint::Init()::{lambda(tvm::runtime::TVMArgs, tvm::runtime::TVMRetValue*)#2}> >::Call(tvm::runtime::PackedFuncObj const*, tvm::runtime::TVMArgs, tvm::runtime::TVMRetValue*)
  File "/workspace/tvm/src/runtime/rpc/rpc_endpoint.cc", line 684
TVMError: 
---------------------------------------------------------------
An error occurred during the execution of TVM.
For more information, please see: https://tvm.apache.org/docs/errors.html
---------------------------------------------------------------
  Check failed: (code == RPCCode::kReturn) is false: code=1

Traceback (most recent call last):
  94: 0xffffffffffffffff
  93: 0x000000000058c1ed
  92: __libc_start_main
  91: Py_BytesMain
        at /usr/local/src/conda/python-3.10.9/Modules/main.c:1090
  90: Py_RunMain
        at /usr/local/src/conda/python-3.10.9/Modules/main.c:670
  89: pymain_run_python
        at /usr/local/src/conda/python-3.10.9/Modules/main.c:585
  88: pymain_run_module
        at /usr/local/src/conda/python-3.10.9/Modules/main.c:297
  87: _PyFunction_Vectorcall
        at /usr/local/src/conda/python-3.10.9/Objects/call.c:342
  86: _PyEval_Vector
        at /usr/local/src/conda/python-3.10.9/Python/ceval.c:5065
  85: _PyEval_EvalFrame
        at /usr/local/src/conda/python-3.10.9/Include/internal/pycore_ceval.h:46
  84: _PyEval_EvalFrameDefault
        at /usr/local/src/conda/python-3.10.9/Python/ceval.c:4213
  83: call_function
        at /usr/local/src/conda/python-3.10.9/Python/ceval.c:5891
  82: PyObject_Vectorcall
        at /usr/local/src/conda/python-3.10.9/Include/cpython/abstract.h:12	[('tile_x', 1), ('tile_xT', 1)],None,0
autotvm - DEBUG - No: 2	GFLOPS: 0.74/0.74	result: MeasureResult(costs=(173.816298076,), error_no=MeasureErrorNo.NO_ERROR, all_cost=353.9040584564209, timestamp=1690499589.6657474)	[('tile_x', 2), ('tile_xT', 1)],None,1
autotvm - DEBUG - No: 3	GFLOPS: 0.74/0.74	result: MeasureResult(costs=(172.101376895,), error_no=MeasureErrorNo.NO_ERROR, all_cost=343.2890956401825, timestamp=1690499932.8716903)	[('tile_x', 4), ('tile_xT', 1)],None,2
autotvm - DEBUG - No: 4	GFLOPS: 0.78/0.78	result: MeasureResult(costs=(163.598641466,), error_no=MeasureErrorNo.NO_ERROR, all_cost=324.8337502479553, timestamp=1690500257.6204877)	[('tile_x', 5), ('tile_xT', 1)],None,3
autotvm - DEBUG - No: 5	GFLOPS: 1.70/1.70	result: MeasureResult(costs=(75.202188985,), error_no=MeasureErrorNo.NO_ERROR, all_cost=151.60296750068665, timestamp=1690500409.1912704)	[('tile_x', 8), ('tile_xT', 1)],None,4
autotvm - DEBUG - No: 6	GFLOPS: 0.62/1.70	result: MeasureResult(costs=(207.338475554,), error_no=MeasureErrorNo.NO_ERROR, all_cost=416.8082528114319, timestamp=1690500825.887462)	[('tile_x', 10), ('tile_xT', 1)],None,5
autotvm - DEBUG - No: 7	GFLOPS: 0.56/1.70	result: MeasureResult(costs=(228.59585250499998,), error_no=MeasureErrorNo.NO_ERROR, all_cost=460.9880847930908, timestamp=1690501286.7979689)	[('tile_x', 16), ('tile_xT', 1)],None,6
autotvm - DEBUG - No: 8	GFLOPS: 2.11/2.11	result: MeasureResult(costs=(60.561469388,), error_no=MeasureErrorNo.NO_ERROR, all_cost=123.0503888130188, timestamp=1690501409.7304041)	[('tile_x', 20), ('tile_xT', 1)],None,7
autotvm - DEBUG - No: 9	GFLOPS: 2.31/2.31	result: MeasureResult(costs=(55.396512337,), error_no=MeasureErrorNo.NO_ERROR, all_cost=111.79332089424133, timestamp=1690501521.3774977)	[('tile_x', 25), ('tile_xT', 1)],None,8
autotvm - DEBUG - No: 10	GFLOPS: 2.84/2.84	result: MeasureResult(costs=(45.024658813,), error_no=MeasureErrorNo.NO_ERROR, all_cost=91.31457304954529, timestamp=1690501612.5170562)	[('tile_x', 40), ('tile_xT', 1)],None,9
autotvm - DEBUG - No: 11	GFLOPS: 2.98/2.98	result: MeasureResult(costs=(43.013001252,), error_no=MeasureErrorNo.NO_ERROR, all_cost=87.39728808403015, timestamp=1690501699.7885857)	[('tile_x', 50), ('tile_xT', 1)],None,10
autotvm - DEBUG - No: 12	GFLOPS: 2.42/2.98	result: MeasureResult(costs=(52.821550248,), error_no=MeasureErrorNo.NO_ERROR, all_cost=107.27506136894226, timestamp=1690501806.9789174)	[('tile_x', 80), ('tile_xT', 1)],None,11
autotvm - DEBUG - No: 13	GFLOPS: 2.60/2.98	result: MeasureResult(costs=(49.21232201,), error_no=MeasureErrorNo.NO_ERROR, all_cost=98.72634363174438, timestamp=1690501905.6250436)	[('tile_x', 100), ('tile_xT', 1)],None,12
autotvm - DEBUG - No: 14	GFLOPS: 2.40/2.98	result: MeasureResult(costs=(53.392213647999995,), error_no=MeasureErrorNo.NO_ERROR, all_cost=107.85884618759155, timestamp=1690502013.3722987)	[('tile_x', 125), ('tile_xT', 1)],None,13
autotvm - DEBUG - No: 15	GFLOPS: 2.41/2.98	result: MeasureResult(costs=(53.141418292000004,), error_no=MeasureErrorNo.NO_ERROR, all_cost=107.21614718437195, timestamp=1690502120.4977915)	[('tile_x', 200), ('tile_xT', 1)],None,14
autotvm - DEBUG - No: 16	GFLOPS: 2.27/2.98	result: MeasureResult(costs=(56.505994707,), error_no=MeasureErrorNo.NO_ERROR, all_cost=113.0544261932373, timestamp=1690502233.5111256)	[('tile_x', 250), ('tile_xT', 1)],None,15
autotvm - DEBUG - No: 17	GFLOPS: 2.32/2.98	result: MeasureResult(costs=(55.257584688,), error_no=MeasureErrorNo.NO_ERROR, all_cost=111.82565140724182, timestamp=1690502345.309134)	[('tile_x', 400), ('tile_xT', 1)],None,16
autotvm - DEBUG - No: 18	GFLOPS: 2.38/2.98	result: MeasureResult(costs=(53.763453750000004,), error_no=MeasureErrorNo.NO_ERROR, all_cost=108.1572654247284, timestamp=1690502453.3872876)	[('tile_x', 500), ('tile_xT', 1)],None,17
autotvm - DEBUG - No: 19	GFLOPS: 3.04/3.04	result: MeasureResult(costs=(42.100608309,), error_no=MeasureErrorNo.NO_ERROR, all_cost=85.53645539283752, timestamp=1690502538.8401368)	[('tile_x', 1000), ('tile_xT', 1)],None,18
autotvm - DEBUG - No: 20	GFLOPS: 3.62/3.62	result: MeasureResult(costs=(35.386684112000005,), error_no=MeasureErrorNo.NO_ERROR, all_cost=72.29833173751831, timestamp=1690502611.044917)	[('tile_x', 2000), ('tile_xT', 1)],None,19
autotvm - DEBUG - No: 21	GFLOPS: 0.86/3.62	result: MeasureResult(costs=(148.045601127,), error_no=MeasureErrorNo.NO_ERROR, all_cost=297.8567078113556, timestamp=1690502908.7896738)	[('tile_x', 1), ('tile_xT', 2)],None,20
autotvm - DEBUG - No: 22	GFLOPS: 1.22/3.62	result: MeasureResult(costs=(104.57036211,), error_no=MeasureErrorNo.NO_ERROR, all_cost=210.47921586036682, timestamp=1690503119.244191)	[('tile_x', 2), ('tile_xT', 2)],None,21
autotvm - DEBUG - No: 23	GFLOPS: 1.18/3.62	result: MeasureResult(costs=(108.569334701,), error_no=MeasureErrorNo.NO_ERROR, all_cost=217.96661138534546, timestamp=1690503337.1592686)	[('tile_x', 4), ('tile_xT', 2)],None,22
autotvm - DEBUG - No: 24	GFLOPS: 1.07/3.62	result: MeasureResult(costs=(119.945738316,), error_no=MeasureErrorNo.NO_ERROR, all_cost=240.08921432495117, timestamp=1690503577.159015)	[('tile_x', 5), ('tile_xT', 2)],None,23
autotvm - DEBUG - No: 25	GFLOPS: 2.39/3.62	result: MeasureResult(costs=(53.614274782,), error_no=MeasureErrorNo.NO_ERROR, all_cost=107.19128942489624, timestamp=1690503684.2659578)	[('tile_x', 8), ('tile_xT', 2)],None,24
autotvm - DEBUG - No: 26	GFLOPS: 1.29/3.62	result: MeasureResult(costs=(99.086686206,), error_no=MeasureErrorNo.NO_ERROR, all_cost=199.43982315063477, timestamp=1690503883.5998333)	[('tile_x', 10), ('tile_xT', 2)],None,25
autotvm - DEBUG - No: 27	GFLOPS: 0.91/3.62	result: MeasureResult(costs=(139.932310356,), error_no=MeasureErrorNo.NO_ERROR, all_cost=280.72746658325195, timestamp=1690504164.1633997)	[('tile_x', 16), ('tile_xT', 2)],None,26
autotvm - DEBUG - No: 28	GFLOPS: 2.50/3.62	result: MeasureResult(costs=(51.156813705,), error_no=MeasureErrorNo.NO_ERROR, all_cost=103.53588962554932, timestamp=1690504267.680405)	[('tile_x', 20), ('tile_xT', 2)],None,27
autotvm - DEBUG - No: 29	GFLOPS: 2.52/3.62	result: MeasureResult(costs=(50.701199550999995,), error_no=MeasureErrorNo.NO_ERROR, all_cost=102.70283961296082, timestamp=1690504370.3046584)	[('tile_x', 25), ('tile_xT', 2)],None,28
autotvm - DEBUG - No: 30	GFLOPS: 3.83/3.83	result: MeasureResult(costs=(33.422767211,), error_no=MeasureErrorNo.NO_ERROR, all_cost=67.98588871955872, timestamp=1690504438.2120652)	[('tile_x', 40), ('tile_xT', 2)],None,29
autotvm - DEBUG - No: 31	GFLOPS: 3.81/3.83	result: MeasureResult(costs=(33.635020229,), error_no=MeasureErrorNo.NO_ERROR, all_cost=68.31834173202515, timestamp=1690504506.525571)	[('tile_x', 50), ('tile_xT', 2)],None,30
autotvm - DEBUG - No: 32	GFLOPS: 3.11/3.83	result: MeasureResult(costs=(41.150694314,), error_no=MeasureErrorNo.NO_ERROR, all_cost=83.7728796005249, timestamp=1690504590.3406656)	[('tile_x', 80), ('tile_xT', 2)],None,31
autotvm - DEBUG - No: 33	GFLOPS: 3.30/3.83	result: MeasureResult(costs=(38.829396077999995,), error_no=MeasureErrorNo.NO_ERROR, all_cost=78.70420455932617, timestamp=1690504669.044467)	[('tile_x', 100), ('tile_xT', 2)],None,32
autotvm - DEBUG - No: 34	GFLOPS: 2.90/3.83	result: MeasureResult(costs=(44.141565756999995,), error_no=MeasureErrorNo.NO_ERROR, all_cost=89.33751940727234, timestamp=1690504758.382492)	[('tile_x', 125), ('tile_xT', 2)],None,33
autotvm - DEBUG - No: 35	GFLOPS: 3.50/3.83	result: MeasureResult(costs=(36.612421354999995,), error_no=MeasureErrorNo.NO_ERROR, all_cost=73.70280838012695, timestamp=1690504832.1105983)	[('tile_x', 200), ('tile_xT', 2)],None,34
autotvm - DEBUG - No: 36	GFLOPS: 3.52/3.83	result: MeasureResult(costs=(36.344329847,), error_no=MeasureErrorNo.NO_ERROR, all_cost=73.95411491394043, timestamp=1690504906.0223908)	[('tile_x', 250), ('tile_xT', 2)],None,35
autotvm - DEBUG - No: 37	GFLOPS: 3.58/3.83	result: MeasureResult(costs=(35.746617490999995,), error_no=MeasureErrorNo.NO_ERROR, all_cost=72.76002264022827, timestamp=1690504978.6906059)	[('tile_x', 400), ('tile_xT', 2)],None,36
autotvm - DEBUG - No: 38	GFLOPS: 3.69/3.83	result: MeasureResult(costs=(34.671503553,), error_no=MeasureErrorNo.NO_ERROR, all_cost=70.47610974311829, timestamp=1690505049.0875924)	[('tile_x', 500), ('tile_xT', 2)],None,37
autotvm - DEBUG - No: 39	GFLOPS: 4.38/4.38	result: MeasureResult(costs=(29.235888619,), error_no=MeasureErrorNo.NO_ERROR, all_cost=59.58720517158508, timestamp=1690505108.6025918)	[('tile_x', 1000), ('tile_xT', 2)],None,38
autotvm - DEBUG - No: 40	GFLOPS: 4.96/4.96	result: MeasureResult(costs=(25.821791755,), error_no=MeasureErrorNo.NO_ERROR, all_cost=52.553269386291504, timestamp=1690505161.1917112)	[('tile_x', 2000), ('tile_xT', 2)],None,39
autotvm - DEBUG - No: 41	GFLOPS: 1.52/4.96	result: MeasureResult(costs=(84.433962896,), error_no=MeasureErrorNo.NO_ERROR, all_cost=170.03671789169312, timestamp=1690505331.124599)	[('tile_x', 1), ('tile_xT', 4)],None,40
autotvm - DEBUG - No: 42	GFLOPS: 1.77/4.96	result: MeasureResult(costs=(72.115189651,), error_no=MeasureErrorNo.NO_ERROR, all_cost=145.79090213775635, timestamp=1690505476.857025)	[('tile_x', 2), ('tile_xT', 4)],None,41
autotvm - DEBUG - No: 43	GFLOPS: 1.80/4.96	result: MeasureResult(costs=(71.19463139999999,), error_no=MeasureErrorNo.NO_ERROR, all_cost=143.16617727279663, timestamp=1690505619.9217398)	[('tile_x', 4), ('tile_xT', 4)],None,42
autotvm - DEBUG - No: 44	GFLOPS: 2.49/4.96	result: MeasureResult(costs=(51.464412282999994,), error_no=MeasureErrorNo.NO_ERROR, all_cost=104.22376990318298, timestamp=1690505724.042884)	[('tile_x', 5), ('tile_xT', 4)],None,43
autotvm - DEBUG - No: 45	GFLOPS: 2.81/4.96	result: MeasureResult(costs=(45.594082177,), error_no=MeasureErrorNo.NO_ERROR, all_cost=92.03749799728394, timestamp=1690505816.0927916)	[('tile_x', 8), ('tile_xT', 4)],None,44
autotvm - DEBUG - No: 46	GFLOPS: 2.66/4.96	result: MeasureResult(costs=(48.185092974,), error_no=MeasureErrorNo.NO_ERROR, all_cost=97.4645447731018, timestamp=1690505913.5224051)	[('tile_x', 10), ('tile_xT', 4)],None,45
autotvm - DEBUG - No: 47	GFLOPS: 3.15/4.96	result: MeasureResult(costs=(40.659656444,), error_no=MeasureErrorNo.NO_ERROR, all_cost=82.64051699638367, timestamp=1690505996.0982428)	[('tile_x', 16), ('tile_xT', 4)],None,46
autotvm - DEBUG - No: 48	GFLOPS: 3.26/4.96	result: MeasureResult(costs=(39.289623868,), error_no=MeasureErrorNo.NO_ERROR, all_cost=79.76890707015991, timestamp=1690506075.7502377)	[('tile_x', 20), ('tile_xT', 4)],None,47
autotvm - DEBUG - No: 49	GFLOPS: 3.38/4.96	result: MeasureResult(costs=(37.825636818999996,), error_no=MeasureErrorNo.NO_ERROR, all_cost=77.10178756713867, timestamp=1690506152.5364916)	[('tile_x', 25), ('tile_xT', 4)],None,48
autotvm - DEBUG - No: 50	GFLOPS: 4.68/4.96	result: MeasureResult(costs=(27.322314602,), error_no=MeasureErrorNo.NO_ERROR, all_cost=55.84756135940552, timestamp=1690506208.3021228)	[('tile_x', 40), ('tile_xT', 4)],None,49
autotvm - DEBUG - No: 51	GFLOPS: 4.75/4.96	result: MeasureResult(costs=(26.954414999,), error_no=MeasureErrorNo.NO_ERROR, all_cost=55.3735146522522, timestamp=1690506263.4500306)	[('tile_x', 50), ('tile_xT', 4)],None,50
autotvm - DEBUG - No: 52	GFLOPS: 4.16/4.96	result: MeasureResult(costs=(30.748917608,), error_no=MeasureErrorNo.NO_ERROR, all_cost=62.61703538894653, timestamp=1690506325.9971015)	[('tile_x', 80), ('tile_xT', 4)],None,51
autotvm - DEBUG - No: 53	GFLOPS: 4.22/4.96	result: MeasureResult(costs=(30.315019082,), error_no=MeasureErrorNo.NO_ERROR, all_cost=61.75037956237793, timestamp=1690506387.6701834)	[('tile_x', 100), ('tile_xT', 4)],None,52
autotvm - DEBUG - No: 54	GFLOPS: 3.83/4.96	result: MeasureResult(costs=(33.396815701,), error_no=MeasureErrorNo.NO_ERROR, all_cost=67.88457679748535, timestamp=1690506455.5627196)	[('tile_x', 125), ('tile_xT', 4)],None,53
autotvm - DEBUG - No: 55	GFLOPS: 5.04/5.04	result: MeasureResult(costs=(25.394337044,), error_no=MeasureErrorNo.NO_ERROR, all_cost=52.20919632911682, timestamp=1690506507.7035224)	[('tile_x', 200), ('tile_xT', 4)],None,54
autotvm - DEBUG - No: 56	GFLOPS: 4.86/5.04	result: MeasureResult(costs=(26.334143481999998,), error_no=MeasureErrorNo.NO_ERROR, all_cost=53.8124680519104, timestamp=1690506561.4352205)	[('tile_x', 250), ('tile_xT', 4)],None,55
autotvm - DEBUG - No: 57	GFLOPS: 5.05/5.05	result: MeasureResult(costs=(25.327082514,), error_no=MeasureErrorNo.NO_ERROR, all_cost=51.925188064575195, timestamp=1690506613.2875676)	[('tile_x', 400), ('tile_xT', 4)],None,56
autotvm - DEBUG - No: 58	GFLOPS: 5.09/5.09	result: MeasureResult(costs=(25.155139338,), error_no=MeasureErrorNo.NO_ERROR, all_cost=50.96561670303345, timestamp=1690506664.2787087)	[('tile_x', 500), ('tile_xT', 4)],None,57
autotvm - DEBUG - No: 59	GFLOPS: 5.89/5.89	result: MeasureResult(costs=(21.719585652000003,), error_no=MeasureErrorNo.NO_ERROR, all_cost=44.67442274093628, timestamp=1690506708.9767263)	[('tile_x', 1000), ('tile_xT', 4)],None,58
autotvm - DEBUG - No: 60	GFLOPS: 6.42/6.42	result: MeasureResult(costs=(19.929777348,), error_no=MeasureErrorNo.NO_ERROR, all_cost=41.16726040840149, timestamp=1690506750.0658407)	[('tile_x', 2000), ('tile_xT', 4)],None,59
autotvm - DEBUG - No: 61	GFLOPS: 1.72/6.42	result: MeasureResult(costs=(74.54062848699999,), error_no=MeasureErrorNo.NO_ERROR, all_cost=149.34288048744202, timestamp=1690506899.3522484)	[('tile_x', 1), ('tile_xT', 5)],None,60
autotvm - DEBUG - No: 62	GFLOPS: 1.99/6.42	result: MeasureResult(costs=(64.480548189,), error_no=MeasureErrorNo.NO_ERROR, all_cost=130.15694642066956, timestamp=1690507029.5446007)	[('tile_x', 2), ('tile_xT', 5)],None,61
autotvm - DEBUG - No: 63	GFLOPS: 2.09/6.42	result: MeasureResult(costs=(61.289822029,), error_no=MeasureErrorNo.NO_ERROR, all_cost=123.68593096733093, timestamp=1690507153.187435)	[('tile_x', 4), ('tile_xT', 5)],None,62
autotvm - DEBUG - No: 64	GFLOPS: 2.78/6.42	result: MeasureResult(costs=(46.008594951,), error_no=MeasureErrorNo.NO_ERROR, all_cost=93.11232280731201, timestamp=1690507246.2903373)	[('tile_x', 5), ('tile_xT', 5)],None,63
autotvm - DEBUG - No: 65	GFLOPS: 2.42/6.42	result: MeasureResult(costs=(52.869621485,), error_no=MeasureErrorNo.NO_ERROR, all_cost=106.82680034637451, timestamp=1690507353.1154644)	[('tile_x', 8), ('tile_xT', 5)],None,64
autotvm - DEBUG - No: 66	GFLOPS: 2.76/6.42	result: MeasureResult(costs=(46.310715547,), error_no=MeasureErrorNo.NO_ERROR, all_cost=93.72176384925842, timestamp=1690507446.796222)	[('tile_x', 10), ('tile_xT', 5)],None,65
autotvm - DEBUG - No: 67	GFLOPS: 3.24/6.42	result: MeasureResult(costs=(39.516481506,), error_no=MeasureErrorNo.NO_ERROR, all_cost=77.67151403427124, timestamp=1690507524.4229803)	[('tile_x', 16), ('tile_xT', 5)],None,66
autotvm - DEBUG - No: 68	GFLOPS: 3.55/6.42	result: MeasureResult(costs=(36.015287015,), error_no=MeasureErrorNo.NO_ERROR, all_cost=73.17238163948059, timestamp=1690507597.5270808)	[('tile_x', 20), ('tile_xT', 5)],None,67
autotvm - DEBUG - No: 69	GFLOPS: 3.64/6.42	result: MeasureResult(costs=(35.16507228,), error_no=MeasureErrorNo.NO_ERROR, all_cost=71.62053918838501, timestamp=1690507669.0372188)	[('tile_x', 25), ('tile_xT', 5)],None,68
autotvm - DEBUG - No: 70	GFLOPS: 4.99/6.42	result: MeasureResult(costs=(25.662963598999998,), error_no=MeasureErrorNo.NO_ERROR, all_cost=52.201541900634766, timestamp=1690507721.2118793)	[('tile_x', 40), ('tile_xT', 5)],None,69
autotvm - DEBUG - No: 71	GFLOPS: 4.94/6.42	result: MeasureResult(costs=(25.899954168,), error_no=MeasureErrorNo.NO_ERROR, all_cost=53.17747902870178, timestamp=1690507774.3291564)	[('tile_x', 50), ('tile_xT', 5)],None,70
autotvm - DEBUG - No: 72	GFLOPS: 4.60/6.42	result: MeasureResult(costs=(27.851908075,), error_no=MeasureErrorNo.NO_ERROR, all_cost=56.63759469985962, timestamp=1690507830.9418907)	[('tile_x', 80), ('tile_xT', 5)],None,71
autotvm - DEBUG - No: 73	GFLOPS: 4.62/6.42	result: MeasureResult(costs=(27.720198078000003,), error_no=MeasureErrorNo.NO_ERROR, all_cost=56.56050109863281, timestamp=1690507887.4403734)	[('tile_x', 100), ('tile_xT', 5)],None,72
autotvm - DEBUG - No: 74	GFLOPS: 4.65/6.42	result: MeasureResult(costs=(27.516711277,), error_no=MeasureErrorNo.NO_ERROR, all_cost=56.36435294151306, timestamp=1690507943.7299175)	[('tile_x', 125), ('tile_xT', 5)],None,73
autotvm - DEBUG - No: 75	GFLOPS: 5.53/6.42	result: MeasureResult(costs=(23.141307010000002,), error_no=MeasureErrorNo.NO_ERROR, all_cost=47.384289264678955, timestamp=1690507991.08625)	[('tile_x', 200), ('tile_xT', 5)],None,74
autotvm - DEBUG - No: 76	GFLOPS: 5.46/6.42	result: MeasureResult(costs=(23.453456113,), error_no=MeasureErrorNo.NO_ERROR, all_cost=47.83730387687683, timestamp=1690508038.8478525)	[('tile_x', 250), ('tile_xT', 5)],None,75
autotvm - DEBUG - No: 77	GFLOPS: 5.48/6.42	result: MeasureResult(costs=(23.351943236,), error_no=MeasureErrorNo.NO_ERROR, all_cost=47.825533628463745, timestamp=1690508086.6165686)	[('tile_x', 400), ('tile_xT', 5)],None,76
autotvm - DEBUG - No: 78	GFLOPS: 5.52/6.42	result: MeasureResult(costs=(23.182446509000002,), error_no=MeasureErrorNo.NO_ERROR, all_cost=46.984384298324585, timestamp=1690508133.5460787)	[('tile_x', 500), ('tile_xT', 5)],None,77
autotvm - DEBUG - No: 79	GFLOPS: 6.25/6.42	result: MeasureResult(costs=(20.495036673999998,), error_no=MeasureErrorNo.NO_ERROR, all_cost=42.20307683944702, timestamp=1690508175.6768694)	[('tile_x', 1000), ('tile_xT', 5)],None,78
autotvm - DEBUG - No: 80	GFLOPS: 6.70/6.70	result: MeasureResult(costs=(19.092508191,), error_no=MeasureErrorNo.NO_ERROR, all_cost=39.54597473144531, timestamp=1690508215.1033466)	[('tile_x', 2000), ('tile_xT', 5)],None,79
autotvm - DEBUG - No: 81	GFLOPS: 2.17/6.70	result: MeasureResult(costs=(58.948317618000004,), error_no=MeasureErrorNo.NO_ERROR, all_cost=118.91422271728516, timestamp=1690508334.0169296)	[('tile_x', 1), ('tile_xT', 10)],None,80
autotvm - DEBUG - No: 82	GFLOPS: 2.44/6.70	result: MeasureResult(costs=(52.536504408,), error_no=MeasureErrorNo.NO_ERROR, all_cost=106.21950316429138, timestamp=1690508440.245005)	[('tile_x', 2), ('tile_xT', 10)],None,81
autotvm - DEBUG - No: 83	GFLOPS: 2.53/6.70	result: MeasureResult(costs=(50.669788399999995,), error_no=MeasureErrorNo.NO_ERROR, all_cost=102.36959767341614, timestamp=1690508542.542473)	[('tile_x', 4), ('tile_xT', 10)],None,82
autotvm - DEBUG - No: 84	GFLOPS: 2.23/6.70	result: MeasureResult(costs=(57.494367267,), error_no=MeasureErrorNo.NO_ERROR, all_cost=120.7831974029541, timestamp=1690508663.3150992)	[('tile_x', 5), ('tile_xT', 10)],None,83
autotvm - DEBUG - No: 85	GFLOPS: 3.15/6.70	result: MeasureResult(costs=(40.57172767,), error_no=MeasureErrorNo.NO_ERROR, all_cost=82.32581877708435, timestamp=1690508745.493053)	[('tile_x', 8), ('tile_xT', 10)],None,84
autotvm - DEBUG - No: 86	GFLOPS: 3.95/6.70	result: MeasureResult(costs=(32.427937438,), error_no=MeasureErrorNo.NO_ERROR, all_cost=66.96730327606201, timestamp=1690508812.4103215)	[('tile_x', 10), ('tile_xT', 10)],None,85
autotvm - DEBUG - No: 87	GFLOPS: 4.23/6.70	result: MeasureResult(costs=(30.270022572000002,), error_no=MeasureErrorNo.NO_ERROR, all_cost=61.25321173667908, timestamp=1690508873.671924)	[('tile_x', 16), ('tile_xT', 10)],None,86
autotvm - DEBUG - No: 88	GFLOPS: 4.30/6.70	result: MeasureResult(costs=(29.784134546,), error_no=MeasureErrorNo.NO_ERROR, all_cost=60.707242012023926, timestamp=1690508934.2873385)	[('tile_x', 20), ('tile_xT', 10)],None,87
autotvm - DEBUG - No: 89	GFLOPS: 4.29/6.70	result: MeasureResult(costs=(29.854414713999997,), error_no=MeasureErrorNo.NO_ERROR, all_cost=60.73440384864807, timestamp=1690508994.9845781)	[('tile_x', 25), ('tile_xT', 10)],None,88
autotvm - DEBUG - No: 90	GFLOPS: 4.96/6.70	result: MeasureResult(costs=(25.788113792,), error_no=MeasureErrorNo.NO_ERROR, all_cost=52.55178689956665, timestamp=1690509047.4526126)	[('tile_x', 40), ('tile_xT', 10)],None,89
autotvm - DEBUG - No: 91	GFLOPS: 4.90/6.70	result: MeasureResult(costs=(26.101503676,), error_no=MeasureErrorNo.NO_ERROR, all_cost=53.66895127296448, timestamp=1690509100.8767602)	[('tile_x', 50), ('tile_xT', 10)],None,90
autotvm - DEBUG - No: 92	GFLOPS: 5.28/6.70	result: MeasureResult(costs=(24.262092463000002,), error_no=MeasureErrorNo.NO_ERROR, all_cost=49.688666343688965, timestamp=1690509150.4893792)	[('tile_x', 80), ('tile_xT', 10)],None,91
autotvm - DEBUG - No: 93	GFLOPS: 7.71/7.71	result: MeasureResult(costs=(16.598235809000002,), error_no=MeasureErrorNo.NO_ERROR, all_cost=34.50813317298889, timestamp=1690509184.8783343)	[('tile_x', 100), ('tile_xT', 10)],None,92
autotvm - DEBUG - No: 94	GFLOPS: 5.59/7.71	result: MeasureResult(costs=(22.899551637000002,), error_no=MeasureErrorNo.NO_ERROR, all_cost=47.10883688926697, timestamp=1690509231.8994281)	[('tile_x', 125), ('tile_xT', 10)],None,93
autotvm - DEBUG - No: 95	GFLOPS: 6.72/7.71	result: MeasureResult(costs=(19.040217517000002,), error_no=MeasureErrorNo.NO_ERROR, all_cost=39.397481203079224, timestamp=1690509271.2595043)	[('tile_x', 200), ('tile_xT', 10)],None,94
autotvm - DEBUG - No: 96	GFLOPS: 6.51/7.71	result: MeasureResult(costs=(19.653484514,), error_no=MeasureErrorNo.NO_ERROR, all_cost=40.43240284919739, timestamp=1690509311.6043875)	[('tile_x', 250), ('tile_xT', 10)],None,95
autotvm - DEBUG - No: 97	GFLOPS: 6.51/7.71	result: MeasureResult(costs=(19.656822217000002,), error_no=MeasureErrorNo.NO_ERROR, all_cost=40.38732314109802, timestamp=1690509351.9588182)	[('tile_x', 400), ('tile_xT', 10)],None,96
autotvm - DEBUG - No: 98	GFLOPS: 6.61/7.71	result: MeasureResult(costs=(19.371560544,), error_no=MeasureErrorNo.NO_ERROR, all_cost=39.69275689125061, timestamp=1690509391.6209164)	[('tile_x', 500), ('tile_xT', 10)],None,97
autotvm - DEBUG - No: 99	GFLOPS: 7.14/7.71	result: MeasureResult(costs=(17.937457332999998,), error_no=MeasureErrorNo.NO_ERROR, all_cost=36.81770443916321, timestamp=1690509428.3816109)	[('tile_x', 1000), ('tile_xT', 10)],None,98
autotvm - DEBUG - No: 100	GFLOPS: 7.54/7.71	result: MeasureResult(costs=(16.975393005999997,), error_no=MeasureErrorNo.NO_ERROR, all_cost=35.25672125816345, timestamp=1690509463.572538)	[('tile_x', 2000), ('tile_xT', 10)],None,99
root - INFO - Elpased time = 10733.62733387947
autotvm - DEBUG - Finish loading 100 records
