root - INFO - XGB Tuner Matrix Multiplication - 2023-07-27 23:07:30.879081
autotvm - DEBUG - waiting for device...
autotvm - DEBUG - device available
autotvm - INFO - Get devices for measurement successfully!
autotvm - DEBUG - No: 1	GFLOPS: 3.57/3.57	result: MeasureResult(costs=(35.817703778,), error_no=MeasureErrorNo.NO_ERROR, all_cost=72.61951279640198, timestamp=1690517328.9620955)	[('tile_x', 2000), ('tile_xT', 1)],None,19
autotvm - DEBUG - No: 2	GFLOPS: 7.13/7.13	result: MeasureResult(costs=(17.952486344,), error_no=MeasureErrorNo.NO_ERROR, all_cost=36.797022342681885, timestamp=1690517365.7629783)	[('tile_x', 125), ('tile_xT', 100)],None,233
autotvm - DEBUG - No: 3	GFLOPS: 3.64/7.13	result: MeasureResult(costs=(35.164259781,), error_no=MeasureErrorNo.NO_ERROR, all_cost=71.38379502296448, timestamp=1690517437.1657746)	[('tile_x', 8), ('tile_xT', 325)],None,304
autotvm - DEBUG - No: 4	GFLOPS: 1.99/7.13	result: MeasureResult(costs=(64.328640446,), error_no=MeasureErrorNo.NO_ERROR, all_cost=129.73656058311462, timestamp=1690517566.9016852)	[('tile_x', 1), ('tile_xT', 50)],None,180
autotvm - DEBUG - No: 5	GFLOPS: 4.09/7.13	result: MeasureResult(costs=(31.28412385,), error_no=MeasureErrorNo.NO_ERROR, all_cost=64.08481478691101, timestamp=1690517630.9551034)	[('tile_x', 125), ('tile_xT', 650)],None,353
autotvm - DEBUG - No: 6	GFLOPS: 4.28/7.13	result: MeasureResult(costs=(29.934169018000002,), error_no=MeasureErrorNo.NO_ERROR, all_cost=60.576536417007446, timestamp=1690517691.4424908)	[('tile_x', 8), ('tile_xT', 25)],None,144
autotvm - DEBUG - No: 7	GFLOPS: 3.93/7.13	result: MeasureResult(costs=(32.568012571,), error_no=MeasureErrorNo.NO_ERROR, all_cost=66.26202702522278, timestamp=1690517757.669094)	[('tile_x', 10), ('tile_xT', 10)],None,85
autotvm - DEBUG - No: 8	GFLOPS: 4.93/7.13	result: MeasureResult(costs=(25.975234431,), error_no=MeasureErrorNo.NO_ERROR, all_cost=53.22667717933655, timestamp=1690517810.7474594)	[('tile_x', 25), ('tile_xT', 100)],None,228
autotvm - DEBUG - No: 9	GFLOPS: 8.08/8.08	result: MeasureResult(costs=(15.843542839,), error_no=MeasureErrorNo.NO_ERROR, all_cost=32.91123723983765, timestamp=1690517843.6278124)	[('tile_x', 1000), ('tile_xT', 40)],None,178
autotvm - DEBUG - No: 10	GFLOPS: 3.30/8.08	result: MeasureResult(costs=(38.782398343000004,), error_no=MeasureErrorNo.NO_ERROR, all_cost=78.84289121627808, timestamp=1690517922.3377554)	[('tile_x', 25), ('tile_xT', 325)],None,308
autotvm - DEBUG - No: 11	GFLOPS: 2.87/8.08	result: MeasureResult(costs=(44.642800299,), error_no=MeasureErrorNo.NO_ERROR, all_cost=86.76905870437622, timestamp=1690518009.0496387)	[('tile_x', 8), ('tile_xT', 13)],None,104
autotvm - DEBUG - No: 12	GFLOPS: 8.46/8.46	result: MeasureResult(costs=(15.137279675,), error_no=MeasureErrorNo.NO_ERROR, all_cost=31.547001600265503, timestamp=1690518040.5185044)	[('tile_x', 100), ('tile_xT', 20)],None,132
autotvm - DEBUG - No: 13	GFLOPS: 4.83/8.46	result: MeasureResult(costs=(26.499375258,), error_no=MeasureErrorNo.NO_ERROR, all_cost=54.10483002662659, timestamp=1690518094.5142636)	[('tile_x', 250), ('tile_xT', 4)],None,55
autotvm - DEBUG - No: 14	GFLOPS: 5.51/8.46	result: MeasureResult(costs=(23.230176608999997,), error_no=MeasureErrorNo.NO_ERROR, all_cost=47.35119366645813, timestamp=1690518141.8257859)	[('tile_x', 80), ('tile_xT', 520)],None,331
autotvm - DEBUG - No: 15	GFLOPS: 4.00/8.46	result: MeasureResult(costs=(31.960338556,), error_no=MeasureErrorNo.NO_ERROR, all_cost=64.8652856349945, timestamp=1690518206.6882834)	[('tile_x', 5), ('tile_xT', 50)],None,183
autotvm - DEBUG - No: 16	GFLOPS: 0.70/8.46	result: MeasureResult(costs=(183.352561476,), error_no=MeasureErrorNo.NO_ERROR, all_cost=367.18723726272583, timestamp=1690518573.8373454)	[('tile_x', 2), ('tile_xT', 1)],None,1
autotvm - DEBUG - No: 17	GFLOPS: 5.65/8.46	result: MeasureResult(costs=(22.663039678,), error_no=MeasureErrorNo.NO_ERROR, all_cost=46.22925400733948, timestamp=1690518620.049105)	[('tile_x', 80), ('tile_xT', 25)],None,151
autotvm - DEBUG - No: 18	GFLOPS: 7.10/8.46	result: MeasureResult(costs=(18.033682217000003,), error_no=MeasureErrorNo.NO_ERROR, all_cost=36.967201471328735, timestamp=1690518657.0039942)	[('tile_x', 400), ('tile_xT', 20)],None,136
autotvm - DEBUG - No: 19	GFLOPS: 4.64/8.46	result: MeasureResult(costs=(27.573589381999998,), error_no=MeasureErrorNo.NO_ERROR, all_cost=56.3982789516449, timestamp=1690518713.3835497)	[('tile_x', 20), ('tile_xT', 25)],None,147
autotvm - DEBUG - No: 20	GFLOPS: 6.92/8.46	result: MeasureResult(costs=(18.499879206000003,), error_no=MeasureErrorNo.NO_ERROR, all_cost=38.255351543426514, timestamp=1690518751.6650212)	[('tile_x', 40), ('tile_xT', 52)],None,209
autotvm - DEBUG - No: 21	GFLOPS: 2.69/8.46	result: MeasureResult(costs=(47.57891403,), error_no=MeasureErrorNo.NO_ERROR, all_cost=96.40520787239075, timestamp=1690518847.9731057)	[('tile_x', 2), ('tile_xT', 104)],None,241
autotvm - DEBUG - No: 22	GFLOPS: 4.67/8.46	result: MeasureResult(costs=(27.434400686,), error_no=MeasureErrorNo.NO_ERROR, all_cost=55.92779302597046, timestamp=1690518903.883783)	[('tile_x', 125), ('tile_xT', 5)],None,73
autotvm - DEBUG - No: 23	GFLOPS: 7.82/8.46	result: MeasureResult(costs=(16.361125232,), error_no=MeasureErrorNo.NO_ERROR, all_cost=33.68009877204895, timestamp=1690518937.4870713)	[('tile_x', 2000), ('tile_xT', 520)],None,339
autotvm - DEBUG - No: 24	GFLOPS: 4.12/8.46	result: MeasureResult(costs=(31.093582452,), error_no=MeasureErrorNo.NO_ERROR, all_cost=63.67768335342407, timestamp=1690519001.046723)	[('tile_x', 16), ('tile_xT', 50)],None,186
autotvm - DEBUG - No: 25	GFLOPS: 5.54/8.46	result: MeasureResult(costs=(23.100804468,), error_no=MeasureErrorNo.NO_ERROR, all_cost=47.09920310974121, timestamp=1690519048.1186361)	[('tile_x', 125), ('tile_xT', 10)],None,93
autotvm - DEBUG - No: 26	GFLOPS: 2.33/8.46	result: MeasureResult(costs=(54.852863738,), error_no=MeasureErrorNo.NO_ERROR, all_cost=110.9181878566742, timestamp=1690519159.0189562)	[('tile_x', 400), ('tile_xT', 1)],None,16
autotvm - DEBUG - No: 27	GFLOPS: 1.62/8.46	result: MeasureResult(costs=(79.251397715,), error_no=MeasureErrorNo.NO_ERROR, all_cost=158.52419590950012, timestamp=1690519317.5493054)	[('tile_x', 2), ('tile_xT', 520)],None,321
autotvm - DEBUG - No: 28	GFLOPS: 3.44/8.46	result: MeasureResult(costs=(37.241271294,), error_no=MeasureErrorNo.NO_ERROR, all_cost=75.47445845603943, timestamp=1690519393.0266757)	[('tile_x', 4), ('tile_xT', 52)],None,202
autotvm - DEBUG - No: 29	GFLOPS: 7.21/8.46	result: MeasureResult(costs=(17.751238278000002,), error_no=MeasureErrorNo.NO_ERROR, all_cost=36.42581105232239, timestamp=1690519429.4302375)	[('tile_x', 125), ('tile_xT', 200)],None,273
autotvm - DEBUG - No: 30	GFLOPS: 3.20/8.46	result: MeasureResult(costs=(39.975624948,), error_no=MeasureErrorNo.NO_ERROR, all_cost=81.11277341842651, timestamp=1690519510.4897616)	[('tile_x', 40), ('tile_xT', 2600)],None,389
autotvm - DEBUG - No: 31	GFLOPS: 3.86/8.46	result: MeasureResult(costs=(33.131056874,), error_no=MeasureErrorNo.NO_ERROR, all_cost=67.48301768302917, timestamp=1690519577.8515317)	[('tile_x', 10), ('tile_xT', 50)],None,185
autotvm - DEBUG - No: 32	GFLOPS: 8.18/8.46	result: MeasureResult(costs=(15.646348106,), error_no=MeasureErrorNo.NO_ERROR, all_cost=32.5242805480957, timestamp=1690519610.4196408)	[('tile_x', 100), ('tile_xT', 100)],None,232
autotvm - DEBUG - No: 33	GFLOPS: 7.72/8.46	result: MeasureResult(costs=(16.577094918,), error_no=MeasureErrorNo.NO_ERROR, all_cost=34.42477607727051, timestamp=1690519644.794813)	[('tile_x', 400), ('tile_xT', 40)],None,176
autotvm - DEBUG - No: 34	GFLOPS: 1.22/8.46	result: MeasureResult(costs=(104.552868238,), error_no=MeasureErrorNo.NO_ERROR, all_cost=210.5930519104004, timestamp=1690519855.38181)	[('tile_x', 4), ('tile_xT', 1300)],None,362
autotvm - DEBUG - No: 35	GFLOPS: 7.11/8.46	result: MeasureResult(costs=(18.010919225000002,), error_no=MeasureErrorNo.NO_ERROR, all_cost=37.35286831855774, timestamp=1690519892.7631748)	[('tile_x', 500), ('tile_xT', 104)],None,257
autotvm - DEBUG - No: 36	GFLOPS: 3.54/8.46	result: MeasureResult(costs=(36.183399953,), error_no=MeasureErrorNo.NO_ERROR, all_cost=73.53295540809631, timestamp=1690519966.200519)	[('tile_x', 16), ('tile_xT', 52)],None,206
autotvm - DEBUG - No: 37	GFLOPS: 3.77/8.46	result: MeasureResult(costs=(33.975829004,), error_no=MeasureErrorNo.NO_ERROR, all_cost=68.87838983535767, timestamp=1690520035.102661)	[('tile_x', 10), ('tile_xT', 52)],None,205
autotvm - DEBUG - No: 38	GFLOPS: 2.47/8.46	result: MeasureResult(costs=(51.837651161000004,), error_no=MeasureErrorNo.NO_ERROR, all_cost=102.36465263366699, timestamp=1690520137.4451253)	[('tile_x', 10), ('tile_xT', 4)],None,45
autotvm - DEBUG - No: 39	GFLOPS: 9.42/9.42	result: MeasureResult(costs=(13.59005198,), error_no=MeasureErrorNo.NO_ERROR, all_cost=28.50936460494995, timestamp=1690520165.8952758)	[('tile_x', 40), ('tile_xT', 40)],None,169
autotvm - DEBUG - No: 40	GFLOPS: 4.79/9.42	result: MeasureResult(costs=(26.703465618,), error_no=MeasureErrorNo.NO_ERROR, all_cost=54.69089460372925, timestamp=1690520220.5566068)	[('tile_x', 20), ('tile_xT', 20)],None,127
autotvm - DEBUG - No: 41	GFLOPS: 1.76/9.42	result: MeasureResult(costs=(72.81222915,), error_no=MeasureErrorNo.NO_ERROR, all_cost=147.41108536720276, timestamp=1690520367.9801214)	[('tile_x', 1), ('tile_xT', 52)],None,200
autotvm - DEBUG - No: 42	GFLOPS: 3.87/9.42	result: MeasureResult(costs=(33.065735795,), error_no=MeasureErrorNo.NO_ERROR, all_cost=67.17725324630737, timestamp=1690520435.1652358)	[('tile_x', 125), ('tile_xT', 1300)],None,373
autotvm - DEBUG - No: 43	GFLOPS: 4.86/9.42	result: MeasureResult(costs=(26.314805753,), error_no=MeasureErrorNo.NO_ERROR, all_cost=53.75858974456787, timestamp=1690520488.6656945)	[('tile_x', 50), ('tile_xT', 10)],None,90
autotvm - DEBUG - No: 44	GFLOPS: 0.83/9.42	result: MeasureResult(costs=(155.030732571,), error_no=MeasureErrorNo.NO_ERROR, all_cost=312.48841857910156, timestamp=1690520801.0935497)	[('tile_x', 1), ('tile_xT', 650)],None,340
autotvm - DEBUG - No: 45	GFLOPS: 6.90/9.42	result: MeasureResult(costs=(18.555575747,), error_no=MeasureErrorNo.NO_ERROR, all_cost=38.370163440704346, timestamp=1690520839.432561)	[('tile_x', 125), ('tile_xT', 25)],None,153
autotvm - DEBUG - No: 46	GFLOPS: 3.06/9.42	result: MeasureResult(costs=(41.890770065999995,), error_no=MeasureErrorNo.NO_ERROR, all_cost=84.57150149345398, timestamp=1690520924.0363429)	[('tile_x', 80), ('tile_xT', 2)],None,31
autotvm - DEBUG - No: 47	GFLOPS: 2.83/9.42	result: MeasureResult(costs=(45.237066673,), error_no=MeasureErrorNo.NO_ERROR, all_cost=91.63683295249939, timestamp=1690521015.5584965)	[('tile_x', 25), ('tile_xT', 650)],None,348
autotvm - DEBUG - No: 48	GFLOPS: 6.12/9.42	result: MeasureResult(costs=(20.928043589,), error_no=MeasureErrorNo.NO_ERROR, all_cost=43.32044219970703, timestamp=1690521058.8274274)	[('tile_x', 100), ('tile_xT', 104)],None,252
autotvm - DEBUG - No: 49	GFLOPS: 2.53/9.42	result: MeasureResult(costs=(50.602754755,), error_no=MeasureErrorNo.NO_ERROR, all_cost=101.99587845802307, timestamp=1690521160.803555)	[('tile_x', 8), ('tile_xT', 650)],None,344
autotvm - DEBUG - No: 50	GFLOPS: 8.81/9.42	result: MeasureResult(costs=(14.52430221,), error_no=MeasureErrorNo.NO_ERROR, all_cost=30.448861837387085, timestamp=1690521191.1393962)	[('tile_x', 50), ('tile_xT', 50)],None,190
autotvm - DEBUG - No: 51	GFLOPS: 6.56/9.42	result: MeasureResult(costs=(19.511849386,), error_no=MeasureErrorNo.NO_ERROR, all_cost=40.34316563606262, timestamp=1690521231.3871083)	[('tile_x', 400), ('tile_xT', 10)],None,96
autotvm - DEBUG - No: 52	GFLOPS: 7.47/9.42	result: MeasureResult(costs=(17.133521216000002,), error_no=MeasureErrorNo.NO_ERROR, all_cost=35.58007097244263, timestamp=1690521266.8941722)	[('tile_x', 1000), ('tile_xT', 13)],None,118
autotvm - DEBUG - No: 53	GFLOPS: 8.34/9.42	result: MeasureResult(costs=(15.34128595,), error_no=MeasureErrorNo.NO_ERROR, all_cost=32.356327295303345, timestamp=1690521299.1735704)	[('tile_x', 50), ('tile_xT', 20)],None,130
autotvm - DEBUG - No: 54	GFLOPS: 2.70/9.42	result: MeasureResult(costs=(47.364952854,), error_no=MeasureErrorNo.NO_ERROR, all_cost=95.33132910728455, timestamp=1690521394.538194)	[('tile_x', 5), ('tile_xT', 325)],None,303
autotvm - DEBUG - No: 55	GFLOPS: 2.68/9.42	result: MeasureResult(costs=(47.821675346000006,), error_no=MeasureErrorNo.NO_ERROR, all_cost=96.26371264457703, timestamp=1690521490.7247865)	[('tile_x', 20), ('tile_xT', 650)],None,347
autotvm - DEBUG - No: 56	GFLOPS: 7.05/9.42	result: MeasureResult(costs=(18.162493890999997,), error_no=MeasureErrorNo.NO_ERROR, all_cost=37.26875877380371, timestamp=1690521527.9679587)	[('tile_x', 125), ('tile_xT', 52)],None,213
root - INFO - Elpased time = 4276.441319227219
autotvm - DEBUG - Finish loading 56 records
