root - INFO - GA Tuner Matrix Multiplication - 2023-07-17 11:53:48.454587
autotvm - DEBUG - waiting for device...
autotvm - DEBUG - device available
autotvm - INFO - Get devices for measurement successfully!
autotvm - DEBUG - No: 1	GFLOPS: 4.13/4.13	result: MeasureResult(costs=(0.639903071,), error_no=MeasureErrorNo.NO_ERROR, all_cost=1.5248043537139893, timestamp=1689612836.9517744)	[('tile_y', 2), ('tile_x', 1)],None,1
autotvm - DEBUG - No: 2	GFLOPS: 7.13/7.13	result: MeasureResult(costs=(0.370320276,), error_no=MeasureErrorNo.NO_ERROR, all_cost=1.047738790512085, timestamp=1689612837.905874)	[('tile_y', 4), ('tile_x', 1)],None,2
autotvm - DEBUG - No: 3	GFLOPS: 8.18/8.18	result: MeasureResult(costs=(0.32281957299999997,), error_no=MeasureErrorNo.NO_ERROR, all_cost=0.9139533042907715, timestamp=1689612838.7679665)	[('tile_y', 8), ('tile_x', 1)],None,3
autotvm - DEBUG - No: 4	GFLOPS: 4.58/8.18	result: MeasureResult(costs=(0.576903388,), error_no=MeasureErrorNo.NO_ERROR, all_cost=1.4649596214294434, timestamp=1689612840.1782641)	[('tile_y', 16), ('tile_x', 1)],None,4
autotvm - DEBUG - No: 5	GFLOPS: 2.29/8.18	result: MeasureResult(costs=(1.1551858529999999,), error_no=MeasureErrorNo.NO_ERROR, all_cost=2.8103394508361816, timestamp=1689612842.6717951)	[('tile_y', 32), ('tile_x', 1)],None,5
autotvm - DEBUG - No: 6	GFLOPS: 2.25/8.18	result: MeasureResult(costs=(1.17077816,), error_no=MeasureErrorNo.NO_ERROR, all_cost=2.57265043258667, timestamp=1689612845.2278864)	[('tile_y', 64), ('tile_x', 1)],None,6
autotvm - DEBUG - No: 7	GFLOPS: 2.03/8.18	result: MeasureResult(costs=(1.301239591,), error_no=MeasureErrorNo.NO_ERROR, all_cost=2.817965507507324, timestamp=1689612848.0607905)	[('tile_y', 128), ('tile_x', 1)],None,7
autotvm - DEBUG - No: 8	GFLOPS: 1.73/8.18	result: MeasureResult(costs=(1.527087098,), error_no=MeasureErrorNo.NO_ERROR, all_cost=3.218327760696411, timestamp=1689612851.2650669)	[('tile_y', 256), ('tile_x', 1)],None,8
autotvm - DEBUG - No: 9	GFLOPS: 1.78/8.18	result: MeasureResult(costs=(1.4866591370000002,), error_no=MeasureErrorNo.NO_ERROR, all_cost=3.211421489715576, timestamp=1689612854.4578254)	[('tile_y', 512), ('tile_x', 1)],None,9
autotvm - DEBUG - No: 10	GFLOPS: 0.96/8.18	result: MeasureResult(costs=(2.7587691679999997,), error_no=MeasureErrorNo.NO_ERROR, all_cost=5.676850080490112, timestamp=1689612860.094693)	[('tile_y', 1024), ('tile_x', 1)],None,10
autotvm - DEBUG - No: 11	GFLOPS: 1.08/8.18	result: MeasureResult(costs=(2.4469230889999998,), error_no=MeasureErrorNo.NO_ERROR, all_cost=5.286463975906372, timestamp=1689612865.3542893)	[('tile_y', 1), ('tile_x', 2)],None,11
autotvm - DEBUG - No: 12	GFLOPS: 2.08/8.18	result: MeasureResult(costs=(1.270905161,), error_no=MeasureErrorNo.NO_ERROR, all_cost=2.8721654415130615, timestamp=1689612868.1292286)	[('tile_y', 2), ('tile_x', 2)],None,12
autotvm - DEBUG - No: 13	GFLOPS: 4.28/8.18	result: MeasureResult(costs=(0.616977094,), error_no=MeasureErrorNo.NO_ERROR, all_cost=1.534858226776123, timestamp=1689612869.6225657)	[('tile_y', 4), ('tile_x', 2)],None,13
autotvm - DEBUG - No: 14	GFLOPS: 4.83/8.18	result: MeasureResult(costs=(0.5466879649999999,), error_no=MeasureErrorNo.NO_ERROR, all_cost=1.3887217044830322, timestamp=1689612870.933139)	[('tile_y', 8), ('tile_x', 2)],None,14
autotvm - DEBUG - No: 15	GFLOPS: 2.32/8.18	result: MeasureResult(costs=(1.1386531789999998,), error_no=MeasureErrorNo.NO_ERROR, all_cost=2.42035174369812, timestamp=1689612873.2719128)	[('tile_y', 16), ('tile_x', 2)],None,15
autotvm - DEBUG - No: 16	GFLOPS: 3.34/8.18	result: MeasureResult(costs=(0.78943773,), error_no=MeasureErrorNo.NO_ERROR, all_cost=1.8804669380187988, timestamp=1689612875.123756)	[('tile_y', 32), ('tile_x', 2)],None,16
autotvm - DEBUG - No: 17	GFLOPS: 3.12/8.18	result: MeasureResult(costs=(0.84632456,), error_no=MeasureErrorNo.NO_ERROR, all_cost=1.944512128829956, timestamp=1689612877.0330224)	[('tile_y', 64), ('tile_x', 2)],None,17
autotvm - DEBUG - No: 18	GFLOPS: 3.09/8.18	result: MeasureResult(costs=(0.855642009,), error_no=MeasureErrorNo.NO_ERROR, all_cost=1.9630093574523926, timestamp=1689612878.9604514)	[('tile_y', 128), ('tile_x', 2)],None,18
autotvm - DEBUG - No: 19	GFLOPS: 2.78/8.18	result: MeasureResult(costs=(0.948490816,), error_no=MeasureErrorNo.NO_ERROR, all_cost=2.1998696327209473, timestamp=1689612881.120109)	[('tile_y', 256), ('tile_x', 2)],None,19
autotvm - DEBUG - No: 20	GFLOPS: 2.75/8.18	result: MeasureResult(costs=(0.958987132,), error_no=MeasureErrorNo.NO_ERROR, all_cost=2.569507122039795, timestamp=1689612883.2617066)	[('tile_y', 512), ('tile_x', 2)],None,20
autotvm - DEBUG - No: 21	GFLOPS: 2.03/8.18	result: MeasureResult(costs=(1.300206328,), error_no=MeasureErrorNo.NO_ERROR, all_cost=3.1136653423309326, timestamp=1689612886.0856555)	[('tile_y', 1024), ('tile_x', 2)],None,21
autotvm - DEBUG - No: 22	GFLOPS: 2.42/8.18	result: MeasureResult(costs=(1.090010512,), error_no=MeasureErrorNo.NO_ERROR, all_cost=2.7958731651306152, timestamp=1689612888.5279667)	[('tile_y', 1), ('tile_x', 4)],None,22
autotvm - DEBUG - No: 23	GFLOPS: 4.01/8.18	result: MeasureResult(costs=(0.658654305,), error_no=MeasureErrorNo.NO_ERROR, all_cost=1.5396628379821777, timestamp=1689612890.0610373)	[('tile_y', 2), ('tile_x', 4)],None,23
autotvm - DEBUG - No: 24	GFLOPS: 5.12/8.18	result: MeasureResult(costs=(0.516020664,), error_no=MeasureErrorNo.NO_ERROR, all_cost=1.339789628982544, timestamp=1689612891.3100698)	[('tile_y', 8), ('tile_x', 4)],None,25
autotvm - DEBUG - No: 25	GFLOPS: 4.65/8.18	result: MeasureResult(costs=(0.568329418,), error_no=MeasureErrorNo.NO_ERROR, all_cost=1.430366039276123, timestamp=1689612892.7031524)	[('tile_y', 16), ('tile_x', 4)],None,26
autotvm - DEBUG - No: 26	GFLOPS: 3.96/8.18	result: MeasureResult(costs=(0.6669068140000001,), error_no=MeasureErrorNo.NO_ERROR, all_cost=1.5821456909179688, timestamp=1689612894.2521536)	[('tile_y', 32), ('tile_x', 4)],None,27
autotvm - DEBUG - No: 27	GFLOPS: 3.81/8.18	result: MeasureResult(costs=(0.69295574,), error_no=MeasureErrorNo.NO_ERROR, all_cost=1.624558687210083, timestamp=1689612895.8546999)	[('tile_y', 64), ('tile_x', 4)],None,28
autotvm - DEBUG - No: 28	GFLOPS: 3.70/8.18	result: MeasureResult(costs=(0.7126057849999999,), error_no=MeasureErrorNo.NO_ERROR, all_cost=1.7290384769439697, timestamp=1689612897.5423033)	[('tile_y', 128), ('tile_x', 4)],None,29
autotvm - DEBUG - No: 29	GFLOPS: 3.45/8.18	result: MeasureResult(costs=(0.7646880079999999,), error_no=MeasureErrorNo.NO_ERROR, all_cost=2.381972074508667, timestamp=1689612899.480875)	[('tile_y', 256), ('tile_x', 4)],None,30
autotvm - DEBUG - No: 30	GFLOPS: 3.04/8.18	result: MeasureResult(costs=(0.867996712,), error_no=MeasureErrorNo.NO_ERROR, all_cost=2.222379207611084, timestamp=1689612901.4349773)	[('tile_y', 1024), ('tile_x', 4)],None,32
autotvm - DEBUG - No: 31	GFLOPS: 3.56/8.18	result: MeasureResult(costs=(0.7409384250000001,), error_no=MeasureErrorNo.NO_ERROR, all_cost=1.7714781761169434, timestamp=1689612903.1775787)	[('tile_y', 1), ('tile_x', 8)],None,33
autotvm - DEBUG - No: 32	GFLOPS: 4.67/8.18	result: MeasureResult(costs=(0.565577055,), error_no=MeasureErrorNo.NO_ERROR, all_cost=1.7952780723571777, timestamp=1689612904.5257428)	[('tile_y', 2), ('tile_x', 8)],None,34
autotvm - DEBUG - No: 33	GFLOPS: 4.84/8.18	result: MeasureResult(costs=(0.545991863,), error_no=MeasureErrorNo.NO_ERROR, all_cost=1.359083890914917, timestamp=1689612905.8345828)	[('tile_y', 4), ('tile_x', 8)],None,35
autotvm - DEBUG - No: 34	GFLOPS: 5.57/8.18	result: MeasureResult(costs=(0.47383010999999997,), error_no=MeasureErrorNo.NO_ERROR, all_cost=1.271317958831787, timestamp=1689612907.0431263)	[('tile_y', 8), ('tile_x', 8)],None,36
autotvm - DEBUG - No: 35	GFLOPS: 5.19/8.18	result: MeasureResult(costs=(0.508569626,), error_no=MeasureErrorNo.NO_ERROR, all_cost=1.5272159576416016, timestamp=1689612908.276115)	[('tile_y', 16), ('tile_x', 8)],None,37
autotvm - DEBUG - No: 36	GFLOPS: 4.10/8.18	result: MeasureResult(costs=(0.6442148969999999,), error_no=MeasureErrorNo.NO_ERROR, all_cost=1.9507339000701904, timestamp=1689612909.775268)	[('tile_y', 32), ('tile_x', 8)],None,38
autotvm - DEBUG - No: 37	GFLOPS: 3.97/8.18	result: MeasureResult(costs=(0.664212181,), error_no=MeasureErrorNo.NO_ERROR, all_cost=1.9530694484710693, timestamp=1689612911.3791707)	[('tile_y', 128), ('tile_x', 8)],None,40
autotvm - DEBUG - No: 38	GFLOPS: 4.06/8.18	result: MeasureResult(costs=(0.650633586,), error_no=MeasureErrorNo.NO_ERROR, all_cost=1.8239402770996094, timestamp=1689612912.9000752)	[('tile_y', 256), ('tile_x', 8)],None,41
autotvm - DEBUG - No: 39	GFLOPS: 4.04/8.18	result: MeasureResult(costs=(0.6529595389999999,), error_no=MeasureErrorNo.NO_ERROR, all_cost=1.5680348873138428, timestamp=1689612914.4234822)	[('tile_y', 512), ('tile_x', 8)],None,42
autotvm - DEBUG - No: 40	GFLOPS: 3.89/8.18	result: MeasureResult(costs=(0.6790165100000001,), error_no=MeasureErrorNo.NO_ERROR, all_cost=1.6230671405792236, timestamp=1689612916.0436156)	[('tile_y', 1024), ('tile_x', 8)],None,43
autotvm - DEBUG - No: 41	GFLOPS: 2.63/8.18	result: MeasureResult(costs=(1.005544111,), error_no=MeasureErrorNo.NO_ERROR, all_cost=2.5854506492614746, timestamp=1689612918.2799604)	[('tile_y', 1), ('tile_x', 16)],None,44
autotvm - DEBUG - No: 42	GFLOPS: 3.63/8.18	result: MeasureResult(costs=(0.72725445,), error_no=MeasureErrorNo.NO_ERROR, all_cost=2.0210280418395996, timestamp=1689612919.8872137)	[('tile_y', 4), ('tile_x', 16)],None,46
autotvm - DEBUG - No: 43	GFLOPS: 5.25/8.18	result: MeasureResult(costs=(0.502500901,), error_no=MeasureErrorNo.NO_ERROR, all_cost=1.6977300643920898, timestamp=1689612921.1560292)	[('tile_y', 8), ('tile_x', 16)],None,47
autotvm - DEBUG - No: 44	GFLOPS: 4.50/8.18	result: MeasureResult(costs=(0.586182052,), error_no=MeasureErrorNo.NO_ERROR, all_cost=1.6151010990142822, timestamp=1689612922.5452642)	[('tile_y', 16), ('tile_x', 16)],None,48
autotvm - DEBUG - No: 45	GFLOPS: 3.63/8.18	result: MeasureResult(costs=(0.726780032,), error_no=MeasureErrorNo.NO_ERROR, all_cost=2.091737747192383, timestamp=1689612924.2163827)	[('tile_y', 64), ('tile_x', 16)],None,50
autotvm - DEBUG - No: 46	GFLOPS: 3.63/8.18	result: MeasureResult(costs=(0.727368523,), error_no=MeasureErrorNo.NO_ERROR, all_cost=2.0946731567382812, timestamp=1689612925.935857)	[('tile_y', 128), ('tile_x', 16)],None,51
autotvm - DEBUG - No: 47	GFLOPS: 3.59/8.18	result: MeasureResult(costs=(0.7353509800000001,), error_no=MeasureErrorNo.NO_ERROR, all_cost=2.1179614067077637, timestamp=1689612927.623565)	[('tile_y', 256), ('tile_x', 16)],None,52
autotvm - DEBUG - No: 48	GFLOPS: 4.18/8.18	result: MeasureResult(costs=(0.631539029,), error_no=MeasureErrorNo.NO_ERROR, all_cost=1.5236577987670898, timestamp=1689612929.09565)	[('tile_y', 1024), ('tile_x', 16)],None,54
autotvm - DEBUG - No: 49	GFLOPS: 2.30/8.18	result: MeasureResult(costs=(1.1457388309999998,), error_no=MeasureErrorNo.NO_ERROR, all_cost=2.907846689224243, timestamp=1689612931.612619)	[('tile_y', 1), ('tile_x', 32)],None,55
autotvm - DEBUG - No: 50	GFLOPS: 1.95/8.18	result: MeasureResult(costs=(1.354229366,), error_no=MeasureErrorNo.NO_ERROR, all_cost=3.081632614135742, timestamp=1689612934.3756368)	[('tile_y', 4), ('tile_x', 32)],None,57
autotvm - DEBUG - No: 51	GFLOPS: 3.00/8.18	result: MeasureResult(costs=(0.878748543,), error_no=MeasureErrorNo.NO_ERROR, all_cost=2.533000946044922, timestamp=1689612936.3617709)	[('tile_y', 8), ('tile_x', 32)],None,58
autotvm - DEBUG - No: 52	GFLOPS: 2.97/8.18	result: MeasureResult(costs=(0.88788539,), error_no=MeasureErrorNo.NO_ERROR, all_cost=2.5195934772491455, timestamp=1689612938.4109206)	[('tile_y', 16), ('tile_x', 32)],None,59
autotvm - DEBUG - No: 53	GFLOPS: 3.01/8.18	result: MeasureResult(costs=(0.877810573,), error_no=MeasureErrorNo.NO_ERROR, all_cost=2.450284481048584, timestamp=1689612940.3818603)	[('tile_y', 32), ('tile_x', 32)],None,60
autotvm - DEBUG - No: 54	GFLOPS: 2.96/8.18	result: MeasureResult(costs=(0.892871341,), error_no=MeasureErrorNo.NO_ERROR, all_cost=2.4426307678222656, timestamp=1689612942.3558617)	[('tile_y', 64), ('tile_x', 32)],None,61
autotvm - DEBUG - No: 55	GFLOPS: 3.01/8.18	result: MeasureResult(costs=(0.878012517,), error_no=MeasureErrorNo.NO_ERROR, all_cost=2.2378053665161133, timestamp=1689612944.3820171)	[('tile_y', 256), ('tile_x', 32)],None,63
autotvm - DEBUG - No: 56	GFLOPS: 2.75/8.18	result: MeasureResult(costs=(0.961748053,), error_no=MeasureErrorNo.NO_ERROR, all_cost=2.591942071914673, timestamp=1689612946.5264773)	[('tile_y', 512), ('tile_x', 32)],None,64
autotvm - DEBUG - No: 57	GFLOPS: 2.04/8.18	result: MeasureResult(costs=(1.2941520009999998,), error_no=MeasureErrorNo.NO_ERROR, all_cost=3.297161340713501, timestamp=1689612949.3424735)	[('tile_y', 1024), ('tile_x', 32)],None,65
autotvm - DEBUG - No: 58	GFLOPS: 2.67/8.18	result: MeasureResult(costs=(0.989585825,), error_no=MeasureErrorNo.NO_ERROR, all_cost=2.269554615020752, timestamp=1689612951.5820804)	[('tile_y', 1), ('tile_x', 64)],None,66
autotvm - DEBUG - No: 59	GFLOPS: 2.59/8.18	result: MeasureResult(costs=(1.017696324,), error_no=MeasureErrorNo.NO_ERROR, all_cost=2.2506818771362305, timestamp=1689612953.838568)	[('tile_y', 2), ('tile_x', 64)],None,67
autotvm - DEBUG - No: 60	GFLOPS: 2.94/8.18	result: MeasureResult(costs=(0.897701817,), error_no=MeasureErrorNo.NO_ERROR, all_cost=2.095587730407715, timestamp=1689612955.847489)	[('tile_y', 4), ('tile_x', 64)],None,68
autotvm - DEBUG - No: 61	GFLOPS: 3.04/8.18	result: MeasureResult(costs=(0.868010077,), error_no=MeasureErrorNo.NO_ERROR, all_cost=2.0353517532348633, timestamp=1689612957.8438473)	[('tile_y', 32), ('tile_x', 64)],None,71
autotvm - DEBUG - No: 62	GFLOPS: 3.13/8.18	result: MeasureResult(costs=(0.8440212890000001,), error_no=MeasureErrorNo.NO_ERROR, all_cost=2.327580213546753, timestamp=1689612959.7499986)	[('tile_y', 128), ('tile_x', 64)],None,73
autotvm - DEBUG - No: 63	GFLOPS: 2.51/8.18	result: MeasureResult(costs=(1.051255281,), error_no=MeasureErrorNo.NO_ERROR, all_cost=2.7481868267059326, timestamp=1689612962.05867)	[('tile_y', 512), ('tile_x', 64)],None,75
autotvm - DEBUG - No: 64	GFLOPS: 2.28/8.18	result: MeasureResult(costs=(1.157129584,), error_no=MeasureErrorNo.NO_ERROR, all_cost=3.016618490219116, timestamp=1689612964.643418)	[('tile_y', 1024), ('tile_x', 64)],None,76
autotvm - DEBUG - No: 65	GFLOPS: 2.50/8.18	result: MeasureResult(costs=(1.057030358,), error_no=MeasureErrorNo.NO_ERROR, all_cost=2.7220652103424072, timestamp=1689612966.956025)	[('tile_y', 1), ('tile_x', 128)],None,77
autotvm - DEBUG - No: 66	GFLOPS: 2.24/8.18	result: MeasureResult(costs=(1.1764699920000001,), error_no=MeasureErrorNo.NO_ERROR, all_cost=2.968799114227295, timestamp=1689612969.5365024)	[('tile_y', 2), ('tile_x', 128)],None,78
autotvm - DEBUG - No: 67	GFLOPS: 2.72/8.18	result: MeasureResult(costs=(0.9712364569999999,), error_no=MeasureErrorNo.NO_ERROR, all_cost=2.2106924057006836, timestamp=1689612971.7353575)	[('tile_y', 4), ('tile_x', 128)],None,79
autotvm - DEBUG - No: 68	GFLOPS: 2.66/8.18	result: MeasureResult(costs=(0.9942353970000001,), error_no=MeasureErrorNo.NO_ERROR, all_cost=2.534123659133911, timestamp=1689612974.0142279)	[('tile_y', 8), ('tile_x', 128)],None,80
autotvm - DEBUG - No: 69	GFLOPS: 1.97/8.18	result: MeasureResult(costs=(1.339973937,), error_no=MeasureErrorNo.NO_ERROR, all_cost=3.326859712600708, timestamp=1689612976.916128)	[('tile_y', 16), ('tile_x', 128)],None,81
autotvm - DEBUG - No: 70	GFLOPS: 1.97/8.18	result: MeasureResult(costs=(1.341028398,), error_no=MeasureErrorNo.NO_ERROR, all_cost=3.339040994644165, timestamp=1689612979.8667703)	[('tile_y', 32), ('tile_x', 128)],None,82
autotvm - DEBUG - No: 71	GFLOPS: 2.80/8.18	result: MeasureResult(costs=(0.944473625,), error_no=MeasureErrorNo.NO_ERROR, all_cost=2.535059928894043, timestamp=1689612981.9755669)	[('tile_y', 128), ('tile_x', 128)],None,84
autotvm - DEBUG - No: 72	GFLOPS: 2.56/8.18	result: MeasureResult(costs=(1.029609618,), error_no=MeasureErrorNo.NO_ERROR, all_cost=2.715090036392212, timestamp=1689612984.2526531)	[('tile_y', 512), ('tile_x', 128)],None,86
autotvm - DEBUG - No: 73	GFLOPS: 2.80/8.18	result: MeasureResult(costs=(0.941504681,), error_no=MeasureErrorNo.NO_ERROR, all_cost=2.576608896255493, timestamp=1689612986.3986392)	[('tile_y', 1), ('tile_x', 256)],None,88
autotvm - DEBUG - No: 74	GFLOPS: 2.34/8.18	result: MeasureResult(costs=(1.127448255,), error_no=MeasureErrorNo.NO_ERROR, all_cost=2.8228023052215576, timestamp=1689612988.8755765)	[('tile_y', 2), ('tile_x', 256)],None,89
autotvm - DEBUG - No: 75	GFLOPS: 2.83/8.18	result: MeasureResult(costs=(0.932097174,), error_no=MeasureErrorNo.NO_ERROR, all_cost=2.525798797607422, timestamp=1689612990.944765)	[('tile_y', 4), ('tile_x', 256)],None,90
autotvm - DEBUG - No: 76	GFLOPS: 2.81/8.18	result: MeasureResult(costs=(0.940346817,), error_no=MeasureErrorNo.NO_ERROR, all_cost=2.6041173934936523, timestamp=1689612993.0620723)	[('tile_y', 8), ('tile_x', 256)],None,91
autotvm - DEBUG - No: 77	GFLOPS: 2.85/8.18	result: MeasureResult(costs=(0.9273464800000001,), error_no=MeasureErrorNo.NO_ERROR, all_cost=2.5152125358581543, timestamp=1689612995.1353407)	[('tile_y', 16), ('tile_x', 256)],None,92
autotvm - DEBUG - No: 78	GFLOPS: 2.87/8.18	result: MeasureResult(costs=(0.9206294850000001,), error_no=MeasureErrorNo.NO_ERROR, all_cost=2.480072259902954, timestamp=1689612997.1940422)	[('tile_y', 32), ('tile_x', 256)],None,93
autotvm - DEBUG - No: 79	GFLOPS: 2.80/8.18	result: MeasureResult(costs=(0.944089288,), error_no=MeasureErrorNo.NO_ERROR, all_cost=2.14665150642395, timestamp=1689612999.3246949)	[('tile_y', 64), ('tile_x', 256)],None,94
autotvm - DEBUG - No: 80	GFLOPS: 1.93/8.18	result: MeasureResult(costs=(1.3703534979999998,), error_no=MeasureErrorNo.NO_ERROR, all_cost=3.2408316135406494, timestamp=1689613002.2269845)	[('tile_y', 128), ('tile_x', 256)],None,95
autotvm - DEBUG - No: 81	GFLOPS: 1.98/8.18	result: MeasureResult(costs=(1.332930374,), error_no=MeasureErrorNo.NO_ERROR, all_cost=2.8909826278686523, timestamp=1689613005.1034486)	[('tile_y', 256), ('tile_x', 256)],None,96
autotvm - DEBUG - No: 82	GFLOPS: 2.53/8.18	result: MeasureResult(costs=(1.0455074649999998,), error_no=MeasureErrorNo.NO_ERROR, all_cost=2.7218425273895264, timestamp=1689613007.4877396)	[('tile_y', 512), ('tile_x', 256)],None,97
autotvm - DEBUG - No: 83	GFLOPS: 2.94/8.18	result: MeasureResult(costs=(0.898675431,), error_no=MeasureErrorNo.NO_ERROR, all_cost=2.403005599975586, timestamp=1689613009.5041163)	[('tile_y', 1024), ('tile_x', 256)],None,98
autotvm - DEBUG - No: 84	GFLOPS: 2.45/8.18	result: MeasureResult(costs=(1.076265325,), error_no=MeasureErrorNo.NO_ERROR, all_cost=2.6335227489471436, timestamp=1689613011.8794928)	[('tile_y', 1), ('tile_x', 512)],None,99
autotvm - DEBUG - No: 85	GFLOPS: 2.50/8.18	result: MeasureResult(costs=(1.054768557,), error_no=MeasureErrorNo.NO_ERROR, all_cost=2.4414117336273193, timestamp=1689613014.2527459)	[('tile_y', 2), ('tile_x', 512)],None,100
autotvm - DEBUG - No: 86	GFLOPS: 2.49/8.18	result: MeasureResult(costs=(1.060698248,), error_no=MeasureErrorNo.NO_ERROR, all_cost=2.7957143783569336, timestamp=1689613016.5954578)	[('tile_y', 4), ('tile_x', 512)],None,101
autotvm - DEBUG - No: 87	GFLOPS: 2.38/8.18	result: MeasureResult(costs=(1.10892365,), error_no=MeasureErrorNo.NO_ERROR, all_cost=2.8849639892578125, timestamp=1689613018.987328)	[('tile_y', 8), ('tile_x', 512)],None,102
autotvm - DEBUG - No: 88	GFLOPS: 2.63/8.18	result: MeasureResult(costs=(1.004585531,), error_no=MeasureErrorNo.NO_ERROR, all_cost=2.6141018867492676, timestamp=1689613021.2633142)	[('tile_y', 16), ('tile_x', 512)],None,103
autotvm - DEBUG - No: 89	GFLOPS: 2.21/8.18	result: MeasureResult(costs=(1.196701636,), error_no=MeasureErrorNo.NO_ERROR, all_cost=2.64809513092041, timestamp=1689613023.8441682)	[('tile_y', 32), ('tile_x', 512)],None,104
autotvm - DEBUG - No: 90	GFLOPS: 2.29/8.18	result: MeasureResult(costs=(1.153331016,), error_no=MeasureErrorNo.NO_ERROR, all_cost=2.9820849895477295, timestamp=1689613026.378018)	[('tile_y', 64), ('tile_x', 512)],None,105
autotvm - DEBUG - No: 91	GFLOPS: 2.22/8.18	result: MeasureResult(costs=(1.1889382960000001,), error_no=MeasureErrorNo.NO_ERROR, all_cost=3.0378575325012207, timestamp=1689613029.0090597)	[('tile_y', 256), ('tile_x', 512)],None,107
autotvm - DEBUG - No: 92	GFLOPS: 2.43/8.18	result: MeasureResult(costs=(1.088397042,), error_no=MeasureErrorNo.NO_ERROR, all_cost=2.4101881980895996, timestamp=1689613031.411475)	[('tile_y', 1024), ('tile_x', 512)],None,109
autotvm - DEBUG - No: 93	GFLOPS: 1.95/8.18	result: MeasureResult(costs=(1.3560767699999998,), error_no=MeasureErrorNo.NO_ERROR, all_cost=3.3307628631591797, timestamp=1689613034.3448765)	[('tile_y', 2), ('tile_x', 1024)],None,111
autotvm - DEBUG - No: 94	GFLOPS: 1.92/8.18	result: MeasureResult(costs=(1.3771359669999998,), error_no=MeasureErrorNo.NO_ERROR, all_cost=3.3512320518493652, timestamp=1689613037.358854)	[('tile_y', 4), ('tile_x', 1024)],None,112
autotvm - DEBUG - No: 95	GFLOPS: 1.56/8.18	result: MeasureResult(costs=(1.6922573,), error_no=MeasureErrorNo.NO_ERROR, all_cost=3.8932619094848633, timestamp=1689613040.7920039)	[('tile_y', 8), ('tile_x', 1024)],None,113
autotvm - DEBUG - No: 96	GFLOPS: 1.91/8.18	result: MeasureResult(costs=(1.3808341849999999,), error_no=MeasureErrorNo.NO_ERROR, all_cost=3.0371646881103516, timestamp=1689613043.7749794)	[('tile_y', 16), ('tile_x', 1024)],None,114
autotvm - DEBUG - No: 97	GFLOPS: 2.10/8.18	result: MeasureResult(costs=(1.255001203,), error_no=MeasureErrorNo.NO_ERROR, all_cost=3.192185640335083, timestamp=1689613046.5594718)	[('tile_y', 32), ('tile_x', 1024)],None,115
autotvm - DEBUG - No: 98	GFLOPS: 2.09/8.18	result: MeasureResult(costs=(1.262143194,), error_no=MeasureErrorNo.NO_ERROR, all_cost=3.1140573024749756, timestamp=1689613049.3077693)	[('tile_y', 64), ('tile_x', 1024)],None,116
autotvm - DEBUG - No: 99	GFLOPS: 1.69/8.18	result: MeasureResult(costs=(1.5640997769999998,), error_no=MeasureErrorNo.NO_ERROR, all_cost=3.8306691646575928, timestamp=1689613052.657502)	[('tile_y', 128), ('tile_x', 1024)],None,117
autotvm - DEBUG - No: 100	GFLOPS: 1.68/8.18	result: MeasureResult(costs=(1.56943466,), error_no=MeasureErrorNo.NO_ERROR, all_cost=3.851717472076416, timestamp=1689613056.06133)	[('tile_y', 256), ('tile_x', 1024)],None,118
root - INFO - Elpased time = 227.36092329025269
autotvm - DEBUG - Finish loading 100 records
