root - INFO - Grid Search Tuner Matrix Multiplication - 2023-07-17 11:57:43.227665
autotvm - DEBUG - waiting for device...
autotvm - DEBUG - device available
autotvm - INFO - Get devices for measurement successfully!
autotvm - DEBUG - No: 1	GFLOPS: 2.13/2.13	result: MeasureResult(costs=(1.238505999,), error_no=MeasureErrorNo.NO_ERROR, all_cost=2.8364620208740234, timestamp=1689613072.2177365)	[('tile_y', 1), ('tile_x', 1)],None,0
autotvm - DEBUG - No: 2	GFLOPS: 4.06/4.06	result: MeasureResult(costs=(0.6498737640000001,), error_no=MeasureErrorNo.NO_ERROR, all_cost=1.5597343444824219, timestamp=1689613073.735469)	[('tile_y', 2), ('tile_x', 1)],None,1
autotvm - DEBUG - No: 3	GFLOPS: 6.54/6.54	result: MeasureResult(costs=(0.403786868,), error_no=MeasureErrorNo.NO_ERROR, all_cost=1.039733648300171, timestamp=1689613074.755555)	[('tile_y', 4), ('tile_x', 1)],None,2
autotvm - DEBUG - No: 4	GFLOPS: 7.95/7.95	result: MeasureResult(costs=(0.332003239,), error_no=MeasureErrorNo.NO_ERROR, all_cost=1.1285593509674072, timestamp=1689613075.850309)	[('tile_y', 8), ('tile_x', 1)],None,3
autotvm - DEBUG - No: 5	GFLOPS: 4.57/7.95	result: MeasureResult(costs=(0.5775798959999999,), error_no=MeasureErrorNo.NO_ERROR, all_cost=1.506265640258789, timestamp=1689613077.2220006)	[('tile_y', 16), ('tile_x', 1)],None,4
autotvm - DEBUG - No: 6	GFLOPS: 2.30/7.95	result: MeasureResult(costs=(1.146432143,), error_no=MeasureErrorNo.NO_ERROR, all_cost=2.5350701808929443, timestamp=1689613079.7386649)	[('tile_y', 32), ('tile_x', 1)],None,5
autotvm - DEBUG - No: 7	GFLOPS: 2.03/7.95	result: MeasureResult(costs=(1.302375533,), error_no=MeasureErrorNo.NO_ERROR, all_cost=2.7986207008361816, timestamp=1689613082.5149202)	[('tile_y', 64), ('tile_x', 1)],None,6
autotvm - DEBUG - No: 8	GFLOPS: 2.17/7.95	result: MeasureResult(costs=(1.213902258,), error_no=MeasureErrorNo.NO_ERROR, all_cost=2.654839038848877, timestamp=1689613085.1610692)	[('tile_y', 128), ('tile_x', 1)],None,7
autotvm - DEBUG - No: 9	GFLOPS: 1.76/7.95	result: MeasureResult(costs=(1.501785185,), error_no=MeasureErrorNo.NO_ERROR, all_cost=3.2044334411621094, timestamp=1689613088.3225808)	[('tile_y', 256), ('tile_x', 1)],None,8
autotvm - DEBUG - No: 10	GFLOPS: 1.77/7.95	result: MeasureResult(costs=(1.494090796,), error_no=MeasureErrorNo.NO_ERROR, all_cost=3.324955940246582, timestamp=1689613091.5699236)	[('tile_y', 512), ('tile_x', 1)],None,9
autotvm - DEBUG - No: 11	GFLOPS: 1.47/7.95	result: MeasureResult(costs=(1.798900989,), error_no=MeasureErrorNo.NO_ERROR, all_cost=3.803690195083618, timestamp=1689613095.3655295)	[('tile_y', 1024), ('tile_x', 1)],None,10
autotvm - DEBUG - No: 12	GFLOPS: 1.13/7.95	result: MeasureResult(costs=(2.332044164,), error_no=MeasureErrorNo.NO_ERROR, all_cost=4.698945999145508, timestamp=1689613100.0681808)	[('tile_y', 1), ('tile_x', 2)],None,11
autotvm - DEBUG - No: 13	GFLOPS: 2.39/7.95	result: MeasureResult(costs=(1.105829084,), error_no=MeasureErrorNo.NO_ERROR, all_cost=2.4858486652374268, timestamp=1689613102.5510266)	[('tile_y', 2), ('tile_x', 2)],None,12
autotvm - DEBUG - No: 14	GFLOPS: 4.27/7.95	result: MeasureResult(costs=(0.617872966,), error_no=MeasureErrorNo.NO_ERROR, all_cost=1.604353904724121, timestamp=1689613104.0043485)	[('tile_y', 4), ('tile_x', 2)],None,13
autotvm - DEBUG - No: 15	GFLOPS: 4.80/7.95	result: MeasureResult(costs=(0.5503378790000001,), error_no=MeasureErrorNo.NO_ERROR, all_cost=1.3914427757263184, timestamp=1689613105.3215554)	[('tile_y', 8), ('tile_x', 2)],None,14
autotvm - DEBUG - No: 16	GFLOPS: 2.68/7.95	result: MeasureResult(costs=(0.9860402709999999,), error_no=MeasureErrorNo.NO_ERROR, all_cost=2.257946491241455, timestamp=1689613107.5491767)	[('tile_y', 16), ('tile_x', 2)],None,15
autotvm - DEBUG - No: 17	GFLOPS: 3.36/7.95	result: MeasureResult(costs=(0.785298823,), error_no=MeasureErrorNo.NO_ERROR, all_cost=1.8298063278198242, timestamp=1689613109.360454)	[('tile_y', 32), ('tile_x', 2)],None,16
autotvm - DEBUG - No: 18	GFLOPS: 3.13/7.95	result: MeasureResult(costs=(0.8440476210000001,), error_no=MeasureErrorNo.NO_ERROR, all_cost=2.1782126426696777, timestamp=1689613111.446557)	[('tile_y', 64), ('tile_x', 2)],None,17
autotvm - DEBUG - No: 19	GFLOPS: 3.01/7.95	result: MeasureResult(costs=(0.876817718,), error_no=MeasureErrorNo.NO_ERROR, all_cost=1.992882251739502, timestamp=1689613113.464565)	[('tile_y', 128), ('tile_x', 2)],None,18
autotvm - DEBUG - No: 20	GFLOPS: 2.76/7.95	result: MeasureResult(costs=(0.9580646319999999,), error_no=MeasureErrorNo.NO_ERROR, all_cost=2.2579896450042725, timestamp=1689613115.594505)	[('tile_y', 256), ('tile_x', 2)],None,19
autotvm - DEBUG - No: 21	GFLOPS: 2.66/7.95	result: MeasureResult(costs=(0.990819079,), error_no=MeasureErrorNo.NO_ERROR, all_cost=2.1831068992614746, timestamp=1689613117.7672236)	[('tile_y', 512), ('tile_x', 2)],None,20
autotvm - DEBUG - No: 22	GFLOPS: 2.01/7.95	result: MeasureResult(costs=(1.311631883,), error_no=MeasureErrorNo.NO_ERROR, all_cost=2.9805996417999268, timestamp=1689613120.6545515)	[('tile_y', 1024), ('tile_x', 2)],None,21
autotvm - DEBUG - No: 23	GFLOPS: 2.38/7.95	result: MeasureResult(costs=(1.10775955,), error_no=MeasureErrorNo.NO_ERROR, all_cost=2.422755718231201, timestamp=1689613123.0748923)	[('tile_y', 1), ('tile_x', 4)],None,22
autotvm - DEBUG - No: 24	GFLOPS: 3.93/7.95	result: MeasureResult(costs=(0.672154633,), error_no=MeasureErrorNo.NO_ERROR, all_cost=1.6613550186157227, timestamp=1689613124.7086968)	[('tile_y', 2), ('tile_x', 4)],None,23
autotvm - DEBUG - No: 25	GFLOPS: 5.01/7.95	result: MeasureResult(costs=(0.5272587569999999,), error_no=MeasureErrorNo.NO_ERROR, all_cost=1.3125689029693604, timestamp=1689613126.0221136)	[('tile_y', 4), ('tile_x', 4)],None,24
autotvm - DEBUG - No: 26	GFLOPS: 5.07/7.95	result: MeasureResult(costs=(0.520479065,), error_no=MeasureErrorNo.NO_ERROR, all_cost=1.4324796199798584, timestamp=1689613127.2822576)	[('tile_y', 8), ('tile_x', 4)],None,25
autotvm - DEBUG - No: 27	GFLOPS: 4.61/7.95	result: MeasureResult(costs=(0.572063758,), error_no=MeasureErrorNo.NO_ERROR, all_cost=1.485034465789795, timestamp=1689613128.645144)	[('tile_y', 16), ('tile_x', 4)],None,26
autotvm - DEBUG - No: 28	GFLOPS: 3.96/7.95	result: MeasureResult(costs=(0.6662885230000001,), error_no=MeasureErrorNo.NO_ERROR, all_cost=1.6859889030456543, timestamp=1689613130.238608)	[('tile_y', 32), ('tile_x', 4)],None,27
autotvm - DEBUG - No: 29	GFLOPS: 3.80/7.95	result: MeasureResult(costs=(0.695095816,), error_no=MeasureErrorNo.NO_ERROR, all_cost=1.7596282958984375, timestamp=1689613131.845542)	[('tile_y', 64), ('tile_x', 4)],None,28
autotvm - DEBUG - No: 30	GFLOPS: 3.71/7.95	result: MeasureResult(costs=(0.712053946,), error_no=MeasureErrorNo.NO_ERROR, all_cost=1.7207918167114258, timestamp=1689613133.488941)	[('tile_y', 128), ('tile_x', 4)],None,29
autotvm - DEBUG - No: 31	GFLOPS: 3.44/7.95	result: MeasureResult(costs=(0.767691097,), error_no=MeasureErrorNo.NO_ERROR, all_cost=1.8698444366455078, timestamp=1689613135.2845323)	[('tile_y', 256), ('tile_x', 4)],None,30
autotvm - DEBUG - No: 32	GFLOPS: 3.44/7.95	result: MeasureResult(costs=(0.76638509,), error_no=MeasureErrorNo.NO_ERROR, all_cost=1.7367618083953857, timestamp=1689613137.035592)	[('tile_y', 512), ('tile_x', 4)],None,31
autotvm - DEBUG - No: 33	GFLOPS: 3.08/7.95	result: MeasureResult(costs=(0.858429951,), error_no=MeasureErrorNo.NO_ERROR, all_cost=2.014305830001831, timestamp=1689613138.9733377)	[('tile_y', 1024), ('tile_x', 4)],None,32
autotvm - DEBUG - No: 34	GFLOPS: 3.44/7.95	result: MeasureResult(costs=(0.766631007,), error_no=MeasureErrorNo.NO_ERROR, all_cost=1.8267099857330322, timestamp=1689613140.7400167)	[('tile_y', 1), ('tile_x', 8)],None,33
autotvm - DEBUG - No: 35	GFLOPS: 2.57/7.95	result: MeasureResult(costs=(1.029078984,), error_no=MeasureErrorNo.NO_ERROR, all_cost=2.3388051986694336, timestamp=1689613142.9874308)	[('tile_y', 2), ('tile_x', 8)],None,34
autotvm - DEBUG - No: 36	GFLOPS: 4.41/7.95	result: MeasureResult(costs=(0.598466857,), error_no=MeasureErrorNo.NO_ERROR, all_cost=1.5486946105957031, timestamp=1689613144.4570987)	[('tile_y', 4), ('tile_x', 8)],None,35
autotvm - DEBUG - No: 37	GFLOPS: 5.55/7.95	result: MeasureResult(costs=(0.475595665,), error_no=MeasureErrorNo.NO_ERROR, all_cost=1.4954807758331299, timestamp=1689613145.8436801)	[('tile_y', 8), ('tile_x', 8)],None,36
autotvm - DEBUG - No: 38	GFLOPS: 5.18/7.95	result: MeasureResult(costs=(0.509901238,), error_no=MeasureErrorNo.NO_ERROR, all_cost=1.2790825366973877, timestamp=1689613147.082402)	[('tile_y', 16), ('tile_x', 8)],None,37
autotvm - DEBUG - No: 39	GFLOPS: 3.68/7.95	result: MeasureResult(costs=(0.7167345759999999,), error_no=MeasureErrorNo.NO_ERROR, all_cost=1.6779916286468506, timestamp=1689613148.6553988)	[('tile_y', 32), ('tile_x', 8)],None,38
autotvm - DEBUG - No: 40	GFLOPS: 3.90/7.95	result: MeasureResult(costs=(0.677510043,), error_no=MeasureErrorNo.NO_ERROR, all_cost=1.6778504848480225, timestamp=1689613150.2974591)	[('tile_y', 64), ('tile_x', 8)],None,39
autotvm - DEBUG - No: 41	GFLOPS: 4.11/7.95	result: MeasureResult(costs=(0.642253737,), error_no=MeasureErrorNo.NO_ERROR, all_cost=1.5441715717315674, timestamp=1689613151.8005238)	[('tile_y', 128), ('tile_x', 8)],None,40
autotvm - DEBUG - No: 42	GFLOPS: 4.05/7.95	result: MeasureResult(costs=(0.651156537,), error_no=MeasureErrorNo.NO_ERROR, all_cost=1.535961389541626, timestamp=1689613153.3209884)	[('tile_y', 256), ('tile_x', 8)],None,41
autotvm - DEBUG - No: 43	GFLOPS: 4.02/7.95	result: MeasureResult(costs=(0.6563194210000001,), error_no=MeasureErrorNo.NO_ERROR, all_cost=1.607642650604248, timestamp=1689613154.893394)	[('tile_y', 512), ('tile_x', 8)],None,42
autotvm - DEBUG - No: 44	GFLOPS: 3.98/7.95	result: MeasureResult(costs=(0.663778372,), error_no=MeasureErrorNo.NO_ERROR, all_cost=1.6008553504943848, timestamp=1689613156.4418406)	[('tile_y', 1024), ('tile_x', 8)],None,43
autotvm - DEBUG - No: 45	GFLOPS: 2.49/7.95	result: MeasureResult(costs=(1.058694999,), error_no=MeasureErrorNo.NO_ERROR, all_cost=2.3907620906829834, timestamp=1689613158.7849844)	[('tile_y', 1), ('tile_x', 16)],None,44
autotvm - DEBUG - No: 46	GFLOPS: 3.31/7.95	result: MeasureResult(costs=(0.798008384,), error_no=MeasureErrorNo.NO_ERROR, all_cost=1.9192819595336914, timestamp=1689613160.6394622)	[('tile_y', 2), ('tile_x', 16)],None,45
autotvm - DEBUG - No: 47	GFLOPS: 3.96/7.95	result: MeasureResult(costs=(0.666126125,), error_no=MeasureErrorNo.NO_ERROR, all_cost=1.7423036098480225, timestamp=1689613162.1880937)	[('tile_y', 4), ('tile_x', 16)],None,46
autotvm - DEBUG - No: 48	GFLOPS: 5.11/7.95	result: MeasureResult(costs=(0.5163129209999999,), error_no=MeasureErrorNo.NO_ERROR, all_cost=1.4124834537506104, timestamp=1689613163.4370399)	[('tile_y', 8), ('tile_x', 16)],None,47
autotvm - DEBUG - No: 49	GFLOPS: 4.49/7.95	result: MeasureResult(costs=(0.587405502,), error_no=MeasureErrorNo.NO_ERROR, all_cost=1.5297112464904785, timestamp=1689613164.8695266)	[('tile_y', 16), ('tile_x', 16)],None,48
autotvm - DEBUG - No: 50	GFLOPS: 3.60/7.95	result: MeasureResult(costs=(0.7332282569999999,), error_no=MeasureErrorNo.NO_ERROR, all_cost=1.716019630432129, timestamp=1689613166.5518)	[('tile_y', 32), ('tile_x', 16)],None,49
autotvm - DEBUG - No: 51	GFLOPS: 3.64/7.95	result: MeasureResult(costs=(0.725282372,), error_no=MeasureErrorNo.NO_ERROR, all_cost=1.8420698642730713, timestamp=1689613168.2204685)	[('tile_y', 64), ('tile_x', 16)],None,50
autotvm - DEBUG - No: 52	GFLOPS: 3.62/7.95	result: MeasureResult(costs=(0.728470011,), error_no=MeasureErrorNo.NO_ERROR, all_cost=1.7748353481292725, timestamp=1689613169.935807)	[('tile_y', 128), ('tile_x', 16)],None,51
autotvm - DEBUG - No: 53	GFLOPS: 3.59/7.95	result: MeasureResult(costs=(0.7356551480000001,), error_no=MeasureErrorNo.NO_ERROR, all_cost=1.8712573051452637, timestamp=1689613171.626149)	[('tile_y', 256), ('tile_x', 16)],None,52
autotvm - DEBUG - No: 54	GFLOPS: 3.55/7.95	result: MeasureResult(costs=(0.744260536,), error_no=MeasureErrorNo.NO_ERROR, all_cost=1.8038346767425537, timestamp=1689613173.3324647)	[('tile_y', 512), ('tile_x', 16)],None,53
autotvm - DEBUG - No: 55	GFLOPS: 4.27/7.95	result: MeasureResult(costs=(0.6179468140000001,), error_no=MeasureErrorNo.NO_ERROR, all_cost=1.6217389106750488, timestamp=1689613174.833102)	[('tile_y', 1024), ('tile_x', 16)],None,54
autotvm - DEBUG - No: 56	GFLOPS: 2.34/7.95	result: MeasureResult(costs=(1.129705853,), error_no=MeasureErrorNo.NO_ERROR, all_cost=2.504657030105591, timestamp=1689613177.3093507)	[('tile_y', 1), ('tile_x', 32)],None,55
autotvm - DEBUG - No: 57	GFLOPS: 2.73/7.95	result: MeasureResult(costs=(0.968712258,), error_no=MeasureErrorNo.NO_ERROR, all_cost=2.176880121231079, timestamp=1689613179.47248)	[('tile_y', 2), ('tile_x', 32)],None,56
autotvm - DEBUG - No: 58	GFLOPS: 1.94/7.95	result: MeasureResult(costs=(1.362561801,), error_no=MeasureErrorNo.NO_ERROR, all_cost=2.8442258834838867, timestamp=1689613182.2820811)	[('tile_y', 4), ('tile_x', 32)],None,57
autotvm - DEBUG - No: 59	GFLOPS: 2.97/7.95	result: MeasureResult(costs=(0.889554831,), error_no=MeasureErrorNo.NO_ERROR, all_cost=2.0570228099823, timestamp=1689613184.269205)	[('tile_y', 8), ('tile_x', 32)],None,58
autotvm - DEBUG - No: 60	GFLOPS: 2.88/7.95	result: MeasureResult(costs=(0.9152090829999999,), error_no=MeasureErrorNo.NO_ERROR, all_cost=2.1950409412384033, timestamp=1689613186.292052)	[('tile_y', 16), ('tile_x', 32)],None,59
autotvm - DEBUG - No: 61	GFLOPS: 2.95/7.95	result: MeasureResult(costs=(0.895940776,), error_no=MeasureErrorNo.NO_ERROR, all_cost=2.1522116661071777, timestamp=1689613188.3496726)	[('tile_y', 32), ('tile_x', 32)],None,60
autotvm - DEBUG - No: 62	GFLOPS: 3.06/7.95	result: MeasureResult(costs=(0.86366946,), error_no=MeasureErrorNo.NO_ERROR, all_cost=2.163290023803711, timestamp=1689613190.2938442)	[('tile_y', 64), ('tile_x', 32)],None,61
autotvm - DEBUG - No: 63	GFLOPS: 3.04/7.95	result: MeasureResult(costs=(0.8689666899999999,), error_no=MeasureErrorNo.NO_ERROR, all_cost=2.123046875, timestamp=1689613192.2511537)	[('tile_y', 128), ('tile_x', 32)],None,62
autotvm - DEBUG - No: 64	GFLOPS: 3.01/7.95	result: MeasureResult(costs=(0.876138447,), error_no=MeasureErrorNo.NO_ERROR, all_cost=2.1784849166870117, timestamp=1689613194.272905)	[('tile_y', 256), ('tile_x', 32)],None,63
autotvm - DEBUG - No: 65	GFLOPS: 2.67/7.95	result: MeasureResult(costs=(0.990469379,), error_no=MeasureErrorNo.NO_ERROR, all_cost=2.3421051502227783, timestamp=1689613196.4404306)	[('tile_y', 512), ('tile_x', 32)],None,64
autotvm - DEBUG - No: 66	GFLOPS: 2.04/7.95	result: MeasureResult(costs=(1.292461061,), error_no=MeasureErrorNo.NO_ERROR, all_cost=2.8010032176971436, timestamp=1689613199.2312355)	[('tile_y', 1024), ('tile_x', 32)],None,65
autotvm - DEBUG - No: 67	GFLOPS: 2.60/7.95	result: MeasureResult(costs=(1.016390178,), error_no=MeasureErrorNo.NO_ERROR, all_cost=2.3418118953704834, timestamp=1689613201.5530968)	[('tile_y', 1), ('tile_x', 64)],None,66
autotvm - DEBUG - No: 68	GFLOPS: 2.65/7.95	result: MeasureResult(costs=(0.994789135,), error_no=MeasureErrorNo.NO_ERROR, all_cost=2.3627657890319824, timestamp=1689613203.7607744)	[('tile_y', 2), ('tile_x', 64)],None,67
autotvm - DEBUG - No: 69	GFLOPS: 2.94/7.95	result: MeasureResult(costs=(0.898658693,), error_no=MeasureErrorNo.NO_ERROR, all_cost=2.1385014057159424, timestamp=1689613205.7734292)	[('tile_y', 4), ('tile_x', 64)],None,68
autotvm - DEBUG - No: 70	GFLOPS: 3.13/7.95	result: MeasureResult(costs=(0.8439421220000001,), error_no=MeasureErrorNo.NO_ERROR, all_cost=2.0799026489257812, timestamp=1689613207.7272656)	[('tile_y', 8), ('tile_x', 64)],None,69
autotvm - DEBUG - No: 71	GFLOPS: 2.96/7.95	result: MeasureResult(costs=(0.89288049,), error_no=MeasureErrorNo.NO_ERROR, all_cost=2.089840888977051, timestamp=1689613209.721399)	[('tile_y', 16), ('tile_x', 64)],None,70
autotvm - DEBUG - No: 72	GFLOPS: 3.03/7.95	result: MeasureResult(costs=(0.870029336,), error_no=MeasureErrorNo.NO_ERROR, all_cost=2.0051932334899902, timestamp=1689613211.6972716)	[('tile_y', 32), ('tile_x', 64)],None,71
autotvm - DEBUG - No: 73	GFLOPS: 2.96/7.95	result: MeasureResult(costs=(0.89328083,), error_no=MeasureErrorNo.NO_ERROR, all_cost=2.099923610687256, timestamp=1689613213.720331)	[('tile_y', 64), ('tile_x', 64)],None,72
autotvm - DEBUG - No: 74	GFLOPS: 3.13/7.95	result: MeasureResult(costs=(0.842238109,), error_no=MeasureErrorNo.NO_ERROR, all_cost=2.0408434867858887, timestamp=1689613215.6248379)	[('tile_y', 128), ('tile_x', 64)],None,73
autotvm - DEBUG - No: 75	GFLOPS: 2.50/7.95	result: MeasureResult(costs=(1.055539445,), error_no=MeasureErrorNo.NO_ERROR, all_cost=2.191335916519165, timestamp=1689613217.750964)	[('tile_y', 256), ('tile_x', 64)],None,74
autotvm - DEBUG - No: 76	GFLOPS: 2.60/7.95	result: MeasureResult(costs=(1.016258297,), error_no=MeasureErrorNo.NO_ERROR, all_cost=2.469846725463867, timestamp=1689613220.0488136)	[('tile_y', 512), ('tile_x', 64)],None,75
autotvm - DEBUG - No: 77	GFLOPS: 2.10/7.95	result: MeasureResult(costs=(1.255742868,), error_no=MeasureErrorNo.NO_ERROR, all_cost=2.7244515419006348, timestamp=1689613222.6947017)	[('tile_y', 1024), ('tile_x', 64)],None,76
autotvm - DEBUG - No: 78	GFLOPS: 2.48/7.95	result: MeasureResult(costs=(1.0634121090000002,), error_no=MeasureErrorNo.NO_ERROR, all_cost=2.5064642429351807, timestamp=1689613225.0509844)	[('tile_y', 1), ('tile_x', 128)],None,77
autotvm - DEBUG - No: 79	GFLOPS: 2.17/7.95	result: MeasureResult(costs=(1.218472166,), error_no=MeasureErrorNo.NO_ERROR, all_cost=2.7577755451202393, timestamp=1689613227.70705)	[('tile_y', 2), ('tile_x', 128)],None,78
autotvm - DEBUG - No: 80	GFLOPS: 2.71/7.95	result: MeasureResult(costs=(0.973563435,), error_no=MeasureErrorNo.NO_ERROR, all_cost=2.3432726860046387, timestamp=1689613229.8751109)	[('tile_y', 4), ('tile_x', 128)],None,79
autotvm - DEBUG - No: 81	GFLOPS: 2.78/7.95	result: MeasureResult(costs=(0.949769823,), error_no=MeasureErrorNo.NO_ERROR, all_cost=2.3317277431488037, timestamp=1689613231.9993258)	[('tile_y', 8), ('tile_x', 128)],None,80
autotvm - DEBUG - No: 82	GFLOPS: 1.97/7.95	result: MeasureResult(costs=(1.337223577,), error_no=MeasureErrorNo.NO_ERROR, all_cost=2.92738676071167, timestamp=1689613234.9401772)	[('tile_y', 16), ('tile_x', 128)],None,81
autotvm - DEBUG - No: 83	GFLOPS: 1.91/7.95	result: MeasureResult(costs=(1.385631418,), error_no=MeasureErrorNo.NO_ERROR, all_cost=2.951447010040283, timestamp=1689613237.9029932)	[('tile_y', 32), ('tile_x', 128)],None,82
autotvm - DEBUG - No: 84	GFLOPS: 1.90/7.95	result: MeasureResult(costs=(1.38606505,), error_no=MeasureErrorNo.NO_ERROR, all_cost=3.0634636878967285, timestamp=1689613240.8841155)	[('tile_y', 64), ('tile_x', 128)],None,83
autotvm - DEBUG - No: 85	GFLOPS: 2.80/7.95	result: MeasureResult(costs=(0.9444678740000001,), error_no=MeasureErrorNo.NO_ERROR, all_cost=2.1375045776367188, timestamp=1689613243.0418453)	[('tile_y', 128), ('tile_x', 128)],None,84
autotvm - DEBUG - No: 86	GFLOPS: 2.72/7.95	result: MeasureResult(costs=(0.972222401,), error_no=MeasureErrorNo.NO_ERROR, all_cost=2.1971487998962402, timestamp=1689613245.21276)	[('tile_y', 256), ('tile_x', 128)],None,85
autotvm - DEBUG - No: 87	GFLOPS: 2.53/7.95	result: MeasureResult(costs=(1.044645375,), error_no=MeasureErrorNo.NO_ERROR, all_cost=2.464538812637329, timestamp=1689613247.5196779)	[('tile_y', 512), ('tile_x', 128)],None,86
autotvm - DEBUG - No: 88	GFLOPS: 2.30/7.95	result: MeasureResult(costs=(1.1489808860000001,), error_no=MeasureErrorNo.NO_ERROR, all_cost=2.644777536392212, timestamp=1689613250.0221596)	[('tile_y', 1024), ('tile_x', 128)],None,87
autotvm - DEBUG - No: 89	GFLOPS: 2.41/7.95	result: MeasureResult(costs=(1.0952830489999998,), error_no=MeasureErrorNo.NO_ERROR, all_cost=2.399343967437744, timestamp=1689613252.2641912)	[('tile_y', 1), ('tile_x', 256)],None,88
autotvm - DEBUG - No: 90	GFLOPS: 2.35/7.95	result: MeasureResult(costs=(1.122304118,), error_no=MeasureErrorNo.NO_ERROR, all_cost=2.4515132904052734, timestamp=1689613254.7325668)	[('tile_y', 2), ('tile_x', 256)],None,89
autotvm - DEBUG - No: 91	GFLOPS: 2.78/7.95	result: MeasureResult(costs=(0.9497687690000001,), error_no=MeasureErrorNo.NO_ERROR, all_cost=2.275529384613037, timestamp=1689613256.863842)	[('tile_y', 4), ('tile_x', 256)],None,90
autotvm - DEBUG - No: 92	GFLOPS: 2.89/7.95	result: MeasureResult(costs=(0.91291407,), error_no=MeasureErrorNo.NO_ERROR, all_cost=2.255887269973755, timestamp=1689613258.9272559)	[('tile_y', 8), ('tile_x', 256)],None,91
autotvm - DEBUG - No: 93	GFLOPS: 2.87/7.95	result: MeasureResult(costs=(0.9193892260000001,), error_no=MeasureErrorNo.NO_ERROR, all_cost=2.0766186714172363, timestamp=1689613260.9844284)	[('tile_y', 16), ('tile_x', 256)],None,92
autotvm - DEBUG - No: 94	GFLOPS: 2.81/7.95	result: MeasureResult(costs=(0.940767379,), error_no=MeasureErrorNo.NO_ERROR, all_cost=2.219503402709961, timestamp=1689613263.1094162)	[('tile_y', 32), ('tile_x', 256)],None,93
autotvm - DEBUG - No: 95	GFLOPS: 2.83/7.95	result: MeasureResult(costs=(0.9312533869999999,), error_no=MeasureErrorNo.NO_ERROR, all_cost=2.247633218765259, timestamp=1689613265.2007618)	[('tile_y', 64), ('tile_x', 256)],None,94
autotvm - DEBUG - No: 96	GFLOPS: 1.98/7.95	result: MeasureResult(costs=(1.336601308,), error_no=MeasureErrorNo.NO_ERROR, all_cost=2.9179537296295166, timestamp=1689613268.0764625)	[('tile_y', 128), ('tile_x', 256)],None,95
autotvm - DEBUG - No: 97	GFLOPS: 2.00/7.95	result: MeasureResult(costs=(1.3172926809999999,), error_no=MeasureErrorNo.NO_ERROR, all_cost=3.046328544616699, timestamp=1689613270.9752245)	[('tile_y', 256), ('tile_x', 256)],None,96
autotvm - DEBUG - No: 98	GFLOPS: 2.73/7.95	result: MeasureResult(costs=(0.967851359,), error_no=MeasureErrorNo.NO_ERROR, all_cost=2.22827410697937, timestamp=1689613273.1302257)	[('tile_y', 512), ('tile_x', 256)],None,97
autotvm - DEBUG - No: 99	GFLOPS: 2.95/7.95	result: MeasureResult(costs=(0.89624413,), error_no=MeasureErrorNo.NO_ERROR, all_cost=2.168973445892334, timestamp=1689613275.1428087)	[('tile_y', 1024), ('tile_x', 256)],None,98
autotvm - DEBUG - No: 100	GFLOPS: 2.44/7.95	result: MeasureResult(costs=(1.07989952,), error_no=MeasureErrorNo.NO_ERROR, all_cost=2.567852735519409, timestamp=1689613277.5709233)	[('tile_y', 1), ('tile_x', 512)],None,99
root - INFO - Elpased time = 214.55229687690735
autotvm - DEBUG - Finish loading 100 records
