root - INFO - Random Tuner Matrix Multiplication - 2023-07-09 20:03:02.613655
autotvm - DEBUG - waiting for device...
autotvm - DEBUG - device available
autotvm - INFO - Get devices for measurement successfully!
autotvm - DEBUG - No: 1	GFLOPS: 2.44/2.44	result: MeasureResult(costs=(7.05009125,), error_no=MeasureErrorNo.NO_ERROR, all_cost=15.721745252609253, timestamp=1688951002.8018801)	[('tile_y', 2), ('tile_x', 64)],None,50
autotvm - DEBUG - No: 2	GFLOPS: 1.00/2.44	result: MeasureResult(costs=(17.107325083,), error_no=MeasureErrorNo.NO_ERROR, all_cost=35.57112383842468, timestamp=1688951038.152073)	[('tile_y', 2), ('tile_x', 4)],None,10
autotvm - DEBUG - No: 3	GFLOPS: 4.93/4.93	result: MeasureResult(costs=(3.48770225,), error_no=MeasureErrorNo.NO_ERROR, all_cost=8.609812021255493, timestamp=1688951046.407834)	[('tile_y', 64), ('tile_x', 32)],None,45
autotvm - DEBUG - No: 4	GFLOPS: 9.95/9.95	result: MeasureResult(costs=(1.72603375,), error_no=MeasureErrorNo.NO_ERROR, all_cost=4.916001796722412, timestamp=1688951051.145086)	[('tile_y', 256), ('tile_x', 1024)],None,97
autotvm - DEBUG - No: 5	GFLOPS: 3.67/9.95	result: MeasureResult(costs=(4.678112875,), error_no=MeasureErrorNo.NO_ERROR, all_cost=10.594239950180054, timestamp=1688951061.527332)	[('tile_y', 4), ('tile_x', 64)],None,51
autotvm - DEBUG - No: 6	GFLOPS: 9.05/9.95	result: MeasureResult(costs=(1.898373708,), error_no=MeasureErrorNo.NO_ERROR, all_cost=5.096605062484741, timestamp=1688951066.416665)	[('tile_y', 32), ('tile_x', 256)],None,74
autotvm - DEBUG - No: 7	GFLOPS: 0.83/9.95	result: MeasureResult(costs=(20.643619791000003,), error_no=MeasureErrorNo.NO_ERROR, all_cost=42.720927238464355, timestamp=1688951108.971115)	[('tile_y', 2), ('tile_x', 2)],None,0
autotvm - DEBUG - No: 8	GFLOPS: 8.99/9.95	result: MeasureResult(costs=(1.9108442090000002,), error_no=MeasureErrorNo.NO_ERROR, all_cost=5.495728492736816, timestamp=1688951114.3676531)	[('tile_y', 2), ('tile_x', 1024)],None,90
autotvm - DEBUG - No: 9	GFLOPS: 9.14/9.95	result: MeasureResult(costs=(1.8792433329999998,), error_no=MeasureErrorNo.NO_ERROR, all_cost=5.065859794616699, timestamp=1688951119.594193)	[('tile_y', 512), ('tile_x', 512)],None,88
autotvm - DEBUG - No: 10	GFLOPS: 1.64/9.95	result: MeasureResult(costs=(10.501765333,), error_no=MeasureErrorNo.NO_ERROR, all_cost=22.237271785736084, timestamp=1688951141.716861)	[('tile_y', 4), ('tile_x', 8)],None,21
autotvm - DEBUG - No: 11	GFLOPS: 4.95/9.95	result: MeasureResult(costs=(3.469849,), error_no=MeasureErrorNo.NO_ERROR, all_cost=8.429267883300781, timestamp=1688951150.032664)	[('tile_y', 512), ('tile_x', 32)],None,48
autotvm - DEBUG - No: 12	GFLOPS: 3.17/9.95	result: MeasureResult(costs=(5.419560958,), error_no=MeasureErrorNo.NO_ERROR, all_cost=12.539669752120972, timestamp=1688951162.4706829)	[('tile_y', 8), ('tile_x', 32)],None,42
autotvm - DEBUG - No: 13	GFLOPS: 9.35/9.95	result: MeasureResult(costs=(1.838172917,), error_no=MeasureErrorNo.NO_ERROR, all_cost=5.3662309646606445, timestamp=1688951167.76001)	[('tile_y', 256), ('tile_x', 128)],None,67
autotvm - DEBUG - No: 14	GFLOPS: 4.02/9.95	result: MeasureResult(costs=(4.27887175,), error_no=MeasureErrorNo.NO_ERROR, all_cost=10.059684038162231, timestamp=1688951177.725156)	[('tile_y', 1024), ('tile_x', 64)],None,59
autotvm - DEBUG - No: 15	GFLOPS: 3.99/9.95	result: MeasureResult(costs=(4.308558,), error_no=MeasureErrorNo.NO_ERROR, all_cost=10.382786989212036, timestamp=1688951187.992397)	[('tile_y', 64), ('tile_x', 16)],None,35
autotvm - DEBUG - No: 16	GFLOPS: 0.67/9.95	result: MeasureResult(costs=(25.762899417,), error_no=MeasureErrorNo.NO_ERROR, all_cost=52.707515478134155, timestamp=1688951240.6155012)	[('tile_y', 512), ('tile_x', 4)],None,18
autotvm - DEBUG - No: 17	GFLOPS: 6.56/9.95	result: MeasureResult(costs=(2.617864458,), error_no=MeasureErrorNo.NO_ERROR, all_cost=6.925635099411011, timestamp=1688951247.684708)	[('tile_y', 8), ('tile_x', 128)],None,62
autotvm - DEBUG - No: 18	GFLOPS: 1.34/9.95	result: MeasureResult(costs=(12.808240207999999,), error_no=MeasureErrorNo.NO_ERROR, all_cost=27.21837878227234, timestamp=1688951274.835943)	[('tile_y', 32), ('tile_x', 8)],None,24
autotvm - DEBUG - No: 19	GFLOPS: 2.05/9.95	result: MeasureResult(costs=(8.388388625,), error_no=MeasureErrorNo.NO_ERROR, all_cost=20.92541003227234, timestamp=1688951295.724392)	[('tile_y', 2), ('tile_x', 32)],None,40
autotvm - DEBUG - No: 20	GFLOPS: 9.10/9.95	result: MeasureResult(costs=(1.888130875,), error_no=MeasureErrorNo.NO_ERROR, all_cost=6.0933167934417725, timestamp=1688951301.782426)	[('tile_y', 512), ('tile_x', 1024)],None,98
autotvm - DEBUG - No: 21	GFLOPS: 5.38/9.95	result: MeasureResult(costs=(3.194908708,), error_no=MeasureErrorNo.NO_ERROR, all_cost=9.211032629013062, timestamp=1688951310.941052)	[('tile_y', 2), ('tile_x', 512)],None,80
autotvm - DEBUG - No: 22	GFLOPS: 3.22/9.95	result: MeasureResult(costs=(5.335356791000001,), error_no=MeasureErrorNo.NO_ERROR, all_cost=10.939940929412842, timestamp=1688951321.843214)	[('tile_y', 4), ('tile_x', 128)],None,61
autotvm - DEBUG - No: 23	GFLOPS: 1.25/9.95	result: MeasureResult(costs=(13.78179475,), error_no=MeasureErrorNo.NO_ERROR, all_cost=28.623021125793457, timestamp=1688951350.426924)	[('tile_y', 1024), ('tile_x', 8)],None,29
autotvm - DEBUG - No: 24	GFLOPS: 1.36/9.95	result: MeasureResult(costs=(12.666382958,), error_no=MeasureErrorNo.NO_ERROR, all_cost=33.10167574882507, timestamp=1688951383.558224)	[('tile_y', 4), ('tile_x', 4)],None,11
autotvm - DEBUG - No: 25	GFLOPS: 7.65/9.95	result: MeasureResult(costs=(2.246139583,), error_no=MeasureErrorNo.NO_ERROR, all_cost=6.273821830749512, timestamp=1688951389.9988658)	[('tile_y', 4), ('tile_x', 512)],None,81
autotvm - DEBUG - No: 26	GFLOPS: 0.69/9.95	result: MeasureResult(costs=(24.8646175,), error_no=MeasureErrorNo.NO_ERROR, all_cost=51.19548988342285, timestamp=1688951441.033788)	[('tile_y', 64), ('tile_x', 4)],None,15
autotvm - DEBUG - No: 27	GFLOPS: 10.07/10.07	result: MeasureResult(costs=(1.7062268329999999,), error_no=MeasureErrorNo.NO_ERROR, all_cost=5.568034410476685, timestamp=1688951446.448609)	[('tile_y', 4), ('tile_x', 1024)],None,91
autotvm - DEBUG - No: 28	GFLOPS: 10.16/10.16	result: MeasureResult(costs=(1.691517292,), error_no=MeasureErrorNo.NO_ERROR, all_cost=4.777596950531006, timestamp=1688951451.074103)	[('tile_y', 64), ('tile_x', 1024)],None,95
autotvm - DEBUG - No: 29	GFLOPS: 1.87/10.16	result: MeasureResult(costs=(9.175190084,), error_no=MeasureErrorNo.NO_ERROR, all_cost=19.552735328674316, timestamp=1688951470.4535081)	[('tile_y', 1024), ('tile_x', 16)],None,39
autotvm - DEBUG - No: 30	GFLOPS: 1.06/10.16	result: MeasureResult(costs=(16.208041375,), error_no=MeasureErrorNo.NO_ERROR, all_cost=34.081908226013184, timestamp=1688951504.369465)	[('tile_y', 4), ('tile_x', 2)],None,1
autotvm - DEBUG - No: 31	GFLOPS: 9.93/10.16	result: MeasureResult(costs=(1.72973975,), error_no=MeasureErrorNo.NO_ERROR, all_cost=5.333957672119141, timestamp=1688951509.542516)	[('tile_y', 32), ('tile_x', 1024)],None,94
autotvm - DEBUG - No: 32	GFLOPS: 0.35/10.16	result: MeasureResult(costs=(49.190541624999994,), error_no=MeasureErrorNo.NO_ERROR, all_cost=99.20590567588806, timestamp=1688951608.5747478)	[('tile_y', 32), ('tile_x', 2)],None,4
autotvm - DEBUG - No: 33	GFLOPS: 0.31/10.16	result: MeasureResult(costs=(55.640906166,), error_no=MeasureErrorNo.NO_ERROR, all_cost=112.39950370788574, timestamp=1688951721.301986)	[('tile_y', 256), ('tile_x', 2)],None,7
autotvm - DEBUG - No: 34	GFLOPS: 5.08/10.16	result: MeasureResult(costs=(3.3801412500000003,), error_no=MeasureErrorNo.NO_ERROR, all_cost=8.913525104522705, timestamp=1688951729.92383)	[('tile_y', 16), ('tile_x', 64)],None,53
autotvm - DEBUG - No: 35	GFLOPS: 0.66/10.16	result: MeasureResult(costs=(25.892926583,), error_no=MeasureErrorNo.NO_ERROR, all_cost=52.99360132217407, timestamp=1688951782.764826)	[('tile_y', 32), ('tile_x', 4)],None,14
autotvm - DEBUG - No: 36	GFLOPS: 1.34/10.16	result: MeasureResult(costs=(12.773640333,), error_no=MeasureErrorNo.NO_ERROR, all_cost=27.401238918304443, timestamp=1688951810.003615)	[('tile_y', 64), ('tile_x', 8)],None,25
autotvm - DEBUG - No: 37	GFLOPS: 0.37/10.16	result: MeasureResult(costs=(46.818046625,), error_no=MeasureErrorNo.NO_ERROR, all_cost=95.50089383125305, timestamp=1688951905.347714)	[('tile_y', 16), ('tile_x', 2)],None,3
autotvm - DEBUG - No: 38	GFLOPS: 8.23/10.16	result: MeasureResult(costs=(2.086311083,), error_no=MeasureErrorNo.NO_ERROR, all_cost=6.7418107986450195, timestamp=1688951911.9593658)	[('tile_y', 64), ('tile_x', 64)],None,55
autotvm - DEBUG - No: 39	GFLOPS: 3.04/10.16	result: MeasureResult(costs=(5.650922792,), error_no=MeasureErrorNo.NO_ERROR, all_cost=13.262619972229004, timestamp=1688951925.07039)	[('tile_y', 2), ('tile_x', 128)],None,60
autotvm - DEBUG - No: 40	GFLOPS: 1.48/10.16	result: MeasureResult(costs=(11.60900175,), error_no=MeasureErrorNo.NO_ERROR, all_cost=26.576195001602173, timestamp=1688951951.50999)	[('tile_y', 4), ('tile_x', 16)],None,31
autotvm - DEBUG - No: 41	GFLOPS: 7.58/10.16	result: MeasureResult(costs=(2.265495958,), error_no=MeasureErrorNo.NO_ERROR, all_cost=6.569162368774414, timestamp=1688951958.2287202)	[('tile_y', 512), ('tile_x', 64)],None,58
autotvm - DEBUG - No: 42	GFLOPS: 8.43/10.16	result: MeasureResult(costs=(2.0384,), error_no=MeasureErrorNo.NO_ERROR, all_cost=5.579150676727295, timestamp=1688951963.6680808)	[('tile_y', 512), ('tile_x', 128)],None,68
autotvm - DEBUG - No: 43	GFLOPS: 1.48/10.16	result: MeasureResult(costs=(11.63700775,), error_no=MeasureErrorNo.NO_ERROR, all_cost=25.233203172683716, timestamp=1688951988.774094)	[('tile_y', 2), ('tile_x', 16)],None,30
autotvm - DEBUG - No: 44	GFLOPS: 1.27/10.16	result: MeasureResult(costs=(13.564567084,), error_no=MeasureErrorNo.NO_ERROR, all_cost=28.8525333404541, timestamp=1688952017.502378)	[('tile_y', 512), ('tile_x', 8)],None,28
autotvm - DEBUG - No: 45	GFLOPS: 1.28/10.16	result: MeasureResult(costs=(13.473164624999999,), error_no=MeasureErrorNo.NO_ERROR, all_cost=29.358502626419067, timestamp=1688952046.73808)	[('tile_y', 2), ('tile_x', 8)],None,20
autotvm - DEBUG - No: 46	GFLOPS: 1.07/10.16	result: MeasureResult(costs=(16.108763125,), error_no=MeasureErrorNo.NO_ERROR, all_cost=34.09241199493408, timestamp=1688952080.711457)	[('tile_y', 8), ('tile_x', 2)],None,2
autotvm - DEBUG - No: 47	GFLOPS: 8.58/10.16	result: MeasureResult(costs=(2.001523291,), error_no=MeasureErrorNo.NO_ERROR, all_cost=5.822411775588989, timestamp=1688952086.414662)	[('tile_y', 128), ('tile_x', 64)],None,56
autotvm - DEBUG - No: 48	GFLOPS: 8.41/10.16	result: MeasureResult(costs=(2.041715083,), error_no=MeasureErrorNo.NO_ERROR, all_cost=5.593051910400391, timestamp=1688952091.887827)	[('tile_y', 32), ('tile_x', 128)],None,64
autotvm - DEBUG - No: 49	GFLOPS: 4.23/10.16	result: MeasureResult(costs=(4.060082083,), error_no=MeasureErrorNo.NO_ERROR, all_cost=9.39631199836731, timestamp=1688952101.426465)	[('tile_y', 128), ('tile_x', 16)],None,36
autotvm - DEBUG - No: 50	GFLOPS: 0.75/10.16	result: MeasureResult(costs=(23.025233542000002,), error_no=MeasureErrorNo.NO_ERROR, all_cost=46.81813836097717, timestamp=1688952148.247987)	[('tile_y', 16), ('tile_x', 4)],None,13
autotvm - DEBUG - No: 51	GFLOPS: 9.93/10.16	result: MeasureResult(costs=(1.730501459,), error_no=MeasureErrorNo.NO_ERROR, all_cost=5.278900146484375, timestamp=1688952153.5128908)	[('tile_y', 128), ('tile_x', 512)],None,86
autotvm - DEBUG - No: 52	GFLOPS: 4.08/10.16	result: MeasureResult(costs=(4.20924175,), error_no=MeasureErrorNo.NO_ERROR, all_cost=9.510993957519531, timestamp=1688952163.026884)	[('tile_y', 2), ('tile_x', 256)],None,70
autotvm - DEBUG - No: 53	GFLOPS: 7.97/10.16	result: MeasureResult(costs=(2.156107042,), error_no=MeasureErrorNo.NO_ERROR, all_cost=5.551091909408569, timestamp=1688952168.608077)	[('tile_y', 8), ('tile_x', 256)],None,72
autotvm - DEBUG - No: 54	GFLOPS: 8.67/10.16	result: MeasureResult(costs=(1.981508042,), error_no=MeasureErrorNo.NO_ERROR, all_cost=5.437939167022705, timestamp=1688952174.0312462)	[('tile_y', 256), ('tile_x', 64)],None,57
autotvm - DEBUG - No: 55	GFLOPS: 1.35/10.16	result: MeasureResult(costs=(12.687953541999999,), error_no=MeasureErrorNo.NO_ERROR, all_cost=27.587833881378174, timestamp=1688952201.63428)	[('tile_y', 128), ('tile_x', 8)],None,26
autotvm - DEBUG - No: 56	GFLOPS: 9.57/10.16	result: MeasureResult(costs=(1.79521025,), error_no=MeasureErrorNo.NO_ERROR, all_cost=5.39703631401062, timestamp=1688952207.0616782)	[('tile_y', 128), ('tile_x', 256)],None,76
autotvm - DEBUG - No: 57	GFLOPS: 9.25/10.16	result: MeasureResult(costs=(1.857493125,), error_no=MeasureErrorNo.NO_ERROR, all_cost=5.016480922698975, timestamp=1688952212.210986)	[('tile_y', 16), ('tile_x', 512)],None,83
autotvm - DEBUG - No: 58	GFLOPS: 9.37/10.16	result: MeasureResult(costs=(1.833415125,), error_no=MeasureErrorNo.NO_ERROR, all_cost=4.927119731903076, timestamp=1688952217.00141)	[('tile_y', 64), ('tile_x', 256)],None,75
autotvm - DEBUG - No: 59	GFLOPS: 6.18/10.16	result: MeasureResult(costs=(2.782060958,), error_no=MeasureErrorNo.NO_ERROR, all_cost=6.867686986923218, timestamp=1688952223.727505)	[('tile_y', 1024), ('tile_x', 512)],None,89
autotvm - DEBUG - No: 60	GFLOPS: 9.58/10.16	result: MeasureResult(costs=(1.7930675409999999,), error_no=MeasureErrorNo.NO_ERROR, all_cost=4.884213209152222, timestamp=1688952228.484525)	[('tile_y', 128), ('tile_x', 128)],None,66
autotvm - DEBUG - No: 61	GFLOPS: 8.92/10.16	result: MeasureResult(costs=(1.92682925,), error_no=MeasureErrorNo.NO_ERROR, all_cost=5.132927417755127, timestamp=1688952233.4877791)	[('tile_y', 512), ('tile_x', 256)],None,78
autotvm - DEBUG - No: 62	GFLOPS: 0.29/10.16	result: MeasureResult(costs=(59.300519041,), error_no=MeasureErrorNo.NO_ERROR, all_cost=116.97141098976135, timestamp=1688952350.328217)	[('tile_y', 512), ('tile_x', 2)],None,8
autotvm - DEBUG - No: 63	GFLOPS: 0.31/10.16	result: MeasureResult(costs=(54.93851,), error_no=MeasureErrorNo.NO_ERROR, all_cost=111.01543593406677, timestamp=1688952461.227693)	[('tile_y', 128), ('tile_x', 2)],None,6
autotvm - DEBUG - No: 64	GFLOPS: 2.39/10.16	result: MeasureResult(costs=(7.198903083,), error_no=MeasureErrorNo.NO_ERROR, all_cost=16.1870276927948, timestamp=1688952477.3015108)	[('tile_y', 4), ('tile_x', 32)],None,41
autotvm - DEBUG - No: 65	GFLOPS: 3.89/10.16	result: MeasureResult(costs=(4.418941833,), error_no=MeasureErrorNo.NO_ERROR, all_cost=10.64638614654541, timestamp=1688952488.089298)	[('tile_y', 16), ('tile_x', 32)],None,43
autotvm - DEBUG - No: 66	GFLOPS: 5.35/10.16	result: MeasureResult(costs=(3.212566833,), error_no=MeasureErrorNo.NO_ERROR, all_cost=7.660388708114624, timestamp=1688952495.6097379)	[('tile_y', 1024), ('tile_x', 256)],None,79
autotvm - DEBUG - No: 67	GFLOPS: 1.34/10.16	result: MeasureResult(costs=(12.807194958,), error_no=MeasureErrorNo.NO_ERROR, all_cost=27.333494901657104, timestamp=1688952522.80686)	[('tile_y', 8), ('tile_x', 8)],None,22
autotvm - DEBUG - No: 68	GFLOPS: 4.36/10.16	result: MeasureResult(costs=(3.9360579579999997,), error_no=MeasureErrorNo.NO_ERROR, all_cost=9.489792823791504, timestamp=1688952532.118363)	[('tile_y', 8), ('tile_x', 64)],None,52
autotvm - DEBUG - No: 69	GFLOPS: 4.33/10.16	result: MeasureResult(costs=(3.9665876250000003,), error_no=MeasureErrorNo.NO_ERROR, all_cost=9.343693733215332, timestamp=1688952541.329907)	[('tile_y', 256), ('tile_x', 16)],None,37
autotvm - DEBUG - No: 70	GFLOPS: 0.64/10.16	result: MeasureResult(costs=(26.945712291,), error_no=MeasureErrorNo.NO_ERROR, all_cost=56.19822120666504, timestamp=1688952597.3955462)	[('tile_y', 256), ('tile_x', 4)],None,17
autotvm - DEBUG - No: 71	GFLOPS: 0.29/10.16	result: MeasureResult(costs=(59.641636166999994,), error_no=MeasureErrorNo.NO_ERROR, all_cost=120.50225472450256, timestamp=1688952717.7775009)	[('tile_y', 1024), ('tile_x', 2)],None,9
autotvm - DEBUG - No: 72	GFLOPS: 8.99/10.16	result: MeasureResult(costs=(1.911557875,), error_no=MeasureErrorNo.NO_ERROR, all_cost=5.579575061798096, timestamp=1688952723.2307782)	[('tile_y', 256), ('tile_x', 256)],None,77
autotvm - DEBUG - No: 73	GFLOPS: 7.60/10.16	result: MeasureResult(costs=(2.260451625,), error_no=MeasureErrorNo.NO_ERROR, all_cost=5.819392204284668, timestamp=1688952729.1808362)	[('tile_y', 16), ('tile_x', 128)],None,63
autotvm - DEBUG - No: 74	GFLOPS: 0.29/10.16	result: MeasureResult(costs=(59.695425292,), error_no=MeasureErrorNo.NO_ERROR, all_cost=120.71830105781555, timestamp=1688952849.757392)	[('tile_y', 64), ('tile_x', 2)],None,5
autotvm - DEBUG - No: 75	GFLOPS: 9.59/10.16	result: MeasureResult(costs=(1.792005042,), error_no=MeasureErrorNo.NO_ERROR, all_cost=5.513852834701538, timestamp=1688952855.137569)	[('tile_y', 32), ('tile_x', 512)],None,84
autotvm - DEBUG - No: 76	GFLOPS: 8.52/10.16	result: MeasureResult(costs=(2.017004667,), error_no=MeasureErrorNo.NO_ERROR, all_cost=5.287379741668701, timestamp=1688952860.2465699)	[('tile_y', 16), ('tile_x', 256)],None,73
autotvm - DEBUG - No: 77	GFLOPS: 4.83/10.16	result: MeasureResult(costs=(3.55845525,), error_no=MeasureErrorNo.NO_ERROR, all_cost=8.568466663360596, timestamp=1688952868.644773)	[('tile_y', 256), ('tile_x', 32)],None,47
autotvm - DEBUG - No: 78	GFLOPS: 9.69/10.16	result: MeasureResult(costs=(1.772560042,), error_no=MeasureErrorNo.NO_ERROR, all_cost=4.808320045471191, timestamp=1688952873.2940822)	[('tile_y', 16), ('tile_x', 1024)],None,93
autotvm - DEBUG - No: 79	GFLOPS: 2.85/10.16	result: MeasureResult(costs=(6.035981458,), error_no=MeasureErrorNo.NO_ERROR, all_cost=13.37024474143982, timestamp=1688952886.5080829)	[('tile_y', 16), ('tile_x', 16)],None,33
autotvm - DEBUG - No: 80	GFLOPS: 7.87/10.16	result: MeasureResult(costs=(2.183326833,), error_no=MeasureErrorNo.NO_ERROR, all_cost=5.7389302253723145, timestamp=1688952892.090423)	[('tile_y', 1024), ('tile_x', 1024)],None,99
autotvm - DEBUG - No: 81	GFLOPS: 5.50/10.16	result: MeasureResult(costs=(3.1211065,), error_no=MeasureErrorNo.NO_ERROR, all_cost=7.931735277175903, timestamp=1688952900.1647842)	[('tile_y', 32), ('tile_x', 32)],None,44
autotvm - DEBUG - No: 82	GFLOPS: 7.21/10.16	result: MeasureResult(costs=(2.381196708,), error_no=MeasureErrorNo.NO_ERROR, all_cost=6.551259756088257, timestamp=1688952906.601728)	[('tile_y', 32), ('tile_x', 64)],None,54
autotvm - DEBUG - No: 83	GFLOPS: 9.71/10.16	result: MeasureResult(costs=(1.768465833,), error_no=MeasureErrorNo.NO_ERROR, all_cost=5.153466701507568, timestamp=1688952911.6532228)	[('tile_y', 128), ('tile_x', 1024)],None,96
autotvm - DEBUG - No: 84	GFLOPS: 0.68/10.16	result: MeasureResult(costs=(25.227461625,), error_no=MeasureErrorNo.NO_ERROR, all_cost=51.79790377616882, timestamp=1688952963.35444)	[('tile_y', 128), ('tile_x', 4)],None,16
autotvm - DEBUG - No: 85	GFLOPS: 4.15/10.16	result: MeasureResult(costs=(4.1366851669999996,), error_no=MeasureErrorNo.NO_ERROR, all_cost=10.246402740478516, timestamp=1688952973.503216)	[('tile_y', 1024), ('tile_x', 128)],None,69
autotvm - DEBUG - No: 86	GFLOPS: 1.25/10.16	result: MeasureResult(costs=(13.689157,), error_no=MeasureErrorNo.NO_ERROR, all_cost=28.52209997177124, timestamp=1688953001.9243772)	[('tile_y', 256), ('tile_x', 8)],None,27
autotvm - DEBUG - No: 87	GFLOPS: 3.93/10.16	result: MeasureResult(costs=(4.366905084,), error_no=MeasureErrorNo.NO_ERROR, all_cost=10.468638896942139, timestamp=1688953012.295158)	[('tile_y', 512), ('tile_x', 16)],None,38
autotvm - DEBUG - No: 88	GFLOPS: 8.55/10.16	result: MeasureResult(costs=(2.0102664999999997,), error_no=MeasureErrorNo.NO_ERROR, all_cost=5.492226839065552, timestamp=1688953017.684917)	[('tile_y', 8), ('tile_x', 512)],None,82
autotvm - DEBUG - No: 89	GFLOPS: 9.51/10.16	result: MeasureResult(costs=(1.8056652919999998,), error_no=MeasureErrorNo.NO_ERROR, all_cost=4.964219808578491, timestamp=1688953022.774461)	[('tile_y', 256), ('tile_x', 512)],None,87
autotvm - DEBUG - No: 90	GFLOPS: 3.59/10.16	result: MeasureResult(costs=(4.78462525,), error_no=MeasureErrorNo.NO_ERROR, all_cost=10.926035404205322, timestamp=1688953033.505592)	[('tile_y', 1024), ('tile_x', 32)],None,49
autotvm - DEBUG - No: 91	GFLOPS: 1.31/10.16	result: MeasureResult(costs=(13.161566458,), error_no=MeasureErrorNo.NO_ERROR, all_cost=27.945056915283203, timestamp=1688953061.255071)	[('tile_y', 16), ('tile_x', 8)],None,23
autotvm - DEBUG - No: 92	GFLOPS: 1.25/10.16	result: MeasureResult(costs=(13.753430125000001,), error_no=MeasureErrorNo.NO_ERROR, all_cost=29.9126398563385, timestamp=1688953090.978415)	[('tile_y', 8), ('tile_x', 4)],None,12
autotvm - DEBUG - No: 93	GFLOPS: 9.62/10.16	result: MeasureResult(costs=(1.7859866660000001,), error_no=MeasureErrorNo.NO_ERROR, all_cost=5.251552104949951, timestamp=1688953096.066287)	[('tile_y', 8), ('tile_x', 1024)],None,92
autotvm - DEBUG - No: 94	GFLOPS: 3.24/10.16	result: MeasureResult(costs=(5.300443083,), error_no=MeasureErrorNo.NO_ERROR, all_cost=11.437580108642578, timestamp=1688953107.320617)	[('tile_y', 32), ('tile_x', 16)],None,34
autotvm - DEBUG - No: 95	GFLOPS: 6.83/10.16	result: MeasureResult(costs=(2.514115208,), error_no=MeasureErrorNo.NO_ERROR, all_cost=6.762356281280518, timestamp=1688953113.911196)	[('tile_y', 4), ('tile_x', 256)],None,71
autotvm - DEBUG - No: 96	GFLOPS: 9.23/10.16	result: MeasureResult(costs=(1.8614207919999999,), error_no=MeasureErrorNo.NO_ERROR, all_cost=5.086560964584351, timestamp=1688953118.825869)	[('tile_y', 64), ('tile_x', 128)],None,65
autotvm - DEBUG - No: 97	GFLOPS: 0.61/10.16	result: MeasureResult(costs=(28.002309083,), error_no=MeasureErrorNo.NO_ERROR, all_cost=57.388903856277466, timestamp=1688953176.342752)	[('tile_y', 1024), ('tile_x', 4)],None,19
autotvm - DEBUG - No: 98	GFLOPS: 9.46/10.16	result: MeasureResult(costs=(1.816508583,), error_no=MeasureErrorNo.NO_ERROR, all_cost=5.46468186378479, timestamp=1688953181.706753)	[('tile_y', 64), ('tile_x', 512)],None,85
autotvm - DEBUG - No: 99	GFLOPS: 5.93/10.16	result: MeasureResult(costs=(2.897253208,), error_no=MeasureErrorNo.NO_ERROR, all_cost=7.327903985977173, timestamp=1688953188.9373188)	[('tile_y', 128), ('tile_x', 32)],None,46
autotvm - DEBUG - No: 100	GFLOPS: 1.72/10.16	result: MeasureResult(costs=(9.991039291,), error_no=MeasureErrorNo.NO_ERROR, all_cost=20.928433895111084, timestamp=1688953209.7689621)	[('tile_y', 8), ('tile_x', 16)],None,32
root - INFO - Elpased time = 2227.3879458904266
autotvm - DEBUG - Finish loading 100 records
