root - INFO - XGB Tuner Matrix Multiplication - 2023-07-17 15:36:22.550603
autotvm - DEBUG - waiting for device...
autotvm - DEBUG - device available
autotvm - INFO - Get devices for measurement successfully!
autotvm - DEBUG - No: 1	GFLOPS: 3.02/3.02	result: MeasureResult(costs=(0.875259584,), error_no=MeasureErrorNo.NO_ERROR, all_cost=2.6833248138427734, timestamp=1689626194.190588)	[('tile_y', 8), ('tile_x', 32)],None,58
autotvm - DEBUG - No: 2	GFLOPS: 1.93/3.02	result: MeasureResult(costs=(1.370311684,), error_no=MeasureErrorNo.NO_ERROR, all_cost=3.0686802864074707, timestamp=1689626197.2111545)	[('tile_y', 4), ('tile_x', 1024)],None,112
autotvm - DEBUG - No: 3	GFLOPS: 2.33/3.02	result: MeasureResult(costs=(1.131308103,), error_no=MeasureErrorNo.NO_ERROR, all_cost=2.706798791885376, timestamp=1689626199.6863728)	[('tile_y', 1), ('tile_x', 512)],None,99
autotvm - DEBUG - No: 4	GFLOPS: 4.13/4.13	result: MeasureResult(costs=(0.639607553,), error_no=MeasureErrorNo.NO_ERROR, all_cost=1.4701287746429443, timestamp=1689626201.1670718)	[('tile_y', 2), ('tile_x', 1)],None,1
autotvm - DEBUG - No: 5	GFLOPS: 2.57/4.13	result: MeasureResult(costs=(1.026921604,), error_no=MeasureErrorNo.NO_ERROR, all_cost=2.4238433837890625, timestamp=1689626203.4707367)	[('tile_y', 512), ('tile_x', 512)],None,108
autotvm - DEBUG - No: 6	GFLOPS: 3.01/4.13	result: MeasureResult(costs=(0.876576549,), error_no=MeasureErrorNo.NO_ERROR, all_cost=2.1496505737304688, timestamp=1689626205.6037476)	[('tile_y', 128), ('tile_x', 2)],None,18
autotvm - DEBUG - No: 7	GFLOPS: 2.25/4.13	result: MeasureResult(costs=(1.175811912,), error_no=MeasureErrorNo.NO_ERROR, all_cost=2.744701623916626, timestamp=1689626208.1621144)	[('tile_y', 256), ('tile_x', 512)],None,107
autotvm - DEBUG - No: 8	GFLOPS: 1.69/4.13	result: MeasureResult(costs=(1.5617323109999999,), error_no=MeasureErrorNo.NO_ERROR, all_cost=3.4435949325561523, timestamp=1689626211.5334904)	[('tile_y', 256), ('tile_x', 1024)],None,118
autotvm - DEBUG - No: 9	GFLOPS: 2.14/4.13	result: MeasureResult(costs=(1.2349027320000001,), error_no=MeasureErrorNo.NO_ERROR, all_cost=2.671558141708374, timestamp=1689626214.2149742)	[('tile_y', 1), ('tile_x', 1)],None,0
autotvm - DEBUG - No: 10	GFLOPS: 3.77/4.13	result: MeasureResult(costs=(0.700273648,), error_no=MeasureErrorNo.NO_ERROR, all_cost=2.2070510387420654, timestamp=1689626215.8252225)	[('tile_y', 64), ('tile_x', 4)],None,28
autotvm - DEBUG - No: 11	GFLOPS: 3.13/4.13	result: MeasureResult(costs=(0.842283038,), error_no=MeasureErrorNo.NO_ERROR, all_cost=2.1710281372070312, timestamp=1689626217.7611113)	[('tile_y', 8), ('tile_x', 64)],None,69
autotvm - DEBUG - No: 12	GFLOPS: 1.07/4.13	result: MeasureResult(costs=(2.461218873,), error_no=MeasureErrorNo.NO_ERROR, all_cost=5.125886678695679, timestamp=1689626222.893202)	[('tile_y', 1024), ('tile_x', 1)],None,10
autotvm - DEBUG - No: 13	GFLOPS: 2.33/4.13	result: MeasureResult(costs=(1.134971906,), error_no=MeasureErrorNo.NO_ERROR, all_cost=3.065133810043335, timestamp=1689626225.3756025)	[('tile_y', 1024), ('tile_x', 32)],None,65
autotvm - DEBUG - No: 14	GFLOPS: 2.83/4.13	result: MeasureResult(costs=(0.9338983869999999,), error_no=MeasureErrorNo.NO_ERROR, all_cost=2.71714448928833, timestamp=1689626227.5017579)	[('tile_y', 256), ('tile_x', 2)],None,19
autotvm - DEBUG - No: 15	GFLOPS: 2.77/4.13	result: MeasureResult(costs=(0.951507785,), error_no=MeasureErrorNo.NO_ERROR, all_cost=2.5064873695373535, timestamp=1689626229.616076)	[('tile_y', 512), ('tile_x', 256)],None,97
autotvm - DEBUG - No: 16	GFLOPS: 2.19/4.13	result: MeasureResult(costs=(1.206879982,), error_no=MeasureErrorNo.NO_ERROR, all_cost=3.07258939743042, timestamp=1689626232.2427084)	[('tile_y', 64), ('tile_x', 1)],None,6
autotvm - DEBUG - No: 17	GFLOPS: 2.36/4.13	result: MeasureResult(costs=(1.117978365,), error_no=MeasureErrorNo.NO_ERROR, all_cost=2.996384859085083, timestamp=1689626234.736923)	[('tile_y', 32), ('tile_x', 1)],None,5
autotvm - DEBUG - No: 18	GFLOPS: 2.30/4.13	result: MeasureResult(costs=(1.148511141,), error_no=MeasureErrorNo.NO_ERROR, all_cost=2.8597748279571533, timestamp=1689626237.2466595)	[('tile_y', 64), ('tile_x', 512)],None,105
autotvm - DEBUG - No: 19	GFLOPS: 1.97/4.13	result: MeasureResult(costs=(1.337893075,), error_no=MeasureErrorNo.NO_ERROR, all_cost=3.4253435134887695, timestamp=1689626240.1314628)	[('tile_y', 32), ('tile_x', 128)],None,82
autotvm - DEBUG - No: 20	GFLOPS: 2.05/4.13	result: MeasureResult(costs=(1.28992911,), error_no=MeasureErrorNo.NO_ERROR, all_cost=3.609130382537842, timestamp=1689626243.1371224)	[('tile_y', 512), ('tile_x', 1024)],None,119
autotvm - DEBUG - No: 21	GFLOPS: 4.00/4.13	result: MeasureResult(costs=(0.660175538,), error_no=MeasureErrorNo.NO_ERROR, all_cost=1.9578933715820312, timestamp=1689626244.6691)	[('tile_y', 32), ('tile_x', 4)],None,27
autotvm - DEBUG - No: 22	GFLOPS: 2.02/4.13	result: MeasureResult(costs=(1.304095202,), error_no=MeasureErrorNo.NO_ERROR, all_cost=2.8431320190429688, timestamp=1689626247.490391)	[('tile_y', 256), ('tile_x', 256)],None,96
autotvm - DEBUG - No: 23	GFLOPS: 4.84/4.84	result: MeasureResult(costs=(0.5456765269999999,), error_no=MeasureErrorNo.NO_ERROR, all_cost=1.412140130996704, timestamp=1689626248.8349288)	[('tile_y', 8), ('tile_x', 2)],None,14
autotvm - DEBUG - No: 24	GFLOPS: 1.23/4.84	result: MeasureResult(costs=(2.145801828,), error_no=MeasureErrorNo.NO_ERROR, all_cost=4.673724174499512, timestamp=1689626253.3380873)	[('tile_y', 1), ('tile_x', 2)],None,11
autotvm - DEBUG - No: 25	GFLOPS: 1.80/4.84	result: MeasureResult(costs=(1.463032676,), error_no=MeasureErrorNo.NO_ERROR, all_cost=3.1720693111419678, timestamp=1689626256.4736657)	[('tile_y', 512), ('tile_x', 1)],None,9
autotvm - DEBUG - No: 26	GFLOPS: 3.64/4.84	result: MeasureResult(costs=(0.7256340370000001,), error_no=MeasureErrorNo.NO_ERROR, all_cost=2.2342615127563477, timestamp=1689626258.1787302)	[('tile_y', 64), ('tile_x', 16)],None,50
autotvm - DEBUG - No: 27	GFLOPS: 6.61/6.61	result: MeasureResult(costs=(0.39920305500000003,), error_no=MeasureErrorNo.NO_ERROR, all_cost=1.177245855331421, timestamp=1689626259.1859179)	[('tile_y', 4), ('tile_x', 1)],None,2
autotvm - DEBUG - No: 28	GFLOPS: 2.76/6.61	result: MeasureResult(costs=(0.955583954,), error_no=MeasureErrorNo.NO_ERROR, all_cost=2.70560884475708, timestamp=1689626261.3073564)	[('tile_y', 4), ('tile_x', 128)],None,79
autotvm - DEBUG - No: 29	GFLOPS: 2.38/6.61	result: MeasureResult(costs=(1.1107823989999999,), error_no=MeasureErrorNo.NO_ERROR, all_cost=3.0256669521331787, timestamp=1689626263.7795906)	[('tile_y', 1), ('tile_x', 32)],None,55
autotvm - DEBUG - No: 30	GFLOPS: 4.04/6.61	result: MeasureResult(costs=(0.65336556,), error_no=MeasureErrorNo.NO_ERROR, all_cost=1.9843370914459229, timestamp=1689626265.29606)	[('tile_y', 2), ('tile_x', 4)],None,23
autotvm - DEBUG - No: 31	GFLOPS: 5.14/6.61	result: MeasureResult(costs=(0.513266676,), error_no=MeasureErrorNo.NO_ERROR, all_cost=1.565553903579712, timestamp=1689626266.5342884)	[('tile_y', 8), ('tile_x', 16)],None,47
autotvm - DEBUG - No: 32	GFLOPS: 3.47/6.61	result: MeasureResult(costs=(0.7598945149999999,), error_no=MeasureErrorNo.NO_ERROR, all_cost=2.374000310897827, timestamp=1689626268.3052335)	[('tile_y', 512), ('tile_x', 4)],None,31
autotvm - DEBUG - No: 33	GFLOPS: 3.59/6.61	result: MeasureResult(costs=(0.7356118229999999,), error_no=MeasureErrorNo.NO_ERROR, all_cost=2.050333023071289, timestamp=1689626269.9845755)	[('tile_y', 32), ('tile_x', 16)],None,49
autotvm - DEBUG - No: 34	GFLOPS: 2.45/6.61	result: MeasureResult(costs=(1.0759714980000001,), error_no=MeasureErrorNo.NO_ERROR, all_cost=2.57053542137146, timestamp=1689626272.347016)	[('tile_y', 1), ('tile_x', 4)],None,22
autotvm - DEBUG - No: 35	GFLOPS: 1.83/6.61	result: MeasureResult(costs=(1.444501632,), error_no=MeasureErrorNo.NO_ERROR, all_cost=3.5020196437835693, timestamp=1689626275.468642)	[('tile_y', 256), ('tile_x', 1)],None,8
autotvm - DEBUG - No: 36	GFLOPS: 3.79/6.61	result: MeasureResult(costs=(0.696745398,), error_no=MeasureErrorNo.NO_ERROR, all_cost=2.271634578704834, timestamp=1689626277.2420514)	[('tile_y', 128), ('tile_x', 4)],None,29
autotvm - DEBUG - No: 37	GFLOPS: 1.89/6.61	result: MeasureResult(costs=(1.395402629,), error_no=MeasureErrorNo.NO_ERROR, all_cost=3.3493025302886963, timestamp=1689626280.2429745)	[('tile_y', 8), ('tile_x', 1024)],None,113
autotvm - DEBUG - No: 38	GFLOPS: 3.58/6.61	result: MeasureResult(costs=(0.737638594,), error_no=MeasureErrorNo.NO_ERROR, all_cost=1.7979190349578857, timestamp=1689626281.9709868)	[('tile_y', 1), ('tile_x', 8)],None,33
autotvm - DEBUG - No: 39	GFLOPS: 4.52/6.61	result: MeasureResult(costs=(0.5845450369999999,), error_no=MeasureErrorNo.NO_ERROR, all_cost=2.0198476314544678, timestamp=1689626283.348157)	[('tile_y', 16), ('tile_x', 16)],None,48
autotvm - DEBUG - No: 40	GFLOPS: 2.93/6.61	result: MeasureResult(costs=(0.9009764619999999,), error_no=MeasureErrorNo.NO_ERROR, all_cost=2.581587076187134, timestamp=1689626285.3620152)	[('tile_y', 4), ('tile_x', 64)],None,68
autotvm - DEBUG - No: 41	GFLOPS: 5.31/6.61	result: MeasureResult(costs=(0.49720402999999996,), error_no=MeasureErrorNo.NO_ERROR, all_cost=1.3212816715240479, timestamp=1689626286.6098897)	[('tile_y', 16), ('tile_x', 8)],None,37
autotvm - DEBUG - No: 42	GFLOPS: 2.29/6.61	result: MeasureResult(costs=(1.1505730570000001,), error_no=MeasureErrorNo.NO_ERROR, all_cost=3.123790979385376, timestamp=1689626289.1215177)	[('tile_y', 32), ('tile_x', 512)],None,104
autotvm - DEBUG - No: 43	GFLOPS: 2.72/6.61	result: MeasureResult(costs=(0.971616674,), error_no=MeasureErrorNo.NO_ERROR, all_cost=2.7203023433685303, timestamp=1689626291.2753603)	[('tile_y', 16), ('tile_x', 2)],None,15
autotvm - DEBUG - No: 44	GFLOPS: 4.12/6.61	result: MeasureResult(costs=(0.6405261010000001,), error_no=MeasureErrorNo.NO_ERROR, all_cost=2.1848466396331787, timestamp=1689626292.8055558)	[('tile_y', 32), ('tile_x', 8)],None,38
autotvm - DEBUG - No: 45	GFLOPS: 2.49/6.61	result: MeasureResult(costs=(1.060186178,), error_no=MeasureErrorNo.NO_ERROR, all_cost=3.081472873687744, timestamp=1689626295.2587547)	[('tile_y', 2), ('tile_x', 512)],None,100
autotvm - DEBUG - No: 46	GFLOPS: 1.97/6.61	result: MeasureResult(costs=(1.338550532,), error_no=MeasureErrorNo.NO_ERROR, all_cost=3.223606824874878, timestamp=1689626298.1475477)	[('tile_y', 2), ('tile_x', 1024)],None,111
autotvm - DEBUG - No: 47	GFLOPS: 2.27/6.61	result: MeasureResult(costs=(1.160996607,), error_no=MeasureErrorNo.NO_ERROR, all_cost=3.1135053634643555, timestamp=1689626300.7221227)	[('tile_y', 1024), ('tile_x', 64)],None,76
autotvm - DEBUG - No: 48	GFLOPS: 3.13/6.61	result: MeasureResult(costs=(0.843322899,), error_no=MeasureErrorNo.NO_ERROR, all_cost=2.3346707820892334, timestamp=1689626302.6197104)	[('tile_y', 64), ('tile_x', 64)],None,72
autotvm - DEBUG - No: 49	GFLOPS: 4.16/6.61	result: MeasureResult(costs=(0.6344320139999999,), error_no=MeasureErrorNo.NO_ERROR, all_cost=2.0452401638031006, timestamp=1689626304.0982995)	[('tile_y', 512), ('tile_x', 8)],None,42
autotvm - DEBUG - No: 50	GFLOPS: 2.79/6.61	result: MeasureResult(costs=(0.9468596629999999,), error_no=MeasureErrorNo.NO_ERROR, all_cost=2.725083351135254, timestamp=1689626306.2465367)	[('tile_y', 512), ('tile_x', 2)],None,20
autotvm - DEBUG - No: 51	GFLOPS: 2.74/6.61	result: MeasureResult(costs=(0.962126471,), error_no=MeasureErrorNo.NO_ERROR, all_cost=2.772617816925049, timestamp=1689626308.4022768)	[('tile_y', 64), ('tile_x', 256)],None,94
autotvm - DEBUG - No: 52	GFLOPS: 3.76/6.61	result: MeasureResult(costs=(0.702935447,), error_no=MeasureErrorNo.NO_ERROR, all_cost=2.1912713050842285, timestamp=1689626309.9851482)	[('tile_y', 4), ('tile_x', 16)],None,46
autotvm - DEBUG - No: 53	GFLOPS: 3.11/6.61	result: MeasureResult(costs=(0.84769375,), error_no=MeasureErrorNo.NO_ERROR, all_cost=2.602038621902466, timestamp=1689626312.0207472)	[('tile_y', 16), ('tile_x', 64)],None,70
autotvm - DEBUG - No: 54	GFLOPS: 2.28/6.61	result: MeasureResult(costs=(1.159786695,), error_no=MeasureErrorNo.NO_ERROR, all_cost=3.160682201385498, timestamp=1689626314.548629)	[('tile_y', 128), ('tile_x', 512)],None,106
autotvm - DEBUG - No: 55	GFLOPS: 2.72/6.61	result: MeasureResult(costs=(0.970465372,), error_no=MeasureErrorNo.NO_ERROR, all_cost=2.8367037773132324, timestamp=1689626316.6995938)	[('tile_y', 8), ('tile_x', 128)],None,80
autotvm - DEBUG - No: 56	GFLOPS: 3.27/6.61	result: MeasureResult(costs=(0.806914019,), error_no=MeasureErrorNo.NO_ERROR, all_cost=2.4575343132019043, timestamp=1689626318.5647485)	[('tile_y', 2), ('tile_x', 16)],None,45
autotvm - DEBUG - No: 57	GFLOPS: 3.45/6.61	result: MeasureResult(costs=(0.765411457,), error_no=MeasureErrorNo.NO_ERROR, all_cost=2.0466179847717285, timestamp=1689626320.3057761)	[('tile_y', 256), ('tile_x', 4)],None,30
autotvm - DEBUG - No: 58	GFLOPS: 2.03/6.61	result: MeasureResult(costs=(1.299989715,), error_no=MeasureErrorNo.NO_ERROR, all_cost=3.4006659984588623, timestamp=1689626323.1199157)	[('tile_y', 128), ('tile_x', 256)],None,95
autotvm - DEBUG - No: 59	GFLOPS: 1.96/6.61	result: MeasureResult(costs=(1.344935709,), error_no=MeasureErrorNo.NO_ERROR, all_cost=3.413825035095215, timestamp=1689626326.0561175)	[('tile_y', 64), ('tile_x', 128)],None,83
autotvm - DEBUG - No: 60	GFLOPS: 3.61/6.61	result: MeasureResult(costs=(0.73119817,), error_no=MeasureErrorNo.NO_ERROR, all_cost=2.305938959121704, timestamp=1689626327.7272422)	[('tile_y', 256), ('tile_x', 16)],None,52
autotvm - DEBUG - No: 61	GFLOPS: 3.06/6.61	result: MeasureResult(costs=(0.862562276,), error_no=MeasureErrorNo.NO_ERROR, all_cost=2.535720109939575, timestamp=1689626329.6599512)	[('tile_y', 128), ('tile_x', 64)],None,73
autotvm - DEBUG - No: 62	GFLOPS: 2.55/6.61	result: MeasureResult(costs=(1.0346753329999998,), error_no=MeasureErrorNo.NO_ERROR, all_cost=2.8778531551361084, timestamp=1689626332.003547)	[('tile_y', 2), ('tile_x', 64)],None,67
autotvm - DEBUG - No: 63	GFLOPS: 2.14/6.61	result: MeasureResult(costs=(1.231524118,), error_no=MeasureErrorNo.NO_ERROR, all_cost=3.284130334854126, timestamp=1689626334.6781013)	[('tile_y', 128), ('tile_x', 1)],None,7
autotvm - DEBUG - No: 64	GFLOPS: 5.00/6.61	result: MeasureResult(costs=(0.528119942,), error_no=MeasureErrorNo.NO_ERROR, all_cost=1.8666174411773682, timestamp=1689626335.9421024)	[('tile_y', 4), ('tile_x', 4)],None,24
autotvm - DEBUG - No: 65	GFLOPS: 1.69/6.61	result: MeasureResult(costs=(1.5609889319999999,), error_no=MeasureErrorNo.NO_ERROR, all_cost=3.9688589572906494, timestamp=1689626339.3094761)	[('tile_y', 128), ('tile_x', 1024)],None,117
autotvm - DEBUG - No: 66	GFLOPS: 4.27/6.61	result: MeasureResult(costs=(0.618288812,), error_no=MeasureErrorNo.NO_ERROR, all_cost=1.8946046829223633, timestamp=1689626340.7552528)	[('tile_y', 4), ('tile_x', 2)],None,13
autotvm - DEBUG - No: 67	GFLOPS: 2.33/6.61	result: MeasureResult(costs=(1.133231185,), error_no=MeasureErrorNo.NO_ERROR, all_cost=3.0802838802337646, timestamp=1689626343.2287295)	[('tile_y', 2), ('tile_x', 256)],None,89
autotvm - DEBUG - No: 68	GFLOPS: 4.63/6.61	result: MeasureResult(costs=(0.569996729,), error_no=MeasureErrorNo.NO_ERROR, all_cost=1.8948097229003906, timestamp=1689626344.6227024)	[('tile_y', 16), ('tile_x', 4)],None,26
autotvm - DEBUG - No: 69	GFLOPS: 2.45/6.61	result: MeasureResult(costs=(1.0774757,), error_no=MeasureErrorNo.NO_ERROR, all_cost=3.188775062561035, timestamp=1689626347.1851304)	[('tile_y', 2), ('tile_x', 2)],None,12
autotvm - DEBUG - No: 70	GFLOPS: 4.83/6.61	result: MeasureResult(costs=(0.546486092,), error_no=MeasureErrorNo.NO_ERROR, all_cost=1.954178810119629, timestamp=1689626348.4885335)	[('tile_y', 4), ('tile_x', 8)],None,35
autotvm - DEBUG - No: 71	GFLOPS: 2.93/6.61	result: MeasureResult(costs=(0.8997127189999999,), error_no=MeasureErrorNo.NO_ERROR, all_cost=2.605255126953125, timestamp=1689626350.5373456)	[('tile_y', 1), ('tile_x', 16)],None,44
autotvm - DEBUG - No: 72	GFLOPS: 2.42/6.61	result: MeasureResult(costs=(1.0890384389999999,), error_no=MeasureErrorNo.NO_ERROR, all_cost=2.9224066734313965, timestamp=1689626352.9254315)	[('tile_y', 1024), ('tile_x', 512)],None,109
autotvm - DEBUG - No: 73	GFLOPS: 2.74/6.61	result: MeasureResult(costs=(0.962528862,), error_no=MeasureErrorNo.NO_ERROR, all_cost=2.812937021255493, timestamp=1689626355.0615363)	[('tile_y', 2), ('tile_x', 32)],None,56
autotvm - DEBUG - No: 74	GFLOPS: 3.02/6.61	result: MeasureResult(costs=(0.8732309109999999,), error_no=MeasureErrorNo.NO_ERROR, all_cost=2.496162176132202, timestamp=1689626357.0632167)	[('tile_y', 1024), ('tile_x', 4)],None,32
autotvm - DEBUG - No: 75	GFLOPS: 3.40/6.61	result: MeasureResult(costs=(0.775724048,), error_no=MeasureErrorNo.NO_ERROR, all_cost=2.354802370071411, timestamp=1689626358.8268707)	[('tile_y', 32), ('tile_x', 2)],None,16
autotvm - DEBUG - No: 76	GFLOPS: 2.41/6.61	result: MeasureResult(costs=(1.094417592,), error_no=MeasureErrorNo.NO_ERROR, all_cost=3.145547389984131, timestamp=1689626361.2825665)	[('tile_y', 8), ('tile_x', 512)],None,102
autotvm - DEBUG - No: 77	GFLOPS: 2.08/6.61	result: MeasureResult(costs=(1.26674796,), error_no=MeasureErrorNo.NO_ERROR, all_cost=3.395247220993042, timestamp=1689626364.0704615)	[('tile_y', 64), ('tile_x', 1024)],None,116
autotvm - DEBUG - No: 78	GFLOPS: 2.84/6.61	result: MeasureResult(costs=(0.928020485,), error_no=MeasureErrorNo.NO_ERROR, all_cost=2.7444007396698, timestamp=1689626366.1493566)	[('tile_y', 8), ('tile_x', 256)],None,91
autotvm - DEBUG - No: 79	GFLOPS: 2.87/6.61	result: MeasureResult(costs=(0.921031963,), error_no=MeasureErrorNo.NO_ERROR, all_cost=2.7293102741241455, timestamp=1689626368.2659912)	[('tile_y', 16), ('tile_x', 256)],None,92
autotvm - DEBUG - No: 80	GFLOPS: 1.93/6.61	result: MeasureResult(costs=(1.3654373439999998,), error_no=MeasureErrorNo.NO_ERROR, all_cost=3.6307642459869385, timestamp=1689626371.2656233)	[('tile_y', 16), ('tile_x', 1024)],None,114
autotvm - DEBUG - No: 81	GFLOPS: 2.91/6.61	result: MeasureResult(costs=(0.9066717750000001,), error_no=MeasureErrorNo.NO_ERROR, all_cost=2.672762632369995, timestamp=1689626373.2859514)	[('tile_y', 16), ('tile_x', 32)],None,59
autotvm - DEBUG - No: 82	GFLOPS: 2.06/6.61	result: MeasureResult(costs=(1.278783494,), error_no=MeasureErrorNo.NO_ERROR, all_cost=3.339468479156494, timestamp=1689626376.0553744)	[('tile_y', 1024), ('tile_x', 1024)],None,120
autotvm - DEBUG - No: 83	GFLOPS: 2.78/6.61	result: MeasureResult(costs=(0.9491601510000001,), error_no=MeasureErrorNo.NO_ERROR, all_cost=2.7939975261688232, timestamp=1689626378.1904652)	[('tile_y', 512), ('tile_x', 32)],None,64
autotvm - DEBUG - No: 84	GFLOPS: 4.13/6.61	result: MeasureResult(costs=(0.639865876,), error_no=MeasureErrorNo.NO_ERROR, all_cost=2.0989437103271484, timestamp=1689626379.6773796)	[('tile_y', 64), ('tile_x', 8)],None,39
autotvm - DEBUG - No: 85	GFLOPS: 2.83/6.61	result: MeasureResult(costs=(0.934099257,), error_no=MeasureErrorNo.NO_ERROR, all_cost=2.909940004348755, timestamp=1689626381.9982162)	[('tile_y', 32), ('tile_x', 256)],None,93
autotvm - DEBUG - No: 86	GFLOPS: 2.85/6.61	result: MeasureResult(costs=(0.926606052,), error_no=MeasureErrorNo.NO_ERROR, all_cost=2.7350378036499023, timestamp=1689626384.1095138)	[('tile_y', 4), ('tile_x', 256)],None,90
autotvm - DEBUG - No: 87	GFLOPS: 4.50/6.61	result: MeasureResult(costs=(0.5862900630000001,), error_no=MeasureErrorNo.NO_ERROR, all_cost=1.9966235160827637, timestamp=1689626385.493012)	[('tile_y', 1024), ('tile_x', 8)],None,43
autotvm - DEBUG - No: 88	GFLOPS: 2.06/6.61	result: MeasureResult(costs=(1.283169011,), error_no=MeasureErrorNo.NO_ERROR, all_cost=3.2212681770324707, timestamp=1689626388.2697155)	[('tile_y', 1), ('tile_x', 1024)],None,110
autotvm - DEBUG - No: 89	GFLOPS: 3.06/6.61	result: MeasureResult(costs=(0.862476292,), error_no=MeasureErrorNo.NO_ERROR, all_cost=2.6477155685424805, timestamp=1689626390.2476692)	[('tile_y', 256), ('tile_x', 32)],None,63
autotvm - DEBUG - No: 90	GFLOPS: 4.77/6.61	result: MeasureResult(costs=(0.553285579,), error_no=MeasureErrorNo.NO_ERROR, all_cost=1.9495065212249756, timestamp=1689626391.5668278)	[('tile_y', 1024), ('tile_x', 16)],None,54
autotvm - DEBUG - No: 91	GFLOPS: 3.57/6.61	result: MeasureResult(costs=(0.738797408,), error_no=MeasureErrorNo.NO_ERROR, all_cost=2.3055031299591064, timestamp=1689626393.2530193)	[('tile_y', 512), ('tile_x', 16)],None,53
autotvm - DEBUG - No: 92	GFLOPS: 2.63/6.61	result: MeasureResult(costs=(1.002778526,), error_no=MeasureErrorNo.NO_ERROR, all_cost=2.78523325920105, timestamp=1689626395.5125704)	[('tile_y', 512), ('tile_x', 64)],None,75
autotvm - DEBUG - No: 93	GFLOPS: 2.05/6.61	result: MeasureResult(costs=(1.285022052,), error_no=MeasureErrorNo.NO_ERROR, all_cost=3.3775453567504883, timestamp=1689626398.275947)	[('tile_y', 32), ('tile_x', 1024)],None,115
autotvm - DEBUG - No: 94	GFLOPS: 3.03/6.61	result: MeasureResult(costs=(0.8720521019999999,), error_no=MeasureErrorNo.NO_ERROR, all_cost=2.5844004154205322, timestamp=1689626400.236782)	[('tile_y', 64), ('tile_x', 32)],None,61
autotvm - DEBUG - No: 95	GFLOPS: 4.45/6.61	result: MeasureResult(costs=(0.592683414,), error_no=MeasureErrorNo.NO_ERROR, all_cost=2.0709776878356934, timestamp=1689626401.6724951)	[('tile_y', 16), ('tile_x', 1)],None,4
autotvm - DEBUG - No: 96	GFLOPS: 5.74/6.61	result: MeasureResult(costs=(0.460061949,), error_no=MeasureErrorNo.NO_ERROR, all_cost=1.7547764778137207, timestamp=1689626402.8026297)	[('tile_y', 8), ('tile_x', 8)],None,36
autotvm - DEBUG - No: 97	GFLOPS: 1.97/6.61	result: MeasureResult(costs=(1.339194033,), error_no=MeasureErrorNo.NO_ERROR, all_cost=3.5211191177368164, timestamp=1689626405.6891787)	[('tile_y', 16), ('tile_x', 128)],None,81
autotvm - DEBUG - No: 98	GFLOPS: 3.64/6.61	result: MeasureResult(costs=(0.724953132,), error_no=MeasureErrorNo.NO_ERROR, all_cost=2.3406102657318115, timestamp=1689626407.3917847)	[('tile_y', 128), ('tile_x', 16)],None,51
autotvm - DEBUG - No: 99	GFLOPS: 5.07/6.61	result: MeasureResult(costs=(0.5202656379999999,), error_no=MeasureErrorNo.NO_ERROR, all_cost=1.8788604736328125, timestamp=1689626408.6424985)	[('tile_y', 8), ('tile_x', 4)],None,25
autotvm - DEBUG - No: 100	GFLOPS: 3.09/6.61	result: MeasureResult(costs=(0.855616744,), error_no=MeasureErrorNo.NO_ERROR, all_cost=2.5240302085876465, timestamp=1689626410.561108)	[('tile_y', 64), ('tile_x', 2)],None,17
autotvm - DEBUG - XGB iter:   0	tr-a-recall@64: 0.671988	tr-rmse: 0.135133
autotvm - DEBUG - XGB iter:  25	tr-a-recall@64: 0.877118	tr-rmse: 0.025780
autotvm - DEBUG - XGB iter:  50	tr-a-recall@64: 0.901044	tr-rmse: 0.013348
autotvm - DEBUG - XGB iter:  75	tr-a-recall@64: 0.913055	tr-rmse: 0.009238
autotvm - DEBUG - XGB stopped. Best iteration: [68] tr-a-recall@64:0.91305	tr-rmse:0.00936 
