root - INFO - GA Tuner Matrix Multiplication - 2023-07-17 22:24:26.256628
autotvm - DEBUG - waiting for device...
autotvm - DEBUG - device available
autotvm - INFO - Get devices for measurement successfully!
autotvm - DEBUG - No: 1	GFLOPS: 1.55/1.55	result: MeasureResult(costs=(15.420737866,), error_no=MeasureErrorNo.NO_ERROR, all_cost=30.01253032684326, timestamp=1689650701.0622885)	[('tile_y', 2), ('tile_x', 1)],None,1
autotvm - DEBUG - No: 2	GFLOPS: 1.96/1.96	result: MeasureResult(costs=(12.206833646,), error_no=MeasureErrorNo.NO_ERROR, all_cost=21.92233371734619, timestamp=1689650722.9581916)	[('tile_y', 4), ('tile_x', 1)],None,2
autotvm - DEBUG - No: 3	GFLOPS: 3.34/3.34	result: MeasureResult(costs=(7.154129234,), error_no=MeasureErrorNo.NO_ERROR, all_cost=14.94697380065918, timestamp=1689650737.9059002)	[('tile_y', 8), ('tile_x', 1)],None,3
autotvm - DEBUG - No: 4	GFLOPS: 1.40/3.34	result: MeasureResult(costs=(17.081080813,), error_no=MeasureErrorNo.NO_ERROR, all_cost=31.84803009033203, timestamp=1689650769.6797094)	[('tile_y', 32), ('tile_x', 1)],None,5
autotvm - DEBUG - No: 5	GFLOPS: 1.70/3.34	result: MeasureResult(costs=(14.100511721,), error_no=MeasureErrorNo.NO_ERROR, all_cost=27.450247526168823, timestamp=1689650796.731397)	[('tile_y', 64), ('tile_x', 1)],None,6
autotvm - DEBUG - No: 6	GFLOPS: 1.98/3.34	result: MeasureResult(costs=(12.102361706,), error_no=MeasureErrorNo.NO_ERROR, all_cost=24.64962410926819, timestamp=1689650821.0561352)	[('tile_y', 128), ('tile_x', 1)],None,7
autotvm - DEBUG - No: 7	GFLOPS: 2.04/3.34	result: MeasureResult(costs=(11.73084966,), error_no=MeasureErrorNo.NO_ERROR, all_cost=24.46414613723755, timestamp=1689650845.0760064)	[('tile_y', 256), ('tile_x', 1)],None,8
autotvm - DEBUG - No: 8	GFLOPS: 1.42/3.34	result: MeasureResult(costs=(16.884628787,), error_no=MeasureErrorNo.NO_ERROR, all_cost=33.77836608886719, timestamp=1689650878.7651572)	[('tile_y', 512), ('tile_x', 1)],None,9
autotvm - DEBUG - No: 9	GFLOPS: 0.50/3.34	result: MeasureResult(costs=(48.153727572,), error_no=MeasureErrorNo.NO_ERROR, all_cost=96.78610110282898, timestamp=1689650975.3863618)	[('tile_y', 1024), ('tile_x', 1)],None,10
autotvm - DEBUG - No: 10	GFLOPS: 0.65/3.34	result: MeasureResult(costs=(37.061888007,), error_no=MeasureErrorNo.NO_ERROR, all_cost=68.59200143814087, timestamp=1689651043.7580585)	[('tile_y', 1), ('tile_x', 2)],None,11
autotvm - DEBUG - No: 11	GFLOPS: 1.05/3.34	result: MeasureResult(costs=(22.74735309,), error_no=MeasureErrorNo.NO_ERROR, all_cost=41.962770223617554, timestamp=1689651085.3350995)	[('tile_y', 2), ('tile_x', 2)],None,12
autotvm - DEBUG - No: 12	GFLOPS: 1.80/3.34	result: MeasureResult(costs=(13.279039974,), error_no=MeasureErrorNo.NO_ERROR, all_cost=27.351633071899414, timestamp=1689651112.5975828)	[('tile_y', 4), ('tile_x', 2)],None,13
autotvm - DEBUG - No: 13	GFLOPS: 2.02/3.34	result: MeasureResult(costs=(11.825967204000001,), error_no=MeasureErrorNo.NO_ERROR, all_cost=22.615222454071045, timestamp=1689651134.789416)	[('tile_y', 8), ('tile_x', 2)],None,14
autotvm - DEBUG - No: 14	GFLOPS: 2.08/3.34	result: MeasureResult(costs=(11.496271135,), error_no=MeasureErrorNo.NO_ERROR, all_cost=20.343801736831665, timestamp=1689651154.648714)	[('tile_y', 16), ('tile_x', 2)],None,15
autotvm - DEBUG - No: 15	GFLOPS: 2.03/3.34	result: MeasureResult(costs=(11.785595078,), error_no=MeasureErrorNo.NO_ERROR, all_cost=24.807814836502075, timestamp=1689651179.0546238)	[('tile_y', 32), ('tile_x', 2)],None,16
autotvm - DEBUG - No: 16	GFLOPS: 2.88/3.34	result: MeasureResult(costs=(8.312423659,), error_no=MeasureErrorNo.NO_ERROR, all_cost=17.919285535812378, timestamp=1689651196.6274338)	[('tile_y', 64), ('tile_x', 2)],None,17
autotvm - DEBUG - No: 17	GFLOPS: 2.91/3.34	result: MeasureResult(costs=(8.212793276000001,), error_no=MeasureErrorNo.NO_ERROR, all_cost=17.08753204345703, timestamp=1689651213.3742588)	[('tile_y', 128), ('tile_x', 2)],None,18
autotvm - DEBUG - No: 18	GFLOPS: 2.48/3.34	result: MeasureResult(costs=(9.645066262,), error_no=MeasureErrorNo.NO_ERROR, all_cost=19.642741680145264, timestamp=1689651232.888906)	[('tile_y', 512), ('tile_x', 2)],None,20
autotvm - DEBUG - No: 19	GFLOPS: 1.13/3.34	result: MeasureResult(costs=(21.118998294,), error_no=MeasureErrorNo.NO_ERROR, all_cost=30.572365522384644, timestamp=1689651263.2282455)	[('tile_y', 2), ('tile_x', 4)],None,23
autotvm - DEBUG - No: 20	GFLOPS: 3.81/3.81	result: MeasureResult(costs=(6.283358409000001,), error_no=MeasureErrorNo.NO_ERROR, all_cost=13.510322332382202, timestamp=1689651276.2634761)	[('tile_y', 8), ('tile_x', 4)],None,25
autotvm - DEBUG - No: 21	GFLOPS: 3.25/3.81	result: MeasureResult(costs=(7.367797688,), error_no=MeasureErrorNo.NO_ERROR, all_cost=16.25332474708557, timestamp=1689651292.3598297)	[('tile_y', 16), ('tile_x', 4)],None,26
autotvm - DEBUG - No: 22	GFLOPS: 3.22/3.81	result: MeasureResult(costs=(7.4171230349999995,), error_no=MeasureErrorNo.NO_ERROR, all_cost=16.2490713596344, timestamp=1689651308.195246)	[('tile_y', 32), ('tile_x', 4)],None,27
autotvm - DEBUG - No: 23	GFLOPS: 3.50/3.81	result: MeasureResult(costs=(6.833150163,), error_no=MeasureErrorNo.NO_ERROR, all_cost=14.264387607574463, timestamp=1689651322.0666208)	[('tile_y', 128), ('tile_x', 4)],None,29
autotvm - DEBUG - No: 24	GFLOPS: 3.72/3.81	result: MeasureResult(costs=(6.426971282999999,), error_no=MeasureErrorNo.NO_ERROR, all_cost=13.51037311553955, timestamp=1689651335.3841543)	[('tile_y', 256), ('tile_x', 4)],None,30
autotvm - DEBUG - No: 25	GFLOPS: 2.78/3.81	result: MeasureResult(costs=(8.59825049,), error_no=MeasureErrorNo.NO_ERROR, all_cost=17.369577407836914, timestamp=1689651352.6471312)	[('tile_y', 512), ('tile_x', 4)],None,31
autotvm - DEBUG - No: 26	GFLOPS: 1.58/3.81	result: MeasureResult(costs=(15.141458387999998,), error_no=MeasureErrorNo.NO_ERROR, all_cost=32.05395269393921, timestamp=1689651384.6620724)	[('tile_y', 1024), ('tile_x', 4)],None,32
autotvm - DEBUG - No: 27	GFLOPS: 2.10/3.81	result: MeasureResult(costs=(11.413052868000001,), error_no=MeasureErrorNo.NO_ERROR, all_cost=24.47857141494751, timestamp=1689651409.0776742)	[('tile_y', 1), ('tile_x', 8)],None,33
autotvm - DEBUG - No: 28	GFLOPS: 3.11/3.81	result: MeasureResult(costs=(7.701947171,), error_no=MeasureErrorNo.NO_ERROR, all_cost=23.882104873657227, timestamp=1689651432.806172)	[('tile_y', 2), ('tile_x', 8)],None,34
autotvm - DEBUG - No: 29	GFLOPS: 4.12/4.12	result: MeasureResult(costs=(5.812845467,), error_no=MeasureErrorNo.NO_ERROR, all_cost=13.56810450553894, timestamp=1689651446.2866704)	[('tile_y', 8), ('tile_x', 8)],None,36
autotvm - DEBUG - No: 30	GFLOPS: 3.67/4.12	result: MeasureResult(costs=(6.518903589,), error_no=MeasureErrorNo.NO_ERROR, all_cost=13.361551761627197, timestamp=1689651459.6068728)	[('tile_y', 16), ('tile_x', 8)],None,37
autotvm - DEBUG - No: 31	GFLOPS: 2.36/4.12	result: MeasureResult(costs=(10.139183874,), error_no=MeasureErrorNo.NO_ERROR, all_cost=23.786575317382812, timestamp=1689651483.292814)	[('tile_y', 32), ('tile_x', 8)],None,38
autotvm - DEBUG - No: 32	GFLOPS: 3.20/4.12	result: MeasureResult(costs=(7.4845921120000005,), error_no=MeasureErrorNo.NO_ERROR, all_cost=16.18754291534424, timestamp=1689651499.2119577)	[('tile_y', 64), ('tile_x', 8)],None,39
autotvm - DEBUG - No: 33	GFLOPS: 3.81/4.12	result: MeasureResult(costs=(6.272278104,), error_no=MeasureErrorNo.NO_ERROR, all_cost=13.155407905578613, timestamp=1689651512.2271347)	[('tile_y', 512), ('tile_x', 8)],None,42
autotvm - DEBUG - No: 34	GFLOPS: 1.82/4.12	result: MeasureResult(costs=(13.110543691999998,), error_no=MeasureErrorNo.NO_ERROR, all_cost=25.781137228012085, timestamp=1689651537.9589095)	[('tile_y', 1024), ('tile_x', 8)],None,43
autotvm - DEBUG - No: 35	GFLOPS: 0.40/4.12	result: MeasureResult(costs=(59.749446941,), error_no=MeasureErrorNo.NO_ERROR, all_cost=114.65765380859375, timestamp=1689651652.63296)	[('tile_y', 1), ('tile_x', 16)],None,44
autotvm - DEBUG - No: 36	GFLOPS: 1.07/4.12	result: MeasureResult(costs=(22.402842888,), error_no=MeasureErrorNo.NO_ERROR, all_cost=47.44702911376953, timestamp=1689651699.7075126)	[('tile_y', 2), ('tile_x', 16)],None,45
autotvm - DEBUG - No: 37	GFLOPS: 1.67/4.12	result: MeasureResult(costs=(14.295219438,), error_no=MeasureErrorNo.NO_ERROR, all_cost=26.27894687652588, timestamp=1689651725.8782945)	[('tile_y', 8), ('tile_x', 16)],None,47
autotvm - DEBUG - No: 38	GFLOPS: 2.00/4.12	result: MeasureResult(costs=(11.975090377,), error_no=MeasureErrorNo.NO_ERROR, all_cost=23.07201099395752, timestamp=1689651748.747874)	[('tile_y', 32), ('tile_x', 16)],None,49
autotvm - DEBUG - No: 39	GFLOPS: 3.23/4.12	result: MeasureResult(costs=(7.4033751709999995,), error_no=MeasureErrorNo.NO_ERROR, all_cost=15.465351104736328, timestamp=1689651764.0292728)	[('tile_y', 128), ('tile_x', 16)],None,51
autotvm - DEBUG - No: 40	GFLOPS: 2.75/4.12	result: MeasureResult(costs=(8.691110547000001,), error_no=MeasureErrorNo.NO_ERROR, all_cost=18.17071533203125, timestamp=1689651782.0254579)	[('tile_y', 256), ('tile_x', 16)],None,52
autotvm - DEBUG - No: 41	GFLOPS: 2.76/4.12	result: MeasureResult(costs=(8.659242372000001,), error_no=MeasureErrorNo.NO_ERROR, all_cost=17.923036575317383, timestamp=1689651799.9398808)	[('tile_y', 512), ('tile_x', 16)],None,53
autotvm - DEBUG - No: 42	GFLOPS: 1.54/4.12	result: MeasureResult(costs=(15.504216078999999,), error_no=MeasureErrorNo.NO_ERROR, all_cost=29.148955583572388, timestamp=1689651828.9524012)	[('tile_y', 1024), ('tile_x', 16)],None,54
autotvm - DEBUG - No: 43	GFLOPS: 1.29/4.12	result: MeasureResult(costs=(18.507344602,), error_no=MeasureErrorNo.NO_ERROR, all_cost=47.48361563682556, timestamp=1689651876.2444775)	[('tile_y', 1), ('tile_x', 32)],None,55
autotvm - DEBUG - No: 44	GFLOPS: 1.26/4.12	result: MeasureResult(costs=(19.039666344,), error_no=MeasureErrorNo.NO_ERROR, all_cost=37.489280700683594, timestamp=1689651913.684071)	[('tile_y', 2), ('tile_x', 32)],None,56
autotvm - DEBUG - No: 45	GFLOPS: 2.21/4.12	result: MeasureResult(costs=(10.820297392,), error_no=MeasureErrorNo.NO_ERROR, all_cost=22.815386295318604, timestamp=1689651936.264981)	[('tile_y', 4), ('tile_x', 32)],None,57
autotvm - DEBUG - No: 46	GFLOPS: 2.86/4.12	result: MeasureResult(costs=(8.359102531000001,), error_no=MeasureErrorNo.NO_ERROR, all_cost=18.982741832733154, timestamp=1689651954.9500918)	[('tile_y', 8), ('tile_x', 32)],None,58
autotvm - DEBUG - No: 47	GFLOPS: 2.02/4.12	result: MeasureResult(costs=(11.813766929,), error_no=MeasureErrorNo.NO_ERROR, all_cost=24.40128469467163, timestamp=1689651979.18526)	[('tile_y', 16), ('tile_x', 32)],None,59
autotvm - DEBUG - No: 48	GFLOPS: 2.73/4.12	result: MeasureResult(costs=(8.759100901,), error_no=MeasureErrorNo.NO_ERROR, all_cost=18.075257301330566, timestamp=1689651997.1963983)	[('tile_y', 32), ('tile_x', 32)],None,60
autotvm - DEBUG - No: 49	GFLOPS: 2.96/4.12	result: MeasureResult(costs=(8.069106321,), error_no=MeasureErrorNo.NO_ERROR, all_cost=17.117805242538452, timestamp=1689652013.8214667)	[('tile_y', 64), ('tile_x', 32)],None,61
autotvm - DEBUG - No: 50	GFLOPS: 2.91/4.12	result: MeasureResult(costs=(8.228866589999999,), error_no=MeasureErrorNo.NO_ERROR, all_cost=17.056873321533203, timestamp=1689652030.8009841)	[('tile_y', 128), ('tile_x', 32)],None,62
autotvm - DEBUG - No: 51	GFLOPS: 2.98/4.12	result: MeasureResult(costs=(8.026934387999999,), error_no=MeasureErrorNo.NO_ERROR, all_cost=16.597951889038086, timestamp=1689652047.1630607)	[('tile_y', 256), ('tile_x', 32)],None,63
autotvm - DEBUG - No: 52	GFLOPS: 2.79/4.12	result: MeasureResult(costs=(8.580501965,), error_no=MeasureErrorNo.NO_ERROR, all_cost=18.18668246269226, timestamp=1689652065.1051202)	[('tile_y', 512), ('tile_x', 32)],None,64
autotvm - DEBUG - No: 53	GFLOPS: 1.66/4.12	result: MeasureResult(costs=(14.376443726,), error_no=MeasureErrorNo.NO_ERROR, all_cost=28.64486002922058, timestamp=1689652093.5773103)	[('tile_y', 1024), ('tile_x', 32)],None,65
autotvm - DEBUG - No: 54	GFLOPS: 1.48/4.12	result: MeasureResult(costs=(16.20270311,), error_no=MeasureErrorNo.NO_ERROR, all_cost=35.1754047870636, timestamp=1689652128.5773432)	[('tile_y', 1), ('tile_x', 64)],None,66
autotvm - DEBUG - No: 55	GFLOPS: 1.95/4.12	result: MeasureResult(costs=(12.266624824,), error_no=MeasureErrorNo.NO_ERROR, all_cost=28.22172737121582, timestamp=1689652156.6221218)	[('tile_y', 2), ('tile_x', 64)],None,67
autotvm - DEBUG - No: 56	GFLOPS: 2.05/4.12	result: MeasureResult(costs=(11.677195864,), error_no=MeasureErrorNo.NO_ERROR, all_cost=24.252630472183228, timestamp=1689652180.681522)	[('tile_y', 4), ('tile_x', 64)],None,68
autotvm - DEBUG - No: 57	GFLOPS: 1.77/4.12	result: MeasureResult(costs=(13.476588884,), error_no=MeasureErrorNo.NO_ERROR, all_cost=26.85239839553833, timestamp=1689652207.3196347)	[('tile_y', 8), ('tile_x', 64)],None,69
autotvm - DEBUG - No: 58	GFLOPS: 2.92/4.12	result: MeasureResult(costs=(8.202328974,), error_no=MeasureErrorNo.NO_ERROR, all_cost=17.09700655937195, timestamp=1689652224.3555975)	[('tile_y', 16), ('tile_x', 64)],None,70
autotvm - DEBUG - No: 59	GFLOPS: 2.51/4.12	result: MeasureResult(costs=(9.512306601,), error_no=MeasureErrorNo.NO_ERROR, all_cost=20.092939615249634, timestamp=1689652244.1440628)	[('tile_y', 32), ('tile_x', 64)],None,71
autotvm - DEBUG - No: 60	GFLOPS: 2.32/4.12	result: MeasureResult(costs=(10.313107453,), error_no=MeasureErrorNo.NO_ERROR, all_cost=21.039227962493896, timestamp=1689652265.090642)	[('tile_y', 64), ('tile_x', 64)],None,72
autotvm - DEBUG - No: 61	GFLOPS: 3.09/4.12	result: MeasureResult(costs=(7.747234394,), error_no=MeasureErrorNo.NO_ERROR, all_cost=16.031219005584717, timestamp=1689652281.0746412)	[('tile_y', 128), ('tile_x', 64)],None,73
autotvm - DEBUG - No: 62	GFLOPS: 3.11/4.12	result: MeasureResult(costs=(7.679966118,), error_no=MeasureErrorNo.NO_ERROR, all_cost=16.134013652801514, timestamp=1689652297.0474277)	[('tile_y', 256), ('tile_x', 64)],None,74
autotvm - DEBUG - No: 63	GFLOPS: 2.68/4.12	result: MeasureResult(costs=(8.931916052,), error_no=MeasureErrorNo.NO_ERROR, all_cost=18.673707723617554, timestamp=1689652315.5649962)	[('tile_y', 512), ('tile_x', 64)],None,75
autotvm - DEBUG - No: 64	GFLOPS: 2.14/4.12	result: MeasureResult(costs=(11.175969825,), error_no=MeasureErrorNo.NO_ERROR, all_cost=22.928863525390625, timestamp=1689652338.3240283)	[('tile_y', 1024), ('tile_x', 64)],None,76
autotvm - DEBUG - No: 65	GFLOPS: 1.78/4.12	result: MeasureResult(costs=(13.409108371,), error_no=MeasureErrorNo.NO_ERROR, all_cost=32.69056057929993, timestamp=1689652370.8163135)	[('tile_y', 1), ('tile_x', 128)],None,77
autotvm - DEBUG - No: 66	GFLOPS: 1.79/4.12	result: MeasureResult(costs=(13.33033375,), error_no=MeasureErrorNo.NO_ERROR, all_cost=28.473240613937378, timestamp=1689652399.316533)	[('tile_y', 2), ('tile_x', 128)],None,78
autotvm - DEBUG - No: 67	GFLOPS: 2.45/4.12	result: MeasureResult(costs=(9.753298608,), error_no=MeasureErrorNo.NO_ERROR, all_cost=23.45276641845703, timestamp=1689652422.7199762)	[('tile_y', 4), ('tile_x', 128)],None,79
autotvm - DEBUG - No: 68	GFLOPS: 2.26/4.12	result: MeasureResult(costs=(10.561184517,), error_no=MeasureErrorNo.NO_ERROR, all_cost=21.301872491836548, timestamp=1689652443.9518795)	[('tile_y', 8), ('tile_x', 128)],None,80
autotvm - DEBUG - No: 69	GFLOPS: 2.82/4.12	result: MeasureResult(costs=(8.470996318,), error_no=MeasureErrorNo.NO_ERROR, all_cost=17.792924404144287, timestamp=1689652461.6078508)	[('tile_y', 16), ('tile_x', 128)],None,81
autotvm - DEBUG - No: 70	GFLOPS: 2.68/4.12	result: MeasureResult(costs=(8.937245058,), error_no=MeasureErrorNo.NO_ERROR, all_cost=18.3251895904541, timestamp=1689652479.7748249)	[('tile_y', 32), ('tile_x', 128)],None,82
autotvm - DEBUG - No: 71	GFLOPS: 2.77/4.12	result: MeasureResult(costs=(8.643593452,), error_no=MeasureErrorNo.NO_ERROR, all_cost=17.89101266860962, timestamp=1689652497.4814403)	[('tile_y', 64), ('tile_x', 128)],None,83
autotvm - DEBUG - No: 72	GFLOPS: 1.73/4.12	result: MeasureResult(costs=(13.808717986,), error_no=MeasureErrorNo.NO_ERROR, all_cost=28.183483362197876, timestamp=1689652525.5806725)	[('tile_y', 128), ('tile_x', 128)],None,84
autotvm - DEBUG - No: 73	GFLOPS: 1.73/4.12	result: MeasureResult(costs=(13.840057361,), error_no=MeasureErrorNo.NO_ERROR, all_cost=27.633618116378784, timestamp=1689652553.0809)	[('tile_y', 256), ('tile_x', 128)],None,85
autotvm - DEBUG - No: 74	GFLOPS: 1.69/4.12	result: MeasureResult(costs=(14.145399646,), error_no=MeasureErrorNo.NO_ERROR, all_cost=27.919884204864502, timestamp=1689652580.8543646)	[('tile_y', 512), ('tile_x', 128)],None,86
autotvm - DEBUG - No: 75	GFLOPS: 1.76/4.12	result: MeasureResult(costs=(13.607669400999999,), error_no=MeasureErrorNo.NO_ERROR, all_cost=30.989681482315063, timestamp=1689652611.680005)	[('tile_y', 1), ('tile_x', 256)],None,88
autotvm - DEBUG - No: 76	GFLOPS: 2.48/4.12	result: MeasureResult(costs=(9.628712655,), error_no=MeasureErrorNo.NO_ERROR, all_cost=20.15241575241089, timestamp=1689652631.6567006)	[('tile_y', 4), ('tile_x', 256)],None,90
autotvm - DEBUG - No: 77	GFLOPS: 2.77/4.12	result: MeasureResult(costs=(8.623030322,), error_no=MeasureErrorNo.NO_ERROR, all_cost=17.722015857696533, timestamp=1689652649.2763803)	[('tile_y', 32), ('tile_x', 256)],None,93
autotvm - DEBUG - No: 78	GFLOPS: 2.83/4.12	result: MeasureResult(costs=(8.451246802,), error_no=MeasureErrorNo.NO_ERROR, all_cost=17.573291778564453, timestamp=1689652666.6699307)	[('tile_y', 64), ('tile_x', 256)],None,94
autotvm - DEBUG - No: 79	GFLOPS: 1.83/4.12	result: MeasureResult(costs=(13.042364312,), error_no=MeasureErrorNo.NO_ERROR, all_cost=27.115524291992188, timestamp=1689652693.6952858)	[('tile_y', 128), ('tile_x', 256)],None,95
autotvm - DEBUG - No: 80	GFLOPS: 2.14/4.12	result: MeasureResult(costs=(11.159061187999999,), error_no=MeasureErrorNo.NO_ERROR, all_cost=22.585145473480225, timestamp=1689652716.2580502)	[('tile_y', 1024), ('tile_x', 256)],None,98
autotvm - DEBUG - No: 81	GFLOPS: 1.48/4.12	result: MeasureResult(costs=(16.167189729,), error_no=MeasureErrorNo.NO_ERROR, all_cost=33.12582325935364, timestamp=1689652749.3455439)	[('tile_y', 2), ('tile_x', 512)],None,100
autotvm - DEBUG - No: 82	GFLOPS: 2.17/4.12	result: MeasureResult(costs=(11.038264389,), error_no=MeasureErrorNo.NO_ERROR, all_cost=22.6164128780365, timestamp=1689652771.883678)	[('tile_y', 4), ('tile_x', 512)],None,101
autotvm - DEBUG - No: 83	GFLOPS: 2.32/4.12	result: MeasureResult(costs=(10.319491962,), error_no=MeasureErrorNo.NO_ERROR, all_cost=21.51022481918335, timestamp=1689652793.095238)	[('tile_y', 8), ('tile_x', 512)],None,102
autotvm - DEBUG - No: 84	GFLOPS: 2.56/4.12	result: MeasureResult(costs=(9.336699751,), error_no=MeasureErrorNo.NO_ERROR, all_cost=19.538723945617676, timestamp=1689652812.426263)	[('tile_y', 16), ('tile_x', 512)],None,103
autotvm - DEBUG - No: 85	GFLOPS: 2.65/4.12	result: MeasureResult(costs=(9.017696394,), error_no=MeasureErrorNo.NO_ERROR, all_cost=18.99174213409424, timestamp=1689652831.2519524)	[('tile_y', 64), ('tile_x', 512)],None,105
autotvm - DEBUG - No: 86	GFLOPS: 1.68/4.12	result: MeasureResult(costs=(14.206267683,), error_no=MeasureErrorNo.NO_ERROR, all_cost=28.320375680923462, timestamp=1689652859.4832766)	[('tile_y', 128), ('tile_x', 512)],None,106
autotvm - DEBUG - No: 87	GFLOPS: 1.76/4.12	result: MeasureResult(costs=(13.577071152,), error_no=MeasureErrorNo.NO_ERROR, all_cost=27.92419981956482, timestamp=1689652887.371899)	[('tile_y', 256), ('tile_x', 512)],None,107
autotvm - DEBUG - No: 88	GFLOPS: 1.76/4.12	result: MeasureResult(costs=(13.565346116,), error_no=MeasureErrorNo.NO_ERROR, all_cost=28.546231985092163, timestamp=1689652915.7846675)	[('tile_y', 512), ('tile_x', 512)],None,108
autotvm - DEBUG - No: 89	GFLOPS: 2.09/4.12	result: MeasureResult(costs=(11.459933923000001,), error_no=MeasureErrorNo.NO_ERROR, all_cost=23.59592366218567, timestamp=1689652939.187891)	[('tile_y', 1024), ('tile_x', 512)],None,109
autotvm - DEBUG - No: 90	GFLOPS: 1.70/4.12	result: MeasureResult(costs=(14.039035822,), error_no=MeasureErrorNo.NO_ERROR, all_cost=27.531782865524292, timestamp=1689652966.6104288)	[('tile_y', 1), ('tile_x', 1024)],None,110
autotvm - DEBUG - No: 91	GFLOPS: 1.73/4.12	result: MeasureResult(costs=(13.839441378,), error_no=MeasureErrorNo.NO_ERROR, all_cost=25.600295543670654, timestamp=1689652992.1287847)	[('tile_y', 2), ('tile_x', 1024)],None,111
autotvm - DEBUG - No: 92	GFLOPS: 2.19/4.12	result: MeasureResult(costs=(10.923430977,), error_no=MeasureErrorNo.NO_ERROR, all_cost=23.575583934783936, timestamp=1689653015.497747)	[('tile_y', 4), ('tile_x', 1024)],None,112
autotvm - DEBUG - No: 93	GFLOPS: 2.39/4.12	result: MeasureResult(costs=(9.998645162,), error_no=MeasureErrorNo.NO_ERROR, all_cost=20.536843061447144, timestamp=1689653035.8254383)	[('tile_y', 8), ('tile_x', 1024)],None,113
autotvm - DEBUG - No: 94	GFLOPS: 2.60/4.12	result: MeasureResult(costs=(9.201513883,), error_no=MeasureErrorNo.NO_ERROR, all_cost=19.33329749107361, timestamp=1689653054.9670768)	[('tile_y', 16), ('tile_x', 1024)],None,114
autotvm - DEBUG - No: 95	GFLOPS: 2.74/4.12	result: MeasureResult(costs=(8.715853611,), error_no=MeasureErrorNo.NO_ERROR, all_cost=18.172800540924072, timestamp=1689653072.864819)	[('tile_y', 32), ('tile_x', 1024)],None,115
autotvm - DEBUG - No: 96	GFLOPS: 2.49/4.12	result: MeasureResult(costs=(9.620936939,), error_no=MeasureErrorNo.NO_ERROR, all_cost=19.836689233779907, timestamp=1689653092.5410714)	[('tile_y', 64), ('tile_x', 1024)],None,116
autotvm - DEBUG - No: 97	GFLOPS: 2.51/4.12	result: MeasureResult(costs=(9.534812110999999,), error_no=MeasureErrorNo.NO_ERROR, all_cost=19.928966999053955, timestamp=1689653112.2601764)	[('tile_y', 128), ('tile_x', 1024)],None,117
autotvm - DEBUG - No: 98	GFLOPS: 2.52/4.12	result: MeasureResult(costs=(9.494658236,), error_no=MeasureErrorNo.NO_ERROR, all_cost=19.531697273254395, timestamp=1689653131.75302)	[('tile_y', 256), ('tile_x', 1024)],None,118
autotvm - DEBUG - No: 99	GFLOPS: 2.50/4.12	result: MeasureResult(costs=(9.558384495,), error_no=MeasureErrorNo.NO_ERROR, all_cost=19.97667932510376, timestamp=1689653151.5432394)	[('tile_y', 512), ('tile_x', 1024)],None,119
autotvm - DEBUG - No: 100	GFLOPS: 2.80/4.12	result: MeasureResult(costs=(8.532393855,), error_no=MeasureErrorNo.NO_ERROR, all_cost=17.679501056671143, timestamp=1689653169.079333)	[('tile_y', 1024), ('tile_x', 1024)],None,120
root - INFO - Elpased time = 2503.15096783638
autotvm - DEBUG - Finish loading 100 records
