root - INFO - Grid Search Tuner Matrix Multiplication - 2023-07-17 23:06:16.412652
autotvm - DEBUG - waiting for device...
autotvm - DEBUG - device available
autotvm - INFO - Get devices for measurement successfully!
autotvm - DEBUG - No: 1	GFLOPS: 0.86/0.86	result: MeasureResult(costs=(27.911985993,), error_no=MeasureErrorNo.NO_ERROR, all_cost=53.876922369003296, timestamp=1689653235.7170203)	[('tile_y', 1), ('tile_x', 1)],None,0
autotvm - DEBUG - No: 2	GFLOPS: 1.52/1.52	result: MeasureResult(costs=(15.704218089,), error_no=MeasureErrorNo.NO_ERROR, all_cost=30.99406337738037, timestamp=1689653266.6860828)	[('tile_y', 2), ('tile_x', 1)],None,1
autotvm - DEBUG - No: 3	GFLOPS: 1.93/1.93	result: MeasureResult(costs=(12.381213643999999,), error_no=MeasureErrorNo.NO_ERROR, all_cost=22.11765217781067, timestamp=1689653288.7436113)	[('tile_y', 4), ('tile_x', 1)],None,2
autotvm - DEBUG - No: 4	GFLOPS: 2.98/2.98	result: MeasureResult(costs=(8.039876368,), error_no=MeasureErrorNo.NO_ERROR, all_cost=15.812238454818726, timestamp=1689653304.545582)	[('tile_y', 8), ('tile_x', 1)],None,3
autotvm - DEBUG - No: 5	GFLOPS: 3.05/3.05	result: MeasureResult(costs=(7.8395964199999995,), error_no=MeasureErrorNo.NO_ERROR, all_cost=14.683966398239136, timestamp=1689653318.9218524)	[('tile_y', 16), ('tile_x', 1)],None,4
autotvm - DEBUG - No: 6	GFLOPS: 1.17/3.05	result: MeasureResult(costs=(20.397731922,), error_no=MeasureErrorNo.NO_ERROR, all_cost=35.111756801605225, timestamp=1689653354.00854)	[('tile_y', 32), ('tile_x', 1)],None,5
autotvm - DEBUG - No: 7	GFLOPS: 1.48/3.05	result: MeasureResult(costs=(16.199552028,), error_no=MeasureErrorNo.NO_ERROR, all_cost=29.121973276138306, timestamp=1689653383.1057198)	[('tile_y', 64), ('tile_x', 1)],None,6
autotvm - DEBUG - No: 8	GFLOPS: 1.93/3.05	result: MeasureResult(costs=(12.415489696,), error_no=MeasureErrorNo.NO_ERROR, all_cost=24.66164779663086, timestamp=1689653407.7606654)	[('tile_y', 128), ('tile_x', 1)],None,7
autotvm - DEBUG - No: 9	GFLOPS: 2.00/3.05	result: MeasureResult(costs=(11.973840933,), error_no=MeasureErrorNo.NO_ERROR, all_cost=24.216843128204346, timestamp=1689653431.9759862)	[('tile_y', 256), ('tile_x', 1)],None,8
autotvm - DEBUG - No: 10	GFLOPS: 1.38/3.05	result: MeasureResult(costs=(17.283006271999998,), error_no=MeasureErrorNo.NO_ERROR, all_cost=34.03216600418091, timestamp=1689653465.970937)	[('tile_y', 512), ('tile_x', 1)],None,9
autotvm - DEBUG - No: 11	GFLOPS: 0.45/3.05	result: MeasureResult(costs=(53.731664952,), error_no=MeasureErrorNo.NO_ERROR, all_cost=101.98985552787781, timestamp=1689653567.9468944)	[('tile_y', 1024), ('tile_x', 1)],None,10
autotvm - DEBUG - No: 12	GFLOPS: 0.75/3.05	result: MeasureResult(costs=(31.984748694999997,), error_no=MeasureErrorNo.NO_ERROR, all_cost=63.44606399536133, timestamp=1689653631.3609767)	[('tile_y', 1), ('tile_x', 2)],None,11
autotvm - DEBUG - No: 13	GFLOPS: 0.97/3.05	result: MeasureResult(costs=(24.544576969,), error_no=MeasureErrorNo.NO_ERROR, all_cost=43.40646958351135, timestamp=1689653674.7438183)	[('tile_y', 2), ('tile_x', 2)],None,12
autotvm - DEBUG - No: 14	GFLOPS: 1.07/3.05	result: MeasureResult(costs=(22.456209885,), error_no=MeasureErrorNo.NO_ERROR, all_cost=36.002482652664185, timestamp=1689653710.7174108)	[('tile_y', 4), ('tile_x', 2)],None,13
autotvm - DEBUG - No: 15	GFLOPS: 1.78/3.05	result: MeasureResult(costs=(13.407281745,), error_no=MeasureErrorNo.NO_ERROR, all_cost=23.88783288002014, timestamp=1689653734.5649438)	[('tile_y', 8), ('tile_x', 2)],None,14
autotvm - DEBUG - No: 16	GFLOPS: 1.71/3.05	result: MeasureResult(costs=(13.994481237,), error_no=MeasureErrorNo.NO_ERROR, all_cost=21.9641056060791, timestamp=1689653756.5292222)	[('tile_y', 16), ('tile_x', 2)],None,15
autotvm - DEBUG - No: 17	GFLOPS: 2.01/3.05	result: MeasureResult(costs=(11.88123085,), error_no=MeasureErrorNo.NO_ERROR, all_cost=24.554837226867676, timestamp=1689653781.040952)	[('tile_y', 32), ('tile_x', 2)],None,16
autotvm - DEBUG - No: 18	GFLOPS: 2.87/3.05	result: MeasureResult(costs=(8.323331741,), error_no=MeasureErrorNo.NO_ERROR, all_cost=17.295119285583496, timestamp=1689653798.310517)	[('tile_y', 64), ('tile_x', 2)],None,17
autotvm - DEBUG - No: 19	GFLOPS: 2.98/3.05	result: MeasureResult(costs=(8.037093265000001,), error_no=MeasureErrorNo.NO_ERROR, all_cost=16.767508268356323, timestamp=1689653815.0833132)	[('tile_y', 128), ('tile_x', 2)],None,18
autotvm - DEBUG - No: 20	GFLOPS: 2.93/3.05	result: MeasureResult(costs=(8.170207348,), error_no=MeasureErrorNo.NO_ERROR, all_cost=16.704989671707153, timestamp=1689653831.7816823)	[('tile_y', 256), ('tile_x', 2)],None,19
autotvm - DEBUG - No: 21	GFLOPS: 2.48/3.05	result: MeasureResult(costs=(9.630594938,), error_no=MeasureErrorNo.NO_ERROR, all_cost=19.69660234451294, timestamp=1689653851.4386003)	[('tile_y', 512), ('tile_x', 2)],None,20
autotvm - DEBUG - No: 22	GFLOPS: 0.76/3.05	result: MeasureResult(costs=(31.366430893,), error_no=MeasureErrorNo.NO_ERROR, all_cost=58.173388957977295, timestamp=1689653909.596878)	[('tile_y', 1024), ('tile_x', 2)],None,21
autotvm - DEBUG - No: 23	GFLOPS: 0.97/3.05	result: MeasureResult(costs=(24.549573003000003,), error_no=MeasureErrorNo.NO_ERROR, all_cost=38.71855926513672, timestamp=1689653948.2877517)	[('tile_y', 1), ('tile_x', 4)],None,22
autotvm - DEBUG - No: 24	GFLOPS: 2.60/3.05	result: MeasureResult(costs=(9.217517618,), error_no=MeasureErrorNo.NO_ERROR, all_cost=18.493226289749146, timestamp=1689653966.7695012)	[('tile_y', 2), ('tile_x', 4)],None,23
autotvm - DEBUG - No: 25	GFLOPS: 0.99/3.05	result: MeasureResult(costs=(24.252357347,), error_no=MeasureErrorNo.NO_ERROR, all_cost=31.69320273399353, timestamp=1689653998.4837525)	[('tile_y', 4), ('tile_x', 4)],None,24
autotvm - DEBUG - No: 26	GFLOPS: 1.24/3.05	result: MeasureResult(costs=(19.306769774,), error_no=MeasureErrorNo.NO_ERROR, all_cost=26.13058352470398, timestamp=1689654024.465984)	[('tile_y', 8), ('tile_x', 4)],None,25
autotvm - DEBUG - No: 27	GFLOPS: 2.00/3.05	result: MeasureResult(costs=(11.963557259,), error_no=MeasureErrorNo.NO_ERROR, all_cost=20.671828508377075, timestamp=1689654045.1233282)	[('tile_y', 16), ('tile_x', 4)],None,26
autotvm - DEBUG - No: 28	GFLOPS: 1.58/3.05	result: MeasureResult(costs=(15.116071662,), error_no=MeasureErrorNo.NO_ERROR, all_cost=26.170735359191895, timestamp=1689654071.2840483)	[('tile_y', 32), ('tile_x', 4)],None,27
autotvm - DEBUG - No: 29	GFLOPS: 3.42/3.42	result: MeasureResult(costs=(6.993674393,), error_no=MeasureErrorNo.NO_ERROR, all_cost=14.251733303070068, timestamp=1689654085.5269973)	[('tile_y', 64), ('tile_x', 4)],None,28
autotvm - DEBUG - No: 30	GFLOPS: 3.68/3.68	result: MeasureResult(costs=(6.504078861,), error_no=MeasureErrorNo.NO_ERROR, all_cost=13.764404296875, timestamp=1689654099.1945047)	[('tile_y', 128), ('tile_x', 4)],None,29
autotvm - DEBUG - No: 31	GFLOPS: 3.71/3.71	result: MeasureResult(costs=(6.453489394999999,), error_no=MeasureErrorNo.NO_ERROR, all_cost=13.445411443710327, timestamp=1689654112.6001227)	[('tile_y', 256), ('tile_x', 4)],None,30
autotvm - DEBUG - No: 32	GFLOPS: 3.04/3.71	result: MeasureResult(costs=(7.877782295,), error_no=MeasureErrorNo.NO_ERROR, all_cost=16.46028757095337, timestamp=1689654129.0290747)	[('tile_y', 512), ('tile_x', 4)],None,31
autotvm - DEBUG - No: 33	GFLOPS: 1.42/3.71	result: MeasureResult(costs=(16.832448488,), error_no=MeasureErrorNo.NO_ERROR, all_cost=33.875550746917725, timestamp=1689654162.7485795)	[('tile_y', 1024), ('tile_x', 4)],None,32
autotvm - DEBUG - No: 34	GFLOPS: 2.11/3.71	result: MeasureResult(costs=(11.359109675,), error_no=MeasureErrorNo.NO_ERROR, all_cost=24.183324575424194, timestamp=1689654186.902177)	[('tile_y', 1), ('tile_x', 8)],None,33
autotvm - DEBUG - No: 35	GFLOPS: 3.10/3.71	result: MeasureResult(costs=(7.71801538,), error_no=MeasureErrorNo.NO_ERROR, all_cost=33.418384313583374, timestamp=1689654220.2946267)	[('tile_y', 2), ('tile_x', 8)],None,34
autotvm - DEBUG - No: 36	GFLOPS: 3.47/3.71	result: MeasureResult(costs=(6.896160471,), error_no=MeasureErrorNo.NO_ERROR, all_cost=31.76194167137146, timestamp=1689654251.936905)	[('tile_y', 4), ('tile_x', 8)],None,35
autotvm - DEBUG - No: 37	GFLOPS: 2.44/3.71	result: MeasureResult(costs=(9.806354348000001,), error_no=MeasureErrorNo.NO_ERROR, all_cost=19.858545541763306, timestamp=1689654271.6488972)	[('tile_y', 8), ('tile_x', 8)],None,36
autotvm - DEBUG - No: 38	GFLOPS: 3.67/3.71	result: MeasureResult(costs=(6.509091894,), error_no=MeasureErrorNo.NO_ERROR, all_cost=14.660266399383545, timestamp=1689654286.2593396)	[('tile_y', 16), ('tile_x', 8)],None,37
autotvm - DEBUG - No: 39	GFLOPS: 3.49/3.71	result: MeasureResult(costs=(6.85869885,), error_no=MeasureErrorNo.NO_ERROR, all_cost=14.191348314285278, timestamp=1689654300.3812847)	[('tile_y', 32), ('tile_x', 8)],None,38
autotvm - DEBUG - No: 40	GFLOPS: 2.44/3.71	result: MeasureResult(costs=(9.792320261999999,), error_no=MeasureErrorNo.NO_ERROR, all_cost=17.50027847290039, timestamp=1689654317.907192)	[('tile_y', 64), ('tile_x', 8)],None,39
autotvm - DEBUG - No: 41	GFLOPS: 3.70/3.71	result: MeasureResult(costs=(6.460731273,), error_no=MeasureErrorNo.NO_ERROR, all_cost=13.431063652038574, timestamp=1689654331.285928)	[('tile_y', 128), ('tile_x', 8)],None,40
autotvm - DEBUG - No: 42	GFLOPS: 3.68/3.71	result: MeasureResult(costs=(6.501380443,), error_no=MeasureErrorNo.NO_ERROR, all_cost=13.334314823150635, timestamp=1689654344.6016705)	[('tile_y', 256), ('tile_x', 8)],None,41
autotvm - DEBUG - No: 43	GFLOPS: 3.89/3.89	result: MeasureResult(costs=(6.155119139,), error_no=MeasureErrorNo.NO_ERROR, all_cost=12.963663816452026, timestamp=1689654357.5324478)	[('tile_y', 512), ('tile_x', 8)],None,42
autotvm - DEBUG - No: 44	GFLOPS: 2.23/3.89	result: MeasureResult(costs=(10.721894286000001,), error_no=MeasureErrorNo.NO_ERROR, all_cost=22.131728887557983, timestamp=1689654379.5816095)	[('tile_y', 1024), ('tile_x', 8)],None,43
autotvm - DEBUG - No: 45	GFLOPS: 0.60/3.89	result: MeasureResult(costs=(39.912489072999996,), error_no=MeasureErrorNo.NO_ERROR, all_cost=85.51664090156555, timestamp=1689654465.0326824)	[('tile_y', 1), ('tile_x', 16)],None,44
autotvm - DEBUG - No: 46	GFLOPS: 1.05/3.89	result: MeasureResult(costs=(22.841119888,), error_no=MeasureErrorNo.NO_ERROR, all_cost=54.417394161224365, timestamp=1689654519.2635608)	[('tile_y', 2), ('tile_x', 16)],None,45
autotvm - DEBUG - No: 47	GFLOPS: 2.11/3.89	result: MeasureResult(costs=(11.315029988000001,), error_no=MeasureErrorNo.NO_ERROR, all_cost=39.07563352584839, timestamp=1689654558.1455107)	[('tile_y', 4), ('tile_x', 16)],None,46
autotvm - DEBUG - No: 48	GFLOPS: 2.89/3.89	result: MeasureResult(costs=(8.276939121,), error_no=MeasureErrorNo.NO_ERROR, all_cost=21.449170351028442, timestamp=1689654579.4833024)	[('tile_y', 8), ('tile_x', 16)],None,47
autotvm - DEBUG - No: 49	GFLOPS: 1.78/3.89	result: MeasureResult(costs=(13.469589056999999,), error_no=MeasureErrorNo.NO_ERROR, all_cost=26.67898440361023, timestamp=1689654606.1467934)	[('tile_y', 16), ('tile_x', 16)],None,48
autotvm - DEBUG - No: 50	GFLOPS: 2.63/3.89	result: MeasureResult(costs=(9.105271371,), error_no=MeasureErrorNo.NO_ERROR, all_cost=17.982528924942017, timestamp=1689654624.0345204)	[('tile_y', 32), ('tile_x', 16)],None,49
autotvm - DEBUG - No: 51	GFLOPS: 3.21/3.89	result: MeasureResult(costs=(7.452552612000001,), error_no=MeasureErrorNo.NO_ERROR, all_cost=15.573985815048218, timestamp=1689654639.4349153)	[('tile_y', 64), ('tile_x', 16)],None,50
autotvm - DEBUG - No: 52	GFLOPS: 3.11/3.89	result: MeasureResult(costs=(7.68087503,), error_no=MeasureErrorNo.NO_ERROR, all_cost=16.212313175201416, timestamp=1689654655.5082436)	[('tile_y', 128), ('tile_x', 16)],None,51
autotvm - DEBUG - No: 53	GFLOPS: 2.88/3.89	result: MeasureResult(costs=(8.313721475,), error_no=MeasureErrorNo.NO_ERROR, all_cost=17.268216133117676, timestamp=1689654672.6771672)	[('tile_y', 256), ('tile_x', 16)],None,52
autotvm - DEBUG - No: 54	GFLOPS: 2.79/3.89	result: MeasureResult(costs=(8.562768139,), error_no=MeasureErrorNo.NO_ERROR, all_cost=17.913467168807983, timestamp=1689654690.480514)	[('tile_y', 512), ('tile_x', 16)],None,53
autotvm - DEBUG - No: 55	GFLOPS: 2.01/3.89	result: MeasureResult(costs=(11.885219596,), error_no=MeasureErrorNo.NO_ERROR, all_cost=24.58790111541748, timestamp=1689654714.9387796)	[('tile_y', 1024), ('tile_x', 16)],None,54
autotvm - DEBUG - No: 56	GFLOPS: 1.25/3.89	result: MeasureResult(costs=(19.187759404,), error_no=MeasureErrorNo.NO_ERROR, all_cost=40.79739737510681, timestamp=1689654755.6562035)	[('tile_y', 1), ('tile_x', 32)],None,55
autotvm - DEBUG - No: 57	GFLOPS: 1.50/3.89	result: MeasureResult(costs=(15.950231072000001,), error_no=MeasureErrorNo.NO_ERROR, all_cost=31.83233880996704, timestamp=1689654787.3305259)	[('tile_y', 2), ('tile_x', 32)],None,56
autotvm - DEBUG - No: 58	GFLOPS: 1.56/3.89	result: MeasureResult(costs=(15.286276805,), error_no=MeasureErrorNo.NO_ERROR, all_cost=28.59379482269287, timestamp=1689654815.7614417)	[('tile_y', 4), ('tile_x', 32)],None,57
autotvm - DEBUG - No: 59	GFLOPS: 2.27/3.89	result: MeasureResult(costs=(10.554978469,), error_no=MeasureErrorNo.NO_ERROR, all_cost=20.880724906921387, timestamp=1689654836.5369089)	[('tile_y', 8), ('tile_x', 32)],None,58
autotvm - DEBUG - No: 60	GFLOPS: 1.98/3.89	result: MeasureResult(costs=(12.108708082,), error_no=MeasureErrorNo.NO_ERROR, all_cost=24.85109806060791, timestamp=1689654861.3204477)	[('tile_y', 16), ('tile_x', 32)],None,59
autotvm - DEBUG - No: 61	GFLOPS: 2.91/3.89	result: MeasureResult(costs=(8.206856963,), error_no=MeasureErrorNo.NO_ERROR, all_cost=17.016313791275024, timestamp=1689654878.209411)	[('tile_y', 32), ('tile_x', 32)],None,60
autotvm - DEBUG - No: 62	GFLOPS: 2.82/3.89	result: MeasureResult(costs=(8.496238300000002,), error_no=MeasureErrorNo.NO_ERROR, all_cost=17.64999794960022, timestamp=1689654895.6848094)	[('tile_y', 64), ('tile_x', 32)],None,61
autotvm - DEBUG - No: 63	GFLOPS: 2.95/3.89	result: MeasureResult(costs=(8.103755684,), error_no=MeasureErrorNo.NO_ERROR, all_cost=16.658262491226196, timestamp=1689654912.3285031)	[('tile_y', 128), ('tile_x', 32)],None,62
autotvm - DEBUG - No: 64	GFLOPS: 3.04/3.89	result: MeasureResult(costs=(7.875017047,), error_no=MeasureErrorNo.NO_ERROR, all_cost=16.609069108963013, timestamp=1689654928.7392716)	[('tile_y', 256), ('tile_x', 32)],None,63
autotvm - DEBUG - No: 65	GFLOPS: 2.76/3.89	result: MeasureResult(costs=(8.655171851999999,), error_no=MeasureErrorNo.NO_ERROR, all_cost=17.958476066589355, timestamp=1689654946.5682766)	[('tile_y', 512), ('tile_x', 32)],None,64
autotvm - DEBUG - No: 66	GFLOPS: 1.52/3.89	result: MeasureResult(costs=(15.76169728,), error_no=MeasureErrorNo.NO_ERROR, all_cost=30.016743183135986, timestamp=1689654976.5653446)	[('tile_y', 1024), ('tile_x', 32)],None,65
autotvm - DEBUG - No: 67	GFLOPS: 1.76/3.89	result: MeasureResult(costs=(13.560502550999999,), error_no=MeasureErrorNo.NO_ERROR, all_cost=28.19813108444214, timestamp=1689655004.7040355)	[('tile_y', 1), ('tile_x', 64)],None,66
autotvm - DEBUG - No: 68	GFLOPS: 1.98/3.89	result: MeasureResult(costs=(12.106533945999999,), error_no=MeasureErrorNo.NO_ERROR, all_cost=29.019399166107178, timestamp=1689655033.644355)	[('tile_y', 2), ('tile_x', 64)],None,67
autotvm - DEBUG - No: 69	GFLOPS: 1.80/3.89	result: MeasureResult(costs=(13.279844103,), error_no=MeasureErrorNo.NO_ERROR, all_cost=28.358596086502075, timestamp=1689655061.8492148)	[('tile_y', 4), ('tile_x', 64)],None,68
autotvm - DEBUG - No: 70	GFLOPS: 2.16/3.89	result: MeasureResult(costs=(11.069494669,), error_no=MeasureErrorNo.NO_ERROR, all_cost=22.85713219642639, timestamp=1689655084.5276847)	[('tile_y', 8), ('tile_x', 64)],None,69
autotvm - DEBUG - No: 71	GFLOPS: 2.87/3.89	result: MeasureResult(costs=(8.339214385,), error_no=MeasureErrorNo.NO_ERROR, all_cost=17.643726348876953, timestamp=1689655101.9910612)	[('tile_y', 16), ('tile_x', 64)],None,70
autotvm - DEBUG - No: 72	GFLOPS: 2.53/3.89	result: MeasureResult(costs=(9.467219722,), error_no=MeasureErrorNo.NO_ERROR, all_cost=19.450437307357788, timestamp=1689655121.4368567)	[('tile_y', 32), ('tile_x', 64)],None,71
autotvm - DEBUG - No: 73	GFLOPS: 2.39/3.89	result: MeasureResult(costs=(10.025501944,), error_no=MeasureErrorNo.NO_ERROR, all_cost=20.77187943458557, timestamp=1689655141.9717588)	[('tile_y', 64), ('tile_x', 64)],None,72
autotvm - DEBUG - No: 74	GFLOPS: 3.11/3.89	result: MeasureResult(costs=(7.686138013,), error_no=MeasureErrorNo.NO_ERROR, all_cost=15.967217683792114, timestamp=1689655157.9145687)	[('tile_y', 128), ('tile_x', 64)],None,73
autotvm - DEBUG - No: 75	GFLOPS: 3.14/3.89	result: MeasureResult(costs=(7.609102786999999,), error_no=MeasureErrorNo.NO_ERROR, all_cost=15.979854822158813, timestamp=1689655173.8052642)	[('tile_y', 256), ('tile_x', 64)],None,74
autotvm - DEBUG - No: 76	GFLOPS: 2.75/3.89	result: MeasureResult(costs=(8.684092655,), error_no=MeasureErrorNo.NO_ERROR, all_cost=18.064624071121216, timestamp=1689655191.737221)	[('tile_y', 512), ('tile_x', 64)],None,75
autotvm - DEBUG - No: 77	GFLOPS: 1.89/3.89	result: MeasureResult(costs=(12.680739944,), error_no=MeasureErrorNo.NO_ERROR, all_cost=24.53571653366089, timestamp=1689655216.1120248)	[('tile_y', 1024), ('tile_x', 64)],None,76
autotvm - DEBUG - No: 78	GFLOPS: 1.65/3.89	result: MeasureResult(costs=(14.521003648,), error_no=MeasureErrorNo.NO_ERROR, all_cost=34.239378213882446, timestamp=1689655250.242837)	[('tile_y', 1), ('tile_x', 128)],None,77
autotvm - DEBUG - No: 79	GFLOPS: 1.75/3.89	result: MeasureResult(costs=(13.669380687,), error_no=MeasureErrorNo.NO_ERROR, all_cost=28.180975914001465, timestamp=1689655278.2911923)	[('tile_y', 2), ('tile_x', 128)],None,78
autotvm - DEBUG - No: 80	GFLOPS: 2.33/3.89	result: MeasureResult(costs=(10.261620247000002,), error_no=MeasureErrorNo.NO_ERROR, all_cost=23.794066429138184, timestamp=1689655302.0967877)	[('tile_y', 4), ('tile_x', 128)],None,79
autotvm - DEBUG - No: 81	GFLOPS: 2.51/3.89	result: MeasureResult(costs=(9.514600651,), error_no=MeasureErrorNo.NO_ERROR, all_cost=19.437477350234985, timestamp=1689655321.4229984)	[('tile_y', 8), ('tile_x', 128)],None,80
autotvm - DEBUG - No: 82	GFLOPS: 2.48/3.89	result: MeasureResult(costs=(9.664542858999999,), error_no=MeasureErrorNo.NO_ERROR, all_cost=19.493971824645996, timestamp=1689655340.7163107)	[('tile_y', 16), ('tile_x', 128)],None,81
autotvm - DEBUG - No: 83	GFLOPS: 2.64/3.89	result: MeasureResult(costs=(9.048043464000001,), error_no=MeasureErrorNo.NO_ERROR, all_cost=18.4938325881958, timestamp=1689655359.0651646)	[('tile_y', 32), ('tile_x', 128)],None,82
autotvm - DEBUG - No: 84	GFLOPS: 2.78/3.89	result: MeasureResult(costs=(8.600484816,), error_no=MeasureErrorNo.NO_ERROR, all_cost=17.792704343795776, timestamp=1689655376.7491524)	[('tile_y', 64), ('tile_x', 128)],None,83
autotvm - DEBUG - No: 85	GFLOPS: 1.91/3.89	result: MeasureResult(costs=(12.536623867,), error_no=MeasureErrorNo.NO_ERROR, all_cost=25.58457589149475, timestamp=1689655402.3365383)	[('tile_y', 128), ('tile_x', 128)],None,84
autotvm - DEBUG - No: 86	GFLOPS: 1.89/3.89	result: MeasureResult(costs=(12.655647048999999,), error_no=MeasureErrorNo.NO_ERROR, all_cost=25.97379779815674, timestamp=1689655428.2209184)	[('tile_y', 256), ('tile_x', 128)],None,85
autotvm - DEBUG - No: 87	GFLOPS: 1.96/3.89	result: MeasureResult(costs=(12.192597906000001,), error_no=MeasureErrorNo.NO_ERROR, all_cost=25.14746403694153, timestamp=1689655453.3773367)	[('tile_y', 512), ('tile_x', 128)],None,86
autotvm - DEBUG - No: 88	GFLOPS: 2.06/3.89	result: MeasureResult(costs=(11.618590521,), error_no=MeasureErrorNo.NO_ERROR, all_cost=23.553611755371094, timestamp=1689655476.9069226)	[('tile_y', 1024), ('tile_x', 128)],None,87
autotvm - DEBUG - No: 89	GFLOPS: 1.26/3.89	result: MeasureResult(costs=(18.963167135,), error_no=MeasureErrorNo.NO_ERROR, all_cost=35.01874041557312, timestamp=1689655511.890813)	[('tile_y', 1), ('tile_x', 256)],None,88
autotvm - DEBUG - No: 90	GFLOPS: 1.73/3.89	result: MeasureResult(costs=(13.816847108,), error_no=MeasureErrorNo.NO_ERROR, all_cost=28.362985610961914, timestamp=1689655540.1063542)	[('tile_y', 2), ('tile_x', 256)],None,89
autotvm - DEBUG - No: 91	GFLOPS: 2.44/3.89	result: MeasureResult(costs=(9.806267862999999,), error_no=MeasureErrorNo.NO_ERROR, all_cost=20.42980432510376, timestamp=1689655560.5040593)	[('tile_y', 4), ('tile_x', 256)],None,90
autotvm - DEBUG - No: 92	GFLOPS: 2.61/3.89	result: MeasureResult(costs=(9.15739191,), error_no=MeasureErrorNo.NO_ERROR, all_cost=19.024418354034424, timestamp=1689655579.432034)	[('tile_y', 8), ('tile_x', 256)],None,91
autotvm - DEBUG - No: 93	GFLOPS: 2.78/3.89	result: MeasureResult(costs=(8.613476693,), error_no=MeasureErrorNo.NO_ERROR, all_cost=18.07813549041748, timestamp=1689655597.2991016)	[('tile_y', 16), ('tile_x', 256)],None,92
autotvm - DEBUG - No: 94	GFLOPS: 2.85/3.89	result: MeasureResult(costs=(8.401252067,), error_no=MeasureErrorNo.NO_ERROR, all_cost=17.360543727874756, timestamp=1689655614.607487)	[('tile_y', 32), ('tile_x', 256)],None,93
autotvm - DEBUG - No: 95	GFLOPS: 2.86/3.89	result: MeasureResult(costs=(8.354155410999999,), error_no=MeasureErrorNo.NO_ERROR, all_cost=17.483904600143433, timestamp=1689655631.962913)	[('tile_y', 64), ('tile_x', 256)],None,94
autotvm - DEBUG - No: 96	GFLOPS: 1.85/3.89	result: MeasureResult(costs=(12.952206539,), error_no=MeasureErrorNo.NO_ERROR, all_cost=26.61338472366333, timestamp=1689655658.5083687)	[('tile_y', 128), ('tile_x', 256)],None,95
autotvm - DEBUG - No: 97	GFLOPS: 1.88/3.89	result: MeasureResult(costs=(12.721167877,), error_no=MeasureErrorNo.NO_ERROR, all_cost=26.2371084690094, timestamp=1689655684.6854153)	[('tile_y', 256), ('tile_x', 256)],None,96
autotvm - DEBUG - No: 98	GFLOPS: 1.74/3.89	result: MeasureResult(costs=(13.712581939,), error_no=MeasureErrorNo.NO_ERROR, all_cost=28.10640859603882, timestamp=1689655712.6686058)	[('tile_y', 512), ('tile_x', 256)],None,97
autotvm - DEBUG - No: 99	GFLOPS: 2.19/3.89	result: MeasureResult(costs=(10.946575992,), error_no=MeasureErrorNo.NO_ERROR, all_cost=22.522437572479248, timestamp=1689655735.1703544)	[('tile_y', 1024), ('tile_x', 256)],None,98
autotvm - DEBUG - No: 100	GFLOPS: 1.54/3.89	result: MeasureResult(costs=(15.515380189,), error_no=MeasureErrorNo.NO_ERROR, all_cost=29.36773920059204, timestamp=1689655764.5217533)	[('tile_y', 1), ('tile_x', 512)],None,99
root - INFO - Elpased time = 2588.330693244934
autotvm - DEBUG - Finish loading 100 records
