root - INFO - Random Tuner Matrix Multiplication - 2023-07-17 23:49:31.706290
autotvm - DEBUG - waiting for device...
autotvm - DEBUG - device available
autotvm - INFO - Get devices for measurement successfully!
autotvm - DEBUG - No: 1	GFLOPS: 2.43/2.43	result: MeasureResult(costs=(9.82479803,), error_no=MeasureErrorNo.NO_ERROR, all_cost=19.96633791923523, timestamp=1689655797.0192242)	[('tile_y', 512), ('tile_x', 2)],None,20
autotvm - DEBUG - No: 2	GFLOPS: 2.49/2.49	result: MeasureResult(costs=(9.59986301,), error_no=MeasureErrorNo.NO_ERROR, all_cost=19.79463505744934, timestamp=1689655816.6472638)	[('tile_y', 16), ('tile_x', 256)],None,92
autotvm - DEBUG - No: 3	GFLOPS: 2.32/2.49	result: MeasureResult(costs=(10.302785647,), error_no=MeasureErrorNo.NO_ERROR, all_cost=21.470571517944336, timestamp=1689655837.978389)	[('tile_y', 4), ('tile_x', 512)],None,101
autotvm - DEBUG - No: 4	GFLOPS: 2.02/2.49	result: MeasureResult(costs=(11.852966159,), error_no=MeasureErrorNo.NO_ERROR, all_cost=24.186612844467163, timestamp=1689655861.9916263)	[('tile_y', 16), ('tile_x', 32)],None,59
autotvm - DEBUG - No: 5	GFLOPS: 2.85/2.85	result: MeasureResult(costs=(8.391792801,), error_no=MeasureErrorNo.NO_ERROR, all_cost=17.284104824066162, timestamp=1689655879.2396808)	[('tile_y', 64), ('tile_x', 128)],None,83
autotvm - DEBUG - No: 6	GFLOPS: 3.35/3.35	result: MeasureResult(costs=(7.135166598,), error_no=MeasureErrorNo.NO_ERROR, all_cost=14.690802574157715, timestamp=1689655893.899481)	[('tile_y', 16), ('tile_x', 4)],None,26
autotvm - DEBUG - No: 7	GFLOPS: 2.05/3.35	result: MeasureResult(costs=(11.694986526000001,), error_no=MeasureErrorNo.NO_ERROR, all_cost=23.93280267715454, timestamp=1689655917.7702088)	[('tile_y', 16), ('tile_x', 512)],None,103
autotvm - DEBUG - No: 8	GFLOPS: 4.05/4.05	result: MeasureResult(costs=(5.9119889059999995,), error_no=MeasureErrorNo.NO_ERROR, all_cost=12.284943103790283, timestamp=1689655929.8765783)	[('tile_y', 8), ('tile_x', 8)],None,36
autotvm - DEBUG - No: 9	GFLOPS: 1.84/4.05	result: MeasureResult(costs=(12.971997303,), error_no=MeasureErrorNo.NO_ERROR, all_cost=26.391879320144653, timestamp=1689655956.2471833)	[('tile_y', 1), ('tile_x', 1024)],None,110
autotvm - DEBUG - No: 10	GFLOPS: 3.85/4.05	result: MeasureResult(costs=(6.206298630999999,), error_no=MeasureErrorNo.NO_ERROR, all_cost=12.581977844238281, timestamp=1689655968.7962427)	[('tile_y', 16), ('tile_x', 1)],None,4
autotvm - DEBUG - No: 11	GFLOPS: 1.68/4.05	result: MeasureResult(costs=(14.272439776999999,), error_no=MeasureErrorNo.NO_ERROR, all_cost=28.197885990142822, timestamp=1689655996.9195201)	[('tile_y', 2), ('tile_x', 256)],None,89
autotvm - DEBUG - No: 12	GFLOPS: 1.62/4.05	result: MeasureResult(costs=(14.728835166000001,), error_no=MeasureErrorNo.NO_ERROR, all_cost=29.561636447906494, timestamp=1689656026.4496853)	[('tile_y', 2), ('tile_x', 512)],None,100
autotvm - DEBUG - No: 13	GFLOPS: 1.79/4.05	result: MeasureResult(costs=(13.381691684,), error_no=MeasureErrorNo.NO_ERROR, all_cost=27.50361132621765, timestamp=1689656053.8564885)	[('tile_y', 1024), ('tile_x', 32)],None,65
autotvm - DEBUG - No: 14	GFLOPS: 3.04/4.05	result: MeasureResult(costs=(7.879734149,), error_no=MeasureErrorNo.NO_ERROR, all_cost=16.07235312461853, timestamp=1689656069.9432838)	[('tile_y', 128), ('tile_x', 64)],None,73
autotvm - DEBUG - No: 15	GFLOPS: 2.10/4.05	result: MeasureResult(costs=(11.403176432,), error_no=MeasureErrorNo.NO_ERROR, all_cost=23.51222062110901, timestamp=1689656093.4398863)	[('tile_y', 1024), ('tile_x', 128)],None,87
autotvm - DEBUG - No: 16	GFLOPS: 1.93/4.05	result: MeasureResult(costs=(12.390581246,), error_no=MeasureErrorNo.NO_ERROR, all_cost=25.096028327941895, timestamp=1689656118.530918)	[('tile_y', 1), ('tile_x', 64)],None,66
autotvm - DEBUG - No: 17	GFLOPS: 2.02/4.05	result: MeasureResult(costs=(11.81259829,), error_no=MeasureErrorNo.NO_ERROR, all_cost=24.20001459121704, timestamp=1689656142.4172158)	[('tile_y', 256), ('tile_x', 1)],None,8
autotvm - DEBUG - No: 18	GFLOPS: 2.79/4.05	result: MeasureResult(costs=(8.559561962,), error_no=MeasureErrorNo.NO_ERROR, all_cost=17.92404580116272, timestamp=1689656159.98358)	[('tile_y', 512), ('tile_x', 32)],None,64
autotvm - DEBUG - No: 19	GFLOPS: 3.22/4.05	result: MeasureResult(costs=(7.438014426,), error_no=MeasureErrorNo.NO_ERROR, all_cost=15.425392866134644, timestamp=1689656175.3496854)	[('tile_y', 32), ('tile_x', 16)],None,49
autotvm - DEBUG - No: 20	GFLOPS: 1.82/4.05	result: MeasureResult(costs=(13.170926977999999,), error_no=MeasureErrorNo.NO_ERROR, all_cost=26.9533474445343, timestamp=1689656202.30298)	[('tile_y', 4), ('tile_x', 2)],None,13
autotvm - DEBUG - No: 21	GFLOPS: 3.97/4.05	result: MeasureResult(costs=(6.021397507,), error_no=MeasureErrorNo.NO_ERROR, all_cost=12.339815855026245, timestamp=1689656214.6114316)	[('tile_y', 128), ('tile_x', 8)],None,40
autotvm - DEBUG - No: 22	GFLOPS: 1.95/4.05	result: MeasureResult(costs=(12.270679185999999,), error_no=MeasureErrorNo.NO_ERROR, all_cost=25.04332208633423, timestamp=1689656239.6245682)	[('tile_y', 128), ('tile_x', 256)],None,95
autotvm - DEBUG - No: 23	GFLOPS: 2.73/4.05	result: MeasureResult(costs=(8.766766629,), error_no=MeasureErrorNo.NO_ERROR, all_cost=18.193130016326904, timestamp=1689656257.7892458)	[('tile_y', 2), ('tile_x', 4)],None,23
autotvm - DEBUG - No: 24	GFLOPS: 2.85/4.05	result: MeasureResult(costs=(8.40680057,), error_no=MeasureErrorNo.NO_ERROR, all_cost=17.580111503601074, timestamp=1689656275.049891)	[('tile_y', 64), ('tile_x', 256)],None,94
autotvm - DEBUG - No: 25	GFLOPS: 2.41/4.05	result: MeasureResult(costs=(9.920636918,), error_no=MeasureErrorNo.NO_ERROR, all_cost=20.503041744232178, timestamp=1689656295.5611413)	[('tile_y', 8), ('tile_x', 2)],None,14
autotvm - DEBUG - No: 26	GFLOPS: 1.76/4.05	result: MeasureResult(costs=(13.568664910999999,), error_no=MeasureErrorNo.NO_ERROR, all_cost=27.23896312713623, timestamp=1689656322.7909777)	[('tile_y', 512), ('tile_x', 512)],None,108
autotvm - DEBUG - No: 27	GFLOPS: 2.51/4.05	result: MeasureResult(costs=(9.524543801,), error_no=MeasureErrorNo.NO_ERROR, all_cost=19.506367444992065, timestamp=1689656342.2803423)	[('tile_y', 512), ('tile_x', 1024)],None,119
autotvm - DEBUG - No: 28	GFLOPS: 2.51/4.05	result: MeasureResult(costs=(9.534305727000001,), error_no=MeasureErrorNo.NO_ERROR, all_cost=19.944995880126953, timestamp=1689656362.0037096)	[('tile_y', 128), ('tile_x', 1024)],None,117
autotvm - DEBUG - No: 29	GFLOPS: 1.88/4.05	result: MeasureResult(costs=(12.706170436,), error_no=MeasureErrorNo.NO_ERROR, all_cost=25.45797324180603, timestamp=1689656387.4706523)	[('tile_y', 256), ('tile_x', 256)],None,96
autotvm - DEBUG - No: 30	GFLOPS: 3.50/4.05	result: MeasureResult(costs=(6.826132661,), error_no=MeasureErrorNo.NO_ERROR, all_cost=14.28924012184143, timestamp=1689656401.735038)	[('tile_y', 32), ('tile_x', 4)],None,27
autotvm - DEBUG - No: 31	GFLOPS: 3.42/4.05	result: MeasureResult(costs=(6.984527664,), error_no=MeasureErrorNo.NO_ERROR, all_cost=14.456549167633057, timestamp=1689656416.195079)	[('tile_y', 4), ('tile_x', 4)],None,24
autotvm - DEBUG - No: 32	GFLOPS: 2.92/4.05	result: MeasureResult(costs=(8.191533715,), error_no=MeasureErrorNo.NO_ERROR, all_cost=16.857391357421875, timestamp=1689656432.840854)	[('tile_y', 128), ('tile_x', 2)],None,18
autotvm - DEBUG - No: 33	GFLOPS: 2.39/4.05	result: MeasureResult(costs=(9.995787585,), error_no=MeasureErrorNo.NO_ERROR, all_cost=20.454142570495605, timestamp=1689656453.2916672)	[('tile_y', 4), ('tile_x', 1024)],None,112
autotvm - DEBUG - No: 34	GFLOPS: 3.11/4.05	result: MeasureResult(costs=(7.699115208,), error_no=MeasureErrorNo.NO_ERROR, all_cost=16.0495867729187, timestamp=1689656469.3470933)	[('tile_y', 2), ('tile_x', 8)],None,34
autotvm - DEBUG - No: 35	GFLOPS: 2.51/4.05	result: MeasureResult(costs=(9.54272306,), error_no=MeasureErrorNo.NO_ERROR, all_cost=19.57219386100769, timestamp=1689656488.8906927)	[('tile_y', 64), ('tile_x', 1024)],None,116
autotvm - DEBUG - No: 36	GFLOPS: 2.14/4.05	result: MeasureResult(costs=(11.154662876,), error_no=MeasureErrorNo.NO_ERROR, all_cost=22.88773488998413, timestamp=1689656511.7636833)	[('tile_y', 2), ('tile_x', 64)],None,67
autotvm - DEBUG - No: 37	GFLOPS: 2.13/4.05	result: MeasureResult(costs=(11.208900769,), error_no=MeasureErrorNo.NO_ERROR, all_cost=22.79338765144348, timestamp=1689656534.5010967)	[('tile_y', 8), ('tile_x', 64)],None,69
autotvm - DEBUG - No: 38	GFLOPS: 2.65/4.05	result: MeasureResult(costs=(9.039510491,), error_no=MeasureErrorNo.NO_ERROR, all_cost=18.552912712097168, timestamp=1689656553.0272667)	[('tile_y', 64), ('tile_x', 512)],None,105
autotvm - DEBUG - No: 39	GFLOPS: 0.78/4.05	result: MeasureResult(costs=(30.5459246,), error_no=MeasureErrorNo.NO_ERROR, all_cost=62.349873542785645, timestamp=1689656615.055376)	[('tile_y', 1), ('tile_x', 2)],None,11
autotvm - DEBUG - No: 40	GFLOPS: 2.79/4.05	result: MeasureResult(costs=(8.559781279000001,), error_no=MeasureErrorNo.NO_ERROR, all_cost=17.982417583465576, timestamp=1689656632.6658099)	[('tile_y', 512), ('tile_x', 16)],None,53
autotvm - DEBUG - No: 41	GFLOPS: 2.65/4.05	result: MeasureResult(costs=(9.027879534,), error_no=MeasureErrorNo.NO_ERROR, all_cost=18.792293071746826, timestamp=1689656651.449206)	[('tile_y', 64), ('tile_x', 64)],None,72
autotvm - DEBUG - No: 42	GFLOPS: 1.44/4.05	result: MeasureResult(costs=(16.616349450999998,), error_no=MeasureErrorNo.NO_ERROR, all_cost=33.53813457489014, timestamp=1689656684.9457588)	[('tile_y', 512), ('tile_x', 1)],None,9
autotvm - DEBUG - No: 43	GFLOPS: 3.21/4.05	result: MeasureResult(costs=(7.447160425,), error_no=MeasureErrorNo.NO_ERROR, all_cost=15.41065526008606, timestamp=1689656700.3293827)	[('tile_y', 64), ('tile_x', 16)],None,50
autotvm - DEBUG - No: 44	GFLOPS: 0.90/4.05	result: MeasureResult(costs=(26.610798217,), error_no=MeasureErrorNo.NO_ERROR, all_cost=45.251365184783936, timestamp=1689656745.5772157)	[('tile_y', 1), ('tile_x', 32)],None,55
autotvm - DEBUG - No: 45	GFLOPS: 3.70/4.05	result: MeasureResult(costs=(6.461451589999999,), error_no=MeasureErrorNo.NO_ERROR, all_cost=13.556580781936646, timestamp=1689656758.9536672)	[('tile_y', 128), ('tile_x', 4)],None,29
autotvm - DEBUG - No: 46	GFLOPS: 2.54/4.05	result: MeasureResult(costs=(9.407982851,), error_no=MeasureErrorNo.NO_ERROR, all_cost=19.47129249572754, timestamp=1689656778.0984468)	[('tile_y', 4), ('tile_x', 32)],None,57
autotvm - DEBUG - No: 47	GFLOPS: 3.62/4.05	result: MeasureResult(costs=(6.611309357,), error_no=MeasureErrorNo.NO_ERROR, all_cost=13.89751148223877, timestamp=1689656791.7566326)	[('tile_y', 64), ('tile_x', 4)],None,28
autotvm - DEBUG - No: 48	GFLOPS: 2.41/4.05	result: MeasureResult(costs=(9.942992837,), error_no=MeasureErrorNo.NO_ERROR, all_cost=20.29436492919922, timestamp=1689656811.7085395)	[('tile_y', 4), ('tile_x', 128)],None,79
autotvm - DEBUG - No: 49	GFLOPS: 2.50/4.05	result: MeasureResult(costs=(9.551666849,), error_no=MeasureErrorNo.NO_ERROR, all_cost=19.78559112548828, timestamp=1689656831.297503)	[('tile_y', 8), ('tile_x', 512)],None,102
autotvm - DEBUG - No: 50	GFLOPS: 2.87/4.05	result: MeasureResult(costs=(8.343202482,), error_no=MeasureErrorNo.NO_ERROR, all_cost=17.312936067581177, timestamp=1689656848.2510092)	[('tile_y', 8), ('tile_x', 32)],None,58
autotvm - DEBUG - No: 51	GFLOPS: 1.69/4.05	result: MeasureResult(costs=(14.141010109000002,), error_no=MeasureErrorNo.NO_ERROR, all_cost=28.687270402908325, timestamp=1689656876.9604135)	[('tile_y', 2), ('tile_x', 1)],None,1
autotvm - DEBUG - No: 52	GFLOPS: 2.78/4.05	result: MeasureResult(costs=(8.607747232,), error_no=MeasureErrorNo.NO_ERROR, all_cost=17.95349144935608, timestamp=1689656894.8697317)	[('tile_y', 1024), ('tile_x', 1024)],None,120
autotvm - DEBUG - No: 53	GFLOPS: 1.74/4.05	result: MeasureResult(costs=(13.736936526,), error_no=MeasureErrorNo.NO_ERROR, all_cost=28.07130527496338, timestamp=1689656922.6154776)	[('tile_y', 1), ('tile_x', 4)],None,22
autotvm - DEBUG - No: 54	GFLOPS: 1.80/4.05	result: MeasureResult(costs=(13.316447316,), error_no=MeasureErrorNo.NO_ERROR, all_cost=27.256147623062134, timestamp=1689656949.6575994)	[('tile_y', 1), ('tile_x', 256)],None,88
autotvm - DEBUG - No: 55	GFLOPS: 0.93/4.05	result: MeasureResult(costs=(25.605803557999998,), error_no=MeasureErrorNo.NO_ERROR, all_cost=52.208412408828735, timestamp=1689657001.5712547)	[('tile_y', 1024), ('tile_x', 2)],None,21
autotvm - DEBUG - No: 56	GFLOPS: 3.19/4.05	result: MeasureResult(costs=(7.499058157,), error_no=MeasureErrorNo.NO_ERROR, all_cost=15.79404878616333, timestamp=1689657017.0185118)	[('tile_y', 16), ('tile_x', 2)],None,15
autotvm - DEBUG - No: 57	GFLOPS: 1.82/4.05	result: MeasureResult(costs=(13.107465455,), error_no=MeasureErrorNo.NO_ERROR, all_cost=26.810590744018555, timestamp=1689657043.833049)	[('tile_y', 1), ('tile_x', 128)],None,77
autotvm - DEBUG - No: 58	GFLOPS: 2.67/4.05	result: MeasureResult(costs=(8.955824476,), error_no=MeasureErrorNo.NO_ERROR, all_cost=18.632946968078613, timestamp=1689657062.0851185)	[('tile_y', 8), ('tile_x', 256)],None,91
autotvm - DEBUG - No: 59	GFLOPS: 2.22/4.05	result: MeasureResult(costs=(10.797392719,), error_no=MeasureErrorNo.NO_ERROR, all_cost=22.323543787002563, timestamp=1689657084.1388302)	[('tile_y', 2), ('tile_x', 1024)],None,111
autotvm - DEBUG - No: 60	GFLOPS: 3.61/4.05	result: MeasureResult(costs=(6.6303882320000005,), error_no=MeasureErrorNo.NO_ERROR, all_cost=13.62223196029663, timestamp=1689657097.6694882)	[('tile_y', 4), ('tile_x', 8)],None,35
autotvm - DEBUG - No: 61	GFLOPS: 2.73/4.05	result: MeasureResult(costs=(8.769912999,), error_no=MeasureErrorNo.NO_ERROR, all_cost=18.26528787612915, timestamp=1689657115.5863683)	[('tile_y', 16), ('tile_x', 128)],None,81
autotvm - DEBUG - No: 62	GFLOPS: 2.04/4.05	result: MeasureResult(costs=(11.74315309,), error_no=MeasureErrorNo.NO_ERROR, all_cost=24.251556158065796, timestamp=1689657139.6680596)	[('tile_y', 128), ('tile_x', 1)],None,7
autotvm - DEBUG - No: 63	GFLOPS: 2.10/4.05	result: MeasureResult(costs=(11.40442867,), error_no=MeasureErrorNo.NO_ERROR, all_cost=23.38177490234375, timestamp=1689657162.7451441)	[('tile_y', 1), ('tile_x', 8)],None,33
autotvm - DEBUG - No: 64	GFLOPS: 3.30/4.05	result: MeasureResult(costs=(7.259089188,), error_no=MeasureErrorNo.NO_ERROR, all_cost=15.32664442062378, timestamp=1689657177.744921)	[('tile_y', 8), ('tile_x', 1)],None,3
autotvm - DEBUG - No: 65	GFLOPS: 2.07/4.05	result: MeasureResult(costs=(11.55420752,), error_no=MeasureErrorNo.NO_ERROR, all_cost=23.795894384384155, timestamp=1689657201.1610157)	[('tile_y', 4), ('tile_x', 16)],None,46
autotvm - DEBUG - No: 66	GFLOPS: 4.26/4.26	result: MeasureResult(costs=(5.610369472,), error_no=MeasureErrorNo.NO_ERROR, all_cost=11.734018802642822, timestamp=1689657212.8152564)	[('tile_y', 16), ('tile_x', 16)],None,48
autotvm - DEBUG - No: 67	GFLOPS: 2.79/4.26	result: MeasureResult(costs=(8.581496112,), error_no=MeasureErrorNo.NO_ERROR, all_cost=17.537800312042236, timestamp=1689657230.3302867)	[('tile_y', 32), ('tile_x', 128)],None,82
autotvm - DEBUG - No: 68	GFLOPS: 2.01/4.26	result: MeasureResult(costs=(11.921235821,), error_no=MeasureErrorNo.NO_ERROR, all_cost=24.488365411758423, timestamp=1689657254.6476247)	[('tile_y', 2), ('tile_x', 32)],None,56
autotvm - DEBUG - No: 69	GFLOPS: 2.82/4.26	result: MeasureResult(costs=(8.469889045,), error_no=MeasureErrorNo.NO_ERROR, all_cost=17.591657638549805, timestamp=1689657272.2259002)	[('tile_y', 32), ('tile_x', 1024)],None,115
autotvm - DEBUG - No: 70	GFLOPS: 2.06/4.26	result: MeasureResult(costs=(11.594049213,), error_no=MeasureErrorNo.NO_ERROR, all_cost=24.0554416179657, timestamp=1689657295.915606)	[('tile_y', 1024), ('tile_x', 16)],None,54
autotvm - DEBUG - No: 71	GFLOPS: 2.21/4.26	result: MeasureResult(costs=(10.836109538,), error_no=MeasureErrorNo.NO_ERROR, all_cost=22.659398078918457, timestamp=1689657318.2411077)	[('tile_y', 1024), ('tile_x', 256)],None,98
autotvm - DEBUG - No: 72	GFLOPS: 1.69/4.26	result: MeasureResult(costs=(14.186849859,), error_no=MeasureErrorNo.NO_ERROR, all_cost=29.310723781585693, timestamp=1689657347.2208)	[('tile_y', 32), ('tile_x', 1)],None,5
autotvm - DEBUG - No: 73	GFLOPS: 3.81/4.26	result: MeasureResult(costs=(6.277466749,), error_no=MeasureErrorNo.NO_ERROR, all_cost=13.143234014511108, timestamp=1689657360.2552505)	[('tile_y', 32), ('tile_x', 8)],None,38
autotvm - DEBUG - No: 74	GFLOPS: 2.13/4.26	result: MeasureResult(costs=(11.254538993,), error_no=MeasureErrorNo.NO_ERROR, all_cost=23.478901863098145, timestamp=1689657383.3865776)	[('tile_y', 1024), ('tile_x', 512)],None,109
autotvm - DEBUG - No: 75	GFLOPS: 1.90/4.26	result: MeasureResult(costs=(12.594876679999999,), error_no=MeasureErrorNo.NO_ERROR, all_cost=25.756996631622314, timestamp=1689657408.8248653)	[('tile_y', 64), ('tile_x', 1)],None,6
autotvm - DEBUG - No: 76	GFLOPS: 1.95/4.26	result: MeasureResult(costs=(12.261753006000001,), error_no=MeasureErrorNo.NO_ERROR, all_cost=25.302985906600952, timestamp=1689657433.848378)	[('tile_y', 512), ('tile_x', 128)],None,86
autotvm - DEBUG - No: 77	GFLOPS: 3.23/4.26	result: MeasureResult(costs=(7.403768491,), error_no=MeasureErrorNo.NO_ERROR, all_cost=15.447317123413086, timestamp=1689657449.2598186)	[('tile_y', 8), ('tile_x', 16)],None,47
autotvm - DEBUG - No: 78	GFLOPS: 0.96/4.26	result: MeasureResult(costs=(25.020684631,), error_no=MeasureErrorNo.NO_ERROR, all_cost=51.15539479255676, timestamp=1689657500.098519)	[('tile_y', 1), ('tile_x', 1)],None,0
autotvm - DEBUG - No: 79	GFLOPS: 1.90/4.26	result: MeasureResult(costs=(12.565306323000001,), error_no=MeasureErrorNo.NO_ERROR, all_cost=26.01135802268982, timestamp=1689657525.8117166)	[('tile_y', 512), ('tile_x', 256)],None,97
autotvm - DEBUG - No: 80	GFLOPS: 2.99/4.26	result: MeasureResult(costs=(7.992301959000001,), error_no=MeasureErrorNo.NO_ERROR, all_cost=16.541638135910034, timestamp=1689657542.2225552)	[('tile_y', 256), ('tile_x', 2)],None,19
autotvm - DEBUG - No: 81	GFLOPS: 2.05/4.26	result: MeasureResult(costs=(11.69300792,), error_no=MeasureErrorNo.NO_ERROR, all_cost=23.278992652893066, timestamp=1689657565.1437666)	[('tile_y', 16), ('tile_x', 1024)],None,114
autotvm - DEBUG - No: 82	GFLOPS: 1.80/4.26	result: MeasureResult(costs=(13.280041634,), error_no=MeasureErrorNo.NO_ERROR, all_cost=27.34786820411682, timestamp=1689657592.334431)	[('tile_y', 2), ('tile_x', 128)],None,78
autotvm - DEBUG - No: 83	GFLOPS: 2.25/4.26	result: MeasureResult(costs=(10.617195514999999,), error_no=MeasureErrorNo.NO_ERROR, all_cost=21.723572969436646, timestamp=1689657613.7086809)	[('tile_y', 1024), ('tile_x', 8)],None,43
autotvm - DEBUG - No: 84	GFLOPS: 1.80/4.26	result: MeasureResult(costs=(13.266310948000001,), error_no=MeasureErrorNo.NO_ERROR, all_cost=27.28245782852173, timestamp=1689657640.6755054)	[('tile_y', 1), ('tile_x', 512)],None,99
autotvm - DEBUG - No: 85	GFLOPS: 2.57/4.26	result: MeasureResult(costs=(9.303888826,), error_no=MeasureErrorNo.NO_ERROR, all_cost=19.92425799369812, timestamp=1689657660.2179232)	[('tile_y', 8), ('tile_x', 128)],None,80
autotvm - DEBUG - No: 86	GFLOPS: 2.87/4.26	result: MeasureResult(costs=(8.327655652999999,), error_no=MeasureErrorNo.NO_ERROR, all_cost=17.485482931137085, timestamp=1689657677.3239532)	[('tile_y', 256), ('tile_x', 16)],None,52
autotvm - DEBUG - No: 87	GFLOPS: 2.17/4.26	result: MeasureResult(costs=(11.002923788,), error_no=MeasureErrorNo.NO_ERROR, all_cost=22.67891502380371, timestamp=1689657699.9408207)	[('tile_y', 1024), ('tile_x', 64)],None,76
autotvm - DEBUG - No: 88	GFLOPS: 2.02/4.26	result: MeasureResult(costs=(11.864350941000001,), error_no=MeasureErrorNo.NO_ERROR, all_cost=24.317055225372314, timestamp=1689657723.9178596)	[('tile_y', 4), ('tile_x', 64)],None,68
autotvm - DEBUG - No: 89	GFLOPS: 1.04/4.26	result: MeasureResult(costs=(23.004434491,), error_no=MeasureErrorNo.NO_ERROR, all_cost=46.681166887283325, timestamp=1689657770.2777777)	[('tile_y', 2), ('tile_x', 16)],None,45
autotvm - DEBUG - No: 90	GFLOPS: 3.70/4.26	result: MeasureResult(costs=(6.470642231,), error_no=MeasureErrorNo.NO_ERROR, all_cost=13.679934740066528, timestamp=1689657783.6354873)	[('tile_y', 256), ('tile_x', 4)],None,30
autotvm - DEBUG - No: 91	GFLOPS: 1.79/4.26	result: MeasureResult(costs=(13.378260093000002,), error_no=MeasureErrorNo.NO_ERROR, all_cost=27.83874487876892, timestamp=1689657811.1444738)	[('tile_y', 128), ('tile_x', 512)],None,106
autotvm - DEBUG - No: 92	GFLOPS: 2.58/4.26	result: MeasureResult(costs=(9.254789231,), error_no=MeasureErrorNo.NO_ERROR, all_cost=18.686458349227905, timestamp=1689657829.8312252)	[('tile_y', 32), ('tile_x', 64)],None,71
autotvm - DEBUG - No: 93	GFLOPS: 3.08/4.26	result: MeasureResult(costs=(7.754594702,), error_no=MeasureErrorNo.NO_ERROR, all_cost=16.314075708389282, timestamp=1689657845.773471)	[('tile_y', 64), ('tile_x', 32)],None,61
autotvm - DEBUG - No: 94	GFLOPS: 1.30/4.26	result: MeasureResult(costs=(18.391996319999997,), error_no=MeasureErrorNo.NO_ERROR, all_cost=37.752888441085815, timestamp=1689657883.202393)	[('tile_y', 2), ('tile_x', 2)],None,12
autotvm - DEBUG - No: 95	GFLOPS: 2.00/4.26	result: MeasureResult(costs=(11.95961985,), error_no=MeasureErrorNo.NO_ERROR, all_cost=24.93654155731201, timestamp=1689657907.8754673)	[('tile_y', 256), ('tile_x', 128)],None,85
autotvm - DEBUG - No: 96	GFLOPS: 3.22/4.26	result: MeasureResult(costs=(7.428475875,), error_no=MeasureErrorNo.NO_ERROR, all_cost=15.45252513885498, timestamp=1689657923.1762447)	[('tile_y', 128), ('tile_x', 16)],None,51
autotvm - DEBUG - No: 97	GFLOPS: 4.11/4.26	result: MeasureResult(costs=(5.818590658,), error_no=MeasureErrorNo.NO_ERROR, all_cost=12.579918384552002, timestamp=1689657935.4603348)	[('tile_y', 256), ('tile_x', 8)],None,41
autotvm - DEBUG - No: 98	GFLOPS: 1.97/4.26	result: MeasureResult(costs=(12.172402128,), error_no=MeasureErrorNo.NO_ERROR, all_cost=25.378650903701782, timestamp=1689657960.5094407)	[('tile_y', 128), ('tile_x', 128)],None,84
autotvm - DEBUG - No: 99	GFLOPS: 2.96/4.26	result: MeasureResult(costs=(8.069476855,), error_no=MeasureErrorNo.NO_ERROR, all_cost=16.384719610214233, timestamp=1689657976.9046416)	[('tile_y', 256), ('tile_x', 64)],None,74
autotvm - DEBUG - No: 100	GFLOPS: 3.84/4.26	result: MeasureResult(costs=(6.232861782,), error_no=MeasureErrorNo.NO_ERROR, all_cost=13.289026021957397, timestamp=1689657989.851312)	[('tile_y', 8), ('tile_x', 4)],None,25
root - INFO - Elpased time = 2218.3550119400024
autotvm - DEBUG - Finish loading 100 records
