root - INFO - GA Tuner Matrix Multiplication - 2023-07-25 15:15:26.554654
autotvm - DEBUG - waiting for device...
autotvm - DEBUG - device available
autotvm - INFO - Get devices for measurement successfully!
autotvm - DEBUG - No: 1	GFLOPS: 1.30/1.30	result: MeasureResult(costs=(12.353723759000001,), error_no=MeasureErrorNo.NO_ERROR, all_cost=25.5232675075531, timestamp=1690316157.1659796)	[('tile_x', 1), ('tile_xT', 1)],None,0
autotvm - DEBUG - No: 2	GFLOPS: 0.75/1.30	result: MeasureResult(costs=(21.357078118,), error_no=MeasureErrorNo.NO_ERROR, all_cost=36.42626643180847, timestamp=1690316193.3217306)	[('tile_x', 2), ('tile_xT', 1)],None,1
autotvm - DEBUG - No: 3	GFLOPS: 1.59/1.59	result: MeasureResult(costs=(10.043455586,), error_no=MeasureErrorNo.NO_ERROR, all_cost=19.780813932418823, timestamp=1690316212.328757)	[('tile_x', 5), ('tile_xT', 1)],None,3
autotvm - DEBUG - No: 4	GFLOPS: 1.73/1.73	result: MeasureResult(costs=(9.225413853,), error_no=MeasureErrorNo.NO_ERROR, all_cost=25.72005558013916, timestamp=1690316237.444608)	[('tile_x', 40), ('tile_xT', 1)],None,8
autotvm - DEBUG - No: 5	GFLOPS: 1.13/1.73	result: MeasureResult(costs=(14.100155005000001,), error_no=MeasureErrorNo.NO_ERROR, all_cost=23.577398777008057, timestamp=1690316260.4916344)	[('tile_x', 50), ('tile_xT', 1)],None,9
autotvm - DEBUG - No: 6	GFLOPS: 1.23/1.73	result: MeasureResult(costs=(13.050843666,), error_no=MeasureErrorNo.NO_ERROR, all_cost=22.614851713180542, timestamp=1690316282.3354378)	[('tile_x', 100), ('tile_xT', 1)],None,10
autotvm - DEBUG - No: 7	GFLOPS: 0.98/1.73	result: MeasureResult(costs=(16.361628845,), error_no=MeasureErrorNo.NO_ERROR, all_cost=32.597273111343384, timestamp=1690316314.6792333)	[('tile_x', 1), ('tile_xT', 2)],None,16
autotvm - DEBUG - No: 8	GFLOPS: 3.48/3.48	result: MeasureResult(costs=(4.596084052999999,), error_no=MeasureErrorNo.NO_ERROR, all_cost=9.783791065216064, timestamp=1690316323.655405)	[('tile_x', 500), ('tile_xT', 2)],None,30
autotvm - DEBUG - No: 9	GFLOPS: 1.40/3.48	result: MeasureResult(costs=(11.45875299,), error_no=MeasureErrorNo.NO_ERROR, all_cost=30.308662176132202, timestamp=1690316353.7166598)	[('tile_x', 2), ('tile_xT', 3)],None,33
autotvm - DEBUG - No: 10	GFLOPS: 5.11/5.11	result: MeasureResult(costs=(3.130263299,), error_no=MeasureErrorNo.NO_ERROR, all_cost=6.9387047290802, timestamp=1690316360.3621154)	[('tile_x', 40), ('tile_xT', 3)],None,40
autotvm - DEBUG - No: 11	GFLOPS: 2.27/5.11	result: MeasureResult(costs=(7.033092412,), error_no=MeasureErrorNo.NO_ERROR, all_cost=13.598281860351562, timestamp=1690316373.2347143)	[('tile_x', 125), ('tile_xT', 3)],None,43
autotvm - DEBUG - No: 12	GFLOPS: 1.04/5.11	result: MeasureResult(costs=(15.348601825,), error_no=MeasureErrorNo.NO_ERROR, all_cost=20.758767127990723, timestamp=1690316393.8628898)	[('tile_x', 4), ('tile_xT', 5)],None,66
autotvm - DEBUG - No: 13	GFLOPS: 3.42/5.11	result: MeasureResult(costs=(4.680590833,), error_no=MeasureErrorNo.NO_ERROR, all_cost=10.055915832519531, timestamp=1690316403.6096694)	[('tile_x', 5), ('tile_xT', 5)],None,67
autotvm - DEBUG - No: 14	GFLOPS: 1.83/5.11	result: MeasureResult(costs=(8.754078737,), error_no=MeasureErrorNo.NO_ERROR, all_cost=17.073413610458374, timestamp=1690316420.2188208)	[('tile_x', 40), ('tile_xT', 5)],None,72
autotvm - DEBUG - No: 15	GFLOPS: 0.99/5.11	result: MeasureResult(costs=(16.136852447,), error_no=MeasureErrorNo.NO_ERROR, all_cost=31.552729606628418, timestamp=1690316451.1054642)	[('tile_x', 5), ('tile_xT', 6)],None,83
autotvm - DEBUG - No: 16	GFLOPS: 2.31/5.11	result: MeasureResult(costs=(6.930907051,), error_no=MeasureErrorNo.NO_ERROR, all_cost=14.974881172180176, timestamp=1690316465.1989)	[('tile_x', 20), ('tile_xT', 6)],None,86
autotvm - DEBUG - No: 17	GFLOPS: 1.41/5.11	result: MeasureResult(costs=(11.310946335,), error_no=MeasureErrorNo.NO_ERROR, all_cost=20.796263456344604, timestamp=1690316485.0876853)	[('tile_x', 25), ('tile_xT', 6)],None,87
autotvm - DEBUG - No: 18	GFLOPS: 4.43/5.11	result: MeasureResult(costs=(3.609653077,), error_no=MeasureErrorNo.NO_ERROR, all_cost=6.958460807800293, timestamp=1690316491.7031765)	[('tile_x', 100), ('tile_xT', 6)],None,90
autotvm - DEBUG - No: 19	GFLOPS: 2.10/5.11	result: MeasureResult(costs=(7.627914967,), error_no=MeasureErrorNo.NO_ERROR, all_cost=15.493468284606934, timestamp=1690316507.162441)	[('tile_x', 1), ('tile_xT', 8)],None,96
autotvm - DEBUG - No: 20	GFLOPS: 1.95/5.11	result: MeasureResult(costs=(8.191099544,), error_no=MeasureErrorNo.NO_ERROR, all_cost=12.546759605407715, timestamp=1690316519.4413092)	[('tile_x', 40), ('tile_xT', 8)],None,104
autotvm - DEBUG - No: 21	GFLOPS: 1.97/5.11	result: MeasureResult(costs=(8.120964182,), error_no=MeasureErrorNo.NO_ERROR, all_cost=16.528260469436646, timestamp=1690316535.6747274)	[('tile_x', 1), ('tile_xT', 10)],None,112
autotvm - DEBUG - No: 22	GFLOPS: 2.36/5.11	result: MeasureResult(costs=(6.775446919,), error_no=MeasureErrorNo.NO_ERROR, all_cost=14.969504356384277, timestamp=1690316550.2782953)	[('tile_x', 2), ('tile_xT', 10)],None,113
autotvm - DEBUG - No: 23	GFLOPS: 3.33/5.11	result: MeasureResult(costs=(4.809571532,), error_no=MeasureErrorNo.NO_ERROR, all_cost=10.416196346282959, timestamp=1690316560.483407)	[('tile_x', 5), ('tile_xT', 10)],None,115
autotvm - DEBUG - No: 24	GFLOPS: 2.15/5.11	result: MeasureResult(costs=(7.438398931,), error_no=MeasureErrorNo.NO_ERROR, all_cost=12.255051851272583, timestamp=1690316572.5944746)	[('tile_x', 25), ('tile_xT', 10)],None,119
autotvm - DEBUG - No: 25	GFLOPS: 6.92/6.92	result: MeasureResult(costs=(2.3121068759999996,), error_no=MeasureErrorNo.NO_ERROR, all_cost=5.2552008628845215, timestamp=1690316577.5399766)	[('tile_x', 250), ('tile_xT', 10)],None,125
autotvm - DEBUG - No: 26	GFLOPS: 3.16/6.92	result: MeasureResult(costs=(5.062362412000001,), error_no=MeasureErrorNo.NO_ERROR, all_cost=14.769561529159546, timestamp=1690316592.2467196)	[('tile_x', 5), ('tile_xT', 12)],None,131
autotvm - DEBUG - No: 27	GFLOPS: 6.60/6.92	result: MeasureResult(costs=(2.422851932,), error_no=MeasureErrorNo.NO_ERROR, all_cost=5.985437870025635, timestamp=1690316597.477479)	[('tile_x', 100), ('tile_xT', 12)],None,138
autotvm - DEBUG - No: 28	GFLOPS: 7.40/7.40	result: MeasureResult(costs=(2.1614938219999997,), error_no=MeasureErrorNo.NO_ERROR, all_cost=5.002631425857544, timestamp=1690316602.1510515)	[('tile_x', 200), ('tile_xT', 12)],None,140
autotvm - DEBUG - No: 29	GFLOPS: 6.92/7.40	result: MeasureResult(costs=(2.310961867,), error_no=MeasureErrorNo.NO_ERROR, all_cost=6.108721733093262, timestamp=1690316607.1146517)	[('tile_x', 500), ('tile_xT', 12)],None,142
autotvm - DEBUG - No: 30	GFLOPS: 0.97/7.40	result: MeasureResult(costs=(16.558381657,), error_no=MeasureErrorNo.NO_ERROR, all_cost=27.30735993385315, timestamp=1690316634.1721542)	[('tile_x', 1), ('tile_xT', 15)],None,144
autotvm - DEBUG - No: 31	GFLOPS: 2.29/7.40	result: MeasureResult(costs=(6.990322808,), error_no=MeasureErrorNo.NO_ERROR, all_cost=14.825450897216797, timestamp=1690316648.4764335)	[('tile_x', 5), ('tile_xT', 15)],None,147
autotvm - DEBUG - No: 32	GFLOPS: 0.96/7.40	result: MeasureResult(costs=(16.736456438,), error_no=MeasureErrorNo.NO_ERROR, all_cost=28.016289472579956, timestamp=1690316676.2949598)	[('tile_x', 8), ('tile_xT', 15)],None,148
autotvm - DEBUG - No: 33	GFLOPS: 1.80/7.40	result: MeasureResult(costs=(8.896077189,), error_no=MeasureErrorNo.NO_ERROR, all_cost=16.039294481277466, timestamp=1690316691.9591515)	[('tile_x', 4), ('tile_xT', 16)],None,162
autotvm - DEBUG - No: 34	GFLOPS: 3.74/7.40	result: MeasureResult(costs=(4.279389736,), error_no=MeasureErrorNo.NO_ERROR, all_cost=9.999611377716064, timestamp=1690316700.798561)	[('tile_x', 50), ('tile_xT', 16)],None,169
autotvm - DEBUG - No: 35	GFLOPS: 7.14/7.40	result: MeasureResult(costs=(2.240323285,), error_no=MeasureErrorNo.NO_ERROR, all_cost=5.132085561752319, timestamp=1690316705.575737)	[('tile_x', 250), ('tile_xT', 16)],None,173
autotvm - DEBUG - No: 36	GFLOPS: 2.54/7.40	result: MeasureResult(costs=(6.302449459,), error_no=MeasureErrorNo.NO_ERROR, all_cost=10.936636924743652, timestamp=1690316716.0140107)	[('tile_x', 20), ('tile_xT', 20)],None,182
autotvm - DEBUG - No: 37	GFLOPS: 6.25/7.40	result: MeasureResult(costs=(2.562010929,), error_no=MeasureErrorNo.NO_ERROR, all_cost=5.527287006378174, timestamp=1690316721.3010292)	[('tile_x', 250), ('tile_xT', 20)],None,189
autotvm - DEBUG - No: 38	GFLOPS: 7.78/7.78	result: MeasureResult(costs=(2.057507727,), error_no=MeasureErrorNo.NO_ERROR, all_cost=4.710549354553223, timestamp=1690316725.8094676)	[('tile_x', 1000), ('tile_xT', 20)],None,191
autotvm - DEBUG - No: 39	GFLOPS: 1.65/7.78	result: MeasureResult(costs=(9.668170346,), error_no=MeasureErrorNo.NO_ERROR, all_cost=19.35391402244568, timestamp=1690316744.6125734)	[('tile_x', 2), ('tile_xT', 24)],None,193
autotvm - DEBUG - No: 40	GFLOPS: 2.13/7.78	result: MeasureResult(costs=(7.52778569,), error_no=MeasureErrorNo.NO_ERROR, all_cost=14.224731683731079, timestamp=1690316758.5788248)	[('tile_x', 25), ('tile_xT', 24)],None,199
autotvm - DEBUG - No: 41	GFLOPS: 6.72/7.78	result: MeasureResult(costs=(2.380384352,), error_no=MeasureErrorNo.NO_ERROR, all_cost=5.7353901863098145, timestamp=1690316763.7671)	[('tile_x', 50), ('tile_xT', 24)],None,201
autotvm - DEBUG - No: 42	GFLOPS: 6.68/7.78	result: MeasureResult(costs=(2.395654015,), error_no=MeasureErrorNo.NO_ERROR, all_cost=5.460655450820923, timestamp=1690316768.866821)	[('tile_x', 200), ('tile_xT', 24)],None,204
autotvm - DEBUG - No: 43	GFLOPS: 3.05/7.78	result: MeasureResult(costs=(5.245678441,), error_no=MeasureErrorNo.NO_ERROR, all_cost=10.617384433746338, timestamp=1690316779.2360892)	[('tile_x', 2), ('tile_xT', 25)],None,209
autotvm - DEBUG - No: 44	GFLOPS: 2.18/7.78	result: MeasureResult(costs=(7.329124489,), error_no=MeasureErrorNo.NO_ERROR, all_cost=14.74098825454712, timestamp=1690316793.7224097)	[('tile_x', 5), ('tile_xT', 25)],None,211
autotvm - DEBUG - No: 45	GFLOPS: 4.49/7.78	result: MeasureResult(costs=(3.567247907,), error_no=MeasureErrorNo.NO_ERROR, all_cost=7.395787000656128, timestamp=1690316801.078641)	[('tile_x', 8), ('tile_xT', 25)],None,212
autotvm - DEBUG - No: 46	GFLOPS: 7.36/7.78	result: MeasureResult(costs=(2.1743235789999997,), error_no=MeasureErrorNo.NO_ERROR, all_cost=5.25691556930542, timestamp=1690316805.8771434)	[('tile_x', 40), ('tile_xT', 25)],None,216
autotvm - DEBUG - No: 47	GFLOPS: 7.36/7.78	result: MeasureResult(costs=(2.174829778,), error_no=MeasureErrorNo.NO_ERROR, all_cost=4.999981641769409, timestamp=1690316810.5241654)	[('tile_x', 500), ('tile_xT', 25)],None,222
autotvm - DEBUG - No: 48	GFLOPS: 1.91/7.78	result: MeasureResult(costs=(8.387813308999998,), error_no=MeasureErrorNo.NO_ERROR, all_cost=16.42241358757019, timestamp=1690316826.635306)	[('tile_x', 4), ('tile_xT', 30)],None,226
autotvm - DEBUG - No: 49	GFLOPS: 7.10/7.78	result: MeasureResult(costs=(2.253847071,), error_no=MeasureErrorNo.NO_ERROR, all_cost=5.55535364151001, timestamp=1690316831.4002407)	[('tile_x', 200), ('tile_xT', 30)],None,236
autotvm - DEBUG - No: 50	GFLOPS: 3.42/7.78	result: MeasureResult(costs=(4.682351225000001,), error_no=MeasureErrorNo.NO_ERROR, all_cost=9.560051202774048, timestamp=1690316840.6900465)	[('tile_x', 4), ('tile_xT', 40)],None,242
autotvm - DEBUG - No: 51	GFLOPS: 7.55/7.78	result: MeasureResult(costs=(2.118182646,), error_no=MeasureErrorNo.NO_ERROR, all_cost=4.799393892288208, timestamp=1690316845.205363)	[('tile_x', 100), ('tile_xT', 40)],None,250
autotvm - DEBUG - No: 52	GFLOPS: 7.65/7.78	result: MeasureResult(costs=(2.092095061,), error_no=MeasureErrorNo.NO_ERROR, all_cost=4.821655988693237, timestamp=1690316849.673759)	[('tile_x', 250), ('tile_xT', 40)],None,253
autotvm - DEBUG - No: 53	GFLOPS: 1.61/7.78	result: MeasureResult(costs=(9.959579647,), error_no=MeasureErrorNo.NO_ERROR, all_cost=18.88320541381836, timestamp=1690316868.3464727)	[('tile_x', 1), ('tile_xT', 48)],None,256
autotvm - DEBUG - No: 54	GFLOPS: 1.85/7.78	result: MeasureResult(costs=(8.630976588,), error_no=MeasureErrorNo.NO_ERROR, all_cost=16.444761991500854, timestamp=1690316884.1855679)	[('tile_x', 4), ('tile_xT', 48)],None,258
autotvm - DEBUG - No: 55	GFLOPS: 2.47/7.78	result: MeasureResult(costs=(6.469481188,), error_no=MeasureErrorNo.NO_ERROR, all_cost=12.04855465888977, timestamp=1690316895.873993)	[('tile_x', 5), ('tile_xT', 48)],None,259
autotvm - DEBUG - No: 56	GFLOPS: 5.95/7.78	result: MeasureResult(costs=(2.687003811,), error_no=MeasureErrorNo.NO_ERROR, all_cost=6.053573846817017, timestamp=1690316901.7190084)	[('tile_x', 100), ('tile_xT', 48)],None,266
autotvm - DEBUG - No: 57	GFLOPS: 5.32/7.78	result: MeasureResult(costs=(3.007504554,), error_no=MeasureErrorNo.NO_ERROR, all_cost=6.275862693786621, timestamp=1690316907.7630684)	[('tile_x', 125), ('tile_xT', 48)],None,267
autotvm - DEBUG - No: 58	GFLOPS: 7.23/7.78	result: MeasureResult(costs=(2.212570017,), error_no=MeasureErrorNo.NO_ERROR, all_cost=4.999814987182617, timestamp=1690316912.5429013)	[('tile_x', 200), ('tile_xT', 48)],None,268
autotvm - DEBUG - No: 59	GFLOPS: 2.81/7.78	result: MeasureResult(costs=(5.69154299,), error_no=MeasureErrorNo.NO_ERROR, all_cost=10.470067739486694, timestamp=1690316922.6636257)	[('tile_x', 4), ('tile_xT', 50)],None,274
autotvm - DEBUG - No: 60	GFLOPS: 6.28/7.78	result: MeasureResult(costs=(2.549263112,), error_no=MeasureErrorNo.NO_ERROR, all_cost=5.439300537109375, timestamp=1690316927.854888)	[('tile_x', 125), ('tile_xT', 50)],None,283
autotvm - DEBUG - No: 61	GFLOPS: 7.71/7.78	result: MeasureResult(costs=(2.0742552730000003,), error_no=MeasureErrorNo.NO_ERROR, all_cost=4.7567458152771, timestamp=1690316932.3235004)	[('tile_x', 500), ('tile_xT', 50)],None,286
autotvm - DEBUG - No: 62	GFLOPS: 2.61/7.78	result: MeasureResult(costs=(6.1355994119999995,), error_no=MeasureErrorNo.NO_ERROR, all_cost=12.969512701034546, timestamp=1690316945.0584621)	[('tile_x', 2), ('tile_xT', 60)],None,289
autotvm - DEBUG - No: 63	GFLOPS: 7.96/7.96	result: MeasureResult(costs=(2.0096349780000002,), error_no=MeasureErrorNo.NO_ERROR, all_cost=4.630017995834351, timestamp=1690316949.443714)	[('tile_x', 100), ('tile_xT', 60)],None,298
autotvm - DEBUG - No: 64	GFLOPS: 1.56/7.96	result: MeasureResult(costs=(10.228597576,), error_no=MeasureErrorNo.NO_ERROR, all_cost=20.509931087493896, timestamp=1690316969.780127)	[('tile_x', 1), ('tile_xT', 75)],None,304
autotvm - DEBUG - No: 65	GFLOPS: 2.97/7.96	result: MeasureResult(costs=(5.389309465,), error_no=MeasureErrorNo.NO_ERROR, all_cost=10.831016540527344, timestamp=1690316980.362251)	[('tile_x', 20), ('tile_xT', 75)],None,310
autotvm - DEBUG - No: 66	GFLOPS: 7.43/7.96	result: MeasureResult(costs=(2.152110614,), error_no=MeasureErrorNo.NO_ERROR, all_cost=4.9134979248046875, timestamp=1690316984.9684567)	[('tile_x', 500), ('tile_xT', 75)],None,318
autotvm - DEBUG - No: 67	GFLOPS: 2.27/7.96	result: MeasureResult(costs=(7.041839617,), error_no=MeasureErrorNo.NO_ERROR, all_cost=12.195234060287476, timestamp=1690316996.8761058)	[('tile_x', 2), ('tile_xT', 80)],None,321
autotvm - DEBUG - No: 68	GFLOPS: 5.65/7.96	result: MeasureResult(costs=(2.83231734,), error_no=MeasureErrorNo.NO_ERROR, all_cost=6.512519598007202, timestamp=1690317002.9724967)	[('tile_x', 8), ('tile_xT', 80)],None,324
autotvm - DEBUG - No: 69	GFLOPS: 4.79/7.96	result: MeasureResult(costs=(3.342378919,), error_no=MeasureErrorNo.NO_ERROR, all_cost=7.129159688949585, timestamp=1690317009.8711152)	[('tile_x', 10), ('tile_xT', 80)],None,325
autotvm - DEBUG - No: 70	GFLOPS: 8.62/8.62	result: MeasureResult(costs=(1.856811821,), error_no=MeasureErrorNo.NO_ERROR, all_cost=4.281649827957153, timestamp=1690317013.9146369)	[('tile_x', 40), ('tile_xT', 80)],None,328
autotvm - DEBUG - No: 71	GFLOPS: 8.24/8.62	result: MeasureResult(costs=(1.9416816670000001,), error_no=MeasureErrorNo.NO_ERROR, all_cost=4.511281728744507, timestamp=1690317018.2248015)	[('tile_x', 100), ('tile_xT', 80)],None,330
autotvm - DEBUG - No: 72	GFLOPS: 3.49/8.62	result: MeasureResult(costs=(4.582931411,), error_no=MeasureErrorNo.NO_ERROR, all_cost=9.549383163452148, timestamp=1690317027.4278095)	[('tile_x', 10), ('tile_xT', 100)],None,341
autotvm - DEBUG - No: 73	GFLOPS: 4.48/8.62	result: MeasureResult(costs=(3.572953729,), error_no=MeasureErrorNo.NO_ERROR, all_cost=7.673222780227661, timestamp=1690317034.750908)	[('tile_x', 25), ('tile_xT', 100)],None,343
autotvm - DEBUG - No: 74	GFLOPS: 3.40/8.62	result: MeasureResult(costs=(4.711473868,), error_no=MeasureErrorNo.NO_ERROR, all_cost=9.69920825958252, timestamp=1690317044.1668139)	[('tile_x', 8), ('tile_xT', 120)],None,356
autotvm - DEBUG - No: 75	GFLOPS: 7.07/8.62	result: MeasureResult(costs=(2.263496016,), error_no=MeasureErrorNo.NO_ERROR, all_cost=4.982600927352905, timestamp=1690317048.9992878)	[('tile_x', 500), ('tile_xT', 120)],None,366
autotvm - DEBUG - No: 76	GFLOPS: 1.47/8.62	result: MeasureResult(costs=(10.874502153,), error_no=MeasureErrorNo.NO_ERROR, all_cost=21.672398567199707, timestamp=1690317070.3609989)	[('tile_x', 1), ('tile_xT', 150)],None,368
autotvm - DEBUG - No: 77	GFLOPS: 3.03/8.62	result: MeasureResult(costs=(5.277719073999999,), error_no=MeasureErrorNo.NO_ERROR, all_cost=11.383954286575317, timestamp=1690317081.0157394)	[('tile_x', 25), ('tile_xT', 150)],None,375
autotvm - DEBUG - No: 78	GFLOPS: 7.97/8.62	result: MeasureResult(costs=(2.008333036,), error_no=MeasureErrorNo.NO_ERROR, all_cost=4.754527807235718, timestamp=1690317085.5663302)	[('tile_x', 250), ('tile_xT', 150)],None,381
autotvm - DEBUG - No: 79	GFLOPS: 6.94/8.62	result: MeasureResult(costs=(2.3045289280000003,), error_no=MeasureErrorNo.NO_ERROR, all_cost=5.195129156112671, timestamp=1690317090.514463)	[('tile_x', 500), ('tile_xT', 150)],None,382
autotvm - DEBUG - No: 80	GFLOPS: 4.49/8.62	result: MeasureResult(costs=(3.56055887,), error_no=MeasureErrorNo.NO_ERROR, all_cost=7.696180820465088, timestamp=1690317098.062156)	[('tile_x', 8), ('tile_xT', 200)],None,388
autotvm - DEBUG - No: 81	GFLOPS: 4.81/8.62	result: MeasureResult(costs=(3.329216456,), error_no=MeasureErrorNo.NO_ERROR, all_cost=7.2492570877075195, timestamp=1690317105.0928652)	[('tile_x', 10), ('tile_xT', 200)],None,389
autotvm - DEBUG - No: 82	GFLOPS: 5.10/8.62	result: MeasureResult(costs=(3.135994361,), error_no=MeasureErrorNo.NO_ERROR, all_cost=6.740589141845703, timestamp=1690317111.7509832)	[('tile_x', 20), ('tile_xT', 200)],None,390
autotvm - DEBUG - No: 83	GFLOPS: 6.32/8.62	result: MeasureResult(costs=(2.53172642,), error_no=MeasureErrorNo.NO_ERROR, all_cost=5.514299392700195, timestamp=1690317116.9933403)	[('tile_x', 500), ('tile_xT', 200)],None,398
autotvm - DEBUG - No: 84	GFLOPS: 1.55/8.62	result: MeasureResult(costs=(10.32495524,), error_no=MeasureErrorNo.NO_ERROR, all_cost=20.747745990753174, timestamp=1690317137.5788174)	[('tile_x', 1), ('tile_xT', 240)],None,400
autotvm - DEBUG - No: 85	GFLOPS: 2.83/8.62	result: MeasureResult(costs=(5.644924839000001,), error_no=MeasureErrorNo.NO_ERROR, all_cost=11.575669050216675, timestamp=1690317148.9027092)	[('tile_x', 4), ('tile_xT', 240)],None,402
autotvm - DEBUG - No: 86	GFLOPS: 3.38/8.62	result: MeasureResult(costs=(4.733510194000001,), error_no=MeasureErrorNo.NO_ERROR, all_cost=10.777334928512573, timestamp=1690317158.9608004)	[('tile_x', 5), ('tile_xT', 240)],None,403
autotvm - DEBUG - No: 87	GFLOPS: 6.60/8.62	result: MeasureResult(costs=(2.4256791360000003,), error_no=MeasureErrorNo.NO_ERROR, all_cost=5.392564058303833, timestamp=1690317164.1074889)	[('tile_x', 40), ('tile_xT', 240)],None,408
autotvm - DEBUG - No: 88	GFLOPS: 7.21/8.62	result: MeasureResult(costs=(2.219630602,), error_no=MeasureErrorNo.NO_ERROR, all_cost=4.896975994110107, timestamp=1690317168.7779858)	[('tile_x', 100), ('tile_xT', 240)],None,410
autotvm - DEBUG - No: 89	GFLOPS: 6.92/8.62	result: MeasureResult(costs=(2.311840622,), error_no=MeasureErrorNo.NO_ERROR, all_cost=5.376585483551025, timestamp=1690317173.8240862)	[('tile_x', 500), ('tile_xT', 240)],None,414
autotvm - DEBUG - No: 90	GFLOPS: 3.48/8.62	result: MeasureResult(costs=(4.600059768,), error_no=MeasureErrorNo.NO_ERROR, all_cost=9.772933721542358, timestamp=1690317183.3379126)	[('tile_x', 10), ('tile_xT', 300)],None,421
autotvm - DEBUG - No: 91	GFLOPS: 6.59/8.62	result: MeasureResult(costs=(2.4260805540000003,), error_no=MeasureErrorNo.NO_ERROR, all_cost=5.594097375869751, timestamp=1690317188.6819546)	[('tile_x', 40), ('tile_xT', 300)],None,424
autotvm - DEBUG - No: 92	GFLOPS: 6.84/8.62	result: MeasureResult(costs=(2.339020486,), error_no=MeasureErrorNo.NO_ERROR, all_cost=5.248007774353027, timestamp=1690317193.7101123)	[('tile_x', 250), ('tile_xT', 300)],None,429
autotvm - DEBUG - No: 93	GFLOPS: 1.59/8.62	result: MeasureResult(costs=(10.049613213,), error_no=MeasureErrorNo.NO_ERROR, all_cost=20.654842853546143, timestamp=1690317214.1253445)	[('tile_x', 1), ('tile_xT', 400)],None,432
autotvm - DEBUG - No: 94	GFLOPS: 4.72/8.62	result: MeasureResult(costs=(3.387963555,), error_no=MeasureErrorNo.NO_ERROR, all_cost=7.186272859573364, timestamp=1690317221.1048424)	[('tile_x', 8), ('tile_xT', 400)],None,436
autotvm - DEBUG - No: 95	GFLOPS: 4.99/8.62	result: MeasureResult(costs=(3.203309403,), error_no=MeasureErrorNo.NO_ERROR, all_cost=6.993350982666016, timestamp=1690317227.9542997)	[('tile_x', 20), ('tile_xT', 400)],None,438
autotvm - DEBUG - No: 96	GFLOPS: 6.46/8.62	result: MeasureResult(costs=(2.475479366,), error_no=MeasureErrorNo.NO_ERROR, all_cost=5.569829940795898, timestamp=1690317233.1137514)	[('tile_x', 250), ('tile_xT', 400)],None,445
autotvm - DEBUG - No: 97	GFLOPS: 6.65/8.62	result: MeasureResult(costs=(2.404814129,), error_no=MeasureErrorNo.NO_ERROR, all_cost=5.392270803451538, timestamp=1690317238.2468529)	[('tile_x', 500), ('tile_xT', 400)],None,446
autotvm - DEBUG - No: 98	GFLOPS: 1.87/8.62	result: MeasureResult(costs=(8.538658283999998,), error_no=MeasureErrorNo.NO_ERROR, all_cost=17.115581274032593, timestamp=1690317255.110458)	[('tile_x', 10), ('tile_xT', 1200)],None,469
autotvm - DEBUG - No: 99	GFLOPS: 2.30/8.62	result: MeasureResult(costs=(6.954102427,), error_no=MeasureErrorNo.NO_ERROR, all_cost=14.71694803237915, timestamp=1690317269.5606868)	[('tile_x', 20), ('tile_xT', 1200)],None,470
autotvm - DEBUG - No: 100	GFLOPS: 2.35/8.62	result: MeasureResult(costs=(6.800847017,), error_no=MeasureErrorNo.NO_ERROR, all_cost=14.426104068756104, timestamp=1690317283.564853)	[('tile_x', 25), ('tile_xT', 1200)],None,471
root - INFO - Elpased time = 1157.2223694324493
autotvm - DEBUG - Finish loading 100 records
