root - INFO - GridSearch Tuner Matrix Multiplication - 2023-07-25 15:34:50.807518
autotvm - DEBUG - waiting for device...
autotvm - DEBUG - device available
autotvm - INFO - Get devices for measurement successfully!
autotvm - DEBUG - No: 1	GFLOPS: 0.87/0.87	result: MeasureResult(costs=(18.463101372,), error_no=MeasureErrorNo.NO_ERROR, all_cost=31.621168851852417, timestamp=1690317328.0217724)	[('tile_x', 1), ('tile_xT', 1)],None,0
autotvm - DEBUG - No: 2	GFLOPS: 0.54/0.87	result: MeasureResult(costs=(29.749016863,), error_no=MeasureErrorNo.NO_ERROR, all_cost=49.643744230270386, timestamp=1690317377.6857796)	[('tile_x', 2), ('tile_xT', 1)],None,1
autotvm - DEBUG - No: 3	GFLOPS: 0.82/0.87	result: MeasureResult(costs=(19.416844146,), error_no=MeasureErrorNo.NO_ERROR, all_cost=28.494499921798706, timestamp=1690317406.028973)	[('tile_x', 4), ('tile_xT', 1)],None,2
autotvm - DEBUG - No: 4	GFLOPS: 0.49/0.87	result: MeasureResult(costs=(32.980705545999996,), error_no=MeasureErrorNo.NO_ERROR, all_cost=42.39427399635315, timestamp=1690317448.3980854)	[('tile_x', 5), ('tile_xT', 1)],None,3
autotvm - DEBUG - No: 5	GFLOPS: 2.31/2.31	result: MeasureResult(costs=(6.930271687,), error_no=MeasureErrorNo.NO_ERROR, all_cost=25.492674589157104, timestamp=1690317473.917718)	[('tile_x', 8), ('tile_xT', 1)],None,4
autotvm - DEBUG - No: 6	GFLOPS: 0.72/2.31	result: MeasureResult(costs=(22.11007561,), error_no=MeasureErrorNo.NO_ERROR, all_cost=50.69199347496033, timestamp=1690317524.6034675)	[('tile_x', 10), ('tile_xT', 1)],None,5
autotvm - DEBUG - No: 7	GFLOPS: 0.84/2.31	result: MeasureResult(costs=(18.990088110000002,), error_no=MeasureErrorNo.NO_ERROR, all_cost=45.63671064376831, timestamp=1690317570.1511433)	[('tile_x', 20), ('tile_xT', 1)],None,6
autotvm - DEBUG - No: 8	GFLOPS: 1.07/2.31	result: MeasureResult(costs=(14.974280197,), error_no=MeasureErrorNo.NO_ERROR, all_cost=28.700306177139282, timestamp=1690317598.6392686)	[('tile_x', 25), ('tile_xT', 1)],None,7
autotvm - DEBUG - No: 9	GFLOPS: 2.86/2.86	result: MeasureResult(costs=(5.5888081849999995,), error_no=MeasureErrorNo.NO_ERROR, all_cost=11.678017854690552, timestamp=1690317610.0471106)	[('tile_x', 40), ('tile_xT', 1)],None,8
autotvm - DEBUG - No: 10	GFLOPS: 0.77/2.86	result: MeasureResult(costs=(20.651463096,), error_no=MeasureErrorNo.NO_ERROR, all_cost=34.45313811302185, timestamp=1690317644.4805195)	[('tile_x', 50), ('tile_xT', 1)],None,9
autotvm - DEBUG - No: 11	GFLOPS: 1.70/2.86	result: MeasureResult(costs=(9.386061345,), error_no=MeasureErrorNo.NO_ERROR, all_cost=17.833557844161987, timestamp=1690317661.9270942)	[('tile_x', 100), ('tile_xT', 1)],None,10
autotvm - DEBUG - No: 12	GFLOPS: 1.36/2.86	result: MeasureResult(costs=(11.738974534,), error_no=MeasureErrorNo.NO_ERROR, all_cost=21.573644876480103, timestamp=1690317683.4889226)	[('tile_x', 125), ('tile_xT', 1)],None,11
autotvm - DEBUG - No: 13	GFLOPS: 1.74/2.86	result: MeasureResult(costs=(9.171331957,), error_no=MeasureErrorNo.NO_ERROR, all_cost=17.283427000045776, timestamp=1690317700.5286882)	[('tile_x', 200), ('tile_xT', 1)],None,12
autotvm - DEBUG - No: 14	GFLOPS: 2.22/2.86	result: MeasureResult(costs=(7.193474814,), error_no=MeasureErrorNo.NO_ERROR, all_cost=13.457513093948364, timestamp=1690317713.934724)	[('tile_x', 250), ('tile_xT', 1)],None,13
autotvm - DEBUG - No: 15	GFLOPS: 2.38/2.86	result: MeasureResult(costs=(6.725766507,), error_no=MeasureErrorNo.NO_ERROR, all_cost=12.857932567596436, timestamp=1690317726.8010051)	[('tile_x', 500), ('tile_xT', 1)],None,14
autotvm - DEBUG - No: 16	GFLOPS: 3.21/3.21	result: MeasureResult(costs=(4.9836566389999994,), error_no=MeasureErrorNo.NO_ERROR, all_cost=10.39614462852478, timestamp=1690317737.210381)	[('tile_x', 1000), ('tile_xT', 1)],None,15
autotvm - DEBUG - No: 17	GFLOPS: 0.85/3.21	result: MeasureResult(costs=(18.876782959,), error_no=MeasureErrorNo.NO_ERROR, all_cost=35.91895055770874, timestamp=1690317772.7866015)	[('tile_x', 1), ('tile_xT', 2)],None,16
autotvm - DEBUG - No: 18	GFLOPS: 1.04/3.21	result: MeasureResult(costs=(15.416883454999999,), error_no=MeasureErrorNo.NO_ERROR, all_cost=27.821377515792847, timestamp=1690317800.606633)	[('tile_x', 2), ('tile_xT', 2)],None,17
autotvm - DEBUG - No: 19	GFLOPS: 1.15/3.21	result: MeasureResult(costs=(13.895762828,), error_no=MeasureErrorNo.NO_ERROR, all_cost=24.14001441001892, timestamp=1690317824.752223)	[('tile_x', 4), ('tile_xT', 2)],None,18
autotvm - DEBUG - No: 20	GFLOPS: 1.27/3.21	result: MeasureResult(costs=(12.645369034,), error_no=MeasureErrorNo.NO_ERROR, all_cost=28.909369468688965, timestamp=1690317853.2513363)	[('tile_x', 5), ('tile_xT', 2)],None,19
autotvm - DEBUG - No: 21	GFLOPS: 0.84/3.21	result: MeasureResult(costs=(19.12620179,), error_no=MeasureErrorNo.NO_ERROR, all_cost=31.82590079307556, timestamp=1690317884.9329312)	[('tile_x', 8), ('tile_xT', 2)],None,20
autotvm - DEBUG - No: 22	GFLOPS: 1.27/3.21	result: MeasureResult(costs=(12.584899207000001,), error_no=MeasureErrorNo.NO_ERROR, all_cost=41.48271703720093, timestamp=1690317926.376639)	[('tile_x', 10), ('tile_xT', 2)],None,21
autotvm - DEBUG - No: 23	GFLOPS: 0.61/3.21	result: MeasureResult(costs=(26.019732123,), error_no=MeasureErrorNo.NO_ERROR, all_cost=34.33247756958008, timestamp=1690317960.7081945)	[('tile_x', 20), ('tile_xT', 2)],None,22
autotvm - DEBUG - No: 24	GFLOPS: 0.42/3.21	result: MeasureResult(costs=(38.315919671,), error_no=MeasureErrorNo.NO_ERROR, all_cost=51.082027196884155, timestamp=1690318011.5395725)	[('tile_x', 25), ('tile_xT', 2)],None,23
autotvm - DEBUG - No: 25	GFLOPS: 0.97/3.21	result: MeasureResult(costs=(16.517427213999998,), error_no=MeasureErrorNo.NO_ERROR, all_cost=22.36787748336792, timestamp=1690318033.8516421)	[('tile_x', 40), ('tile_xT', 2)],None,24
autotvm - DEBUG - No: 26	GFLOPS: 4.32/4.32	result: MeasureResult(costs=(3.707365635,), error_no=MeasureErrorNo.NO_ERROR, all_cost=7.9920313358306885, timestamp=1690318041.6578035)	[('tile_x', 50), ('tile_xT', 2)],None,25
autotvm - DEBUG - No: 27	GFLOPS: 1.36/4.32	result: MeasureResult(costs=(11.785644855000001,), error_no=MeasureErrorNo.NO_ERROR, all_cost=19.085946798324585, timestamp=1690318060.3589559)	[('tile_x', 100), ('tile_xT', 2)],None,26
autotvm - DEBUG - No: 28	GFLOPS: 1.63/4.32	result: MeasureResult(costs=(9.829296045,), error_no=MeasureErrorNo.NO_ERROR, all_cost=18.288777112960815, timestamp=1690318078.6487184)	[('tile_x', 125), ('tile_xT', 2)],None,27
autotvm - DEBUG - No: 29	GFLOPS: 2.58/4.32	result: MeasureResult(costs=(6.211304329,), error_no=MeasureErrorNo.NO_ERROR, all_cost=12.31814956665039, timestamp=1690318090.8920088)	[('tile_x', 200), ('tile_xT', 2)],None,28
autotvm - DEBUG - No: 30	GFLOPS: 3.98/4.32	result: MeasureResult(costs=(4.019072501,), error_no=MeasureErrorNo.NO_ERROR, all_cost=8.608229398727417, timestamp=1690318099.2231452)	[('tile_x', 250), ('tile_xT', 2)],None,29
autotvm - DEBUG - No: 31	GFLOPS: 4.37/4.37	result: MeasureResult(costs=(3.658922568,), error_no=MeasureErrorNo.NO_ERROR, all_cost=7.841932535171509, timestamp=1690318106.9747214)	[('tile_x', 500), ('tile_xT', 2)],None,30
autotvm - DEBUG - No: 32	GFLOPS: 3.71/4.37	result: MeasureResult(costs=(4.312021017,), error_no=MeasureErrorNo.NO_ERROR, all_cost=9.089309453964233, timestamp=1690318115.7209997)	[('tile_x', 1000), ('tile_xT', 2)],None,31
autotvm - DEBUG - No: 33	GFLOPS: 0.89/4.37	result: MeasureResult(costs=(18.063519261,), error_no=MeasureErrorNo.NO_ERROR, all_cost=31.178157091140747, timestamp=1690318146.7375815)	[('tile_x', 1), ('tile_xT', 3)],None,32
autotvm - DEBUG - No: 34	GFLOPS: 1.33/4.37	result: MeasureResult(costs=(12.061799247000002,), error_no=MeasureErrorNo.NO_ERROR, all_cost=26.3119535446167, timestamp=1690318173.0477996)	[('tile_x', 2), ('tile_xT', 3)],None,33
autotvm - DEBUG - No: 35	GFLOPS: 2.80/4.37	result: MeasureResult(costs=(5.7242048830000005,), error_no=MeasureErrorNo.NO_ERROR, all_cost=12.911907434463501, timestamp=1690318185.6901755)	[('tile_x', 4), ('tile_xT', 3)],None,34
autotvm - DEBUG - No: 36	GFLOPS: 0.57/4.37	result: MeasureResult(costs=(28.200769128,), error_no=MeasureErrorNo.NO_ERROR, all_cost=42.33284258842468, timestamp=1690318227.8571122)	[('tile_x', 5), ('tile_xT', 3)],None,35
autotvm - DEBUG - No: 37	GFLOPS: 1.20/4.37	result: MeasureResult(costs=(13.288852967,), error_no=MeasureErrorNo.NO_ERROR, all_cost=22.82333779335022, timestamp=1690318250.3810632)	[('tile_x', 8), ('tile_xT', 3)],None,36
autotvm - DEBUG - No: 38	GFLOPS: 0.48/4.37	result: MeasureResult(costs=(33.02457724,), error_no=MeasureErrorNo.NO_ERROR, all_cost=44.97798228263855, timestamp=1690318295.1821182)	[('tile_x', 10), ('tile_xT', 3)],None,37
autotvm - DEBUG - No: 39	GFLOPS: 1.79/4.37	result: MeasureResult(costs=(8.933041472000001,), error_no=MeasureErrorNo.NO_ERROR, all_cost=21.842212200164795, timestamp=1690318316.7912884)	[('tile_x', 20), ('tile_xT', 3)],None,38
autotvm - DEBUG - No: 40	GFLOPS: 2.84/4.37	result: MeasureResult(costs=(5.636583127,), error_no=MeasureErrorNo.NO_ERROR, all_cost=11.856100082397461, timestamp=1690318328.5051236)	[('tile_x', 25), ('tile_xT', 3)],None,39
autotvm - DEBUG - No: 41	GFLOPS: 2.50/4.37	result: MeasureResult(costs=(6.387382473,), error_no=MeasureErrorNo.NO_ERROR, all_cost=11.259874820709229, timestamp=1690318339.5556538)	[('tile_x', 40), ('tile_xT', 3)],None,40
autotvm - DEBUG - No: 42	GFLOPS: 1.46/4.37	result: MeasureResult(costs=(10.933467596,), error_no=MeasureErrorNo.NO_ERROR, all_cost=17.912211656570435, timestamp=1690318357.0406616)	[('tile_x', 50), ('tile_xT', 3)],None,41
autotvm - DEBUG - No: 43	GFLOPS: 1.83/4.37	result: MeasureResult(costs=(8.728423457000002,), error_no=MeasureErrorNo.NO_ERROR, all_cost=14.430585861206055, timestamp=1690318371.3502789)	[('tile_x', 100), ('tile_xT', 3)],None,42
autotvm - DEBUG - No: 44	GFLOPS: 2.99/4.37	result: MeasureResult(costs=(5.348364956999999,), error_no=MeasureErrorNo.NO_ERROR, all_cost=10.291828393936157, timestamp=1690318381.4399917)	[('tile_x', 125), ('tile_xT', 3)],None,43
autotvm - DEBUG - No: 45	GFLOPS: 5.15/5.15	result: MeasureResult(costs=(3.1052357820000003,), error_no=MeasureErrorNo.NO_ERROR, all_cost=6.664158344268799, timestamp=1690318388.0266392)	[('tile_x', 200), ('tile_xT', 3)],None,44
autotvm - DEBUG - No: 46	GFLOPS: 4.26/5.15	result: MeasureResult(costs=(3.759842404,), error_no=MeasureErrorNo.NO_ERROR, all_cost=7.862134695053101, timestamp=1690318395.623754)	[('tile_x', 250), ('tile_xT', 3)],None,45
autotvm - DEBUG - No: 47	GFLOPS: 3.36/5.15	result: MeasureResult(costs=(4.766854644,), error_no=MeasureErrorNo.NO_ERROR, all_cost=8.38081979751587, timestamp=1690318403.9837594)	[('tile_x', 500), ('tile_xT', 3)],None,46
autotvm - DEBUG - No: 48	GFLOPS: 4.51/5.15	result: MeasureResult(costs=(3.5483492940000003,), error_no=MeasureErrorNo.NO_ERROR, all_cost=7.004537582397461, timestamp=1690318410.8919785)	[('tile_x', 1000), ('tile_xT', 3)],None,47
autotvm - DEBUG - No: 49	GFLOPS: 1.44/5.15	result: MeasureResult(costs=(11.107281751,), error_no=MeasureErrorNo.NO_ERROR, all_cost=24.35521125793457, timestamp=1690318435.044228)	[('tile_x', 1), ('tile_xT', 4)],None,48
autotvm - DEBUG - No: 50	GFLOPS: 1.39/5.15	result: MeasureResult(costs=(11.489336259,), error_no=MeasureErrorNo.NO_ERROR, all_cost=20.48802089691162, timestamp=1690318455.4168413)	[('tile_x', 2), ('tile_xT', 4)],None,49
autotvm - DEBUG - No: 51	GFLOPS: 3.66/5.15	result: MeasureResult(costs=(4.377488973,), error_no=MeasureErrorNo.NO_ERROR, all_cost=10.182944059371948, timestamp=1690318465.1938384)	[('tile_x', 4), ('tile_xT', 4)],None,50
autotvm - DEBUG - No: 52	GFLOPS: 1.21/5.15	result: MeasureResult(costs=(13.232686721,), error_no=MeasureErrorNo.NO_ERROR, all_cost=23.36754584312439, timestamp=1690318488.2251482)	[('tile_x', 5), ('tile_xT', 4)],None,51
autotvm - DEBUG - No: 53	GFLOPS: 3.43/5.15	result: MeasureResult(costs=(4.663492399,), error_no=MeasureErrorNo.NO_ERROR, all_cost=10.138282060623169, timestamp=1690318497.9436479)	[('tile_x', 8), ('tile_xT', 4)],None,52
autotvm - DEBUG - No: 54	GFLOPS: 1.44/5.15	result: MeasureResult(costs=(11.081199689,), error_no=MeasureErrorNo.NO_ERROR, all_cost=39.78665280342102, timestamp=1690318537.492159)	[('tile_x', 10), ('tile_xT', 4)],None,53
autotvm - DEBUG - No: 55	GFLOPS: 3.70/5.15	result: MeasureResult(costs=(4.321692408,), error_no=MeasureErrorNo.NO_ERROR, all_cost=9.491928577423096, timestamp=1690318546.5772657)	[('tile_x', 20), ('tile_xT', 4)],None,54
autotvm - DEBUG - No: 56	GFLOPS: 1.25/5.15	result: MeasureResult(costs=(12.784020341,), error_no=MeasureErrorNo.NO_ERROR, all_cost=25.463229656219482, timestamp=1690318571.6629891)	[('tile_x', 25), ('tile_xT', 4)],None,55
autotvm - DEBUG - No: 57	GFLOPS: 5.39/5.39	result: MeasureResult(costs=(2.9665624320000004,), error_no=MeasureErrorNo.NO_ERROR, all_cost=6.6844322681427, timestamp=1690318577.994068)	[('tile_x', 40), ('tile_xT', 4)],None,56
autotvm - DEBUG - No: 58	GFLOPS: 1.72/5.39	result: MeasureResult(costs=(9.303194108,), error_no=MeasureErrorNo.NO_ERROR, all_cost=16.80235981941223, timestamp=1690318594.4026904)	[('tile_x', 50), ('tile_xT', 4)],None,57
autotvm - DEBUG - No: 59	GFLOPS: 4.70/5.39	result: MeasureResult(costs=(3.407605943,), error_no=MeasureErrorNo.NO_ERROR, all_cost=7.413311958312988, timestamp=1690318601.6143014)	[('tile_x', 100), ('tile_xT', 4)],None,58
autotvm - DEBUG - No: 60	GFLOPS: 2.39/5.39	result: MeasureResult(costs=(6.684868719,), error_no=MeasureErrorNo.NO_ERROR, all_cost=12.165751218795776, timestamp=1690318613.5528007)	[('tile_x', 125), ('tile_xT', 4)],None,59
autotvm - DEBUG - No: 61	GFLOPS: 4.01/5.39	result: MeasureResult(costs=(3.9920536780000004,), error_no=MeasureErrorNo.NO_ERROR, all_cost=7.619197607040405, timestamp=1690318620.9902966)	[('tile_x', 200), ('tile_xT', 4)],None,60
autotvm - DEBUG - No: 62	GFLOPS: 4.72/5.39	result: MeasureResult(costs=(3.388251053,), error_no=MeasureErrorNo.NO_ERROR, all_cost=7.320958614349365, timestamp=1690318627.9144382)	[('tile_x', 250), ('tile_xT', 4)],None,61
autotvm - DEBUG - No: 63	GFLOPS: 5.29/5.39	result: MeasureResult(costs=(3.023723521,), error_no=MeasureErrorNo.NO_ERROR, all_cost=6.545248508453369, timestamp=1690318634.0995705)	[('tile_x', 500), ('tile_xT', 4)],None,62
autotvm - DEBUG - No: 64	GFLOPS: 4.40/5.39	result: MeasureResult(costs=(3.635370282,), error_no=MeasureErrorNo.NO_ERROR, all_cost=7.115529537200928, timestamp=1690318640.802081)	[('tile_x', 1000), ('tile_xT', 4)],None,63
autotvm - DEBUG - No: 65	GFLOPS: 1.79/5.39	result: MeasureResult(costs=(8.947848875,), error_no=MeasureErrorNo.NO_ERROR, all_cost=18.24621319770813, timestamp=1690318658.7203023)	[('tile_x', 1), ('tile_xT', 5)],None,64
autotvm - DEBUG - No: 66	GFLOPS: 1.39/5.39	result: MeasureResult(costs=(11.496566592999999,), error_no=MeasureErrorNo.NO_ERROR, all_cost=24.000815391540527, timestamp=1690318682.376831)	[('tile_x', 2), ('tile_xT', 5)],None,65
autotvm - DEBUG - No: 67	GFLOPS: 2.02/5.39	result: MeasureResult(costs=(7.939728124,), error_no=MeasureErrorNo.NO_ERROR, all_cost=16.184419631958008, timestamp=1690318698.2174046)	[('tile_x', 4), ('tile_xT', 5)],None,66
autotvm - DEBUG - No: 68	GFLOPS: 3.41/5.39	result: MeasureResult(costs=(4.686944614,), error_no=MeasureErrorNo.NO_ERROR, all_cost=9.906778812408447, timestamp=1690318707.9809935)	[('tile_x', 5), ('tile_xT', 5)],None,67
autotvm - DEBUG - No: 69	GFLOPS: 3.45/5.39	result: MeasureResult(costs=(4.636063493,), error_no=MeasureErrorNo.NO_ERROR, all_cost=19.10978603363037, timestamp=1690318726.7384412)	[('tile_x', 8), ('tile_xT', 5)],None,68
autotvm - DEBUG - No: 70	GFLOPS: 2.23/5.39	result: MeasureResult(costs=(7.167704007,), error_no=MeasureErrorNo.NO_ERROR, all_cost=15.650466203689575, timestamp=1690318741.9762814)	[('tile_x', 10), ('tile_xT', 5)],None,69
autotvm - DEBUG - No: 71	GFLOPS: 3.99/5.39	result: MeasureResult(costs=(4.010610496,), error_no=MeasureErrorNo.NO_ERROR, all_cost=8.81156301498413, timestamp=1690318750.393812)	[('tile_x', 20), ('tile_xT', 5)],None,70
autotvm - DEBUG - No: 72	GFLOPS: 4.00/5.39	result: MeasureResult(costs=(3.9991456509999996,), error_no=MeasureErrorNo.NO_ERROR, all_cost=8.804477453231812, timestamp=1690318758.7900887)	[('tile_x', 25), ('tile_xT', 5)],None,71
autotvm - DEBUG - No: 73	GFLOPS: 5.59/5.59	result: MeasureResult(costs=(2.8617054570000002,), error_no=MeasureErrorNo.NO_ERROR, all_cost=6.69403076171875, timestamp=1690318765.112235)	[('tile_x', 40), ('tile_xT', 5)],None,72
autotvm - DEBUG - No: 74	GFLOPS: 1.68/5.59	result: MeasureResult(costs=(9.513776297,), error_no=MeasureErrorNo.NO_ERROR, all_cost=17.22263741493225, timestamp=1690318781.9093037)	[('tile_x', 50), ('tile_xT', 5)],None,73
autotvm - DEBUG - No: 75	GFLOPS: 5.00/5.59	result: MeasureResult(costs=(3.19988691,), error_no=MeasureErrorNo.NO_ERROR, all_cost=7.155266046524048, timestamp=1690318788.701869)	[('tile_x', 100), ('tile_xT', 5)],None,74
autotvm - DEBUG - No: 76	GFLOPS: 4.58/5.59	result: MeasureResult(costs=(3.491320058,), error_no=MeasureErrorNo.NO_ERROR, all_cost=8.614309549331665, timestamp=1690318797.0735607)	[('tile_x', 125), ('tile_xT', 5)],None,75
autotvm - DEBUG - No: 77	GFLOPS: 6.16/6.16	result: MeasureResult(costs=(2.595931427,), error_no=MeasureErrorNo.NO_ERROR, all_cost=5.904782056808472, timestamp=1690318802.650884)	[('tile_x', 200), ('tile_xT', 5)],None,76
autotvm - DEBUG - No: 78	GFLOPS: 5.15/6.16	result: MeasureResult(costs=(3.106946558,), error_no=MeasureErrorNo.NO_ERROR, all_cost=6.752465009689331, timestamp=1690318808.9939563)	[('tile_x', 250), ('tile_xT', 5)],None,77
autotvm - DEBUG - No: 79	GFLOPS: 6.15/6.16	result: MeasureResult(costs=(2.599902192,), error_no=MeasureErrorNo.NO_ERROR, all_cost=6.034895658493042, timestamp=1690318814.6242185)	[('tile_x', 500), ('tile_xT', 5)],None,78
autotvm - DEBUG - No: 80	GFLOPS: 5.71/6.16	result: MeasureResult(costs=(2.799769736,), error_no=MeasureErrorNo.NO_ERROR, all_cost=6.117883682250977, timestamp=1690318820.3141458)	[('tile_x', 1000), ('tile_xT', 5)],None,79
autotvm - DEBUG - No: 81	GFLOPS: 1.65/6.16	result: MeasureResult(costs=(9.719839979,), error_no=MeasureErrorNo.NO_ERROR, all_cost=20.184425115585327, timestamp=1690318840.1134844)	[('tile_x', 1), ('tile_xT', 6)],None,80
autotvm - DEBUG - No: 82	GFLOPS: 1.39/6.16	result: MeasureResult(costs=(11.482670929,), error_no=MeasureErrorNo.NO_ERROR, all_cost=23.173386812210083, timestamp=1690318862.9263184)	[('tile_x', 2), ('tile_xT', 6)],None,81
autotvm - DEBUG - No: 83	GFLOPS: 1.56/6.16	result: MeasureResult(costs=(10.287714169000001,), error_no=MeasureErrorNo.NO_ERROR, all_cost=18.017605781555176, timestamp=1690318880.5963945)	[('tile_x', 4), ('tile_xT', 6)],None,82
autotvm - DEBUG - No: 84	GFLOPS: 0.79/6.16	result: MeasureResult(costs=(20.222110774,), error_no=MeasureErrorNo.NO_ERROR, all_cost=33.41532230377197, timestamp=1690318913.591125)	[('tile_x', 5), ('tile_xT', 6)],None,83
autotvm - DEBUG - No: 85	GFLOPS: 0.94/6.16	result: MeasureResult(costs=(17.055369726000002,), error_no=MeasureErrorNo.NO_ERROR, all_cost=26.3060200214386, timestamp=1690318939.5476916)	[('tile_x', 8), ('tile_xT', 6)],None,84
autotvm - DEBUG - No: 86	GFLOPS: 0.70/6.16	result: MeasureResult(costs=(22.796316384999997,), error_no=MeasureErrorNo.NO_ERROR, all_cost=28.89300513267517, timestamp=1690318968.0569603)	[('tile_x', 10), ('tile_xT', 6)],None,85
autotvm - DEBUG - No: 87	GFLOPS: 1.68/6.16	result: MeasureResult(costs=(9.528044378,), error_no=MeasureErrorNo.NO_ERROR, all_cost=22.550594091415405, timestamp=1690318990.1641483)	[('tile_x', 20), ('tile_xT', 6)],None,86
autotvm - DEBUG - No: 88	GFLOPS: 1.39/6.16	result: MeasureResult(costs=(11.499848151,), error_no=MeasureErrorNo.NO_ERROR, all_cost=24.586244583129883, timestamp=1690319014.4277146)	[('tile_x', 25), ('tile_xT', 6)],None,87
autotvm - DEBUG - No: 89	GFLOPS: 5.73/6.16	result: MeasureResult(costs=(2.7919848430000003,), error_no=MeasureErrorNo.NO_ERROR, all_cost=6.42143177986145, timestamp=1690319020.4103947)	[('tile_x', 40), ('tile_xT', 6)],None,88
autotvm - DEBUG - No: 90	GFLOPS: 2.39/6.16	result: MeasureResult(costs=(6.69028582,), error_no=MeasureErrorNo.NO_ERROR, all_cost=12.802852869033813, timestamp=1690319032.7796557)	[('tile_x', 50), ('tile_xT', 6)],None,89
autotvm - DEBUG - No: 91	GFLOPS: 3.17/6.16	result: MeasureResult(costs=(5.04611713,), error_no=MeasureErrorNo.NO_ERROR, all_cost=8.28041696548462, timestamp=1690319040.722239)	[('tile_x', 100), ('tile_xT', 6)],None,90
autotvm - DEBUG - No: 92	GFLOPS: 5.62/6.16	result: MeasureResult(costs=(2.848360587,), error_no=MeasureErrorNo.NO_ERROR, all_cost=6.682853698730469, timestamp=1690319046.995686)	[('tile_x', 125), ('tile_xT', 6)],None,91
autotvm - DEBUG - No: 93	GFLOPS: 6.59/6.59	result: MeasureResult(costs=(2.429155612,), error_no=MeasureErrorNo.NO_ERROR, all_cost=5.664003610610962, timestamp=1690319052.236281)	[('tile_x', 200), ('tile_xT', 6)],None,92
autotvm - DEBUG - No: 94	GFLOPS: 6.28/6.59	result: MeasureResult(costs=(2.548025571,), error_no=MeasureErrorNo.NO_ERROR, all_cost=5.950998306274414, timestamp=1690319057.7600412)	[('tile_x', 250), ('tile_xT', 6)],None,93
autotvm - DEBUG - No: 95	GFLOPS: 5.98/6.59	result: MeasureResult(costs=(2.674087063,), error_no=MeasureErrorNo.NO_ERROR, all_cost=5.959280967712402, timestamp=1690319063.3047419)	[('tile_x', 500), ('tile_xT', 6)],None,94
autotvm - DEBUG - No: 96	GFLOPS: 6.12/6.59	result: MeasureResult(costs=(2.615949269,), error_no=MeasureErrorNo.NO_ERROR, all_cost=5.860397815704346, timestamp=1690319068.738238)	[('tile_x', 1000), ('tile_xT', 6)],None,95
autotvm - DEBUG - No: 97	GFLOPS: 1.87/6.59	result: MeasureResult(costs=(8.573999459000001,), error_no=MeasureErrorNo.NO_ERROR, all_cost=17.188974380493164, timestamp=1690319085.577279)	[('tile_x', 1), ('tile_xT', 8)],None,96
autotvm - DEBUG - No: 98	GFLOPS: 1.87/6.59	result: MeasureResult(costs=(8.553181671,), error_no=MeasureErrorNo.NO_ERROR, all_cost=17.61444330215454, timestamp=1690319102.78386)	[('tile_x', 2), ('tile_xT', 8)],None,97
autotvm - DEBUG - No: 99	GFLOPS: 1.17/6.59	result: MeasureResult(costs=(13.664988955,), error_no=MeasureErrorNo.NO_ERROR, all_cost=23.090007781982422, timestamp=1690319125.4597726)	[('tile_x', 4), ('tile_xT', 8)],None,98
autotvm - DEBUG - No: 100	GFLOPS: 0.90/6.59	result: MeasureResult(costs=(17.696525392999998,), error_no=MeasureErrorNo.NO_ERROR, all_cost=30.846803188323975, timestamp=1690319155.9026706)	[('tile_x', 5), ('tile_xT', 8)],None,99
root - INFO - Elpased time = 1865.3227090835571
autotvm - DEBUG - Finish loading 100 records
