root - INFO - Random Tuner Matrix Multiplication - 2023-08-06 19:49:11.649708
autotvm - DEBUG - waiting for device...
autotvm - DEBUG - device available
autotvm - INFO - Get devices for measurement successfully!
autotvm - DEBUG - No: 1	GFLOPS: 3.42/3.42	result: MeasureResult(costs=(4.67738824,), error_no=MeasureErrorNo.NO_ERROR, all_cost=9.745633840560913, timestamp=1691369372.1817164)	[('tile_x', 1000), ('tile_xT', 1)],None,21
autotvm - DEBUG - No: 2	GFLOPS: 5.26/5.26	result: MeasureResult(costs=(3.042138125,), error_no=MeasureErrorNo.NO_ERROR, all_cost=6.549084901809692, timestamp=1691369378.6747248)	[('tile_x', 125), ('tile_xT', 5)],None,86
autotvm - DEBUG - No: 3	GFLOPS: 4.60/5.26	result: MeasureResult(costs=(3.4769979899999996,), error_no=MeasureErrorNo.NO_ERROR, all_cost=7.270724773406982, timestamp=1691369385.823739)	[('tile_x', 25), ('tile_xT', 16)],None,152
autotvm - DEBUG - No: 4	GFLOPS: 0.59/5.26	result: MeasureResult(costs=(27.193663598,), error_no=MeasureErrorNo.NO_ERROR, all_cost=54.63547348976135, timestamp=1691369440.4024305)	[('tile_x', 2), ('tile_xT', 2000)],None,529
autotvm - DEBUG - No: 5	GFLOPS: 4.74/5.26	result: MeasureResult(costs=(3.37646826,), error_no=MeasureErrorNo.NO_ERROR, all_cost=7.229222536087036, timestamp=1691369447.5758748)	[('tile_x', 4), ('tile_xT', 80)],None,290
autotvm - DEBUG - No: 6	GFLOPS: 9.10/9.10	result: MeasureResult(costs=(1.757968315,), error_no=MeasureErrorNo.NO_ERROR, all_cost=3.947674036026001, timestamp=1691369451.4614782)	[('tile_x', 50), ('tile_xT', 250)],None,419
autotvm - DEBUG - No: 7	GFLOPS: 3.62/9.10	result: MeasureResult(costs=(4.420202955,), error_no=MeasureErrorNo.NO_ERROR, all_cost=9.293810844421387, timestamp=1691369460.4967904)	[('tile_x', 25), ('tile_xT', 4)],None,56
autotvm - DEBUG - No: 8	GFLOPS: 3.50/9.10	result: MeasureResult(costs=(4.568166292,), error_no=MeasureErrorNo.NO_ERROR, all_cost=9.624992847442627, timestamp=1691369470.0456824)	[('tile_x', 400), ('tile_xT', 1)],None,18
autotvm - DEBUG - No: 9	GFLOPS: 4.91/9.10	result: MeasureResult(costs=(3.260947158,), error_no=MeasureErrorNo.NO_ERROR, all_cost=7.042139291763306, timestamp=1691369476.9377098)	[('tile_x', 25), ('tile_xT', 20)],None,176
autotvm - DEBUG - No: 10	GFLOPS: 6.88/9.10	result: MeasureResult(costs=(2.324938854,), error_no=MeasureErrorNo.NO_ERROR, all_cost=5.126852512359619, timestamp=1691369481.9580572)	[('tile_x', 40), ('tile_xT', 160)],None,370
autotvm - DEBUG - No: 11	GFLOPS: 5.00/9.10	result: MeasureResult(costs=(3.2005758500000003,), error_no=MeasureErrorNo.NO_ERROR, all_cost=6.854715824127197, timestamp=1691369488.7687998)	[('tile_x', 8), ('tile_xT', 500)],None,460
autotvm - DEBUG - No: 12	GFLOPS: 8.27/9.10	result: MeasureResult(costs=(1.935174797,), error_no=MeasureErrorNo.NO_ERROR, all_cost=4.539230585098267, timestamp=1691369493.1851933)	[('tile_x', 80), ('tile_xT', 125)],None,348
autotvm - DEBUG - No: 13	GFLOPS: 3.12/9.10	result: MeasureResult(costs=(5.1221168299999995,), error_no=MeasureErrorNo.NO_ERROR, all_cost=10.627622604370117, timestamp=1691369503.7952044)	[('tile_x', 125), ('tile_xT', 1)],None,14
autotvm - DEBUG - No: 14	GFLOPS: 3.07/9.10	result: MeasureResult(costs=(5.205835943,), error_no=MeasureErrorNo.NO_ERROR, all_cost=10.871224403381348, timestamp=1691369514.6196015)	[('tile_x', 2), ('tile_xT', 400)],None,433
autotvm - DEBUG - No: 15	GFLOPS: 1.57/9.10	result: MeasureResult(costs=(10.164539792,), error_no=MeasureErrorNo.NO_ERROR, all_cost=21.169949293136597, timestamp=1691369535.626583)	[('tile_x', 1), ('tile_xT', 400)],None,432
autotvm - DEBUG - No: 16	GFLOPS: 7.06/9.10	result: MeasureResult(costs=(2.267455466,), error_no=MeasureErrorNo.NO_ERROR, all_cost=5.0702126026153564, timestamp=1691369540.5333066)	[('tile_x', 200), ('tile_xT', 400)],None,448
autotvm - DEBUG - No: 17	GFLOPS: 4.28/9.10	result: MeasureResult(costs=(3.735911146,), error_no=MeasureErrorNo.NO_ERROR, all_cost=8.098666191101074, timestamp=1691369548.4082408)	[('tile_x', 5), ('tile_xT', 16)],None,147
autotvm - DEBUG - No: 18	GFLOPS: 4.54/9.10	result: MeasureResult(costs=(3.523919802,), error_no=MeasureErrorNo.NO_ERROR, all_cost=7.653900146484375, timestamp=1691369555.788209)	[('tile_x', 8), ('tile_xT', 20)],None,172
autotvm - DEBUG - No: 19	GFLOPS: 7.60/9.10	result: MeasureResult(costs=(2.104414186,), error_no=MeasureErrorNo.NO_ERROR, all_cost=4.725311756134033, timestamp=1691369560.3725376)	[('tile_x', 1000), ('tile_xT', 400)],None,453
autotvm - DEBUG - No: 20	GFLOPS: 1.69/9.10	result: MeasureResult(costs=(9.457343915,), error_no=MeasureErrorNo.NO_ERROR, all_cost=19.65820288658142, timestamp=1691369579.876752)	[('tile_x', 32), ('tile_xT', 1)],None,9
autotvm - DEBUG - No: 21	GFLOPS: 5.68/9.10	result: MeasureResult(costs=(2.816528214,), error_no=MeasureErrorNo.NO_ERROR, all_cost=6.125641345977783, timestamp=1691369585.87932)	[('tile_x', 40), ('tile_xT', 5)],None,82
autotvm - DEBUG - No: 22	GFLOPS: 5.62/9.10	result: MeasureResult(costs=(2.8486115450000002,), error_no=MeasureErrorNo.NO_ERROR, all_cost=6.13513445854187, timestamp=1691369591.9428544)	[('tile_x', 8), ('tile_xT', 100)],None,316
autotvm - DEBUG - No: 23	GFLOPS: 7.54/9.10	result: MeasureResult(costs=(2.122376921,), error_no=MeasureErrorNo.NO_ERROR, all_cost=4.531813621520996, timestamp=1691369596.4260213)	[('tile_x', 2000), ('tile_xT', 50)],None,286
autotvm - DEBUG - No: 24	GFLOPS: 9.12/9.12	result: MeasureResult(costs=(1.754880744,), error_no=MeasureErrorNo.NO_ERROR, all_cost=4.01719331741333, timestamp=1691369600.3050714)	[('tile_x', 50), ('tile_xT', 200)],None,395
autotvm - DEBUG - No: 25	GFLOPS: 5.24/9.12	result: MeasureResult(costs=(3.050728832,), error_no=MeasureErrorNo.NO_ERROR, all_cost=6.732328176498413, timestamp=1691369606.7695332)	[('tile_x', 20), ('tile_xT', 80)],None,295
autotvm - DEBUG - No: 26	GFLOPS: 2.88/9.12	result: MeasureResult(costs=(5.555227395,), error_no=MeasureErrorNo.NO_ERROR, all_cost=11.697229623794556, timestamp=1691369618.2909377)	[('tile_x', 1), ('tile_xT', 25)],None,192
autotvm - DEBUG - No: 27	GFLOPS: 8.49/9.12	result: MeasureResult(costs=(1.8850572589999999,), error_no=MeasureErrorNo.NO_ERROR, all_cost=4.299090385437012, timestamp=1691369622.43011)	[('tile_x', 40), ('tile_xT', 20)],None,178
autotvm - DEBUG - No: 28	GFLOPS: 4.47/9.12	result: MeasureResult(costs=(3.5806951949999997,), error_no=MeasureErrorNo.NO_ERROR, all_cost=7.412321329116821, timestamp=1691369629.776869)	[('tile_x', 8), ('tile_xT', 10)],None,124
autotvm - DEBUG - No: 29	GFLOPS: 3.02/9.12	result: MeasureResult(costs=(5.295751497,), error_no=MeasureErrorNo.NO_ERROR, all_cost=11.1815664768219, timestamp=1691369640.7774055)	[('tile_x', 32), ('tile_xT', 400)],None,441
autotvm - DEBUG - No: 30	GFLOPS: 3.55/9.12	result: MeasureResult(costs=(4.510834531,), error_no=MeasureErrorNo.NO_ERROR, all_cost=9.54607605934143, timestamp=1691369650.1382117)	[('tile_x', 4), ('tile_xT', 32)],None,218
autotvm - DEBUG - No: 31	GFLOPS: 5.06/9.12	result: MeasureResult(costs=(3.159467782,), error_no=MeasureErrorNo.NO_ERROR, all_cost=6.748228073120117, timestamp=1691369656.8196614)	[('tile_x', 125), ('tile_xT', 500)],None,470
autotvm - DEBUG - No: 32	GFLOPS: 4.33/9.12	result: MeasureResult(costs=(3.695837853,), error_no=MeasureErrorNo.NO_ERROR, all_cost=7.725047588348389, timestamp=1691369664.4490852)	[('tile_x', 10), ('tile_xT', 10)],None,125
autotvm - DEBUG - No: 33	GFLOPS: 4.85/9.12	result: MeasureResult(costs=(3.296111951,), error_no=MeasureErrorNo.NO_ERROR, all_cost=7.080616474151611, timestamp=1691369671.4060745)	[('tile_x', 10), ('tile_xT', 500)],None,461
autotvm - DEBUG - No: 34	GFLOPS: 3.58/9.12	result: MeasureResult(costs=(4.466000342999999,), error_no=MeasureErrorNo.NO_ERROR, all_cost=9.51003909111023, timestamp=1691369680.7009223)	[('tile_x', 16), ('tile_xT', 32)],None,222
autotvm - DEBUG - No: 35	GFLOPS: 6.69/9.12	result: MeasureResult(costs=(2.390487696,), error_no=MeasureErrorNo.NO_ERROR, all_cost=5.388570785522461, timestamp=1691369685.8935611)	[('tile_x', 50), ('tile_xT', 160)],None,371
autotvm - DEBUG - No: 36	GFLOPS: 3.81/9.12	result: MeasureResult(costs=(4.201077356,), error_no=MeasureErrorNo.NO_ERROR, all_cost=8.922582149505615, timestamp=1691369694.6662185)	[('tile_x', 10), ('tile_xT', 4)],None,53
autotvm - DEBUG - No: 37	GFLOPS: 9.07/9.12	result: MeasureResult(costs=(1.7639569739999998,), error_no=MeasureErrorNo.NO_ERROR, all_cost=4.0343544483184814, timestamp=1691369698.7004302)	[('tile_x', 50), ('tile_xT', 125)],None,347
autotvm - DEBUG - No: 38	GFLOPS: 2.42/9.12	result: MeasureResult(costs=(6.6163301279999995,), error_no=MeasureErrorNo.NO_ERROR, all_cost=13.868305921554565, timestamp=1691369712.339284)	[('tile_x', 160), ('tile_xT', 40)],None,255
autotvm - DEBUG - No: 39	GFLOPS: 2.30/9.12	result: MeasureResult(costs=(6.969966577,), error_no=MeasureErrorNo.NO_ERROR, all_cost=14.530030965805054, timestamp=1691369726.6431973)	[('tile_x', 25), ('tile_xT', 2000)],None,536
autotvm - DEBUG - No: 40	GFLOPS: 7.87/9.12	result: MeasureResult(costs=(2.03339789,), error_no=MeasureErrorNo.NO_ERROR, all_cost=4.422400712966919, timestamp=1691369730.950961)	[('tile_x', 100), ('tile_xT', 200)],None,397
autotvm - DEBUG - No: 41	GFLOPS: 7.82/9.12	result: MeasureResult(costs=(2.044949654,), error_no=MeasureErrorNo.NO_ERROR, all_cost=4.755157470703125, timestamp=1691369735.4501302)	[('tile_x', 1000), ('tile_xT', 16)],None,165
autotvm - DEBUG - No: 42	GFLOPS: 2.03/9.12	result: MeasureResult(costs=(7.877241210999999,), error_no=MeasureErrorNo.NO_ERROR, all_cost=16.20590901374817, timestamp=1691369751.5698233)	[('tile_x', 160), ('tile_xT', 32)],None,231
autotvm - DEBUG - No: 43	GFLOPS: 1.79/9.12	result: MeasureResult(costs=(8.943535015,), error_no=MeasureErrorNo.NO_ERROR, all_cost=17.872169256210327, timestamp=1691369769.3403044)	[('tile_x', 160), ('tile_xT', 2000)],None,543
autotvm - DEBUG - No: 44	GFLOPS: 4.91/9.12	result: MeasureResult(costs=(3.259685936,), error_no=MeasureErrorNo.NO_ERROR, all_cost=7.156476020812988, timestamp=1691369776.2621593)	[('tile_x', 4), ('tile_xT', 125)],None,338
autotvm - DEBUG - No: 45	GFLOPS: 2.75/9.12	result: MeasureResult(costs=(5.81735052,), error_no=MeasureErrorNo.NO_ERROR, all_cost=12.21520209312439, timestamp=1691369788.2628002)	[('tile_x', 16), ('tile_xT', 2000)],None,534
autotvm - DEBUG - No: 46	GFLOPS: 2.16/9.12	result: MeasureResult(costs=(7.4130953250000005,), error_no=MeasureErrorNo.NO_ERROR, all_cost=15.301111698150635, timestamp=1691369803.293366)	[('tile_x', 32), ('tile_xT', 800)],None,489
autotvm - DEBUG - No: 47	GFLOPS: 7.41/9.12	result: MeasureResult(costs=(2.158584817,), error_no=MeasureErrorNo.NO_ERROR, all_cost=5.018242359161377, timestamp=1691369808.0227842)	[('tile_x', 200), ('tile_xT', 10)],None,136
autotvm - DEBUG - No: 48	GFLOPS: 8.85/9.12	result: MeasureResult(costs=(1.808451662,), error_no=MeasureErrorNo.NO_ERROR, all_cost=4.094353675842285, timestamp=1691369812.0094771)	[('tile_x', 40), ('tile_xT', 100)],None,322
autotvm - DEBUG - No: 49	GFLOPS: 8.23/9.12	result: MeasureResult(costs=(1.9429769369999998,), error_no=MeasureErrorNo.NO_ERROR, all_cost=4.364750623703003, timestamp=1691369816.2635746)	[('tile_x', 4000), ('tile_xT', 500)],None,479
autotvm - DEBUG - No: 50	GFLOPS: 5.60/9.12	result: MeasureResult(costs=(2.8567832589999997,), error_no=MeasureErrorNo.NO_ERROR, all_cost=6.1337995529174805, timestamp=1691369822.3902986)	[('tile_x', 200), ('tile_xT', 4000)],None,568
autotvm - DEBUG - No: 51	GFLOPS: 7.93/9.12	result: MeasureResult(costs=(2.018410224,), error_no=MeasureErrorNo.NO_ERROR, all_cost=4.717206001281738, timestamp=1691369826.79265)	[('tile_x', 400), ('tile_xT', 100)],None,330
autotvm - DEBUG - No: 52	GFLOPS: 2.92/9.12	result: MeasureResult(costs=(5.485330147,), error_no=MeasureErrorNo.NO_ERROR, all_cost=11.37980341911316, timestamp=1691369837.9717863)	[('tile_x', 250), ('tile_xT', 1)],None,17
autotvm - DEBUG - No: 53	GFLOPS: 7.93/9.12	result: MeasureResult(costs=(2.0165046440000003,), error_no=MeasureErrorNo.NO_ERROR, all_cost=4.574684381484985, timestamp=1691369842.4166663)	[('tile_x', 200), ('tile_xT', 20)],None,184
autotvm - DEBUG - No: 54	GFLOPS: 4.16/9.12	result: MeasureResult(costs=(3.847383618,), error_no=MeasureErrorNo.NO_ERROR, all_cost=8.160625457763672, timestamp=1691369850.4804304)	[('tile_x', 100), ('tile_xT', 1000)],None,517
autotvm - DEBUG - No: 55	GFLOPS: 5.32/9.12	result: MeasureResult(costs=(3.0070472169999998,), error_no=MeasureErrorNo.NO_ERROR, all_cost=6.4714531898498535, timestamp=1691369856.8622932)	[('tile_x', 100), ('tile_xT', 5)],None,85
autotvm - DEBUG - No: 56	GFLOPS: 5.29/9.12	result: MeasureResult(costs=(3.024800146,), error_no=MeasureErrorNo.NO_ERROR, all_cost=6.600511074066162, timestamp=1691369863.3227608)	[('tile_x', 20), ('tile_xT', 100)],None,319
autotvm - DEBUG - No: 57	GFLOPS: 8.30/9.12	result: MeasureResult(costs=(1.926623942,), error_no=MeasureErrorNo.NO_ERROR, all_cost=4.400325059890747, timestamp=1691369867.5450783)	[('tile_x', 2000), ('tile_xT', 80)],None,310
autotvm - DEBUG - No: 58	GFLOPS: 7.97/9.12	result: MeasureResult(costs=(2.007230854,), error_no=MeasureErrorNo.NO_ERROR, all_cost=4.695647954940796, timestamp=1691369872.1008847)	[('tile_x', 1000), ('tile_xT', 40)],None,261
autotvm - DEBUG - No: 59	GFLOPS: 2.19/9.12	result: MeasureResult(costs=(7.2958223680000005,), error_no=MeasureErrorNo.NO_ERROR, all_cost=15.21428894996643, timestamp=1691369887.091386)	[('tile_x', 160), ('tile_xT', 1000)],None,519
autotvm - DEBUG - No: 60	GFLOPS: 2.42/9.12	result: MeasureResult(costs=(6.6149092309999995,), error_no=MeasureErrorNo.NO_ERROR, all_cost=13.724815130233765, timestamp=1691369900.6937895)	[('tile_x', 160), ('tile_xT', 125)],None,351
autotvm - DEBUG - No: 61	GFLOPS: 3.76/9.12	result: MeasureResult(costs=(4.258122332,), error_no=MeasureErrorNo.NO_ERROR, all_cost=9.26192831993103, timestamp=1691369909.7493393)	[('tile_x', 8), ('tile_xT', 5)],None,76
autotvm - DEBUG - No: 62	GFLOPS: 4.89/9.12	result: MeasureResult(costs=(3.2713733269999996,), error_no=MeasureErrorNo.NO_ERROR, all_cost=7.197379112243652, timestamp=1691369916.7006013)	[('tile_x', 10), ('tile_xT', 200)],None,389
autotvm - DEBUG - No: 63	GFLOPS: 3.03/9.12	result: MeasureResult(costs=(5.285527780000001,), error_no=MeasureErrorNo.NO_ERROR, all_cost=11.098987102508545, timestamp=1691369927.648884)	[('tile_x', 1000), ('tile_xT', 2000)],None,549
autotvm - DEBUG - No: 64	GFLOPS: 7.86/9.12	result: MeasureResult(costs=(2.035255229,), error_no=MeasureErrorNo.NO_ERROR, all_cost=4.589778184890747, timestamp=1691369932.0885081)	[('tile_x', 4000), ('tile_xT', 10)],None,143
autotvm - DEBUG - No: 65	GFLOPS: 2.13/9.12	result: MeasureResult(costs=(7.499992229,), error_no=MeasureErrorNo.NO_ERROR, all_cost=15.745776653289795, timestamp=1691369947.7011)	[('tile_x', 160), ('tile_xT', 4)],None,63
autotvm - DEBUG - No: 66	GFLOPS: 5.26/9.12	result: MeasureResult(costs=(3.0426145879999997,), error_no=MeasureErrorNo.NO_ERROR, all_cost=6.544790267944336, timestamp=1691369954.1527886)	[('tile_x', 8), ('tile_xT', 250)],None,412
autotvm - DEBUG - No: 67	GFLOPS: 8.61/9.12	result: MeasureResult(costs=(1.858406923,), error_no=MeasureErrorNo.NO_ERROR, all_cost=4.311864376068115, timestamp=1691369958.2410202)	[('tile_x', 200), ('tile_xT', 125)],None,352
autotvm - DEBUG - No: 68	GFLOPS: 5.22/9.12	result: MeasureResult(costs=(3.065233455,), error_no=MeasureErrorNo.NO_ERROR, all_cost=6.883040904998779, timestamp=1691369964.7826002)	[('tile_x', 25), ('tile_xT', 80)],None,296
autotvm - DEBUG - No: 69	GFLOPS: 7.07/9.12	result: MeasureResult(costs=(2.2640939429999998,), error_no=MeasureErrorNo.NO_ERROR, all_cost=5.199418306350708, timestamp=1691369969.6774938)	[('tile_x', 1000), ('tile_xT', 8)],None,117
autotvm - DEBUG - No: 70	GFLOPS: 6.93/9.12	result: MeasureResult(costs=(2.307759141,), error_no=MeasureErrorNo.NO_ERROR, all_cost=5.269972324371338, timestamp=1691369974.8259099)	[('tile_x', 250), ('tile_xT', 8)],None,113
autotvm - DEBUG - No: 71	GFLOPS: 3.20/9.12	result: MeasureResult(costs=(4.997596305,), error_no=MeasureErrorNo.NO_ERROR, all_cost=10.512101888656616, timestamp=1691369985.2352073)	[('tile_x', 2000), ('tile_xT', 2000)],None,550
autotvm - DEBUG - No: 72	GFLOPS: 6.45/9.12	result: MeasureResult(costs=(2.4816230289999996,), error_no=MeasureErrorNo.NO_ERROR, all_cost=5.610063791275024, timestamp=1691369990.5702503)	[('tile_x', 400), ('tile_xT', 4000)],None,570
autotvm - DEBUG - No: 73	GFLOPS: 1.97/9.12	result: MeasureResult(costs=(8.136730765,), error_no=MeasureErrorNo.NO_ERROR, all_cost=16.67860174179077, timestamp=1691370007.0388422)	[('tile_x', 160), ('tile_xT', 2)],None,39
autotvm - DEBUG - No: 74	GFLOPS: 8.45/9.12	result: MeasureResult(costs=(1.8936851650000002,), error_no=MeasureErrorNo.NO_ERROR, all_cost=4.352592706680298, timestamp=1691370011.2485192)	[('tile_x', 4000), ('tile_xT', 400)],None,455
autotvm - DEBUG - No: 75	GFLOPS: 2.81/9.12	result: MeasureResult(costs=(5.6896036930000005,), error_no=MeasureErrorNo.NO_ERROR, all_cost=11.932564735412598, timestamp=1691370022.8889587)	[('tile_x', 32), ('tile_xT', 8)],None,105
autotvm - DEBUG - No: 76	GFLOPS: 4.48/9.12	result: MeasureResult(costs=(3.571936473,), error_no=MeasureErrorNo.NO_ERROR, all_cost=7.746108055114746, timestamp=1691370030.3958771)	[('tile_x', 20), ('tile_xT', 8)],None,103
autotvm - DEBUG - No: 77	GFLOPS: 1.72/9.12	result: MeasureResult(costs=(9.324763554999999,), error_no=MeasureErrorNo.NO_ERROR, all_cost=19.114977836608887, timestamp=1691370049.2814372)	[('tile_x', 1), ('tile_xT', 4)],None,48
autotvm - DEBUG - No: 78	GFLOPS: 6.99/9.12	result: MeasureResult(costs=(2.290579639,), error_no=MeasureErrorNo.NO_ERROR, all_cost=5.18524956703186, timestamp=1691370054.2277582)	[('tile_x', 400), ('tile_xT', 200)],None,402
autotvm - DEBUG - No: 79	GFLOPS: 5.36/9.12	result: MeasureResult(costs=(2.984194989,), error_no=MeasureErrorNo.NO_ERROR, all_cost=6.470674991607666, timestamp=1691370060.5607784)	[('tile_x', 100), ('tile_xT', 800)],None,493
autotvm - DEBUG - No: 80	GFLOPS: 4.29/9.12	result: MeasureResult(costs=(3.726284525,), error_no=MeasureErrorNo.NO_ERROR, all_cost=7.981739521026611, timestamp=1691370068.4252667)	[('tile_x', 4000), ('tile_xT', 1)],None,23
autotvm - DEBUG - No: 81	GFLOPS: 5.19/9.12	result: MeasureResult(costs=(3.082388073,), error_no=MeasureErrorNo.NO_ERROR, all_cost=6.79553747177124, timestamp=1691370074.9516733)	[('tile_x', 16), ('tile_xT', 500)],None,462
autotvm - DEBUG - No: 82	GFLOPS: 3.95/9.12	result: MeasureResult(costs=(4.054328998,), error_no=MeasureErrorNo.NO_ERROR, all_cost=8.877967357635498, timestamp=1691370083.595828)	[('tile_x', 16), ('tile_xT', 40)],None,246
autotvm - DEBUG - No: 83	GFLOPS: 6.68/9.12	result: MeasureResult(costs=(2.39581481,), error_no=MeasureErrorNo.NO_ERROR, all_cost=5.447312355041504, timestamp=1691370088.8003964)	[('tile_x', 500), ('tile_xT', 800)],None,499
autotvm - DEBUG - No: 84	GFLOPS: 6.43/9.12	result: MeasureResult(costs=(2.487477861,), error_no=MeasureErrorNo.NO_ERROR, all_cost=5.439191818237305, timestamp=1691370094.139231)	[('tile_x', 400), ('tile_xT', 1000)],None,522
autotvm - DEBUG - No: 85	GFLOPS: 2.97/9.12	result: MeasureResult(costs=(5.395992515,), error_no=MeasureErrorNo.NO_ERROR, all_cost=11.477985382080078, timestamp=1691370105.297233)	[('tile_x', 32), ('tile_xT', 16)],None,153
autotvm - DEBUG - No: 86	GFLOPS: 9.03/9.12	result: MeasureResult(costs=(1.7713121699999999,), error_no=MeasureErrorNo.NO_ERROR, all_cost=4.192870140075684, timestamp=1691370109.2507935)	[('tile_x', 50), ('tile_xT', 80)],None,299
autotvm - DEBUG - No: 87	GFLOPS: 4.50/9.12	result: MeasureResult(costs=(3.556015504,), error_no=MeasureErrorNo.NO_ERROR, all_cost=7.8759400844573975, timestamp=1691370116.8964689)	[('tile_x', 4), ('tile_xT', 250)],None,410
autotvm - DEBUG - No: 88	GFLOPS: 3.04/9.12	result: MeasureResult(costs=(5.26165684,), error_no=MeasureErrorNo.NO_ERROR, all_cost=11.171356678009033, timestamp=1691370127.7893324)	[('tile_x', 32), ('tile_xT', 50)],None,273
autotvm - DEBUG - No: 89	GFLOPS: 6.20/9.12	result: MeasureResult(costs=(2.581800924,), error_no=MeasureErrorNo.NO_ERROR, all_cost=5.805985927581787, timestamp=1691370133.3665433)	[('tile_x', 200), ('tile_xT', 5)],None,88
autotvm - DEBUG - No: 90	GFLOPS: 8.00/9.12	result: MeasureResult(costs=(2.000461082,), error_no=MeasureErrorNo.NO_ERROR, all_cost=4.5684661865234375, timestamp=1691370137.7303946)	[('tile_x', 500), ('tile_xT', 32)],None,235
autotvm - DEBUG - No: 91	GFLOPS: 0.56/9.12	result: MeasureResult(costs=(28.775119947,), error_no=MeasureErrorNo.NO_ERROR, all_cost=58.0972204208374, timestamp=1691370195.6458406)	[('tile_x', 2), ('tile_xT', 4000)],None,553
autotvm - DEBUG - No: 92	GFLOPS: 5.21/9.12	result: MeasureResult(costs=(3.069964456,), error_no=MeasureErrorNo.NO_ERROR, all_cost=6.7934088706970215, timestamp=1691370202.206906)	[('tile_x', 80), ('tile_xT', 800)],None,492
autotvm - DEBUG - No: 93	GFLOPS: 8.21/9.12	result: MeasureResult(costs=(1.94957193,), error_no=MeasureErrorNo.NO_ERROR, all_cost=4.486849308013916, timestamp=1691370206.4721138)	[('tile_x', 4000), ('tile_xT', 32)],None,239
autotvm - DEBUG - No: 94	GFLOPS: 8.21/9.12	result: MeasureResult(costs=(1.94882545,), error_no=MeasureErrorNo.NO_ERROR, all_cost=4.549297571182251, timestamp=1691370210.738786)	[('tile_x', 2000), ('tile_xT', 20)],None,190
autotvm - DEBUG - No: 95	GFLOPS: 3.57/9.12	result: MeasureResult(costs=(4.483841428,), error_no=MeasureErrorNo.NO_ERROR, all_cost=9.909146070480347, timestamp=1691370220.28791)	[('tile_x', 20), ('tile_xT', 160)],None,367
autotvm - DEBUG - No: 96	GFLOPS: 8.28/9.12	result: MeasureResult(costs=(1.932528287,), error_no=MeasureErrorNo.NO_ERROR, all_cost=4.372238874435425, timestamp=1691370224.5225093)	[('tile_x', 4000), ('tile_xT', 25)],None,215
autotvm - DEBUG - No: 97	GFLOPS: 5.00/9.12	result: MeasureResult(costs=(3.20165119,), error_no=MeasureErrorNo.NO_ERROR, all_cost=6.774842977523804, timestamp=1691370231.2895675)	[('tile_x', 20), ('tile_xT', 500)],None,463
autotvm - DEBUG - No: 98	GFLOPS: 7.58/9.12	result: MeasureResult(costs=(2.110695299,), error_no=MeasureErrorNo.NO_ERROR, all_cost=4.897231340408325, timestamp=1691370235.9208646)	[('tile_x', 1000), ('tile_xT', 500)],None,477
autotvm - DEBUG - No: 99	GFLOPS: 3.65/9.12	result: MeasureResult(costs=(4.382102216,), error_no=MeasureErrorNo.NO_ERROR, all_cost=9.132049798965454, timestamp=1691370245.049855)	[('tile_x', 16), ('tile_xT', 160)],None,366
autotvm - DEBUG - No: 100	GFLOPS: 4.74/9.12	result: MeasureResult(costs=(3.376353689,), error_no=MeasureErrorNo.NO_ERROR, all_cost=7.586538076400757, timestamp=1691370252.3584719)	[('tile_x', 40), ('tile_xT', 800)],None,490
root - INFO - Elpased time = 900.920236825943
autotvm - DEBUG - Finish loading 300 records
