root - INFO - XGB Tuner Matrix Multiplication - 2023-08-01 18:20:27.848874
autotvm - DEBUG - waiting for device...
autotvm - DEBUG - device available
autotvm - INFO - Get devices for measurement successfully!
autotvm - DEBUG - No: 1	GFLOPS: 2.85/2.85	result: MeasureResult(costs=(5.619794989,), error_no=MeasureErrorNo.NO_ERROR, all_cost=11.8268461227417, timestamp=1690932044.7927048)	[('tile_x', 800), ('tile_xT', 100)],None,332
autotvm - DEBUG - No: 2	GFLOPS: 3.12/3.12	result: MeasureResult(costs=(5.134659804,), error_no=MeasureErrorNo.NO_ERROR, all_cost=10.5471031665802, timestamp=1690932055.3345408)	[('tile_x', 4000), ('tile_xT', 2000)],None,551
autotvm - DEBUG - No: 3	GFLOPS: 6.64/6.64	result: MeasureResult(costs=(2.41116788,), error_no=MeasureErrorNo.NO_ERROR, all_cost=5.312901973724365, timestamp=1690932060.5681262)	[('tile_x', 200), ('tile_xT', 8)],None,112
autotvm - DEBUG - No: 4	GFLOPS: 4.23/6.64	result: MeasureResult(costs=(3.784316335,), error_no=MeasureErrorNo.NO_ERROR, all_cost=8.030345916748047, timestamp=1690932068.5155294)	[('tile_x', 5), ('tile_xT', 40)],None,243
autotvm - DEBUG - No: 5	GFLOPS: 2.16/6.64	result: MeasureResult(costs=(7.413812532,), error_no=MeasureErrorNo.NO_ERROR, all_cost=15.213489770889282, timestamp=1690932083.6768587)	[('tile_x', 160), ('tile_xT', 8)],None,111
autotvm - DEBUG - No: 6	GFLOPS: 3.17/6.64	result: MeasureResult(costs=(5.047890058,), error_no=MeasureErrorNo.NO_ERROR, all_cost=10.42942190170288, timestamp=1690932094.0894215)	[('tile_x', 100), ('tile_xT', 2000)],None,541
autotvm - DEBUG - No: 7	GFLOPS: 6.22/6.64	result: MeasureResult(costs=(2.570769589,), error_no=MeasureErrorNo.NO_ERROR, all_cost=5.395410537719727, timestamp=1690932099.4137697)	[('tile_x', 400), ('tile_xT', 500)],None,474
autotvm - DEBUG - No: 8	GFLOPS: 4.93/6.64	result: MeasureResult(costs=(3.246222672,), error_no=MeasureErrorNo.NO_ERROR, all_cost=7.091516733169556, timestamp=1690932106.350291)	[('tile_x', 25), ('tile_xT', 400)],None,440
autotvm - DEBUG - No: 9	GFLOPS: 3.85/6.64	result: MeasureResult(costs=(4.151333711,), error_no=MeasureErrorNo.NO_ERROR, all_cost=8.75036096572876, timestamp=1690932115.0290082)	[('tile_x', 10), ('tile_xT', 160)],None,365
autotvm - DEBUG - No: 10	GFLOPS: 1.27/6.64	result: MeasureResult(costs=(12.644280817999999,), error_no=MeasureErrorNo.NO_ERROR, all_cost=23.77077078819275, timestamp=1690932138.7846713)	[('tile_x', 4), ('tile_xT', 20)],None,170
autotvm - DEBUG - No: 11	GFLOPS: 9.00/9.00	result: MeasureResult(costs=(1.77721396,), error_no=MeasureErrorNo.NO_ERROR, all_cost=4.048192977905273, timestamp=1690932142.770686)	[('tile_x', 50), ('tile_xT', 80)],None,299
autotvm - DEBUG - No: 12	GFLOPS: 7.49/9.00	result: MeasureResult(costs=(2.136112512,), error_no=MeasureErrorNo.NO_ERROR, all_cost=4.541921854019165, timestamp=1690932147.2659974)	[('tile_x', 80), ('tile_xT', 250)],None,420
autotvm - DEBUG - No: 13	GFLOPS: 0.86/9.00	result: MeasureResult(costs=(18.608826001,), error_no=MeasureErrorNo.NO_ERROR, all_cost=31.779916763305664, timestamp=1690932179.0158186)	[('tile_x', 5), ('tile_xT', 2000)],None,531
autotvm - DEBUG - No: 14	GFLOPS: 2.26/9.00	result: MeasureResult(costs=(7.065987999,), error_no=MeasureErrorNo.NO_ERROR, all_cost=15.735488891601562, timestamp=1690932194.5591943)	[('tile_x', 20), ('tile_xT', 1)],None,7
autotvm - DEBUG - No: 15	GFLOPS: 2.63/9.00	result: MeasureResult(costs=(6.084874532,), error_no=MeasureErrorNo.NO_ERROR, all_cost=12.749784231185913, timestamp=1690932207.3101373)	[('tile_x', 16), ('tile_xT', 4000)],None,558
autotvm - DEBUG - No: 16	GFLOPS: 2.14/9.00	result: MeasureResult(costs=(7.469293789,), error_no=MeasureErrorNo.NO_ERROR, all_cost=15.47220253944397, timestamp=1690932222.645642)	[('tile_x', 160), ('tile_xT', 10)],None,135
autotvm - DEBUG - No: 17	GFLOPS: 6.72/9.00	result: MeasureResult(costs=(2.381865361,), error_no=MeasureErrorNo.NO_ERROR, all_cost=5.168929815292358, timestamp=1690932227.7675457)	[('tile_x', 200), ('tile_xT', 500)],None,472
autotvm - DEBUG - No: 18	GFLOPS: 2.60/9.00	result: MeasureResult(costs=(6.1607598029999995,), error_no=MeasureErrorNo.NO_ERROR, all_cost=12.948782205581665, timestamp=1690932240.6693838)	[('tile_x', 25), ('tile_xT', 1000)],None,512
autotvm - DEBUG - No: 19	GFLOPS: 4.54/9.00	result: MeasureResult(costs=(3.527853146,), error_no=MeasureErrorNo.NO_ERROR, all_cost=7.649448394775391, timestamp=1690932248.2754936)	[('tile_x', 5), ('tile_xT', 200)],None,387
autotvm - DEBUG - No: 20	GFLOPS: 3.27/9.00	result: MeasureResult(costs=(4.897299788000001,), error_no=MeasureErrorNo.NO_ERROR, all_cost=8.648301362991333, timestamp=1690932256.8725417)	[('tile_x', 5), ('tile_xT', 80)],None,291
autotvm - DEBUG - No: 21	GFLOPS: 1.91/9.00	result: MeasureResult(costs=(8.386791781,), error_no=MeasureErrorNo.NO_ERROR, all_cost=13.18019962310791, timestamp=1690932270.0232651)	[('tile_x', 2), ('tile_xT', 50)],None,265
autotvm - DEBUG - No: 22	GFLOPS: 0.53/9.00	result: MeasureResult(costs=(29.968934003999998,), error_no=MeasureErrorNo.NO_ERROR, all_cost=51.542341470718384, timestamp=1690932321.4624975)	[('tile_x', 20), ('tile_xT', 2)],None,31
autotvm - DEBUG - No: 23	GFLOPS: 2.91/9.00	result: MeasureResult(costs=(5.48973724,), error_no=MeasureErrorNo.NO_ERROR, all_cost=11.332989692687988, timestamp=1690932332.7618299)	[('tile_x', 10), ('tile_xT', 800)],None,485
autotvm - DEBUG - No: 24	GFLOPS: 3.38/9.00	result: MeasureResult(costs=(4.737977546,), error_no=MeasureErrorNo.NO_ERROR, all_cost=10.675942182540894, timestamp=1690932343.351887)	[('tile_x', 125), ('tile_xT', 2)],None,38
autotvm - DEBUG - No: 25	GFLOPS: 4.78/9.00	result: MeasureResult(costs=(3.348489443,), error_no=MeasureErrorNo.NO_ERROR, all_cost=7.097588777542114, timestamp=1690932350.4337158)	[('tile_x', 80), ('tile_xT', 4)],None,60
autotvm - DEBUG - No: 26	GFLOPS: 5.22/9.00	result: MeasureResult(costs=(3.065580196,), error_no=MeasureErrorNo.NO_ERROR, all_cost=6.580068826675415, timestamp=1690932356.9786582)	[('tile_x', 8), ('tile_xT', 250)],None,412
autotvm - DEBUG - No: 27	GFLOPS: 7.00/9.00	result: MeasureResult(costs=(2.284952128,), error_no=MeasureErrorNo.NO_ERROR, all_cost=5.236145257949829, timestamp=1690932362.203736)	[('tile_x', 80), ('tile_xT', 16)],None,156
autotvm - DEBUG - No: 28	GFLOPS: 6.33/9.00	result: MeasureResult(costs=(2.528346557,), error_no=MeasureErrorNo.NO_ERROR, all_cost=5.139572620391846, timestamp=1690932367.337023)	[('tile_x', 200), ('tile_xT', 200)],None,400
autotvm - DEBUG - No: 29	GFLOPS: 2.26/9.00	result: MeasureResult(costs=(7.082223932,), error_no=MeasureErrorNo.NO_ERROR, all_cost=14.600231170654297, timestamp=1690932381.92242)	[('tile_x', 160), ('tile_xT', 400)],None,447
autotvm - DEBUG - No: 30	GFLOPS: 7.81/9.00	result: MeasureResult(costs=(2.049184608,), error_no=MeasureErrorNo.NO_ERROR, all_cost=4.377832412719727, timestamp=1690932386.307896)	[('tile_x', 4000), ('tile_xT', 32)],None,239
autotvm - DEBUG - No: 31	GFLOPS: 4.81/9.00	result: MeasureResult(costs=(3.325908672,), error_no=MeasureErrorNo.NO_ERROR, all_cost=7.06321907043457, timestamp=1690932393.3406117)	[('tile_x', 10), ('tile_xT', 16)],None,149
autotvm - DEBUG - No: 32	GFLOPS: 1.14/9.00	result: MeasureResult(costs=(14.073327939,), error_no=MeasureErrorNo.NO_ERROR, all_cost=46.840962648391724, timestamp=1690932440.1952796)	[('tile_x', 8), ('tile_xT', 1)],None,4
autotvm - DEBUG - No: 33	GFLOPS: 6.94/9.00	result: MeasureResult(costs=(2.3069573169999997,), error_no=MeasureErrorNo.NO_ERROR, all_cost=4.891613245010376, timestamp=1690932445.0770411)	[('tile_x', 4000), ('tile_xT', 800)],None,503
autotvm - DEBUG - No: 34	GFLOPS: 1.06/9.00	result: MeasureResult(costs=(15.138140455999999,), error_no=MeasureErrorNo.NO_ERROR, all_cost=25.262772798538208, timestamp=1690932470.1639168)	[('tile_x', 32), ('tile_xT', 4000)],None,561
autotvm - DEBUG - No: 35	GFLOPS: 5.54/9.00	result: MeasureResult(costs=(2.887957092,), error_no=MeasureErrorNo.NO_ERROR, all_cost=6.402713060379028, timestamp=1690932476.5486197)	[('tile_x', 100), ('tile_xT', 400)],None,445
autotvm - DEBUG - No: 36	GFLOPS: 6.06/9.00	result: MeasureResult(costs=(2.6405140780000003,), error_no=MeasureErrorNo.NO_ERROR, all_cost=5.704811096191406, timestamp=1690932482.2556942)	[('tile_x', 400), ('tile_xT', 5)],None,90
autotvm - DEBUG - No: 37	GFLOPS: 2.42/9.00	result: MeasureResult(costs=(6.6148677010000005,), error_no=MeasureErrorNo.NO_ERROR, all_cost=11.751189231872559, timestamp=1690932493.9521596)	[('tile_x', 25), ('tile_xT', 32)],None,224
autotvm - DEBUG - No: 38	GFLOPS: 2.04/9.00	result: MeasureResult(costs=(7.861585869,), error_no=MeasureErrorNo.NO_ERROR, all_cost=17.23677897453308, timestamp=1690932511.1768026)	[('tile_x', 5), ('tile_xT', 20)],None,171
autotvm - DEBUG - No: 39	GFLOPS: 4.80/9.00	result: MeasureResult(costs=(3.3321609669999996,), error_no=MeasureErrorNo.NO_ERROR, all_cost=6.831899881362915, timestamp=1690932517.963166)	[('tile_x', 25), ('tile_xT', 80)],None,296
autotvm - DEBUG - No: 40	GFLOPS: 2.52/9.00	result: MeasureResult(costs=(6.337185583,), error_no=MeasureErrorNo.NO_ERROR, all_cost=12.20453667640686, timestamp=1690932530.1570594)	[('tile_x', 8), ('tile_xT', 1000)],None,508
autotvm - DEBUG - No: 41	GFLOPS: 2.76/9.00	result: MeasureResult(costs=(5.79208468,), error_no=MeasureErrorNo.NO_ERROR, all_cost=11.881944417953491, timestamp=1690932542.0224745)	[('tile_x', 800), ('tile_xT', 125)],None,356
autotvm - DEBUG - No: 42	GFLOPS: 2.08/9.00	result: MeasureResult(costs=(7.709057218,), error_no=MeasureErrorNo.NO_ERROR, all_cost=15.746196985244751, timestamp=1690932557.742751)	[('tile_x', 160), ('tile_xT', 5)],None,87
autotvm - DEBUG - No: 43	GFLOPS: 4.66/9.00	result: MeasureResult(costs=(3.430550781,), error_no=MeasureErrorNo.NO_ERROR, all_cost=7.188223123550415, timestamp=1690932564.8524709)	[('tile_x', 25), ('tile_xT', 50)],None,272
autotvm - DEBUG - No: 44	GFLOPS: 6.92/9.00	result: MeasureResult(costs=(2.311634934,), error_no=MeasureErrorNo.NO_ERROR, all_cost=4.9762609004974365, timestamp=1690932569.8374016)	[('tile_x', 125), ('tile_xT', 80)],None,302
autotvm - DEBUG - No: 45	GFLOPS: 8.33/9.00	result: MeasureResult(costs=(1.9201725200000002,), error_no=MeasureErrorNo.NO_ERROR, all_cost=4.227983713150024, timestamp=1690932574.0596)	[('tile_x', 4000), ('tile_xT', 100)],None,335
autotvm - DEBUG - No: 46	GFLOPS: 4.99/9.00	result: MeasureResult(costs=(3.203291573,), error_no=MeasureErrorNo.NO_ERROR, all_cost=7.027086973190308, timestamp=1690932581.0595753)	[('tile_x', 20), ('tile_xT', 400)],None,439
autotvm - DEBUG - No: 47	GFLOPS: 2.86/9.00	result: MeasureResult(costs=(5.587391528,), error_no=MeasureErrorNo.NO_ERROR, all_cost=11.611743450164795, timestamp=1690932592.6920054)	[('tile_x', 80), ('tile_xT', 5)],None,84
autotvm - DEBUG - No: 48	GFLOPS: 7.55/9.00	result: MeasureResult(costs=(2.120402599,), error_no=MeasureErrorNo.NO_ERROR, all_cost=4.61386775970459, timestamp=1690932597.2868075)	[('tile_x', 1000), ('tile_xT', 160)],None,381
autotvm - DEBUG - No: 49	GFLOPS: 3.01/9.00	result: MeasureResult(costs=(5.317062056,), error_no=MeasureErrorNo.NO_ERROR, all_cost=11.144133806228638, timestamp=1690932608.3965704)	[('tile_x', 25), ('tile_xT', 800)],None,488
autotvm - DEBUG - No: 50	GFLOPS: 2.00/9.00	result: MeasureResult(costs=(7.989211974,), error_no=MeasureErrorNo.NO_ERROR, all_cost=16.72978162765503, timestamp=1690932625.1337395)	[('tile_x', 160), ('tile_xT', 32)],None,231
autotvm - DEBUG - No: 51	GFLOPS: 7.48/9.00	result: MeasureResult(costs=(2.140076729,), error_no=MeasureErrorNo.NO_ERROR, all_cost=4.763218402862549, timestamp=1690932629.7568944)	[('tile_x', 200), ('tile_xT', 16)],None,160
autotvm - DEBUG - No: 52	GFLOPS: 3.05/9.00	result: MeasureResult(costs=(5.239991549,), error_no=MeasureErrorNo.NO_ERROR, all_cost=10.962213277816772, timestamp=1690932640.7046287)	[('tile_x', 16), ('tile_xT', 5)],None,78
autotvm - DEBUG - No: 53	GFLOPS: 1.81/9.00	result: MeasureResult(costs=(8.847172507,), error_no=MeasureErrorNo.NO_ERROR, all_cost=18.345203161239624, timestamp=1690932659.0368216)	[('tile_x', 1), ('tile_xT', 32)],None,216
autotvm - DEBUG - No: 54	GFLOPS: 2.64/9.00	result: MeasureResult(costs=(6.057334276,), error_no=MeasureErrorNo.NO_ERROR, all_cost=12.055434226989746, timestamp=1690932671.0576491)	[('tile_x', 32), ('tile_xT', 40)],None,249
autotvm - DEBUG - No: 55	GFLOPS: 6.23/9.00	result: MeasureResult(costs=(2.568177415,), error_no=MeasureErrorNo.NO_ERROR, all_cost=5.538207054138184, timestamp=1690932676.575869)	[('tile_x', 500), ('tile_xT', 5)],None,91
autotvm - DEBUG - No: 56	GFLOPS: 6.70/9.00	result: MeasureResult(costs=(2.387318333,), error_no=MeasureErrorNo.NO_ERROR, all_cost=4.93503737449646, timestamp=1690932681.4510295)	[('tile_x', 50), ('tile_xT', 500)],None,467
root - INFO - Elpased time = 652.6530435085297
autotvm - DEBUG - Finish loading 56 records
