root - INFO - GA Tuner Matrix Multiplication - 2023-07-21 16:23:23.355181
autotvm - DEBUG - waiting for device...
autotvm - DEBUG - device available
autotvm - INFO - Get devices for measurement successfully!
autotvm - DEBUG - No: 1	GFLOPS: 2.17/2.17	result: MeasureResult(costs=(11.007624769,), error_no=MeasureErrorNo.NO_ERROR, all_cost=22.63932466506958, timestamp=1689974632.5276537)	[('tile_x', 8), ('tile_y', 1)],None,4
autotvm - DEBUG - No: 2	GFLOPS: 1.94/2.17	result: MeasureResult(costs=(12.360111209000001,), error_no=MeasureErrorNo.NO_ERROR, all_cost=26.121418237686157, timestamp=1689974657.8862367)	[('tile_x', 25), ('tile_y', 1)],None,8
autotvm - DEBUG - No: 3	GFLOPS: 1.63/2.17	result: MeasureResult(costs=(14.674825929,), error_no=MeasureErrorNo.NO_ERROR, all_cost=34.20778965950012, timestamp=1689974691.1044114)	[('tile_x', 50), ('tile_y', 1)],None,10
autotvm - DEBUG - No: 4	GFLOPS: 1.32/2.17	result: MeasureResult(costs=(18.106402237999998,), error_no=MeasureErrorNo.NO_ERROR, all_cost=33.373626947402954, timestamp=1689974724.136512)	[('tile_x', 2000), ('tile_y', 1)],None,19
autotvm - DEBUG - No: 5	GFLOPS: 1.64/2.17	result: MeasureResult(costs=(14.621566599,), error_no=MeasureErrorNo.NO_ERROR, all_cost=29.82425546646118, timestamp=1689974752.9403088)	[('tile_x', 1), ('tile_y', 2)],None,20
autotvm - DEBUG - No: 6	GFLOPS: 1.32/2.17	result: MeasureResult(costs=(18.076505077999997,), error_no=MeasureErrorNo.NO_ERROR, all_cost=39.04737901687622, timestamp=1689974791.6344762)	[('tile_x', 10), ('tile_y', 2)],None,25
autotvm - DEBUG - No: 7	GFLOPS: 3.79/3.79	result: MeasureResult(costs=(6.3087365879999995,), error_no=MeasureErrorNo.NO_ERROR, all_cost=14.132140636444092, timestamp=1689974804.7084963)	[('tile_x', 40), ('tile_y', 2)],None,29
autotvm - DEBUG - No: 8	GFLOPS: 1.20/3.79	result: MeasureResult(costs=(19.944067029000003,), error_no=MeasureErrorNo.NO_ERROR, all_cost=33.05825901031494, timestamp=1689974836.8947375)	[('tile_x', 80), ('tile_y', 2)],None,31
autotvm - DEBUG - No: 9	GFLOPS: 1.64/3.79	result: MeasureResult(costs=(14.565715424,), error_no=MeasureErrorNo.NO_ERROR, all_cost=30.38868284225464, timestamp=1689974866.1629114)	[('tile_x', 400), ('tile_y', 2)],None,36
autotvm - DEBUG - No: 10	GFLOPS: 1.97/3.79	result: MeasureResult(costs=(12.127048336,), error_no=MeasureErrorNo.NO_ERROR, all_cost=23.84340524673462, timestamp=1689974888.959965)	[('tile_x', 1000), ('tile_y', 2)],None,38
autotvm - DEBUG - No: 11	GFLOPS: 2.99/3.79	result: MeasureResult(costs=(7.9881683290000005,), error_no=MeasureErrorNo.NO_ERROR, all_cost=20.4192373752594, timestamp=1689974908.8910613)	[('tile_x', 20), ('tile_y', 4)],None,47
autotvm - DEBUG - No: 12	GFLOPS: 1.93/3.79	result: MeasureResult(costs=(12.362606060000001,), error_no=MeasureErrorNo.NO_ERROR, all_cost=24.506566762924194, timestamp=1689974932.313875)	[('tile_x', 80), ('tile_y', 4)],None,51
autotvm - DEBUG - No: 13	GFLOPS: 5.29/5.29	result: MeasureResult(costs=(4.5196393399999995,), error_no=MeasureErrorNo.NO_ERROR, all_cost=10.330948829650879, timestamp=1689974941.766495)	[('tile_x', 100), ('tile_y', 4)],None,52
autotvm - DEBUG - No: 14	GFLOPS: 2.91/5.29	result: MeasureResult(costs=(8.215878926,), error_no=MeasureErrorNo.NO_ERROR, all_cost=16.484634160995483, timestamp=1689974957.352029)	[('tile_x', 4), ('tile_y', 5)],None,62
autotvm - DEBUG - No: 15	GFLOPS: 2.59/5.29	result: MeasureResult(costs=(9.240658047,), error_no=MeasureErrorNo.NO_ERROR, all_cost=19.758151531219482, timestamp=1689974976.1109157)	[('tile_x', 16), ('tile_y', 5)],None,66
autotvm - DEBUG - No: 16	GFLOPS: 3.89/5.29	result: MeasureResult(costs=(6.146777566,), error_no=MeasureErrorNo.NO_ERROR, all_cost=13.62028455734253, timestamp=1689974988.6897397)	[('tile_x', 25), ('tile_y', 5)],None,68
autotvm - DEBUG - No: 17	GFLOPS: 1.78/5.29	result: MeasureResult(costs=(13.454454837,), error_no=MeasureErrorNo.NO_ERROR, all_cost=28.105424165725708, timestamp=1689975015.7155893)	[('tile_x', 250), ('tile_y', 5)],None,75
autotvm - DEBUG - No: 18	GFLOPS: 1.77/5.29	result: MeasureResult(costs=(13.545968485,), error_no=MeasureErrorNo.NO_ERROR, all_cost=28.28710103034973, timestamp=1689975043.1511168)	[('tile_x', 1000), ('tile_y', 5)],None,78
autotvm - DEBUG - No: 19	GFLOPS: 1.36/5.29	result: MeasureResult(costs=(17.59506446,), error_no=MeasureErrorNo.NO_ERROR, all_cost=36.943092584609985, timestamp=1689975079.0418153)	[('tile_x', 2000), ('tile_y', 5)],None,79
autotvm - DEBUG - No: 20	GFLOPS: 3.17/5.29	result: MeasureResult(costs=(7.539972227,), error_no=MeasureErrorNo.NO_ERROR, all_cost=14.680343627929688, timestamp=1689975093.6058285)	[('tile_x', 1), ('tile_y', 10)],None,80
autotvm - DEBUG - No: 21	GFLOPS: 1.82/5.29	result: MeasureResult(costs=(13.166275452,), error_no=MeasureErrorNo.NO_ERROR, all_cost=26.3497633934021, timestamp=1689975118.8305175)	[('tile_x', 16), ('tile_y', 10)],None,86
autotvm - DEBUG - No: 22	GFLOPS: 4.47/5.29	result: MeasureResult(costs=(5.347857634,), error_no=MeasureErrorNo.NO_ERROR, all_cost=12.301373481750488, timestamp=1689975130.002589)	[('tile_x', 50), ('tile_y', 10)],None,90
autotvm - DEBUG - No: 23	GFLOPS: 2.26/5.29	result: MeasureResult(costs=(10.602517599,), error_no=MeasureErrorNo.NO_ERROR, all_cost=22.092689990997314, timestamp=1689975151.0137656)	[('tile_x', 80), ('tile_y', 10)],None,91
autotvm - DEBUG - No: 24	GFLOPS: 1.92/5.29	result: MeasureResult(costs=(12.484038178,), error_no=MeasureErrorNo.NO_ERROR, all_cost=26.454766750335693, timestamp=1689975176.4665465)	[('tile_x', 400), ('tile_y', 10)],None,96
autotvm - DEBUG - No: 25	GFLOPS: 4.00/5.29	result: MeasureResult(costs=(5.980547659,), error_no=MeasureErrorNo.NO_ERROR, all_cost=14.095259189605713, timestamp=1689975190.3448482)	[('tile_x', 8), ('tile_y', 13)],None,104
autotvm - DEBUG - No: 26	GFLOPS: 2.42/5.29	result: MeasureResult(costs=(9.880996689,), error_no=MeasureErrorNo.NO_ERROR, all_cost=19.56729769706726, timestamp=1689975209.0869002)	[('tile_x', 20), ('tile_y', 13)],None,107
autotvm - DEBUG - No: 27	GFLOPS: 5.75/5.75	result: MeasureResult(costs=(4.16243429,), error_no=MeasureErrorNo.NO_ERROR, all_cost=9.087021827697754, timestamp=1689975217.0674834)	[('tile_x', 40), ('tile_y', 13)],None,109
autotvm - DEBUG - No: 28	GFLOPS: 2.65/5.75	result: MeasureResult(costs=(9.013302759,), error_no=MeasureErrorNo.NO_ERROR, all_cost=16.296971559524536, timestamp=1689975232.3625278)	[('tile_x', 1), ('tile_y', 20)],None,120
autotvm - DEBUG - No: 29	GFLOPS: 4.54/5.75	result: MeasureResult(costs=(5.26333358,), error_no=MeasureErrorNo.NO_ERROR, all_cost=11.774572134017944, timestamp=1689975243.6660092)	[('tile_x', 25), ('tile_y', 20)],None,128
autotvm - DEBUG - No: 30	GFLOPS: 4.51/5.75	result: MeasureResult(costs=(5.308674096,), error_no=MeasureErrorNo.NO_ERROR, all_cost=8.805353164672852, timestamp=1689975251.8749495)	[('tile_x', 40), ('tile_y', 20)],None,129
autotvm - DEBUG - No: 31	GFLOPS: 2.37/5.75	result: MeasureResult(costs=(10.079426875,), error_no=MeasureErrorNo.NO_ERROR, all_cost=21.487863063812256, timestamp=1689975272.5286741)	[('tile_x', 80), ('tile_y', 20)],None,131
autotvm - DEBUG - No: 32	GFLOPS: 7.69/7.69	result: MeasureResult(costs=(3.10901869,), error_no=MeasureErrorNo.NO_ERROR, all_cost=7.332380771636963, timestamp=1689975278.8918538)	[('tile_x', 100), ('tile_y', 20)],None,132
autotvm - DEBUG - No: 33	GFLOPS: 1.87/7.69	result: MeasureResult(costs=(12.762511403000001,), error_no=MeasureErrorNo.NO_ERROR, all_cost=26.041397094726562, timestamp=1689975304.7448146)	[('tile_x', 250), ('tile_y', 20)],None,135
autotvm - DEBUG - No: 34	GFLOPS: 2.75/7.69	result: MeasureResult(costs=(8.696012795,), error_no=MeasureErrorNo.NO_ERROR, all_cost=18.77109718322754, timestamp=1689975322.540057)	[('tile_x', 1000), ('tile_y', 20)],None,138
autotvm - DEBUG - No: 35	GFLOPS: 3.60/7.69	result: MeasureResult(costs=(6.645899794,), error_no=MeasureErrorNo.NO_ERROR, all_cost=15.851019144058228, timestamp=1689975338.1174147)	[('tile_x', 4), ('tile_y', 25)],None,142
autotvm - DEBUG - No: 36	GFLOPS: 8.13/8.13	result: MeasureResult(costs=(2.942924761,), error_no=MeasureErrorNo.NO_ERROR, all_cost=7.184861660003662, timestamp=1689975344.4548032)	[('tile_x', 200), ('tile_y', 25)],None,154
autotvm - DEBUG - No: 37	GFLOPS: 1.50/8.13	result: MeasureResult(costs=(15.976393649,), error_no=MeasureErrorNo.NO_ERROR, all_cost=27.994553327560425, timestamp=1689975372.2367327)	[('tile_x', 1), ('tile_y', 40)],None,160
autotvm - DEBUG - No: 38	GFLOPS: 3.27/8.13	result: MeasureResult(costs=(7.310177877,), error_no=MeasureErrorNo.NO_ERROR, all_cost=14.780883550643921, timestamp=1689975386.8039165)	[('tile_x', 2), ('tile_y', 40)],None,161
autotvm - DEBUG - No: 39	GFLOPS: 5.50/8.13	result: MeasureResult(costs=(4.351452693000001,), error_no=MeasureErrorNo.NO_ERROR, all_cost=10.40410828590393, timestamp=1689975396.7113152)	[('tile_x', 20), ('tile_y', 40)],None,167
autotvm - DEBUG - No: 40	GFLOPS: 2.04/8.13	result: MeasureResult(costs=(11.712008368000001,), error_no=MeasureErrorNo.NO_ERROR, all_cost=23.826023817062378, timestamp=1689975420.4467573)	[('tile_x', 2000), ('tile_y', 40)],None,179
autotvm - DEBUG - No: 41	GFLOPS: 3.80/8.13	result: MeasureResult(costs=(6.287907583999999,), error_no=MeasureErrorNo.NO_ERROR, all_cost=12.959645986557007, timestamp=1689975433.085132)	[('tile_x', 10), ('tile_y', 50)],None,185
autotvm - DEBUG - No: 42	GFLOPS: 4.49/8.13	result: MeasureResult(costs=(5.328796805,), error_no=MeasureErrorNo.NO_ERROR, all_cost=10.44982624053955, timestamp=1689975442.9803438)	[('tile_x', 20), ('tile_y', 50)],None,187
autotvm - DEBUG - No: 43	GFLOPS: 3.96/8.13	result: MeasureResult(costs=(6.040272425,), error_no=MeasureErrorNo.NO_ERROR, all_cost=12.689057350158691, timestamp=1689975454.8474417)	[('tile_x', 25), ('tile_y', 50)],None,188
autotvm - DEBUG - No: 44	GFLOPS: 8.24/8.24	result: MeasureResult(costs=(2.9034287290000003,), error_no=MeasureErrorNo.NO_ERROR, all_cost=6.415915250778198, timestamp=1689975460.7200735)	[('tile_x', 40), ('tile_y', 50)],None,189
autotvm - DEBUG - No: 45	GFLOPS: 1.92/8.24	result: MeasureResult(costs=(12.487363871,), error_no=MeasureErrorNo.NO_ERROR, all_cost=25.77279758453369, timestamp=1689975486.022795)	[('tile_x', 125), ('tile_y', 50)],None,193
autotvm - DEBUG - No: 46	GFLOPS: 1.92/8.24	result: MeasureResult(costs=(12.431071415,), error_no=MeasureErrorNo.NO_ERROR, all_cost=26.122227668762207, timestamp=1689975511.4397702)	[('tile_x', 250), ('tile_y', 50)],None,195
autotvm - DEBUG - No: 47	GFLOPS: 2.08/8.24	result: MeasureResult(costs=(11.493606384000001,), error_no=MeasureErrorNo.NO_ERROR, all_cost=24.298097133636475, timestamp=1689975535.1554644)	[('tile_x', 500), ('tile_y', 50)],None,197
autotvm - DEBUG - No: 48	GFLOPS: 1.90/8.24	result: MeasureResult(costs=(12.559465779,), error_no=MeasureErrorNo.NO_ERROR, all_cost=25.926501989364624, timestamp=1689975560.9037933)	[('tile_x', 1), ('tile_y', 52)],None,200
autotvm - DEBUG - No: 49	GFLOPS: 2.61/8.24	result: MeasureResult(costs=(9.154202123,), error_no=MeasureErrorNo.NO_ERROR, all_cost=18.917644500732422, timestamp=1689975579.705127)	[('tile_x', 2), ('tile_y', 52)],None,201
autotvm - DEBUG - No: 50	GFLOPS: 7.02/8.24	result: MeasureResult(costs=(3.408513993,), error_no=MeasureErrorNo.NO_ERROR, all_cost=7.686420202255249, timestamp=1689975587.208114)	[('tile_x', 40), ('tile_y', 52)],None,209
autotvm - DEBUG - No: 51	GFLOPS: 2.49/8.24	result: MeasureResult(costs=(9.595297273,), error_no=MeasureErrorNo.NO_ERROR, all_cost=19.753310441970825, timestamp=1689975606.491955)	[('tile_x', 80), ('tile_y', 52)],None,211
autotvm - DEBUG - No: 52	GFLOPS: 1.93/8.24	result: MeasureResult(costs=(12.363395087,), error_no=MeasureErrorNo.NO_ERROR, all_cost=26.116579055786133, timestamp=1689975631.7842166)	[('tile_x', 125), ('tile_y', 52)],None,213
autotvm - DEBUG - No: 53	GFLOPS: 8.01/8.24	result: MeasureResult(costs=(2.985178627,), error_no=MeasureErrorNo.NO_ERROR, all_cost=7.352638006210327, timestamp=1689975638.2775474)	[('tile_x', 200), ('tile_y', 52)],None,214
autotvm - DEBUG - No: 54	GFLOPS: 2.02/8.24	result: MeasureResult(costs=(11.819775030999999,), error_no=MeasureErrorNo.NO_ERROR, all_cost=24.116759777069092, timestamp=1689975662.2233236)	[('tile_x', 500), ('tile_y', 52)],None,217
autotvm - DEBUG - No: 55	GFLOPS: 2.73/8.24	result: MeasureResult(costs=(8.774676067,), error_no=MeasureErrorNo.NO_ERROR, all_cost=18.336994886398315, timestamp=1689975680.219532)	[('tile_x', 1000), ('tile_y', 52)],None,218
autotvm - DEBUG - No: 56	GFLOPS: 2.27/8.24	result: MeasureResult(costs=(10.536671045999999,), error_no=MeasureErrorNo.NO_ERROR, all_cost=21.968918085098267, timestamp=1689975701.994378)	[('tile_x', 2000), ('tile_y', 52)],None,219
autotvm - DEBUG - No: 57	GFLOPS: 3.70/8.24	result: MeasureResult(costs=(6.470730381,), error_no=MeasureErrorNo.NO_ERROR, all_cost=12.268643856048584, timestamp=1689975714.0299966)	[('tile_x', 4), ('tile_y', 100)],None,222
autotvm - DEBUG - No: 58	GFLOPS: 8.11/8.24	result: MeasureResult(costs=(2.9492825469999997,), error_no=MeasureErrorNo.NO_ERROR, all_cost=6.246167182922363, timestamp=1689975720.092721)	[('tile_x', 40), ('tile_y', 100)],None,229
autotvm - DEBUG - No: 59	GFLOPS: 2.67/8.24	result: MeasureResult(costs=(8.965644721999999,), error_no=MeasureErrorNo.NO_ERROR, all_cost=18.788955450057983, timestamp=1689975738.5895185)	[('tile_x', 80), ('tile_y', 100)],None,231
autotvm - DEBUG - No: 60	GFLOPS: 8.50/8.50	result: MeasureResult(costs=(2.813012069,), error_no=MeasureErrorNo.NO_ERROR, all_cost=6.597832918167114, timestamp=1689975744.673805)	[('tile_x', 200), ('tile_y', 100)],None,234
autotvm - DEBUG - No: 61	GFLOPS: 2.23/8.50	result: MeasureResult(costs=(10.740682044,), error_no=MeasureErrorNo.NO_ERROR, all_cost=22.322208881378174, timestamp=1689975766.7739208)	[('tile_x', 400), ('tile_y', 100)],None,236
autotvm - DEBUG - No: 62	GFLOPS: 2.67/8.50	result: MeasureResult(costs=(8.942422994000001,), error_no=MeasureErrorNo.NO_ERROR, all_cost=18.53631019592285, timestamp=1689975785.1044893)	[('tile_x', 2), ('tile_y', 104)],None,241
autotvm - DEBUG - No: 63	GFLOPS: 3.56/8.50	result: MeasureResult(costs=(6.719690484,), error_no=MeasureErrorNo.NO_ERROR, all_cost=15.148762702941895, timestamp=1689975799.5846546)	[('tile_x', 4), ('tile_y', 104)],None,242
autotvm - DEBUG - No: 64	GFLOPS: 3.06/8.50	result: MeasureResult(costs=(7.823147043,), error_no=MeasureErrorNo.NO_ERROR, all_cost=16.895614624023438, timestamp=1689975815.5540102)	[('tile_x', 16), ('tile_y', 104)],None,246
autotvm - DEBUG - No: 65	GFLOPS: 3.20/8.50	result: MeasureResult(costs=(7.466302778,), error_no=MeasureErrorNo.NO_ERROR, all_cost=15.673991680145264, timestamp=1689975831.0582693)	[('tile_x', 25), ('tile_y', 104)],None,248
autotvm - DEBUG - No: 66	GFLOPS: 1.95/8.50	result: MeasureResult(costs=(12.252246994,), error_no=MeasureErrorNo.NO_ERROR, all_cost=25.551173210144043, timestamp=1689975856.0546958)	[('tile_x', 250), ('tile_y', 104)],None,255
autotvm - DEBUG - No: 67	GFLOPS: 2.74/8.50	result: MeasureResult(costs=(8.727266863,), error_no=MeasureErrorNo.NO_ERROR, all_cost=18.179033517837524, timestamp=1689975874.115142)	[('tile_x', 1000), ('tile_y', 104)],None,258
autotvm - DEBUG - No: 68	GFLOPS: 2.29/8.50	result: MeasureResult(costs=(10.4511528,), error_no=MeasureErrorNo.NO_ERROR, all_cost=22.032460927963257, timestamp=1689975895.5195754)	[('tile_x', 2000), ('tile_y', 104)],None,259
autotvm - DEBUG - No: 69	GFLOPS: 2.48/8.50	result: MeasureResult(costs=(9.634158403999999,), error_no=MeasureErrorNo.NO_ERROR, all_cost=20.163687467575073, timestamp=1689975915.0032086)	[('tile_x', 1), ('tile_y', 200)],None,260
autotvm - DEBUG - No: 70	GFLOPS: 4.39/8.50	result: MeasureResult(costs=(5.4543078640000004,), error_no=MeasureErrorNo.NO_ERROR, all_cost=11.700422763824463, timestamp=1689975926.1440923)	[('tile_x', 5), ('tile_y', 200)],None,263
autotvm - DEBUG - No: 71	GFLOPS: 4.21/8.50	result: MeasureResult(costs=(5.687674095,), error_no=MeasureErrorNo.NO_ERROR, all_cost=12.160421371459961, timestamp=1689975938.046052)	[('tile_x', 10), ('tile_y', 200)],None,265
autotvm - DEBUG - No: 72	GFLOPS: 4.23/8.50	result: MeasureResult(costs=(5.661015196,), error_no=MeasureErrorNo.NO_ERROR, all_cost=12.489561080932617, timestamp=1689975949.9044204)	[('tile_x', 16), ('tile_y', 200)],None,266
autotvm - DEBUG - No: 73	GFLOPS: 2.07/8.50	result: MeasureResult(costs=(11.565489191000001,), error_no=MeasureErrorNo.NO_ERROR, all_cost=24.51021718978882, timestamp=1689975973.6934085)	[('tile_x', 500), ('tile_y', 200)],None,277
autotvm - DEBUG - No: 74	GFLOPS: 3.66/8.50	result: MeasureResult(costs=(6.537503387,), error_no=MeasureErrorNo.NO_ERROR, all_cost=14.002393960952759, timestamp=1689975987.3230703)	[('tile_x', 4), ('tile_y', 260)],None,282
autotvm - DEBUG - No: 75	GFLOPS: 3.96/8.50	result: MeasureResult(costs=(6.0451737020000005,), error_no=MeasureErrorNo.NO_ERROR, all_cost=12.529158115386963, timestamp=1689975999.7214096)	[('tile_x', 8), ('tile_y', 260)],None,284
autotvm - DEBUG - No: 76	GFLOPS: 2.87/8.50	result: MeasureResult(costs=(8.331216604,), error_no=MeasureErrorNo.NO_ERROR, all_cost=17.331014156341553, timestamp=1689976016.8851018)	[('tile_x', 16), ('tile_y', 260)],None,286
autotvm - DEBUG - No: 77	GFLOPS: 1.92/8.50	result: MeasureResult(costs=(12.470700864000001,), error_no=MeasureErrorNo.NO_ERROR, all_cost=25.94059658050537, timestamp=1689976042.2306094)	[('tile_x', 125), ('tile_y', 260)],None,293
autotvm - DEBUG - No: 78	GFLOPS: 1.99/8.50	result: MeasureResult(costs=(12.015183266,), error_no=MeasureErrorNo.NO_ERROR, all_cost=24.96597909927368, timestamp=1689976066.7808192)	[('tile_x', 2), ('tile_y', 325)],None,301
autotvm - DEBUG - No: 79	GFLOPS: 3.38/8.50	result: MeasureResult(costs=(7.087377841,), error_no=MeasureErrorNo.NO_ERROR, all_cost=14.986581087112427, timestamp=1689976081.6429834)	[('tile_x', 8), ('tile_y', 325)],None,304
autotvm - DEBUG - No: 80	GFLOPS: 2.57/8.50	result: MeasureResult(costs=(9.295943431,), error_no=MeasureErrorNo.NO_ERROR, all_cost=19.788513898849487, timestamp=1689976100.876939)	[('tile_x', 80), ('tile_y', 325)],None,311
autotvm - DEBUG - No: 81	GFLOPS: 6.62/8.50	result: MeasureResult(costs=(3.613202515,), error_no=MeasureErrorNo.NO_ERROR, all_cost=8.13492488861084, timestamp=1689976108.6707637)	[('tile_x', 200), ('tile_y', 325)],None,314
autotvm - DEBUG - No: 82	GFLOPS: 2.90/8.50	result: MeasureResult(costs=(8.260504046,), error_no=MeasureErrorNo.NO_ERROR, all_cost=17.826135396957397, timestamp=1689976126.3138087)	[('tile_x', 1000), ('tile_y', 325)],None,318
autotvm - DEBUG - No: 83	GFLOPS: 2.36/8.50	result: MeasureResult(costs=(10.149591789,), error_no=MeasureErrorNo.NO_ERROR, all_cost=21.466318130493164, timestamp=1689976146.8671906)	[('tile_x', 2), ('tile_y', 520)],None,321
autotvm - DEBUG - No: 84	GFLOPS: 3.18/8.50	result: MeasureResult(costs=(7.5278488150000005,), error_no=MeasureErrorNo.NO_ERROR, all_cost=15.823113203048706, timestamp=1689976162.5272331)	[('tile_x', 5), ('tile_y', 520)],None,323
autotvm - DEBUG - No: 85	GFLOPS: 3.48/8.50	result: MeasureResult(costs=(6.86898384,), error_no=MeasureErrorNo.NO_ERROR, all_cost=14.225465774536133, timestamp=1689976176.6163256)	[('tile_x', 10), ('tile_y', 520)],None,325
autotvm - DEBUG - No: 86	GFLOPS: 1.84/8.50	result: MeasureResult(costs=(13.024885291,), error_no=MeasureErrorNo.NO_ERROR, all_cost=26.96036458015442, timestamp=1689976203.279989)	[('tile_x', 250), ('tile_y', 520)],None,335
autotvm - DEBUG - No: 87	GFLOPS: 1.81/8.50	result: MeasureResult(costs=(13.190575675,), error_no=MeasureErrorNo.NO_ERROR, all_cost=27.583580017089844, timestamp=1689976230.3149178)	[('tile_x', 500), ('tile_y', 520)],None,337
autotvm - DEBUG - No: 88	GFLOPS: 0.95/8.50	result: MeasureResult(costs=(25.309239224000002,), error_no=MeasureErrorNo.NO_ERROR, all_cost=50.68252944946289, timestamp=1689976280.803724)	[('tile_x', 1), ('tile_y', 650)],None,340
autotvm - DEBUG - No: 89	GFLOPS: 1.65/8.50	result: MeasureResult(costs=(14.522854824,), error_no=MeasureErrorNo.NO_ERROR, all_cost=30.401593685150146, timestamp=1689976310.9783134)	[('tile_x', 2), ('tile_y', 650)],None,341
autotvm - DEBUG - No: 90	GFLOPS: 2.22/8.50	result: MeasureResult(costs=(10.750831432,), error_no=MeasureErrorNo.NO_ERROR, all_cost=22.065291166305542, timestamp=1689976332.8777611)	[('tile_x', 4), ('tile_y', 650)],None,342
autotvm - DEBUG - No: 91	GFLOPS: 2.27/8.50	result: MeasureResult(costs=(10.518445539,), error_no=MeasureErrorNo.NO_ERROR, all_cost=21.407822608947754, timestamp=1689976354.0929754)	[('tile_x', 5), ('tile_y', 650)],None,343
autotvm - DEBUG - No: 92	GFLOPS: 2.43/8.50	result: MeasureResult(costs=(9.835395689,), error_no=MeasureErrorNo.NO_ERROR, all_cost=20.709108591079712, timestamp=1689976374.1598282)	[('tile_x', 16), ('tile_y', 650)],None,346
autotvm - DEBUG - No: 93	GFLOPS: 2.10/8.50	result: MeasureResult(costs=(11.398963636000001,), error_no=MeasureErrorNo.NO_ERROR, all_cost=23.611965894699097, timestamp=1689976397.591169)	[('tile_x', 500), ('tile_y', 650)],None,357
autotvm - DEBUG - No: 94	GFLOPS: 0.38/8.50	result: MeasureResult(costs=(62.788622462,), error_no=MeasureErrorNo.NO_ERROR, all_cost=115.28235721588135, timestamp=1689976512.7456932)	[('tile_x', 1), ('tile_y', 1300)],None,360
autotvm - DEBUG - No: 95	GFLOPS: 3.68/8.50	result: MeasureResult(costs=(6.4916422229999995,), error_no=MeasureErrorNo.NO_ERROR, all_cost=13.4058198928833, timestamp=1689976525.9916763)	[('tile_x', 40), ('tile_y', 1300)],None,369
autotvm - DEBUG - No: 96	GFLOPS: 1.70/8.50	result: MeasureResult(costs=(14.031647818,), error_no=MeasureErrorNo.NO_ERROR, all_cost=28.512112379074097, timestamp=1689976554.2203863)	[('tile_x', 125), ('tile_y', 1300)],None,373
autotvm - DEBUG - No: 97	GFLOPS: 1.90/8.50	result: MeasureResult(costs=(12.584410818,), error_no=MeasureErrorNo.NO_ERROR, all_cost=27.044445514678955, timestamp=1689976581.0891833)	[('tile_x', 2000), ('tile_y', 1300)],None,379
autotvm - DEBUG - No: 98	GFLOPS: 1.71/8.50	result: MeasureResult(costs=(14.007432394,), error_no=MeasureErrorNo.NO_ERROR, all_cost=32.74433183670044, timestamp=1689976613.2448297)	[('tile_x', 8), ('tile_y', 2600)],None,384
autotvm - DEBUG - No: 99	GFLOPS: 3.41/8.50	result: MeasureResult(costs=(7.005940611,), error_no=MeasureErrorNo.NO_ERROR, all_cost=14.715061664581299, timestamp=1689976627.5275145)	[('tile_x', 100), ('tile_y', 2600)],None,392
autotvm - DEBUG - No: 100	GFLOPS: 1.83/8.50	result: MeasureResult(costs=(13.067025669000001,), error_no=MeasureErrorNo.NO_ERROR, all_cost=24.756333351135254, timestamp=1689976652.1891708)	[('tile_x', 1000), ('tile_y', 2600)],None,398
root - INFO - Elpased time = 2048.3793017864227
autotvm - DEBUG - Finish loading 100 records
