root - INFO - XGB Tuner Matrix Multiplication - 2023-07-21 19:36:16.522895
autotvm - DEBUG - waiting for device...
autotvm - DEBUG - device available
autotvm - INFO - Get devices for measurement successfully!
autotvm - DEBUG - No: 1	GFLOPS: 2.22/2.22	result: MeasureResult(costs=(10.752299280999999,), error_no=MeasureErrorNo.NO_ERROR, all_cost=22.088765144348145, timestamp=1689986204.815617)	[('tile_x', 1), ('tile_y', 50)],None,180
autotvm - DEBUG - No: 2	GFLOPS: 5.68/5.68	result: MeasureResult(costs=(4.211068313,), error_no=MeasureErrorNo.NO_ERROR, all_cost=9.001766443252563, timestamp=1689986213.5374377)	[('tile_x', 200), ('tile_y', 10)],None,94
autotvm - DEBUG - No: 3	GFLOPS: 10.83/10.83	result: MeasureResult(costs=(2.209180294,), error_no=MeasureErrorNo.NO_ERROR, all_cost=4.936221122741699, timestamp=1689986218.4033165)	[('tile_x', 50), ('tile_y', 40)],None,170
autotvm - DEBUG - No: 4	GFLOPS: 1.88/10.83	result: MeasureResult(costs=(12.692648822999999,), error_no=MeasureErrorNo.NO_ERROR, all_cost=25.837151288986206, timestamp=1689986244.0533898)	[('tile_x', 250), ('tile_y', 50)],None,195
autotvm - DEBUG - No: 5	GFLOPS: 5.57/10.83	result: MeasureResult(costs=(4.297574205,), error_no=MeasureErrorNo.NO_ERROR, all_cost=7.892418146133423, timestamp=1689986251.6798713)	[('tile_x', 40), ('tile_y', 25)],None,149
autotvm - DEBUG - No: 6	GFLOPS: 1.77/10.83	result: MeasureResult(costs=(13.478198485,), error_no=MeasureErrorNo.NO_ERROR, all_cost=27.25608253479004, timestamp=1689986278.8473017)	[('tile_x', 250), ('tile_y', 1300)],None,375
autotvm - DEBUG - No: 7	GFLOPS: 5.16/10.83	result: MeasureResult(costs=(4.636813575,), error_no=MeasureErrorNo.NO_ERROR, all_cost=9.699378728866577, timestamp=1689986288.519334)	[('tile_x', 8), ('tile_y', 200)],None,264
autotvm - DEBUG - No: 8	GFLOPS: 2.15/10.83	result: MeasureResult(costs=(11.123309944,), error_no=MeasureErrorNo.NO_ERROR, all_cost=23.040156364440918, timestamp=1689986311.4162679)	[('tile_x', 500), ('tile_y', 40)],None,177
autotvm - DEBUG - No: 9	GFLOPS: 6.42/10.83	result: MeasureResult(costs=(3.727620894,), error_no=MeasureErrorNo.NO_ERROR, all_cost=8.26839828491211, timestamp=1689986319.4985282)	[('tile_x', 50), ('tile_y', 325)],None,310
autotvm - DEBUG - No: 10	GFLOPS: 9.88/10.83	result: MeasureResult(costs=(2.4198741559999997,), error_no=MeasureErrorNo.NO_ERROR, all_cost=5.157513618469238, timestamp=1689986324.564659)	[('tile_x', 50), ('tile_y', 50)],None,190
autotvm - DEBUG - No: 11	GFLOPS: 3.01/10.83	result: MeasureResult(costs=(7.947830025999999,), error_no=MeasureErrorNo.NO_ERROR, all_cost=16.662930965423584, timestamp=1689986340.974248)	[('tile_x', 1000), ('tile_y', 25)],None,158
autotvm - DEBUG - No: 12	GFLOPS: 6.65/10.83	result: MeasureResult(costs=(3.595367745,), error_no=MeasureErrorNo.NO_ERROR, all_cost=7.370624303817749, timestamp=1689986348.0839477)	[('tile_x', 100), ('tile_y', 50)],None,192
autotvm - DEBUG - No: 13	GFLOPS: 2.54/10.83	result: MeasureResult(costs=(9.401893225,), error_no=MeasureErrorNo.NO_ERROR, all_cost=19.639522075653076, timestamp=1689986367.711488)	[('tile_x', 80), ('tile_y', 25)],None,151
autotvm - DEBUG - No: 14	GFLOPS: 1.87/10.83	result: MeasureResult(costs=(12.786638651999999,), error_no=MeasureErrorNo.NO_ERROR, all_cost=25.921308517456055, timestamp=1689986393.6129453)	[('tile_x', 125), ('tile_y', 40)],None,173
autotvm - DEBUG - No: 15	GFLOPS: 2.23/10.83	result: MeasureResult(costs=(10.72022016,), error_no=MeasureErrorNo.NO_ERROR, all_cost=21.986621618270874, timestamp=1689986415.5873275)	[('tile_x', 400), ('tile_y', 100)],None,236
autotvm - DEBUG - No: 16	GFLOPS: 2.26/10.83	result: MeasureResult(costs=(10.600438361,), error_no=MeasureErrorNo.NO_ERROR, all_cost=24.403963565826416, timestamp=1689986439.903102)	[('tile_x', 10), ('tile_y', 1300)],None,365
autotvm - DEBUG - No: 17	GFLOPS: 1.79/10.83	result: MeasureResult(costs=(13.346519589,), error_no=MeasureErrorNo.NO_ERROR, all_cost=27.237107038497925, timestamp=1689986466.9012492)	[('tile_x', 250), ('tile_y', 650)],None,355
autotvm - DEBUG - No: 18	GFLOPS: 0.78/10.83	result: MeasureResult(costs=(30.473998848,), error_no=MeasureErrorNo.NO_ERROR, all_cost=52.039533853530884, timestamp=1689986518.8320217)	[('tile_x', 5), ('tile_y', 2600)],None,383
autotvm - DEBUG - No: 19	GFLOPS: 5.35/10.83	result: MeasureResult(costs=(4.472379901999999,), error_no=MeasureErrorNo.NO_ERROR, all_cost=9.610938310623169, timestamp=1689986528.0986376)	[('tile_x', 20), ('tile_y', 40)],None,167
autotvm - DEBUG - No: 20	GFLOPS: 1.73/10.83	result: MeasureResult(costs=(13.863697252,), error_no=MeasureErrorNo.NO_ERROR, all_cost=27.240015745162964, timestamp=1689986555.0776145)	[('tile_x', 400), ('tile_y', 4)],None,56
autotvm - DEBUG - No: 21	GFLOPS: 2.27/10.83	result: MeasureResult(costs=(10.522771632,), error_no=MeasureErrorNo.NO_ERROR, all_cost=21.96885895729065, timestamp=1689986576.854582)	[('tile_x', 400), ('tile_y', 52)],None,216
autotvm - DEBUG - No: 22	GFLOPS: 1.79/10.83	result: MeasureResult(costs=(13.35621566,), error_no=MeasureErrorNo.NO_ERROR, all_cost=27.24669861793518, timestamp=1689986603.8675227)	[('tile_x', 250), ('tile_y', 520)],None,335
autotvm - DEBUG - No: 23	GFLOPS: 1.93/10.83	result: MeasureResult(costs=(12.394975200000001,), error_no=MeasureErrorNo.NO_ERROR, all_cost=25.333138942718506, timestamp=1689986629.125978)	[('tile_x', 125), ('tile_y', 104)],None,253
autotvm - DEBUG - No: 24	GFLOPS: 1.94/10.83	result: MeasureResult(costs=(12.300278529,), error_no=MeasureErrorNo.NO_ERROR, all_cost=25.310076475143433, timestamp=1689986654.3525858)	[('tile_x', 400), ('tile_y', 260)],None,296
autotvm - DEBUG - No: 25	GFLOPS: 5.60/10.83	result: MeasureResult(costs=(4.274244506,), error_no=MeasureErrorNo.NO_ERROR, all_cost=9.22998571395874, timestamp=1689986663.3489635)	[('tile_x', 100), ('tile_y', 10)],None,92
autotvm - DEBUG - No: 26	GFLOPS: 1.85/10.83	result: MeasureResult(costs=(12.915145749999999,), error_no=MeasureErrorNo.NO_ERROR, all_cost=26.62182068824768, timestamp=1689986689.7396197)	[('tile_x', 125), ('tile_y', 325)],None,313
autotvm - DEBUG - No: 27	GFLOPS: 2.82/10.83	result: MeasureResult(costs=(8.471817001,), error_no=MeasureErrorNo.NO_ERROR, all_cost=17.505929946899414, timestamp=1689986706.9846513)	[('tile_x', 1000), ('tile_y', 520)],None,338
autotvm - DEBUG - No: 28	GFLOPS: 1.26/10.83	result: MeasureResult(costs=(18.946142818000002,), error_no=MeasureErrorNo.NO_ERROR, all_cost=35.914217710494995, timestamp=1689986742.6998765)	[('tile_x', 125), ('tile_y', 1)],None,13
autotvm - DEBUG - No: 29	GFLOPS: 2.36/10.83	result: MeasureResult(costs=(10.119557881,), error_no=MeasureErrorNo.NO_ERROR, all_cost=20.720211267471313, timestamp=1689986763.1940906)	[('tile_x', 4), ('tile_y', 650)],None,342
autotvm - DEBUG - No: 30	GFLOPS: 5.81/10.83	result: MeasureResult(costs=(4.116355722000001,), error_no=MeasureErrorNo.NO_ERROR, all_cost=8.9161536693573, timestamp=1689986771.88136)	[('tile_x', 200), ('tile_y', 4)],None,54
autotvm - DEBUG - No: 31	GFLOPS: 1.99/10.83	result: MeasureResult(costs=(12.030050909,), error_no=MeasureErrorNo.NO_ERROR, all_cost=32.497018575668335, timestamp=1689986804.105472)	[('tile_x', 20), ('tile_y', 2600)],None,387
autotvm - DEBUG - No: 32	GFLOPS: 3.35/10.83	result: MeasureResult(costs=(7.1388710259999995,), error_no=MeasureErrorNo.NO_ERROR, all_cost=15.31445837020874, timestamp=1689986819.1010416)	[('tile_x', 25), ('tile_y', 520)],None,328
autotvm - DEBUG - No: 33	GFLOPS: 2.25/10.83	result: MeasureResult(costs=(10.621058521,), error_no=MeasureErrorNo.NO_ERROR, all_cost=21.175446033477783, timestamp=1689986840.0493345)	[('tile_x', 2), ('tile_y', 104)],None,241
autotvm - DEBUG - No: 34	GFLOPS: 1.48/10.83	result: MeasureResult(costs=(16.151654413,), error_no=MeasureErrorNo.NO_ERROR, all_cost=23.756470918655396, timestamp=1689986863.5945163)	[('tile_x', 4), ('tile_y', 4)],None,42
autotvm - DEBUG - No: 35	GFLOPS: 2.96/10.83	result: MeasureResult(costs=(8.076652671,), error_no=MeasureErrorNo.NO_ERROR, all_cost=16.65017819404602, timestamp=1689986880.0431075)	[('tile_x', 5), ('tile_y', 325)],None,303
autotvm - DEBUG - No: 36	GFLOPS: 3.51/10.83	result: MeasureResult(costs=(6.814462122,), error_no=MeasureErrorNo.NO_ERROR, all_cost=14.432974576950073, timestamp=1689986894.2560213)	[('tile_x', 5), ('tile_y', 25)],None,143
autotvm - DEBUG - No: 37	GFLOPS: 5.88/10.83	result: MeasureResult(costs=(4.066526656,), error_no=MeasureErrorNo.NO_ERROR, all_cost=8.325068473815918, timestamp=1689986902.3374667)	[('tile_x', 40), ('tile_y', 52)],None,209
autotvm - DEBUG - No: 38	GFLOPS: 2.77/10.83	result: MeasureResult(costs=(8.627620627,), error_no=MeasureErrorNo.NO_ERROR, all_cost=18.298156261444092, timestamp=1689986920.3285542)	[('tile_x', 1000), ('tile_y', 13)],None,118
autotvm - DEBUG - No: 39	GFLOPS: 2.10/10.83	result: MeasureResult(costs=(11.385894117,), error_no=MeasureErrorNo.NO_ERROR, all_cost=23.433053970336914, timestamp=1689986943.5527437)	[('tile_x', 500), ('tile_y', 650)],None,357
autotvm - DEBUG - No: 40	GFLOPS: 1.71/10.83	result: MeasureResult(costs=(13.991866487,), error_no=MeasureErrorNo.NO_ERROR, all_cost=31.08664560317993, timestamp=1689986974.4028573)	[('tile_x', 5), ('tile_y', 13)],None,103
autotvm - DEBUG - No: 41	GFLOPS: 2.36/10.83	result: MeasureResult(costs=(10.119494884,), error_no=MeasureErrorNo.NO_ERROR, all_cost=20.24946117401123, timestamp=1689986994.426473)	[('tile_x', 1), ('tile_y', 200)],None,260
autotvm - DEBUG - No: 42	GFLOPS: 1.70/10.83	result: MeasureResult(costs=(14.041282334,), error_no=MeasureErrorNo.NO_ERROR, all_cost=27.69957447052002, timestamp=1689987021.9324265)	[('tile_x', 250), ('tile_y', 2600)],None,395
autotvm - DEBUG - No: 43	GFLOPS: 0.82/10.83	result: MeasureResult(costs=(29.277721194,), error_no=MeasureErrorNo.NO_ERROR, all_cost=64.30497288703918, timestamp=1689987085.977758)	[('tile_x', 10), ('tile_y', 1)],None,5
autotvm - DEBUG - No: 44	GFLOPS: 1.73/10.83	result: MeasureResult(costs=(13.863319953,), error_no=MeasureErrorNo.NO_ERROR, all_cost=27.065802812576294, timestamp=1689987112.8472047)	[('tile_x', 2000), ('tile_y', 1300)],None,379
autotvm - DEBUG - No: 45	GFLOPS: 7.85/10.83	result: MeasureResult(costs=(3.047550898,), error_no=MeasureErrorNo.NO_ERROR, all_cost=6.792952537536621, timestamp=1689987119.3906777)	[('tile_x', 200), ('tile_y', 20)],None,134
autotvm - DEBUG - No: 46	GFLOPS: 3.38/10.83	result: MeasureResult(costs=(7.067577138,), error_no=MeasureErrorNo.NO_ERROR, all_cost=15.055520057678223, timestamp=1689987134.1991498)	[('tile_x', 20), ('tile_y', 520)],None,327
autotvm - DEBUG - No: 47	GFLOPS: 2.45/10.83	result: MeasureResult(costs=(9.779115925,), error_no=MeasureErrorNo.NO_ERROR, all_cost=17.473775386810303, timestamp=1689987151.3862467)	[('tile_x', 25), ('tile_y', 10)],None,88
autotvm - DEBUG - No: 48	GFLOPS: 2.11/10.83	result: MeasureResult(costs=(11.352322409000001,), error_no=MeasureErrorNo.NO_ERROR, all_cost=23.480286359786987, timestamp=1689987174.723841)	[('tile_x', 2000), ('tile_y', 260)],None,299
autotvm - DEBUG - No: 49	GFLOPS: 2.61/10.83	result: MeasureResult(costs=(9.163261427,), error_no=MeasureErrorNo.NO_ERROR, all_cost=18.900635242462158, timestamp=1689987193.4069388)	[('tile_x', 80), ('tile_y', 200)],None,271
autotvm - DEBUG - No: 50	GFLOPS: 3.47/10.83	result: MeasureResult(costs=(6.902980842,), error_no=MeasureErrorNo.NO_ERROR, all_cost=14.515552759170532, timestamp=1689987207.6373317)	[('tile_x', 20), ('tile_y', 260)],None,287
autotvm - DEBUG - No: 51	GFLOPS: 1.43/10.83	result: MeasureResult(costs=(16.691689798,), error_no=MeasureErrorNo.NO_ERROR, all_cost=30.118780612945557, timestamp=1689987237.6684756)	[('tile_x', 125), ('tile_y', 5)],None,73
autotvm - DEBUG - No: 52	GFLOPS: 7.63/10.83	result: MeasureResult(costs=(3.136589946,), error_no=MeasureErrorNo.NO_ERROR, all_cost=6.977571487426758, timestamp=1689987244.3931348)	[('tile_x', 40), ('tile_y', 13)],None,109
autotvm - DEBUG - No: 53	GFLOPS: 3.37/10.83	result: MeasureResult(costs=(7.093488786,), error_no=MeasureErrorNo.NO_ERROR, all_cost=14.663807153701782, timestamp=1689987258.783062)	[('tile_x', 10), ('tile_y', 104)],None,245
autotvm - DEBUG - No: 54	GFLOPS: 3.41/10.83	result: MeasureResult(costs=(7.00484332,), error_no=MeasureErrorNo.NO_ERROR, all_cost=14.227588415145874, timestamp=1689987272.8363879)	[('tile_x', 5), ('tile_y', 104)],None,243
autotvm - DEBUG - No: 55	GFLOPS: 3.31/10.83	result: MeasureResult(costs=(7.230483502,), error_no=MeasureErrorNo.NO_ERROR, all_cost=14.8463294506073, timestamp=1689987287.576988)	[('tile_x', 4), ('tile_y', 260)],None,282
autotvm - DEBUG - No: 56	GFLOPS: 7.95/10.83	result: MeasureResult(costs=(3.007631964,), error_no=MeasureErrorNo.NO_ERROR, all_cost=6.64628791809082, timestamp=1689987293.9890926)	[('tile_x', 200), ('tile_y', 52)],None,214
root - INFO - Elpased time = 1116.232488155365
autotvm - DEBUG - Finish loading 56 records
