root - INFO - GridSearch Tuner 3MM - 2023-07-20 02:27:56.193933
autotvm - DEBUG - waiting for device...
autotvm - DEBUG - device available
autotvm - INFO - Get devices for measurement successfully!
autotvm - DEBUG - No: 1	GFLOPS: 2.16/2.16	result: MeasureResult(costs=(2.777322484,), error_no=MeasureErrorNo.NO_ERROR, all_cost=5.7973854541778564, timestamp=1689838087.464273)	[('tile_y', 1), ('tile_x', 1), ('tile_y1', 1), ('tile_x1', 1), ('tile_y2', 1), ('tile_x2', 1)],None,0
autotvm - DEBUG - No: 2	GFLOPS: 2.16/2.16	result: MeasureResult(costs=(2.779003033,), error_no=MeasureErrorNo.NO_ERROR, all_cost=5.869106769561768, timestamp=1689838093.2705731)	[('tile_y', 2), ('tile_x', 1), ('tile_y1', 1), ('tile_x1', 1), ('tile_y2', 1), ('tile_x2', 1)],None,1
autotvm - DEBUG - No: 3	GFLOPS: 2.16/2.16	result: MeasureResult(costs=(2.771480881,), error_no=MeasureErrorNo.NO_ERROR, all_cost=5.828480005264282, timestamp=1689838099.0578134)	[('tile_y', 4), ('tile_x', 1), ('tile_y1', 1), ('tile_x1', 1), ('tile_y2', 1), ('tile_x2', 1)],None,2
autotvm - DEBUG - No: 4	GFLOPS: 2.17/2.17	result: MeasureResult(costs=(2.7647305930000003,), error_no=MeasureErrorNo.NO_ERROR, all_cost=5.9576921463012695, timestamp=1689838104.882712)	[('tile_y', 5), ('tile_x', 1), ('tile_y1', 1), ('tile_x1', 1), ('tile_y2', 1), ('tile_x2', 1)],None,3
autotvm - DEBUG - No: 5	GFLOPS: 2.16/2.17	result: MeasureResult(costs=(2.780560021,), error_no=MeasureErrorNo.NO_ERROR, all_cost=5.923155784606934, timestamp=1689838110.6877937)	[('tile_y', 8), ('tile_x', 1), ('tile_y1', 1), ('tile_x1', 1), ('tile_y2', 1), ('tile_x2', 1)],None,4
autotvm - DEBUG - No: 6	GFLOPS: 1.99/2.17	result: MeasureResult(costs=(3.012134457,), error_no=MeasureErrorNo.NO_ERROR, all_cost=6.127195119857788, timestamp=1689838116.7847795)	[('tile_y', 10), ('tile_x', 1), ('tile_y1', 1), ('tile_x1', 1), ('tile_y2', 1), ('tile_x2', 1)],None,5
autotvm - DEBUG - No: 7	GFLOPS: 2.11/2.17	result: MeasureResult(costs=(2.837835624,), error_no=MeasureErrorNo.NO_ERROR, all_cost=6.048169136047363, timestamp=1689838122.748104)	[('tile_y', 16), ('tile_x', 1), ('tile_y1', 1), ('tile_x1', 1), ('tile_y2', 1), ('tile_x2', 1)],None,6
autotvm - DEBUG - No: 8	GFLOPS: 2.12/2.17	result: MeasureResult(costs=(2.836661796,), error_no=MeasureErrorNo.NO_ERROR, all_cost=6.058996677398682, timestamp=1689838128.6648157)	[('tile_y', 20), ('tile_x', 1), ('tile_y1', 1), ('tile_x1', 1), ('tile_y2', 1), ('tile_x2', 1)],None,7
autotvm - DEBUG - No: 9	GFLOPS: 2.12/2.17	result: MeasureResult(costs=(2.830875228,), error_no=MeasureErrorNo.NO_ERROR, all_cost=6.213494300842285, timestamp=1689838134.5751271)	[('tile_y', 25), ('tile_x', 1), ('tile_y1', 1), ('tile_x1', 1), ('tile_y2', 1), ('tile_x2', 1)],None,8
autotvm - DEBUG - No: 10	GFLOPS: 2.11/2.17	result: MeasureResult(costs=(2.837061484,), error_no=MeasureErrorNo.NO_ERROR, all_cost=6.118145704269409, timestamp=1689838140.5412984)	[('tile_y', 40), ('tile_x', 1), ('tile_y1', 1), ('tile_x1', 1), ('tile_y2', 1), ('tile_x2', 1)],None,9
autotvm - DEBUG - No: 11	GFLOPS: 2.12/2.17	result: MeasureResult(costs=(2.834531055,), error_no=MeasureErrorNo.NO_ERROR, all_cost=6.013909339904785, timestamp=1689838146.459257)	[('tile_y', 50), ('tile_x', 1), ('tile_y1', 1), ('tile_x1', 1), ('tile_y2', 1), ('tile_x2', 1)],None,10
autotvm - DEBUG - No: 12	GFLOPS: 2.12/2.17	result: MeasureResult(costs=(2.826749782,), error_no=MeasureErrorNo.NO_ERROR, all_cost=6.394140720367432, timestamp=1689838152.5364246)	[('tile_y', 80), ('tile_x', 1), ('tile_y1', 1), ('tile_x1', 1), ('tile_y2', 1), ('tile_x2', 1)],None,11
autotvm - DEBUG - No: 13	GFLOPS: 2.12/2.17	result: MeasureResult(costs=(2.834055903,), error_no=MeasureErrorNo.NO_ERROR, all_cost=6.034000873565674, timestamp=1689838158.5049732)	[('tile_y', 100), ('tile_x', 1), ('tile_y1', 1), ('tile_x1', 1), ('tile_y2', 1), ('tile_x2', 1)],None,12
autotvm - DEBUG - No: 14	GFLOPS: 2.12/2.17	result: MeasureResult(costs=(2.824174205,), error_no=MeasureErrorNo.NO_ERROR, all_cost=6.208995580673218, timestamp=1689838164.4210958)	[('tile_y', 125), ('tile_x', 1), ('tile_y1', 1), ('tile_x1', 1), ('tile_y2', 1), ('tile_x2', 1)],None,13
autotvm - DEBUG - No: 15	GFLOPS: 2.11/2.17	result: MeasureResult(costs=(2.841336352,), error_no=MeasureErrorNo.NO_ERROR, all_cost=6.0276618003845215, timestamp=1689838170.3441486)	[('tile_y', 200), ('tile_x', 1), ('tile_y1', 1), ('tile_x1', 1), ('tile_y2', 1), ('tile_x2', 1)],None,14
autotvm - DEBUG - No: 16	GFLOPS: 2.12/2.17	result: MeasureResult(costs=(2.836639753,), error_no=MeasureErrorNo.NO_ERROR, all_cost=6.223392963409424, timestamp=1689838176.2980857)	[('tile_y', 250), ('tile_x', 1), ('tile_y1', 1), ('tile_x1', 1), ('tile_y2', 1), ('tile_x2', 1)],None,15
autotvm - DEBUG - No: 17	GFLOPS: 2.13/2.17	result: MeasureResult(costs=(2.8227106269999998,), error_no=MeasureErrorNo.NO_ERROR, all_cost=6.213836193084717, timestamp=1689838182.1982696)	[('tile_y', 400), ('tile_x', 1), ('tile_y1', 1), ('tile_x1', 1), ('tile_y2', 1), ('tile_x2', 1)],None,16
autotvm - DEBUG - No: 18	GFLOPS: 2.13/2.17	result: MeasureResult(costs=(2.822490109,), error_no=MeasureErrorNo.NO_ERROR, all_cost=6.120236396789551, timestamp=1689838188.2356856)	[('tile_y', 500), ('tile_x', 1), ('tile_y1', 1), ('tile_x1', 1), ('tile_y2', 1), ('tile_x2', 1)],None,17
autotvm - DEBUG - No: 19	GFLOPS: 2.12/2.17	result: MeasureResult(costs=(2.8290734779999998,), error_no=MeasureErrorNo.NO_ERROR, all_cost=5.974570035934448, timestamp=1689838194.1837158)	[('tile_y', 1000), ('tile_x', 1), ('tile_y1', 1), ('tile_x1', 1), ('tile_y2', 1), ('tile_x2', 1)],None,18
autotvm - DEBUG - No: 20	GFLOPS: 2.12/2.17	result: MeasureResult(costs=(2.830547825,), error_no=MeasureErrorNo.NO_ERROR, all_cost=6.004637956619263, timestamp=1689838200.0864954)	[('tile_y', 2000), ('tile_x', 1), ('tile_y1', 1), ('tile_x1', 1), ('tile_y2', 1), ('tile_x2', 1)],None,19
autotvm - DEBUG - No: 21	GFLOPS: 2.11/2.17	result: MeasureResult(costs=(2.842023081,), error_no=MeasureErrorNo.NO_ERROR, all_cost=6.15309476852417, timestamp=1689838206.0126586)	[('tile_y', 1), ('tile_x', 2), ('tile_y1', 1), ('tile_x1', 1), ('tile_y2', 1), ('tile_x2', 1)],None,20
autotvm - DEBUG - No: 22	GFLOPS: 2.11/2.17	result: MeasureResult(costs=(2.836913282,), error_no=MeasureErrorNo.NO_ERROR, all_cost=6.2575860023498535, timestamp=1689838211.9858494)	[('tile_y', 2), ('tile_x', 2), ('tile_y1', 1), ('tile_x1', 1), ('tile_y2', 1), ('tile_x2', 1)],None,21
autotvm - DEBUG - No: 23	GFLOPS: 1.99/2.17	result: MeasureResult(costs=(3.0195159,), error_no=MeasureErrorNo.NO_ERROR, all_cost=6.305574893951416, timestamp=1689838218.0973072)	[('tile_y', 4), ('tile_x', 2), ('tile_y1', 1), ('tile_x1', 1), ('tile_y2', 1), ('tile_x2', 1)],None,22
autotvm - DEBUG - No: 24	GFLOPS: 2.12/2.17	result: MeasureResult(costs=(2.833123311,), error_no=MeasureErrorNo.NO_ERROR, all_cost=6.030083417892456, timestamp=1689838224.0099375)	[('tile_y', 5), ('tile_x', 2), ('tile_y1', 1), ('tile_x1', 1), ('tile_y2', 1), ('tile_x2', 1)],None,23
autotvm - DEBUG - No: 25	GFLOPS: 2.11/2.17	result: MeasureResult(costs=(2.842876266,), error_no=MeasureErrorNo.NO_ERROR, all_cost=6.079206466674805, timestamp=1689838229.9835649)	[('tile_y', 8), ('tile_x', 2), ('tile_y1', 1), ('tile_x1', 1), ('tile_y2', 1), ('tile_x2', 1)],None,24
autotvm - DEBUG - No: 26	GFLOPS: 2.11/2.17	result: MeasureResult(costs=(2.842100438,), error_no=MeasureErrorNo.NO_ERROR, all_cost=6.033706903457642, timestamp=1689838235.9113376)	[('tile_y', 10), ('tile_x', 2), ('tile_y1', 1), ('tile_x1', 1), ('tile_y2', 1), ('tile_x2', 1)],None,25
autotvm - DEBUG - No: 27	GFLOPS: 2.11/2.17	result: MeasureResult(costs=(2.840997901,), error_no=MeasureErrorNo.NO_ERROR, all_cost=5.982568740844727, timestamp=1689838241.8410954)	[('tile_y', 16), ('tile_x', 2), ('tile_y1', 1), ('tile_x1', 1), ('tile_y2', 1), ('tile_x2', 1)],None,26
autotvm - DEBUG - No: 28	GFLOPS: 2.11/2.17	result: MeasureResult(costs=(2.841492709,), error_no=MeasureErrorNo.NO_ERROR, all_cost=6.082727670669556, timestamp=1689838247.8155143)	[('tile_y', 20), ('tile_x', 2), ('tile_y1', 1), ('tile_x1', 1), ('tile_y2', 1), ('tile_x2', 1)],None,27
autotvm - DEBUG - No: 29	GFLOPS: 2.12/2.17	result: MeasureResult(costs=(2.836029193,), error_no=MeasureErrorNo.NO_ERROR, all_cost=6.2325708866119385, timestamp=1689838253.738534)	[('tile_y', 25), ('tile_x', 2), ('tile_y1', 1), ('tile_x1', 1), ('tile_y2', 1), ('tile_x2', 1)],None,28
autotvm - DEBUG - No: 30	GFLOPS: 2.11/2.17	result: MeasureResult(costs=(2.839607493,), error_no=MeasureErrorNo.NO_ERROR, all_cost=6.414475440979004, timestamp=1689838259.8375297)	[('tile_y', 40), ('tile_x', 2), ('tile_y1', 1), ('tile_x1', 1), ('tile_y2', 1), ('tile_x2', 1)],None,29
autotvm - DEBUG - No: 31	GFLOPS: 2.11/2.17	result: MeasureResult(costs=(2.840919492,), error_no=MeasureErrorNo.NO_ERROR, all_cost=5.990717649459839, timestamp=1689838265.805915)	[('tile_y', 50), ('tile_x', 2), ('tile_y1', 1), ('tile_x1', 1), ('tile_y2', 1), ('tile_x2', 1)],None,30
autotvm - DEBUG - No: 32	GFLOPS: 2.11/2.17	result: MeasureResult(costs=(2.84569312,), error_no=MeasureErrorNo.NO_ERROR, all_cost=6.008990287780762, timestamp=1689838271.7444746)	[('tile_y', 80), ('tile_x', 2), ('tile_y1', 1), ('tile_x1', 1), ('tile_y2', 1), ('tile_x2', 1)],None,31
autotvm - DEBUG - No: 33	GFLOPS: 2.11/2.17	result: MeasureResult(costs=(2.845845879,), error_no=MeasureErrorNo.NO_ERROR, all_cost=6.1275129318237305, timestamp=1689838277.6847253)	[('tile_y', 100), ('tile_x', 2), ('tile_y1', 1), ('tile_x1', 1), ('tile_y2', 1), ('tile_x2', 1)],None,32
autotvm - DEBUG - No: 34	GFLOPS: 2.12/2.17	result: MeasureResult(costs=(2.830855347,), error_no=MeasureErrorNo.NO_ERROR, all_cost=6.068990707397461, timestamp=1689838283.6426709)	[('tile_y', 125), ('tile_x', 2), ('tile_y1', 1), ('tile_x1', 1), ('tile_y2', 1), ('tile_x2', 1)],None,33
autotvm - DEBUG - No: 35	GFLOPS: 2.11/2.17	result: MeasureResult(costs=(2.841311936,), error_no=MeasureErrorNo.NO_ERROR, all_cost=6.2338502407073975, timestamp=1689838289.5689116)	[('tile_y', 200), ('tile_x', 2), ('tile_y1', 1), ('tile_x1', 1), ('tile_y2', 1), ('tile_x2', 1)],None,34
autotvm - DEBUG - No: 36	GFLOPS: 2.11/2.17	result: MeasureResult(costs=(2.837589103,), error_no=MeasureErrorNo.NO_ERROR, all_cost=6.24435567855835, timestamp=1689838295.675503)	[('tile_y', 250), ('tile_x', 2), ('tile_y1', 1), ('tile_x1', 1), ('tile_y2', 1), ('tile_x2', 1)],None,35
autotvm - DEBUG - No: 37	GFLOPS: 2.11/2.17	result: MeasureResult(costs=(2.837262659,), error_no=MeasureErrorNo.NO_ERROR, all_cost=6.071152210235596, timestamp=1689838301.6410353)	[('tile_y', 400), ('tile_x', 2), ('tile_y1', 1), ('tile_x1', 1), ('tile_y2', 1), ('tile_x2', 1)],None,36
autotvm - DEBUG - No: 38	GFLOPS: 2.11/2.17	result: MeasureResult(costs=(2.836910511,), error_no=MeasureErrorNo.NO_ERROR, all_cost=6.055760622024536, timestamp=1689838307.5809894)	[('tile_y', 500), ('tile_x', 2), ('tile_y1', 1), ('tile_x1', 1), ('tile_y2', 1), ('tile_x2', 1)],None,37
autotvm - DEBUG - No: 39	GFLOPS: 2.10/2.17	result: MeasureResult(costs=(2.850890486,), error_no=MeasureErrorNo.NO_ERROR, all_cost=6.1982197761535645, timestamp=1689838313.531221)	[('tile_y', 1000), ('tile_x', 2), ('tile_y1', 1), ('tile_x1', 1), ('tile_y2', 1), ('tile_x2', 1)],None,38
autotvm - DEBUG - No: 40	GFLOPS: 2.11/2.17	result: MeasureResult(costs=(2.84093129,), error_no=MeasureErrorNo.NO_ERROR, all_cost=6.062398195266724, timestamp=1689838319.4943902)	[('tile_y', 2000), ('tile_x', 2), ('tile_y1', 1), ('tile_x1', 1), ('tile_y2', 1), ('tile_x2', 1)],None,39
autotvm - DEBUG - No: 41	GFLOPS: 1.98/2.17	result: MeasureResult(costs=(3.023841128,), error_no=MeasureErrorNo.NO_ERROR, all_cost=6.400638818740845, timestamp=1689838325.6043837)	[('tile_y', 1), ('tile_x', 4), ('tile_y1', 1), ('tile_x1', 1), ('tile_y2', 1), ('tile_x2', 1)],None,40
autotvm - DEBUG - No: 42	GFLOPS: 2.11/2.17	result: MeasureResult(costs=(2.8443037789999996,), error_no=MeasureErrorNo.NO_ERROR, all_cost=6.2419304847717285, timestamp=1689838331.5458963)	[('tile_y', 2), ('tile_x', 4), ('tile_y1', 1), ('tile_x1', 1), ('tile_y2', 1), ('tile_x2', 1)],None,41
autotvm - DEBUG - No: 43	GFLOPS: 2.11/2.17	result: MeasureResult(costs=(2.8451173020000002,), error_no=MeasureErrorNo.NO_ERROR, all_cost=6.225663423538208, timestamp=1689838337.5233822)	[('tile_y', 4), ('tile_x', 4), ('tile_y1', 1), ('tile_x1', 1), ('tile_y2', 1), ('tile_x2', 1)],None,42
autotvm - DEBUG - No: 44	GFLOPS: 2.11/2.17	result: MeasureResult(costs=(2.839321054,), error_no=MeasureErrorNo.NO_ERROR, all_cost=6.1244425773620605, timestamp=1689838343.4519515)	[('tile_y', 5), ('tile_x', 4), ('tile_y1', 1), ('tile_x1', 1), ('tile_y2', 1), ('tile_x2', 1)],None,43
autotvm - DEBUG - No: 45	GFLOPS: 2.12/2.17	result: MeasureResult(costs=(2.835986237,), error_no=MeasureErrorNo.NO_ERROR, all_cost=5.953341007232666, timestamp=1689838349.3680587)	[('tile_y', 8), ('tile_x', 4), ('tile_y1', 1), ('tile_x1', 1), ('tile_y2', 1), ('tile_x2', 1)],None,44
autotvm - DEBUG - No: 46	GFLOPS: 2.12/2.17	result: MeasureResult(costs=(2.8359053739999998,), error_no=MeasureErrorNo.NO_ERROR, all_cost=6.259314775466919, timestamp=1689838355.3392894)	[('tile_y', 10), ('tile_x', 4), ('tile_y1', 1), ('tile_x1', 1), ('tile_y2', 1), ('tile_x2', 1)],None,45
autotvm - DEBUG - No: 47	GFLOPS: 2.12/2.17	result: MeasureResult(costs=(2.833549323,), error_no=MeasureErrorNo.NO_ERROR, all_cost=6.419801473617554, timestamp=1689838361.4435427)	[('tile_y', 16), ('tile_x', 4), ('tile_y1', 1), ('tile_x1', 1), ('tile_y2', 1), ('tile_x2', 1)],None,46
autotvm - DEBUG - No: 48	GFLOPS: 2.11/2.17	result: MeasureResult(costs=(2.840829341,), error_no=MeasureErrorNo.NO_ERROR, all_cost=5.992553472518921, timestamp=1689838367.3744953)	[('tile_y', 20), ('tile_x', 4), ('tile_y1', 1), ('tile_x1', 1), ('tile_y2', 1), ('tile_x2', 1)],None,47
autotvm - DEBUG - No: 49	GFLOPS: 2.11/2.17	result: MeasureResult(costs=(2.841341472,), error_no=MeasureErrorNo.NO_ERROR, all_cost=6.046504259109497, timestamp=1689838373.3465123)	[('tile_y', 25), ('tile_x', 4), ('tile_y1', 1), ('tile_x1', 1), ('tile_y2', 1), ('tile_x2', 1)],None,48
autotvm - DEBUG - No: 50	GFLOPS: 2.11/2.17	result: MeasureResult(costs=(2.841496767,), error_no=MeasureErrorNo.NO_ERROR, all_cost=6.023653984069824, timestamp=1689838379.272644)	[('tile_y', 40), ('tile_x', 4), ('tile_y1', 1), ('tile_x1', 1), ('tile_y2', 1), ('tile_x2', 1)],None,49
autotvm - DEBUG - No: 51	GFLOPS: 2.11/2.17	result: MeasureResult(costs=(2.844015024,), error_no=MeasureErrorNo.NO_ERROR, all_cost=6.249147891998291, timestamp=1689838385.2080994)	[('tile_y', 50), ('tile_x', 4), ('tile_y1', 1), ('tile_x1', 1), ('tile_y2', 1), ('tile_x2', 1)],None,50
autotvm - DEBUG - No: 52	GFLOPS: 2.11/2.17	result: MeasureResult(costs=(2.8458400270000004,), error_no=MeasureErrorNo.NO_ERROR, all_cost=6.025010347366333, timestamp=1689838391.1887224)	[('tile_y', 80), ('tile_x', 4), ('tile_y1', 1), ('tile_x1', 1), ('tile_y2', 1), ('tile_x2', 1)],None,51
autotvm - DEBUG - No: 53	GFLOPS: 2.09/2.17	result: MeasureResult(costs=(2.866999975,), error_no=MeasureErrorNo.NO_ERROR, all_cost=6.409924745559692, timestamp=1689838397.3466003)	[('tile_y', 100), ('tile_x', 4), ('tile_y1', 1), ('tile_x1', 1), ('tile_y2', 1), ('tile_x2', 1)],None,52
autotvm - DEBUG - No: 54	GFLOPS: 2.11/2.17	result: MeasureResult(costs=(2.8390667159999996,), error_no=MeasureErrorNo.NO_ERROR, all_cost=6.05612325668335, timestamp=1689838403.28192)	[('tile_y', 125), ('tile_x', 4), ('tile_y1', 1), ('tile_x1', 1), ('tile_y2', 1), ('tile_x2', 1)],None,53
autotvm - DEBUG - No: 55	GFLOPS: 2.11/2.17	result: MeasureResult(costs=(2.846261968,), error_no=MeasureErrorNo.NO_ERROR, all_cost=6.072893857955933, timestamp=1689838409.2652445)	[('tile_y', 200), ('tile_x', 4), ('tile_y1', 1), ('tile_x1', 1), ('tile_y2', 1), ('tile_x2', 1)],None,54
autotvm - DEBUG - No: 56	GFLOPS: 2.11/2.17	result: MeasureResult(costs=(2.842996072,), error_no=MeasureErrorNo.NO_ERROR, all_cost=5.985431432723999, timestamp=1689838415.2031019)	[('tile_y', 250), ('tile_x', 4), ('tile_y1', 1), ('tile_x1', 1), ('tile_y2', 1), ('tile_x2', 1)],None,55
autotvm - DEBUG - No: 57	GFLOPS: 2.11/2.17	result: MeasureResult(costs=(2.845496576,), error_no=MeasureErrorNo.NO_ERROR, all_cost=6.143986463546753, timestamp=1689838421.1431413)	[('tile_y', 400), ('tile_x', 4), ('tile_y1', 1), ('tile_x1', 1), ('tile_y2', 1), ('tile_x2', 1)],None,56
autotvm - DEBUG - No: 58	GFLOPS: 2.12/2.17	result: MeasureResult(costs=(2.835836597,), error_no=MeasureErrorNo.NO_ERROR, all_cost=6.037309169769287, timestamp=1689838427.1137028)	[('tile_y', 500), ('tile_x', 4), ('tile_y1', 1), ('tile_x1', 1), ('tile_y2', 1), ('tile_x2', 1)],None,57
autotvm - DEBUG - No: 59	GFLOPS: 2.12/2.17	result: MeasureResult(costs=(2.8350263460000003,), error_no=MeasureErrorNo.NO_ERROR, all_cost=6.215921878814697, timestamp=1689838433.2225502)	[('tile_y', 1000), ('tile_x', 4), ('tile_y1', 1), ('tile_x1', 1), ('tile_y2', 1), ('tile_x2', 1)],None,58
autotvm - DEBUG - No: 60	GFLOPS: 2.11/2.17	result: MeasureResult(costs=(2.837246195,), error_no=MeasureErrorNo.NO_ERROR, all_cost=6.044203519821167, timestamp=1689838439.1432261)	[('tile_y', 2000), ('tile_x', 4), ('tile_y1', 1), ('tile_x1', 1), ('tile_y2', 1), ('tile_x2', 1)],None,59
autotvm - DEBUG - No: 61	GFLOPS: 2.11/2.17	result: MeasureResult(costs=(2.840073957,), error_no=MeasureErrorNo.NO_ERROR, all_cost=6.197764873504639, timestamp=1689838445.1147525)	[('tile_y', 1), ('tile_x', 5), ('tile_y1', 1), ('tile_x1', 1), ('tile_y2', 1), ('tile_x2', 1)],None,60
autotvm - DEBUG - No: 62	GFLOPS: 2.12/2.17	result: MeasureResult(costs=(2.832712759,), error_no=MeasureErrorNo.NO_ERROR, all_cost=5.955446481704712, timestamp=1689838451.0292664)	[('tile_y', 2), ('tile_x', 5), ('tile_y1', 1), ('tile_x1', 1), ('tile_y2', 1), ('tile_x2', 1)],None,61
autotvm - DEBUG - No: 63	GFLOPS: 2.11/2.17	result: MeasureResult(costs=(2.8458749979999998,), error_no=MeasureErrorNo.NO_ERROR, all_cost=6.179278612136841, timestamp=1689838456.9719412)	[('tile_y', 4), ('tile_x', 5), ('tile_y1', 1), ('tile_x1', 1), ('tile_y2', 1), ('tile_x2', 1)],None,62
autotvm - DEBUG - No: 64	GFLOPS: 2.10/2.17	result: MeasureResult(costs=(2.859760667,), error_no=MeasureErrorNo.NO_ERROR, all_cost=6.322171688079834, timestamp=1689838462.963756)	[('tile_y', 5), ('tile_x', 5), ('tile_y1', 1), ('tile_x1', 1), ('tile_y2', 1), ('tile_x2', 1)],None,63
autotvm - DEBUG - No: 65	GFLOPS: 2.12/2.17	result: MeasureResult(costs=(2.836254551,), error_no=MeasureErrorNo.NO_ERROR, all_cost=6.401705265045166, timestamp=1689838469.0599723)	[('tile_y', 8), ('tile_x', 5), ('tile_y1', 1), ('tile_x1', 1), ('tile_y2', 1), ('tile_x2', 1)],None,64
autotvm - DEBUG - No: 66	GFLOPS: 2.11/2.17	result: MeasureResult(costs=(2.842434085,), error_no=MeasureErrorNo.NO_ERROR, all_cost=5.942288875579834, timestamp=1689838474.993286)	[('tile_y', 10), ('tile_x', 5), ('tile_y1', 1), ('tile_x1', 1), ('tile_y2', 1), ('tile_x2', 1)],None,65
autotvm - DEBUG - No: 67	GFLOPS: 2.11/2.17	result: MeasureResult(costs=(2.8385404669999996,), error_no=MeasureErrorNo.NO_ERROR, all_cost=6.049445867538452, timestamp=1689838480.9611874)	[('tile_y', 16), ('tile_x', 5), ('tile_y1', 1), ('tile_x1', 1), ('tile_y2', 1), ('tile_x2', 1)],None,66
autotvm - DEBUG - No: 68	GFLOPS: 2.11/2.17	result: MeasureResult(costs=(2.8392087360000002,), error_no=MeasureErrorNo.NO_ERROR, all_cost=6.060898780822754, timestamp=1689838486.8872368)	[('tile_y', 20), ('tile_x', 5), ('tile_y1', 1), ('tile_x1', 1), ('tile_y2', 1), ('tile_x2', 1)],None,67
autotvm - DEBUG - No: 69	GFLOPS: 2.11/2.17	result: MeasureResult(costs=(2.842741544,), error_no=MeasureErrorNo.NO_ERROR, all_cost=6.249253749847412, timestamp=1689838492.8189547)	[('tile_y', 25), ('tile_x', 5), ('tile_y1', 1), ('tile_x1', 1), ('tile_y2', 1), ('tile_x2', 1)],None,68
autotvm - DEBUG - No: 70	GFLOPS: 2.11/2.17	result: MeasureResult(costs=(2.837887685,), error_no=MeasureErrorNo.NO_ERROR, all_cost=6.231586456298828, timestamp=1689838498.7815769)	[('tile_y', 40), ('tile_x', 5), ('tile_y1', 1), ('tile_x1', 1), ('tile_y2', 1), ('tile_x2', 1)],None,69
autotvm - DEBUG - No: 71	GFLOPS: 2.11/2.17	result: MeasureResult(costs=(2.841288788,), error_no=MeasureErrorNo.NO_ERROR, all_cost=6.2928760051727295, timestamp=1689838504.888333)	[('tile_y', 50), ('tile_x', 5), ('tile_y1', 1), ('tile_x1', 1), ('tile_y2', 1), ('tile_x2', 1)],None,70
autotvm - DEBUG - No: 72	GFLOPS: 2.12/2.17	result: MeasureResult(costs=(2.834542639,), error_no=MeasureErrorNo.NO_ERROR, all_cost=6.23002552986145, timestamp=1689838510.8054495)	[('tile_y', 80), ('tile_x', 5), ('tile_y1', 1), ('tile_x1', 1), ('tile_y2', 1), ('tile_x2', 1)],None,71
autotvm - DEBUG - No: 73	GFLOPS: 2.12/2.17	result: MeasureResult(costs=(2.827412652,), error_no=MeasureErrorNo.NO_ERROR, all_cost=5.938308000564575, timestamp=1689838516.749128)	[('tile_y', 100), ('tile_x', 5), ('tile_y1', 1), ('tile_x1', 1), ('tile_y2', 1), ('tile_x2', 1)],None,72
autotvm - DEBUG - No: 74	GFLOPS: 2.13/2.17	result: MeasureResult(costs=(2.823208025,), error_no=MeasureErrorNo.NO_ERROR, all_cost=6.199778079986572, timestamp=1689838522.6466527)	[('tile_y', 125), ('tile_x', 5), ('tile_y1', 1), ('tile_x1', 1), ('tile_y2', 1), ('tile_x2', 1)],None,73
autotvm - DEBUG - No: 75	GFLOPS: 2.11/2.17	result: MeasureResult(costs=(2.840338686,), error_no=MeasureErrorNo.NO_ERROR, all_cost=5.991236209869385, timestamp=1689838528.5790827)	[('tile_y', 200), ('tile_x', 5), ('tile_y1', 1), ('tile_x1', 1), ('tile_y2', 1), ('tile_x2', 1)],None,74
autotvm - DEBUG - No: 76	GFLOPS: 1.99/2.17	result: MeasureResult(costs=(3.0085187340000004,), error_no=MeasureErrorNo.NO_ERROR, all_cost=6.147639513015747, timestamp=1689838534.71723)	[('tile_y', 250), ('tile_x', 5), ('tile_y1', 1), ('tile_x1', 1), ('tile_y2', 1), ('tile_x2', 1)],None,75
autotvm - DEBUG - No: 77	GFLOPS: 2.12/2.17	result: MeasureResult(costs=(2.831899956,), error_no=MeasureErrorNo.NO_ERROR, all_cost=6.217275142669678, timestamp=1689838540.6290078)	[('tile_y', 400), ('tile_x', 5), ('tile_y1', 1), ('tile_x1', 1), ('tile_y2', 1), ('tile_x2', 1)],None,76
autotvm - DEBUG - No: 78	GFLOPS: 2.12/2.17	result: MeasureResult(costs=(2.834121741,), error_no=MeasureErrorNo.NO_ERROR, all_cost=6.221587896347046, timestamp=1689838546.5422857)	[('tile_y', 500), ('tile_x', 5), ('tile_y1', 1), ('tile_x1', 1), ('tile_y2', 1), ('tile_x2', 1)],None,77
autotvm - DEBUG - No: 79	GFLOPS: 2.12/2.17	result: MeasureResult(costs=(2.8357613919999998,), error_no=MeasureErrorNo.NO_ERROR, all_cost=6.108988046646118, timestamp=1689838552.5061944)	[('tile_y', 1000), ('tile_x', 5), ('tile_y1', 1), ('tile_x1', 1), ('tile_y2', 1), ('tile_x2', 1)],None,78
autotvm - DEBUG - No: 80	GFLOPS: 2.12/2.17	result: MeasureResult(costs=(2.832035088,), error_no=MeasureErrorNo.NO_ERROR, all_cost=6.24605393409729, timestamp=1689838558.4240613)	[('tile_y', 2000), ('tile_x', 5), ('tile_y1', 1), ('tile_x1', 1), ('tile_y2', 1), ('tile_x2', 1)],None,79
autotvm - DEBUG - No: 81	GFLOPS: 2.12/2.17	result: MeasureResult(costs=(2.832190701,), error_no=MeasureErrorNo.NO_ERROR, all_cost=6.23011589050293, timestamp=1689838564.336798)	[('tile_y', 1), ('tile_x', 8), ('tile_y1', 1), ('tile_x1', 1), ('tile_y2', 1), ('tile_x2', 1)],None,80
autotvm - DEBUG - No: 82	GFLOPS: 2.11/2.17	result: MeasureResult(costs=(2.838796474,), error_no=MeasureErrorNo.NO_ERROR, all_cost=6.296573877334595, timestamp=1689838570.306662)	[('tile_y', 2), ('tile_x', 8), ('tile_y1', 1), ('tile_x1', 1), ('tile_y2', 1), ('tile_x2', 1)],None,81
autotvm - DEBUG - No: 83	GFLOPS: 2.12/2.17	result: MeasureResult(costs=(2.83654362,), error_no=MeasureErrorNo.NO_ERROR, all_cost=6.090182781219482, timestamp=1689838576.402255)	[('tile_y', 4), ('tile_x', 8), ('tile_y1', 1), ('tile_x1', 1), ('tile_y2', 1), ('tile_x2', 1)],None,82
autotvm - DEBUG - No: 84	GFLOPS: 2.12/2.17	result: MeasureResult(costs=(2.825293705,), error_no=MeasureErrorNo.NO_ERROR, all_cost=6.020110130310059, timestamp=1689838582.305974)	[('tile_y', 5), ('tile_x', 8), ('tile_y1', 1), ('tile_x1', 1), ('tile_y2', 1), ('tile_x2', 1)],None,83
autotvm - DEBUG - No: 85	GFLOPS: 2.12/2.17	result: MeasureResult(costs=(2.830494613,), error_no=MeasureErrorNo.NO_ERROR, all_cost=6.26606297492981, timestamp=1689838588.255626)	[('tile_y', 8), ('tile_x', 8), ('tile_y1', 1), ('tile_x1', 1), ('tile_y2', 1), ('tile_x2', 1)],None,84
autotvm - DEBUG - No: 86	GFLOPS: 2.12/2.17	result: MeasureResult(costs=(2.829130244,), error_no=MeasureErrorNo.NO_ERROR, all_cost=6.242444038391113, timestamp=1689838594.1666708)	[('tile_y', 10), ('tile_x', 8), ('tile_y1', 1), ('tile_x1', 1), ('tile_y2', 1), ('tile_x2', 1)],None,85
autotvm - DEBUG - No: 87	GFLOPS: 2.12/2.17	result: MeasureResult(costs=(2.828101362,), error_no=MeasureErrorNo.NO_ERROR, all_cost=6.21443510055542, timestamp=1689838600.0652192)	[('tile_y', 16), ('tile_x', 8), ('tile_y1', 1), ('tile_x1', 1), ('tile_y2', 1), ('tile_x2', 1)],None,86
autotvm - DEBUG - No: 88	GFLOPS: 2.12/2.17	result: MeasureResult(costs=(2.8323057090000003,), error_no=MeasureErrorNo.NO_ERROR, all_cost=6.415886402130127, timestamp=1689838606.1953337)	[('tile_y', 20), ('tile_x', 8), ('tile_y1', 1), ('tile_x1', 1), ('tile_y2', 1), ('tile_x2', 1)],None,87
autotvm - DEBUG - No: 89	GFLOPS: 2.12/2.17	result: MeasureResult(costs=(2.8320510559999996,), error_no=MeasureErrorNo.NO_ERROR, all_cost=6.228544235229492, timestamp=1689838612.107432)	[('tile_y', 25), ('tile_x', 8), ('tile_y1', 1), ('tile_x1', 1), ('tile_y2', 1), ('tile_x2', 1)],None,88
autotvm - DEBUG - No: 90	GFLOPS: 2.12/2.17	result: MeasureResult(costs=(2.82464791,), error_no=MeasureErrorNo.NO_ERROR, all_cost=6.21271824836731, timestamp=1689838618.0074735)	[('tile_y', 40), ('tile_x', 8), ('tile_y1', 1), ('tile_x1', 1), ('tile_y2', 1), ('tile_x2', 1)],None,89
autotvm - DEBUG - No: 91	GFLOPS: 2.12/2.17	result: MeasureResult(costs=(2.835411717,), error_no=MeasureErrorNo.NO_ERROR, all_cost=6.295132637023926, timestamp=1689838623.9708524)	[('tile_y', 50), ('tile_x', 8), ('tile_y1', 1), ('tile_x1', 1), ('tile_y2', 1), ('tile_x2', 1)],None,90
autotvm - DEBUG - No: 92	GFLOPS: 2.11/2.17	result: MeasureResult(costs=(2.836950516,), error_no=MeasureErrorNo.NO_ERROR, all_cost=6.167869329452515, timestamp=1689838629.8920941)	[('tile_y', 80), ('tile_x', 8), ('tile_y1', 1), ('tile_x1', 1), ('tile_y2', 1), ('tile_x2', 1)],None,91
autotvm - DEBUG - No: 93	GFLOPS: 2.13/2.17	result: MeasureResult(costs=(2.823526253,), error_no=MeasureErrorNo.NO_ERROR, all_cost=6.148434400558472, timestamp=1689838635.787952)	[('tile_y', 100), ('tile_x', 8), ('tile_y1', 1), ('tile_x1', 1), ('tile_y2', 1), ('tile_x2', 1)],None,92
autotvm - DEBUG - No: 94	GFLOPS: 2.00/2.17	result: MeasureResult(costs=(2.9983291330000004,), error_no=MeasureErrorNo.NO_ERROR, all_cost=6.428841590881348, timestamp=1689838641.9058607)	[('tile_y', 125), ('tile_x', 8), ('tile_y1', 1), ('tile_x1', 1), ('tile_y2', 1), ('tile_x2', 1)],None,93
autotvm - DEBUG - No: 95	GFLOPS: 2.12/2.17	result: MeasureResult(costs=(2.827153927,), error_no=MeasureErrorNo.NO_ERROR, all_cost=6.187451124191284, timestamp=1689838647.8160396)	[('tile_y', 200), ('tile_x', 8), ('tile_y1', 1), ('tile_x1', 1), ('tile_y2', 1), ('tile_x2', 1)],None,94
autotvm - DEBUG - No: 96	GFLOPS: 2.12/2.17	result: MeasureResult(costs=(2.827525713,), error_no=MeasureErrorNo.NO_ERROR, all_cost=6.217193365097046, timestamp=1689838653.7183514)	[('tile_y', 250), ('tile_x', 8), ('tile_y1', 1), ('tile_x1', 1), ('tile_y2', 1), ('tile_x2', 1)],None,95
autotvm - DEBUG - No: 97	GFLOPS: 2.13/2.17	result: MeasureResult(costs=(2.822262816,), error_no=MeasureErrorNo.NO_ERROR, all_cost=6.242687463760376, timestamp=1689838659.6537116)	[('tile_y', 400), ('tile_x', 8), ('tile_y1', 1), ('tile_x1', 1), ('tile_y2', 1), ('tile_x2', 1)],None,96
autotvm - DEBUG - No: 98	GFLOPS: 2.12/2.17	result: MeasureResult(costs=(2.832543323,), error_no=MeasureErrorNo.NO_ERROR, all_cost=6.146423578262329, timestamp=1689838665.5658474)	[('tile_y', 500), ('tile_x', 8), ('tile_y1', 1), ('tile_x1', 1), ('tile_y2', 1), ('tile_x2', 1)],None,97
autotvm - DEBUG - No: 99	GFLOPS: 2.12/2.17	result: MeasureResult(costs=(2.835985996,), error_no=MeasureErrorNo.NO_ERROR, all_cost=6.2290380001068115, timestamp=1689838671.4917982)	[('tile_y', 1000), ('tile_x', 8), ('tile_y1', 1), ('tile_x1', 1), ('tile_y2', 1), ('tile_x2', 1)],None,98
autotvm - DEBUG - No: 100	GFLOPS: 2.12/2.17	result: MeasureResult(costs=(2.829644793,), error_no=MeasureErrorNo.NO_ERROR, all_cost=6.032685041427612, timestamp=1689838677.441827)	[('tile_y', 2000), ('tile_x', 8), ('tile_y1', 1), ('tile_x1', 1), ('tile_y2', 1), ('tile_x2', 1)],None,99
root - INFO - Elpased time = 601.4560296535492
autotvm - DEBUG - Finish loading 100 records
