root - INFO - XGB Tuner 3MM - 2023-07-20 02:46:47.905583
autotvm - DEBUG - waiting for device...
autotvm - DEBUG - device available
autotvm - INFO - Get devices for measurement successfully!
autotvm - DEBUG - No: 1	GFLOPS: 2.77/2.77	result: MeasureResult(costs=(2.165968269,), error_no=MeasureErrorNo.NO_ERROR, all_cost=4.606202602386475, timestamp=1689839217.1915743)	[('tile_y', 500), ('tile_x', 200), ('tile_y1', 25), ('tile_x1', 40), ('tile_y2', 48), ('tile_x2', 80)],None,146805877
autotvm - DEBUG - No: 2	GFLOPS: 2.23/2.77	result: MeasureResult(costs=(2.688729231,), error_no=MeasureErrorNo.NO_ERROR, all_cost=5.733416795730591, timestamp=1689839222.8599367)	[('tile_y', 250), ('tile_x', 8), ('tile_y1', 480), ('tile_x1', 2000), ('tile_y2', 32), ('tile_x2', 160)],None,168132395
autotvm - DEBUG - No: 3	GFLOPS: 2.77/2.77	result: MeasureResult(costs=(2.162807232,), error_no=MeasureErrorNo.NO_ERROR, all_cost=4.667818784713745, timestamp=1689839227.4394453)	[('tile_y', 5), ('tile_x', 320), ('tile_y1', 4), ('tile_x1', 5), ('tile_y2', 8), ('tile_x2', 400)],None,197816563
autotvm - DEBUG - No: 4	GFLOPS: 2.53/2.77	result: MeasureResult(costs=(2.372163598,), error_no=MeasureErrorNo.NO_ERROR, all_cost=5.071859836578369, timestamp=1689839232.4236543)	[('tile_y', 20), ('tile_x', 25), ('tile_y1', 25), ('tile_x1', 1), ('tile_y2', 12), ('tile_x2', 5)],None,35084027
autotvm - DEBUG - No: 5	GFLOPS: 2.22/2.77	result: MeasureResult(costs=(2.697173261,), error_no=MeasureErrorNo.NO_ERROR, all_cost=5.94431209564209, timestamp=1689839238.2809598)	[('tile_y', 1000), ('tile_x', 32), ('tile_y1', 2), ('tile_x1', 20), ('tile_y2', 16), ('tile_x2', 64)],None,133767258
autotvm - DEBUG - No: 6	GFLOPS: 2.34/2.77	result: MeasureResult(costs=(2.568646519,), error_no=MeasureErrorNo.NO_ERROR, all_cost=5.462367296218872, timestamp=1689839243.6653721)	[('tile_y', 100), ('tile_x', 50), ('tile_y1', 2), ('tile_x1', 125), ('tile_y2', 40), ('tile_x2', 32)],None,103013212
autotvm - DEBUG - No: 7	GFLOPS: 2.62/2.77	result: MeasureResult(costs=(2.29307074,), error_no=MeasureErrorNo.NO_ERROR, all_cost=4.87816858291626, timestamp=1689839248.5010011)	[('tile_y', 5), ('tile_x', 32), ('tile_y1', 48), ('tile_x1', 20), ('tile_y2', 8), ('tile_x2', 5)],None,34586763
autotvm - DEBUG - No: 8	GFLOPS: 2.17/2.77	result: MeasureResult(costs=(2.763217532,), error_no=MeasureErrorNo.NO_ERROR, all_cost=5.849911212921143, timestamp=1689839254.311887)	[('tile_y', 400), ('tile_x', 50), ('tile_y1', 160), ('tile_x1', 400), ('tile_y2', 4), ('tile_x2', 320)],None,186229076
autotvm - DEBUG - No: 9	GFLOPS: 2.71/2.77	result: MeasureResult(costs=(2.217446322,), error_no=MeasureErrorNo.NO_ERROR, all_cost=4.757274389266968, timestamp=1689839259.0037587)	[('tile_y', 80), ('tile_x', 32), ('tile_y1', 15), ('tile_x1', 16), ('tile_y2', 400), ('tile_x2', 200)],None,183349091
autotvm - DEBUG - No: 10	GFLOPS: 2.34/2.77	result: MeasureResult(costs=(2.5642337470000003,), error_no=MeasureErrorNo.NO_ERROR, all_cost=5.455983877182007, timestamp=1689839264.376079)	[('tile_y', 1000), ('tile_x', 160), ('tile_y1', 60), ('tile_x1', 40), ('tile_y2', 2), ('tile_x2', 20)],None,76651578
autotvm - DEBUG - No: 11	GFLOPS: 2.50/2.77	result: MeasureResult(costs=(2.404320937,), error_no=MeasureErrorNo.NO_ERROR, all_cost=5.315793514251709, timestamp=1689839269.471327)	[('tile_y', 16), ('tile_x', 100), ('tile_y1', 240), ('tile_x1', 50), ('tile_y2', 6), ('tile_x2', 2)],None,12561646
autotvm - DEBUG - No: 12	GFLOPS: 2.53/2.77	result: MeasureResult(costs=(2.374646753,), error_no=MeasureErrorNo.NO_ERROR, all_cost=5.1851184368133545, timestamp=1689839274.640438)	[('tile_y', 250), ('tile_x', 80), ('tile_y1', 60), ('tile_x1', 25), ('tile_y2', 1200), ('tile_x2', 4)],None,32183615
autotvm - DEBUG - No: 13	GFLOPS: 2.77/2.77	result: MeasureResult(costs=(2.165283124,), error_no=MeasureErrorNo.NO_ERROR, all_cost=4.782506465911865, timestamp=1689839279.228353)	[('tile_y', 400), ('tile_x', 64), ('tile_y1', 5), ('tile_x1', 5), ('tile_y2', 48), ('tile_x2', 80)],None,146711296
autotvm - DEBUG - No: 14	GFLOPS: 2.45/2.77	result: MeasureResult(costs=(2.448504985,), error_no=MeasureErrorNo.NO_ERROR, all_cost=5.236652612686157, timestamp=1689839284.4154034)	[('tile_y', 100), ('tile_x', 200), ('tile_y1', 8), ('tile_x1', 2000), ('tile_y2', 6), ('tile_x2', 2)],None,12688532
autotvm - DEBUG - No: 15	GFLOPS: 2.46/2.77	result: MeasureResult(costs=(2.442265528,), error_no=MeasureErrorNo.NO_ERROR, all_cost=5.207847356796265, timestamp=1689839289.5453534)	[('tile_y', 5), ('tile_x', 200), ('tile_y1', 800), ('tile_x1', 250), ('tile_y2', 96), ('tile_x2', 10)],None,61325783
autotvm - DEBUG - No: 16	GFLOPS: 2.67/2.77	result: MeasureResult(costs=(2.2506771530000003,), error_no=MeasureErrorNo.NO_ERROR, all_cost=4.785240888595581, timestamp=1689839294.2887313)	[('tile_y', 25), ('tile_x', 2), ('tile_y1', 15), ('tile_x1', 50), ('tile_y2', 8), ('tile_x2', 5)],None,34628608
autotvm - DEBUG - No: 17	GFLOPS: 2.23/2.77	result: MeasureResult(costs=(2.695071221,), error_no=MeasureErrorNo.NO_ERROR, all_cost=5.709043979644775, timestamp=1689839299.9716964)	[('tile_y', 250), ('tile_x', 1), ('tile_y1', 40), ('tile_x1', 500), ('tile_y2', 60), ('tile_x2', 160)],None,169305375
autotvm - DEBUG - No: 18	GFLOPS: 2.42/2.77	result: MeasureResult(costs=(2.479827235,), error_no=MeasureErrorNo.NO_ERROR, all_cost=5.4262330532073975, timestamp=1689839305.178213)	[('tile_y', 8), ('tile_x', 32), ('tile_y1', 100), ('tile_x1', 16), ('tile_y2', 120), ('tile_x2', 20)],None,83562964
autotvm - DEBUG - No: 19	GFLOPS: 2.71/2.77	result: MeasureResult(costs=(2.211155439,), error_no=MeasureErrorNo.NO_ERROR, all_cost=5.042872905731201, timestamp=1689839310.0182488)	[('tile_y', 2000), ('tile_x', 16), ('tile_y1', 6), ('tile_x1', 500), ('tile_y2', 480), ('tile_x2', 400)],None,205588879
autotvm - DEBUG - No: 20	GFLOPS: 2.41/2.77	result: MeasureResult(costs=(2.491523115,), error_no=MeasureErrorNo.NO_ERROR, all_cost=5.41645359992981, timestamp=1689839315.2888207)	[('tile_y', 5), ('tile_x', 8), ('tile_y1', 24), ('tile_x1', 20), ('tile_y2', 12), ('tile_x2', 64)],None,133166963
autotvm - DEBUG - No: 21	GFLOPS: 2.64/2.77	result: MeasureResult(costs=(2.271711022,), error_no=MeasureErrorNo.NO_ERROR, all_cost=4.879116773605347, timestamp=1689839320.0817068)	[('tile_y', 200), ('tile_x', 2), ('tile_y1', 160), ('tile_x1', 250), ('tile_y2', 16), ('tile_x2', 4)],None,25034554
autotvm - DEBUG - No: 22	GFLOPS: 2.78/2.78	result: MeasureResult(costs=(2.156088639,), error_no=MeasureErrorNo.NO_ERROR, all_cost=4.643821477890015, timestamp=1689839324.6435316)	[('tile_y', 125), ('tile_x', 2), ('tile_y1', 300), ('tile_x1', 10), ('tile_y2', 50), ('tile_x2', 200)],None,179713413
autotvm - DEBUG - No: 23	GFLOPS: 2.69/2.78	result: MeasureResult(costs=(2.2332695250000003,), error_no=MeasureErrorNo.NO_ERROR, all_cost=4.836673736572266, timestamp=1689839329.4106233)	[('tile_y', 80), ('tile_x', 2), ('tile_y1', 1), ('tile_x1', 400), ('tile_y2', 2400), ('tile_x2', 200)],None,185008351
autotvm - DEBUG - No: 24	GFLOPS: 2.22/2.78	result: MeasureResult(costs=(2.7003264650000003,), error_no=MeasureErrorNo.NO_ERROR, all_cost=5.709954023361206, timestamp=1689839335.0731626)	[('tile_y', 10), ('tile_x', 40), ('tile_y1', 10), ('tile_x1', 20), ('tile_y2', 60), ('tile_x2', 64)],None,136491385
autotvm - DEBUG - No: 25	GFLOPS: 2.12/2.78	result: MeasureResult(costs=(2.836632071,), error_no=MeasureErrorNo.NO_ERROR, all_cost=5.985930442810059, timestamp=1689839340.9936519)	[('tile_y', 8), ('tile_x', 25), ('tile_y1', 6), ('tile_x1', 50), ('tile_y2', 4), ('tile_x2', 160)],None,164356664
autotvm - DEBUG - No: 26	GFLOPS: 2.79/2.79	result: MeasureResult(costs=(2.153453059,), error_no=MeasureErrorNo.NO_ERROR, all_cost=4.965970039367676, timestamp=1689839345.7601888)	[('tile_y', 100), ('tile_x', 40), ('tile_y1', 15), ('tile_x1', 125), ('tile_y2', 50), ('tile_x2', 200)],None,179826152
autotvm - DEBUG - No: 27	GFLOPS: 2.78/2.79	result: MeasureResult(costs=(2.156002817,), error_no=MeasureErrorNo.NO_ERROR, all_cost=4.777725696563721, timestamp=1689839350.3280113)	[('tile_y', 5), ('tile_x', 800), ('tile_y1', 1200), ('tile_x1', 400), ('tile_y2', 15), ('tile_x2', 40)],None,111842183
autotvm - DEBUG - No: 28	GFLOPS: 2.41/2.79	result: MeasureResult(costs=(2.49312172,), error_no=MeasureErrorNo.NO_ERROR, all_cost=5.509018182754517, timestamp=1689839355.560548)	[('tile_y', 20), ('tile_x', 320), ('tile_y1', 240), ('tile_x1', 2000), ('tile_y2', 75), ('tile_x2', 25)],None,93438587
autotvm - DEBUG - No: 29	GFLOPS: 2.78/2.79	result: MeasureResult(costs=(2.1617642879999996,), error_no=MeasureErrorNo.NO_ERROR, all_cost=4.859133005142212, timestamp=1689839360.179059)	[('tile_y', 40), ('tile_x', 16), ('tile_y1', 240), ('tile_x1', 20), ('tile_y2', 24), ('tile_x2', 50)],None,123496929
autotvm - DEBUG - No: 30	GFLOPS: 2.68/2.79	result: MeasureResult(costs=(2.241190947,), error_no=MeasureErrorNo.NO_ERROR, all_cost=4.94160008430481, timestamp=1689839364.9350762)	[('tile_y', 80), ('tile_x', 1600), ('tile_y1', 10), ('tile_x1', 200), ('tile_y2', 150), ('tile_x2', 80)],None,149298231
autotvm - DEBUG - No: 31	GFLOPS: 2.77/2.79	result: MeasureResult(costs=(2.162309522,), error_no=MeasureErrorNo.NO_ERROR, all_cost=4.798908472061157, timestamp=1689839369.511728)	[('tile_y', 80), ('tile_x', 400), ('tile_y1', 40), ('tile_x1', 2000), ('tile_y2', 6), ('tile_x2', 1600)],None,219534371
autotvm - DEBUG - No: 32	GFLOPS: 2.82/2.82	result: MeasureResult(costs=(2.12943025,), error_no=MeasureErrorNo.NO_ERROR, all_cost=4.765203952789307, timestamp=1689839374.063093)	[('tile_y', 16), ('tile_x', 40), ('tile_y1', 2400), ('tile_x1', 1), ('tile_y2', 8), ('tile_x2', 100)],None,154238906
autotvm - DEBUG - No: 33	GFLOPS: 2.07/2.82	result: MeasureResult(costs=(2.9030212630000003,), error_no=MeasureErrorNo.NO_ERROR, all_cost=6.047083377838135, timestamp=1689839379.932894)	[('tile_y', 125), ('tile_x', 10), ('tile_y1', 30), ('tile_x1', 2), ('tile_y2', 30), ('tile_x2', 320)],None,189323513
autotvm - DEBUG - No: 34	GFLOPS: 2.21/2.82	result: MeasureResult(costs=(2.719973332,), error_no=MeasureErrorNo.NO_ERROR, all_cost=5.805607557296753, timestamp=1689839385.6041653)	[('tile_y', 16), ('tile_x', 400), ('tile_y1', 200), ('tile_x1', 80), ('tile_y2', 30), ('tile_x2', 64)],None,135048426
autotvm - DEBUG - No: 35	GFLOPS: 2.61/2.82	result: MeasureResult(costs=(2.300669786,), error_no=MeasureErrorNo.NO_ERROR, all_cost=4.978600263595581, timestamp=1689839390.4964998)	[('tile_y', 8), ('tile_x', 1), ('tile_y1', 8), ('tile_x1', 40), ('tile_y2', 200), ('tile_x2', 8)],None,51849004
autotvm - DEBUG - No: 36	GFLOPS: 2.76/2.82	result: MeasureResult(costs=(2.170429659,), error_no=MeasureErrorNo.NO_ERROR, all_cost=4.6443891525268555, timestamp=1689839395.092806)	[('tile_y', 125), ('tile_x', 80), ('tile_y1', 8), ('tile_x1', 500), ('tile_y2', 80), ('tile_x2', 400)],None,202565433
autotvm - DEBUG - No: 37	GFLOPS: 2.79/2.82	result: MeasureResult(costs=(2.149836659,), error_no=MeasureErrorNo.NO_ERROR, all_cost=4.652067422866821, timestamp=1689839399.645472)	[('tile_y', 2000), ('tile_x', 4), ('tile_y1', 200), ('tile_x1', 2000), ('tile_y2', 30), ('tile_x2', 100)],None,156941879
autotvm - DEBUG - No: 38	GFLOPS: 2.40/2.82	result: MeasureResult(costs=(2.4992016159999997,), error_no=MeasureErrorNo.NO_ERROR, all_cost=5.373664140701294, timestamp=1689839404.93043)	[('tile_y', 400), ('tile_x', 80), ('tile_y1', 96), ('tile_x1', 200), ('tile_y2', 300), ('tile_x2', 4)],None,30763596
autotvm - DEBUG - No: 39	GFLOPS: 2.35/2.82	result: MeasureResult(costs=(2.557906852,), error_no=MeasureErrorNo.NO_ERROR, all_cost=5.580933570861816, timestamp=1689839410.2954998)	[('tile_y', 250), ('tile_x', 10), ('tile_y1', 32), ('tile_x1', 400), ('tile_y2', 5), ('tile_x2', 64)],None,132094735
autotvm - DEBUG - No: 40	GFLOPS: 2.25/2.82	result: MeasureResult(costs=(2.662252971,), error_no=MeasureErrorNo.NO_ERROR, all_cost=5.654039621353149, timestamp=1689839415.6960576)	[('tile_y', 50), ('tile_x', 1600), ('tile_y1', 8), ('tile_x1', 125), ('tile_y2', 480), ('tile_x2', 20)],None,85778690
autotvm - DEBUG - No: 41	GFLOPS: 2.29/2.82	result: MeasureResult(costs=(2.6211592660000003,), error_no=MeasureErrorNo.NO_ERROR, all_cost=5.732529401779175, timestamp=1689839421.2210612)	[('tile_y', 40), ('tile_x', 16), ('tile_y1', 25), ('tile_x1', 50), ('tile_y2', 1200), ('tile_x2', 320)],None,195507189
autotvm - DEBUG - No: 42	GFLOPS: 2.21/2.82	result: MeasureResult(costs=(2.7184227169999997,), error_no=MeasureErrorNo.NO_ERROR, all_cost=5.863363742828369, timestamp=1689839426.9130893)	[('tile_y', 50), ('tile_x', 800), ('tile_y1', 96), ('tile_x1', 16), ('tile_y2', 200), ('tile_x2', 800)],None,215106750
autotvm - DEBUG - No: 43	GFLOPS: 2.62/2.82	result: MeasureResult(costs=(2.291831576,), error_no=MeasureErrorNo.NO_ERROR, all_cost=5.0452494621276855, timestamp=1689839431.7483692)	[('tile_y', 200), ('tile_x', 400), ('tile_y1', 16), ('tile_x1', 80), ('tile_y2', 24), ('tile_x2', 8)],None,47345294
autotvm - DEBUG - No: 44	GFLOPS: 2.66/2.82	result: MeasureResult(costs=(2.253672258,), error_no=MeasureErrorNo.NO_ERROR, all_cost=5.006810426712036, timestamp=1689839436.5435224)	[('tile_y', 1000), ('tile_x', 1), ('tile_y1', 12), ('tile_x1', 20), ('tile_y2', 20), ('tile_x2', 8)],None,46981218
autotvm - DEBUG - No: 45	GFLOPS: 2.42/2.82	result: MeasureResult(costs=(2.4767629529999997,), error_no=MeasureErrorNo.NO_ERROR, all_cost=5.273393630981445, timestamp=1689839441.7415187)	[('tile_y', 1), ('tile_x', 200), ('tile_y1', 16), ('tile_x1', 5), ('tile_y2', 75), ('tile_x2', 5)],None,38757080
autotvm - DEBUG - No: 46	GFLOPS: 2.00/2.82	result: MeasureResult(costs=(2.9945398369999996,), error_no=MeasureErrorNo.NO_ERROR, all_cost=6.257775068283081, timestamp=1689839447.8189294)	[('tile_y', 1000), ('tile_x', 1), ('tile_y1', 25), ('tile_x1', 20), ('tile_y2', 4), ('tile_x2', 160)],None,164314518
autotvm - DEBUG - No: 47	GFLOPS: 2.40/2.82	result: MeasureResult(costs=(2.4953624629999998,), error_no=MeasureErrorNo.NO_ERROR, all_cost=5.483143329620361, timestamp=1689839453.1104555)	[('tile_y', 250), ('tile_x', 8), ('tile_y1', 16), ('tile_x1', 5), ('tile_y2', 15), ('tile_x2', 2)],None,13657655
autotvm - DEBUG - No: 48	GFLOPS: 2.49/2.82	result: MeasureResult(costs=(2.410369154,), error_no=MeasureErrorNo.NO_ERROR, all_cost=5.257477760314941, timestamp=1689839458.1805334)	[('tile_y', 500), ('tile_x', 40), ('tile_y1', 40), ('tile_x1', 80), ('tile_y2', 30), ('tile_x2', 8)],None,47952457
autotvm - DEBUG - No: 49	GFLOPS: 2.51/2.82	result: MeasureResult(costs=(2.3883792859999997,), error_no=MeasureErrorNo.NO_ERROR, all_cost=5.219258069992065, timestamp=1689839463.2070456)	[('tile_y', 80), ('tile_x', 2), ('tile_y1', 150), ('tile_x1', 16), ('tile_y2', 20), ('tile_x2', 2)],None,14314051
autotvm - DEBUG - No: 50	GFLOPS: 2.78/2.82	result: MeasureResult(costs=(2.156164597,), error_no=MeasureErrorNo.NO_ERROR, all_cost=4.812056303024292, timestamp=1689839467.8123856)	[('tile_y', 400), ('tile_x', 32), ('tile_y1', 80), ('tile_x1', 20), ('tile_y2', 50), ('tile_x2', 200)],None,179740456
autotvm - DEBUG - No: 51	GFLOPS: 2.47/2.82	result: MeasureResult(costs=(2.425904552,), error_no=MeasureErrorNo.NO_ERROR, all_cost=5.280905485153198, timestamp=1689839472.9125357)	[('tile_y', 16), ('tile_x', 64), ('tile_y1', 480), ('tile_x1', 2), ('tile_y2', 6), ('tile_x2', 20)],None,77745186
autotvm - DEBUG - No: 52	GFLOPS: 2.34/2.82	result: MeasureResult(costs=(2.561307191,), error_no=MeasureErrorNo.NO_ERROR, all_cost=5.46929144859314, timestamp=1689839478.2894742)	[('tile_y', 125), ('tile_x', 8), ('tile_y1', 3), ('tile_x1', 500), ('tile_y2', 600), ('tile_x2', 5)],None,42593973
autotvm - DEBUG - No: 53	GFLOPS: 2.28/2.82	result: MeasureResult(costs=(2.630609516,), error_no=MeasureErrorNo.NO_ERROR, all_cost=5.927831411361694, timestamp=1689839484.0289516)	[('tile_y', 2), ('tile_x', 1), ('tile_y1', 96), ('tile_x1', 25), ('tile_y2', 6), ('tile_x2', 64)],None,132279001
autotvm - DEBUG - No: 54	GFLOPS: 2.28/2.82	result: MeasureResult(costs=(2.634555193,), error_no=MeasureErrorNo.NO_ERROR, all_cost=5.640133380889893, timestamp=1689839489.5441577)	[('tile_y', 100), ('tile_x', 5), ('tile_y1', 4), ('tile_x1', 125), ('tile_y2', 1200), ('tile_x2', 64)],None,141116292
autotvm - DEBUG - No: 55	GFLOPS: 2.50/2.82	result: MeasureResult(costs=(2.3983401840000003,), error_no=MeasureErrorNo.NO_ERROR, all_cost=5.301878213882446, timestamp=1689839494.5939984)	[('tile_y', 2000), ('tile_x', 400), ('tile_y1', 8), ('tile_x1', 500), ('tile_y2', 6), ('tile_x2', 4)],None,23544739
autotvm - DEBUG - No: 56	GFLOPS: 2.80/2.82	result: MeasureResult(costs=(2.14596733,), error_no=MeasureErrorNo.NO_ERROR, all_cost=4.812606573104858, timestamp=1689839499.1830192)	[('tile_y', 4), ('tile_x', 80), ('tile_y1', 80), ('tile_x1', 80), ('tile_y2', 50), ('tile_x2', 200)],None,179801002
root - INFO - Elpased time = 290.63600897789
autotvm - DEBUG - Finish loading 56 records
