root - INFO - Random Tuner Matrix Multiplication - 2023-07-21 15:50:04.681950
autotvm - DEBUG - waiting for device...
autotvm - DEBUG - device available
autotvm - INFO - Get devices for measurement successfully!
autotvm - DEBUG - No: 1	GFLOPS: 1.31/1.31	result: MeasureResult(costs=(2.012706504,), error_no=MeasureErrorNo.NO_ERROR, all_cost=4.299675703048706, timestamp=1689972614.1314743)	[('tile_x', 1000), ('tile_y', 6)],None,95
autotvm - DEBUG - No: 2	GFLOPS: 1.69/1.69	result: MeasureResult(costs=(1.5644606289999998,), error_no=MeasureErrorNo.NO_ERROR, all_cost=3.2722630500793457, timestamp=1689972617.3380473)	[('tile_x', 125), ('tile_y', 80)],None,331
autotvm - DEBUG - No: 3	GFLOPS: 3.94/3.94	result: MeasureResult(costs=(0.6697566779999999,), error_no=MeasureErrorNo.NO_ERROR, all_cost=1.6185412406921387, timestamp=1689972618.8933682)	[('tile_x', 8), ('tile_y', 300)],None,420
autotvm - DEBUG - No: 4	GFLOPS: 3.84/3.94	result: MeasureResult(costs=(0.686825704,), error_no=MeasureErrorNo.NO_ERROR, all_cost=1.6125099658966064, timestamp=1689972620.482577)	[('tile_x', 5), ('tile_y', 120)],None,355
autotvm - DEBUG - No: 5	GFLOPS: 1.97/3.94	result: MeasureResult(costs=(1.3414278220000002,), error_no=MeasureErrorNo.NO_ERROR, all_cost=3.0467429161071777, timestamp=1689972623.4296134)	[('tile_x', 250), ('tile_y', 10)],None,125
autotvm - DEBUG - No: 6	GFLOPS: 2.68/3.94	result: MeasureResult(costs=(0.98489144,), error_no=MeasureErrorNo.NO_ERROR, all_cost=2.2614574432373047, timestamp=1689972625.614842)	[('tile_x', 500), ('tile_y', 150)],None,382
autotvm - DEBUG - No: 7	GFLOPS: 1.91/3.94	result: MeasureResult(costs=(1.385305943,), error_no=MeasureErrorNo.NO_ERROR, all_cost=3.0777485370635986, timestamp=1689972628.6041288)	[('tile_x', 125), ('tile_y', 40)],None,251
autotvm - DEBUG - No: 8	GFLOPS: 7.32/7.32	result: MeasureResult(costs=(0.360666498,), error_no=MeasureErrorNo.NO_ERROR, all_cost=1.0626094341278076, timestamp=1689972629.5856795)	[('tile_x', 1), ('tile_y', 5)],None,64
autotvm - DEBUG - No: 9	GFLOPS: 3.12/7.32	result: MeasureResult(costs=(0.847470943,), error_no=MeasureErrorNo.NO_ERROR, all_cost=1.8929104804992676, timestamp=1689972631.4392204)	[('tile_x', 5), ('tile_y', 240)],None,403
autotvm - DEBUG - No: 10	GFLOPS: 6.52/7.32	result: MeasureResult(costs=(0.404801696,), error_no=MeasureErrorNo.NO_ERROR, all_cost=1.091520071029663, timestamp=1689972632.4796882)	[('tile_x', 40), ('tile_y', 150)],None,376
autotvm - DEBUG - No: 11	GFLOPS: 2.76/7.32	result: MeasureResult(costs=(0.9549910979999999,), error_no=MeasureErrorNo.NO_ERROR, all_cost=2.293804168701172, timestamp=1689972634.6511686)	[('tile_x', 500), ('tile_y', 12)],None,142
autotvm - DEBUG - No: 12	GFLOPS: 9.74/9.74	result: MeasureResult(costs=(0.271178334,), error_no=MeasureErrorNo.NO_ERROR, all_cost=0.7744345664978027, timestamp=1689972635.414642)	[('tile_x', 100), ('tile_y', 20)],None,186
autotvm - DEBUG - No: 13	GFLOPS: 8.39/9.74	result: MeasureResult(costs=(0.31477297800000004,), error_no=MeasureErrorNo.NO_ERROR, all_cost=0.9245681762695312, timestamp=1689972636.2658968)	[('tile_x', 100), ('tile_y', 3)],None,42
autotvm - DEBUG - No: 14	GFLOPS: 4.69/9.74	result: MeasureResult(costs=(0.562316965,), error_no=MeasureErrorNo.NO_ERROR, all_cost=1.434098482131958, timestamp=1689972637.6516685)	[('tile_x', 8), ('tile_y', 2)],None,20
autotvm - DEBUG - No: 15	GFLOPS: 1.97/9.74	result: MeasureResult(costs=(1.3373748109999999,), error_no=MeasureErrorNo.NO_ERROR, all_cost=2.947873830795288, timestamp=1689972640.5466745)	[('tile_x', 250), ('tile_y', 60)],None,301
autotvm - DEBUG - No: 16	GFLOPS: 4.12/9.74	result: MeasureResult(costs=(0.640892659,), error_no=MeasureErrorNo.NO_ERROR, all_cost=1.6219475269317627, timestamp=1689972642.0244253)	[('tile_x', 20), ('tile_y', 4)],None,54
autotvm - DEBUG - No: 17	GFLOPS: 1.89/9.74	result: MeasureResult(costs=(1.3995208700000001,), error_no=MeasureErrorNo.NO_ERROR, all_cost=3.124875545501709, timestamp=1689972645.0762398)	[('tile_x', 125), ('tile_y', 20)],None,187
autotvm - DEBUG - No: 18	GFLOPS: 6.77/9.74	result: MeasureResult(costs=(0.39001772999999995,), error_no=MeasureErrorNo.NO_ERROR, all_cost=1.0940468311309814, timestamp=1689972646.0824413)	[('tile_x', 50), ('tile_y', 80)],None,329
autotvm - DEBUG - No: 19	GFLOPS: 1.81/9.74	result: MeasureResult(costs=(1.4546691889999999,), error_no=MeasureErrorNo.NO_ERROR, all_cost=3.1863086223602295, timestamp=1689972649.2124465)	[('tile_x', 125), ('tile_y', 400)],None,443
autotvm - DEBUG - No: 20	GFLOPS: 2.99/9.74	result: MeasureResult(costs=(0.882304073,), error_no=MeasureErrorNo.NO_ERROR, all_cost=1.9553394317626953, timestamp=1689972651.0685709)	[('tile_x', 25), ('tile_y', 6)],None,87
autotvm - DEBUG - No: 21	GFLOPS: 7.18/9.74	result: MeasureResult(costs=(0.36768892599999997,), error_no=MeasureErrorNo.NO_ERROR, all_cost=1.0365123748779297, timestamp=1689972652.0276785)	[('tile_x', 200), ('tile_y', 300)],None,428
autotvm - DEBUG - No: 22	GFLOPS: 3.55/9.74	result: MeasureResult(costs=(0.74386726,), error_no=MeasureErrorNo.NO_ERROR, all_cost=1.8249783515930176, timestamp=1689972653.7347226)	[('tile_x', 25), ('tile_y', 60)],None,295
autotvm - DEBUG - No: 23	GFLOPS: 5.87/9.74	result: MeasureResult(costs=(0.449769044,), error_no=MeasureErrorNo.NO_ERROR, all_cost=1.181591272354126, timestamp=1689972654.8947737)	[('tile_x', 8), ('tile_y', 100)],None,340
autotvm - DEBUG - No: 24	GFLOPS: 1.97/9.74	result: MeasureResult(costs=(1.339443495,), error_no=MeasureErrorNo.NO_ERROR, all_cost=2.9270541667938232, timestamp=1689972657.7982938)	[('tile_x', 250), ('tile_y', 20)],None,189
autotvm - DEBUG - No: 25	GFLOPS: 4.32/9.74	result: MeasureResult(costs=(0.6108943,), error_no=MeasureErrorNo.NO_ERROR, all_cost=1.5748302936553955, timestamp=1689972659.2413058)	[('tile_x', 20), ('tile_y', 24)],None,198
autotvm - DEBUG - No: 26	GFLOPS: 4.78/9.74	result: MeasureResult(costs=(0.5528763760000001,), error_no=MeasureErrorNo.NO_ERROR, all_cost=1.4159085750579834, timestamp=1689972660.5793552)	[('tile_x', 20), ('tile_y', 200)],None,390
autotvm - DEBUG - No: 27	GFLOPS: 4.38/9.74	result: MeasureResult(costs=(0.603053181,), error_no=MeasureErrorNo.NO_ERROR, all_cost=1.6968441009521484, timestamp=1689972662.0173643)	[('tile_x', 20), ('tile_y', 5)],None,70
autotvm - DEBUG - No: 28	GFLOPS: 1.94/9.74	result: MeasureResult(costs=(1.3642048830000002,), error_no=MeasureErrorNo.NO_ERROR, all_cost=2.988933801651001, timestamp=1689972664.9703133)	[('tile_x', 1000), ('tile_y', 40)],None,255
autotvm - DEBUG - No: 29	GFLOPS: 3.94/9.74	result: MeasureResult(costs=(0.6698449409999999,), error_no=MeasureErrorNo.NO_ERROR, all_cost=1.6614391803741455, timestamp=1689972666.5712922)	[('tile_x', 10), ('tile_y', 6)],None,85
autotvm - DEBUG - No: 30	GFLOPS: 6.69/9.74	result: MeasureResult(costs=(0.394552169,), error_no=MeasureErrorNo.NO_ERROR, all_cost=1.0637457370758057, timestamp=1689972667.5833907)	[('tile_x', 50), ('tile_y', 240)],None,409
autotvm - DEBUG - No: 31	GFLOPS: 8.58/9.74	result: MeasureResult(costs=(0.30777747499999997,), error_no=MeasureErrorNo.NO_ERROR, all_cost=1.260317325592041, timestamp=1689972668.4209414)	[('tile_x', 200), ('tile_y', 12)],None,140
autotvm - DEBUG - No: 32	GFLOPS: 1.63/9.74	result: MeasureResult(costs=(1.6166176319999999,), error_no=MeasureErrorNo.NO_ERROR, all_cost=3.526613712310791, timestamp=1689972671.9218814)	[('tile_x', 1), ('tile_y', 150)],None,368
autotvm - DEBUG - No: 33	GFLOPS: 7.12/9.74	result: MeasureResult(costs=(0.370962239,), error_no=MeasureErrorNo.NO_ERROR, all_cost=1.0065913200378418, timestamp=1689972672.887741)	[('tile_x', 40), ('tile_y', 30)],None,232
autotvm - DEBUG - No: 34	GFLOPS: 3.42/9.74	result: MeasureResult(costs=(0.7717386310000001,), error_no=MeasureErrorNo.NO_ERROR, all_cost=1.8264994621276855, timestamp=1689972674.6482775)	[('tile_x', 2), ('tile_y', 15)],None,145
autotvm - DEBUG - No: 35	GFLOPS: 9.38/9.74	result: MeasureResult(costs=(0.281429771,), error_no=MeasureErrorNo.NO_ERROR, all_cost=0.9435365200042725, timestamp=1689972675.4838674)	[('tile_x', 100), ('tile_y', 15)],None,154
autotvm - DEBUG - No: 36	GFLOPS: 8.46/9.74	result: MeasureResult(costs=(0.312153327,), error_no=MeasureErrorNo.NO_ERROR, all_cost=1.0843653678894043, timestamp=1689972676.3315983)	[('tile_x', 200), ('tile_y', 24)],None,204
autotvm - DEBUG - No: 37	GFLOPS: 4.25/9.74	result: MeasureResult(costs=(0.6217553299999999,), error_no=MeasureErrorNo.NO_ERROR, all_cost=1.733959436416626, timestamp=1689972677.7922375)	[('tile_x', 20), ('tile_y', 15)],None,150
autotvm - DEBUG - No: 38	GFLOPS: 3.88/9.74	result: MeasureResult(costs=(0.679743497,), error_no=MeasureErrorNo.NO_ERROR, all_cost=1.8213427066802979, timestamp=1689972679.4066987)	[('tile_x', 8), ('tile_y', 240)],None,404
autotvm - DEBUG - No: 39	GFLOPS: 3.16/9.74	result: MeasureResult(costs=(0.835746676,), error_no=MeasureErrorNo.NO_ERROR, all_cost=2.1535861492156982, timestamp=1689972681.3085368)	[('tile_x', 25), ('tile_y', 2)],None,23
autotvm - DEBUG - No: 40	GFLOPS: 6.75/9.74	result: MeasureResult(costs=(0.391316557,), error_no=MeasureErrorNo.NO_ERROR, all_cost=1.0992176532745361, timestamp=1689972682.3152566)	[('tile_x', 40), ('tile_y', 75)],None,312
autotvm - DEBUG - No: 41	GFLOPS: 2.60/9.74	result: MeasureResult(costs=(1.015729462,), error_no=MeasureErrorNo.NO_ERROR, all_cost=2.478323221206665, timestamp=1689972684.773333)	[('tile_x', 500), ('tile_y', 16)],None,174
autotvm - DEBUG - No: 42	GFLOPS: 1.90/9.74	result: MeasureResult(costs=(1.387699121,), error_no=MeasureErrorNo.NO_ERROR, all_cost=3.08953857421875, timestamp=1689972687.7687552)	[('tile_x', 125), ('tile_y', 30)],None,235
autotvm - DEBUG - No: 43	GFLOPS: 9.32/9.74	result: MeasureResult(costs=(0.283216276,), error_no=MeasureErrorNo.NO_ERROR, all_cost=0.8825135231018066, timestamp=1689972688.5595393)	[('tile_x', 50), ('tile_y', 100)],None,345
autotvm - DEBUG - No: 44	GFLOPS: 3.38/9.74	result: MeasureResult(costs=(0.779938489,), error_no=MeasureErrorNo.NO_ERROR, all_cost=2.026860475540161, timestamp=1689972690.3726063)	[('tile_x', 25), ('tile_y', 75)],None,311
autotvm - DEBUG - No: 45	GFLOPS: 3.51/9.74	result: MeasureResult(costs=(0.7514188799999999,), error_no=MeasureErrorNo.NO_ERROR, all_cost=1.8859820365905762, timestamp=1689972692.2082205)	[('tile_x', 20), ('tile_y', 1200)],None,470
autotvm - DEBUG - No: 46	GFLOPS: 6.79/9.74	result: MeasureResult(costs=(0.38859509000000003,), error_no=MeasureErrorNo.NO_ERROR, all_cost=1.163374900817871, timestamp=1689972693.2122843)	[('tile_x', 40), ('tile_y', 6)],None,88
autotvm - DEBUG - No: 47	GFLOPS: 5.23/9.74	result: MeasureResult(costs=(0.505109186,), error_no=MeasureErrorNo.NO_ERROR, all_cost=1.521132469177246, timestamp=1689972694.4848847)	[('tile_x', 25), ('tile_y', 8)],None,103
autotvm - DEBUG - No: 48	GFLOPS: 4.15/9.74	result: MeasureResult(costs=(0.635800773,), error_no=MeasureErrorNo.NO_ERROR, all_cost=1.6086692810058594, timestamp=1689972695.9714625)	[('tile_x', 1), ('tile_y', 12)],None,128
autotvm - DEBUG - No: 49	GFLOPS: 10.58/10.58	result: MeasureResult(costs=(0.24952400600000002,), error_no=MeasureErrorNo.NO_ERROR, all_cost=0.9670841693878174, timestamp=1689972696.6959484)	[('tile_x', 40), ('tile_y', 40)],None,248
autotvm - DEBUG - No: 50	GFLOPS: 2.68/10.58	result: MeasureResult(costs=(0.985826412,), error_no=MeasureErrorNo.NO_ERROR, all_cost=2.472837448120117, timestamp=1689972698.9289412)	[('tile_x', 500), ('tile_y', 300)],None,430
autotvm - DEBUG - No: 51	GFLOPS: 1.42/10.58	result: MeasureResult(costs=(1.86174661,), error_no=MeasureErrorNo.NO_ERROR, all_cost=4.1350367069244385, timestamp=1689972702.9553485)	[('tile_x', 1000), ('tile_y', 8)],None,111
autotvm - DEBUG - No: 52	GFLOPS: 5.27/10.58	result: MeasureResult(costs=(0.501203243,), error_no=MeasureErrorNo.NO_ERROR, all_cost=1.4180035591125488, timestamp=1689972704.1818147)	[('tile_x', 5), ('tile_y', 40)],None,243
autotvm - DEBUG - No: 53	GFLOPS: 3.34/10.58	result: MeasureResult(costs=(0.790295194,), error_no=MeasureErrorNo.NO_ERROR, all_cost=1.97599196434021, timestamp=1689972706.0255647)	[('tile_x', 20), ('tile_y', 3)],None,38
autotvm - DEBUG - No: 54	GFLOPS: 1.83/10.58	result: MeasureResult(costs=(1.442389268,), error_no=MeasureErrorNo.NO_ERROR, all_cost=3.1406233310699463, timestamp=1689972709.1254473)	[('tile_x', 125), ('tile_y', 2)],None,27
autotvm - DEBUG - No: 55	GFLOPS: 3.06/10.58	result: MeasureResult(costs=(0.863698868,), error_no=MeasureErrorNo.NO_ERROR, all_cost=2.1779496669769287, timestamp=1689972711.0738878)	[('tile_x', 4), ('tile_y', 1200)],None,466
autotvm - DEBUG - No: 56	GFLOPS: 5.19/10.58	result: MeasureResult(costs=(0.509021332,), error_no=MeasureErrorNo.NO_ERROR, all_cost=1.5242180824279785, timestamp=1689972712.3585556)	[('tile_x', 40), ('tile_y', 12)],None,136
autotvm - DEBUG - No: 57	GFLOPS: 4.85/10.58	result: MeasureResult(costs=(0.5441282230000001,), error_no=MeasureErrorNo.NO_ERROR, all_cost=1.3790459632873535, timestamp=1689972713.6623306)	[('tile_x', 4), ('tile_y', 100)],None,338
autotvm - DEBUG - No: 58	GFLOPS: 3.29/10.58	result: MeasureResult(costs=(0.8022321130000001,), error_no=MeasureErrorNo.NO_ERROR, all_cost=1.9989979267120361, timestamp=1689972715.4532788)	[('tile_x', 20), ('tile_y', 150)],None,374
autotvm - DEBUG - No: 59	GFLOPS: 4.29/10.58	result: MeasureResult(costs=(0.6155121,), error_no=MeasureErrorNo.NO_ERROR, all_cost=1.54783034324646, timestamp=1689972716.9497292)	[('tile_x', 2), ('tile_y', 4)],None,49
autotvm - DEBUG - No: 60	GFLOPS: 3.39/10.58	result: MeasureResult(costs=(0.777763363,), error_no=MeasureErrorNo.NO_ERROR, all_cost=2.039080858230591, timestamp=1689972718.7268298)	[('tile_x', 20), ('tile_y', 600)],None,454
autotvm - DEBUG - No: 61	GFLOPS: 3.55/10.58	result: MeasureResult(costs=(0.744185338,), error_no=MeasureErrorNo.NO_ERROR, all_cost=1.9441118240356445, timestamp=1689972720.4458218)	[('tile_x', 8), ('tile_y', 1200)],None,468
autotvm - DEBUG - No: 62	GFLOPS: 4.12/10.58	result: MeasureResult(costs=(0.641496662,), error_no=MeasureErrorNo.NO_ERROR, all_cost=1.6602838039398193, timestamp=1689972721.99017)	[('tile_x', 2), ('tile_y', 50)],None,273
autotvm - DEBUG - No: 63	GFLOPS: 1.57/10.58	result: MeasureResult(costs=(1.684198662,), error_no=MeasureErrorNo.NO_ERROR, all_cost=3.720918893814087, timestamp=1689972725.5809035)	[('tile_x', 1), ('tile_y', 400)],None,432
autotvm - DEBUG - No: 64	GFLOPS: 3.51/10.58	result: MeasureResult(costs=(0.7520797810000001,), error_no=MeasureErrorNo.NO_ERROR, all_cost=1.8076143264770508, timestamp=1689972727.3229063)	[('tile_x', 10), ('tile_y', 240)],None,405
autotvm - DEBUG - No: 65	GFLOPS: 3.34/10.58	result: MeasureResult(costs=(0.7904617479999999,), error_no=MeasureErrorNo.NO_ERROR, all_cost=1.8601431846618652, timestamp=1689972729.1607049)	[('tile_x', 5), ('tile_y', 600)],None,451
autotvm - DEBUG - No: 66	GFLOPS: 4.18/10.58	result: MeasureResult(costs=(0.632274803,), error_no=MeasureErrorNo.NO_ERROR, all_cost=1.703054666519165, timestamp=1689972730.6426842)	[('tile_x', 20), ('tile_y', 12)],None,134
autotvm - DEBUG - No: 67	GFLOPS: 3.22/10.58	result: MeasureResult(costs=(0.8194533679999999,), error_no=MeasureErrorNo.NO_ERROR, all_cost=2.08516526222229, timestamp=1689972732.500795)	[('tile_x', 4), ('tile_y', 240)],None,402
autotvm - DEBUG - No: 68	GFLOPS: 2.91/10.58	result: MeasureResult(costs=(0.908143163,), error_no=MeasureErrorNo.NO_ERROR, all_cost=2.1360480785369873, timestamp=1689972734.575836)	[('tile_x', 5), ('tile_y', 1)],None,3
autotvm - DEBUG - No: 69	GFLOPS: 4.14/10.58	result: MeasureResult(costs=(0.638254691,), error_no=MeasureErrorNo.NO_ERROR, all_cost=1.6805009841918945, timestamp=1689972736.074639)	[('tile_x', 8), ('tile_y', 80)],None,324
autotvm - DEBUG - No: 70	GFLOPS: 5.37/10.58	result: MeasureResult(costs=(0.491618987,), error_no=MeasureErrorNo.NO_ERROR, all_cost=1.283933162689209, timestamp=1689972737.2788439)	[('tile_x', 8), ('tile_y', 5)],None,68
autotvm - DEBUG - No: 71	GFLOPS: 3.02/10.58	result: MeasureResult(costs=(0.874971365,), error_no=MeasureErrorNo.NO_ERROR, all_cost=2.0433101654052734, timestamp=1689972739.2917547)	[('tile_x', 2), ('tile_y', 30)],None,225
autotvm - DEBUG - No: 72	GFLOPS: 1.84/10.58	result: MeasureResult(costs=(1.438243156,), error_no=MeasureErrorNo.NO_ERROR, all_cost=3.3327574729919434, timestamp=1689972742.3663187)	[('tile_x', 125), ('tile_y', 3)],None,43
autotvm - DEBUG - No: 73	GFLOPS: 1.64/10.58	result: MeasureResult(costs=(1.613342702,), error_no=MeasureErrorNo.NO_ERROR, all_cost=3.668724298477173, timestamp=1689972745.8267443)	[('tile_x', 1), ('tile_y', 300)],None,416
autotvm - DEBUG - No: 74	GFLOPS: 6.11/10.58	result: MeasureResult(costs=(0.431760112,), error_no=MeasureErrorNo.NO_ERROR, all_cost=1.422234058380127, timestamp=1689972746.9582732)	[('tile_x', 25), ('tile_y', 40)],None,247
autotvm - DEBUG - No: 75	GFLOPS: 2.91/10.58	result: MeasureResult(costs=(0.906549916,), error_no=MeasureErrorNo.NO_ERROR, all_cost=2.1743125915527344, timestamp=1689972748.9058607)	[('tile_x', 2), ('tile_y', 48)],None,257
autotvm - DEBUG - No: 76	GFLOPS: 11.28/11.28	result: MeasureResult(costs=(0.234039278,), error_no=MeasureErrorNo.NO_ERROR, all_cost=0.9373674392700195, timestamp=1689972749.602418)	[('tile_x', 40), ('tile_y', 25)],None,216
autotvm - DEBUG - No: 77	GFLOPS: 3.79/11.28	result: MeasureResult(costs=(0.695842493,), error_no=MeasureErrorNo.NO_ERROR, all_cost=1.6994662284851074, timestamp=1689972751.2540488)	[('tile_x', 2), ('tile_y', 12)],None,129
autotvm - DEBUG - No: 78	GFLOPS: 1.90/11.28	result: MeasureResult(costs=(1.390046542,), error_no=MeasureErrorNo.NO_ERROR, all_cost=3.351177453994751, timestamp=1689972754.386561)	[('tile_x', 125), ('tile_y', 200)],None,395
autotvm - DEBUG - No: 79	GFLOPS: 2.92/11.28	result: MeasureResult(costs=(0.904073905,), error_no=MeasureErrorNo.NO_ERROR, all_cost=2.2445297241210938, timestamp=1689972756.413352)	[('tile_x', 500), ('tile_y', 50)],None,286
autotvm - DEBUG - No: 80	GFLOPS: 3.46/11.28	result: MeasureResult(costs=(0.763842845,), error_no=MeasureErrorNo.NO_ERROR, all_cost=2.0514731407165527, timestamp=1689972758.204558)	[('tile_x', 20), ('tile_y', 75)],None,310
autotvm - DEBUG - No: 81	GFLOPS: 1.93/11.28	result: MeasureResult(costs=(1.3658444870000002,), error_no=MeasureErrorNo.NO_ERROR, all_cost=3.1935946941375732, timestamp=1689972761.1621027)	[('tile_x', 250), ('tile_y', 8)],None,109
autotvm - DEBUG - No: 82	GFLOPS: 4.64/11.28	result: MeasureResult(costs=(0.5694623209999999,), error_no=MeasureErrorNo.NO_ERROR, all_cost=1.528836727142334, timestamp=1689972762.520674)	[('tile_x', 2), ('tile_y', 10)],None,113
autotvm - DEBUG - No: 83	GFLOPS: 4.07/11.28	result: MeasureResult(costs=(0.648636387,), error_no=MeasureErrorNo.NO_ERROR, all_cost=1.643683671951294, timestamp=1689972764.084863)	[('tile_x', 25), ('tile_y', 16)],None,167
autotvm - DEBUG - No: 84	GFLOPS: 5.07/11.28	result: MeasureResult(costs=(0.520552486,), error_no=MeasureErrorNo.NO_ERROR, all_cost=1.2850720882415771, timestamp=1689972765.352036)	[('tile_x', 40), ('tile_y', 1200)],None,472
autotvm - DEBUG - No: 85	GFLOPS: 9.67/11.28	result: MeasureResult(costs=(0.272934395,), error_no=MeasureErrorNo.NO_ERROR, all_cost=1.0054616928100586, timestamp=1689972766.1215022)	[('tile_x', 100), ('tile_y', 8)],None,106
autotvm - DEBUG - No: 86	GFLOPS: 5.72/11.28	result: MeasureResult(costs=(0.461242883,), error_no=MeasureErrorNo.NO_ERROR, all_cost=1.3231496810913086, timestamp=1689972767.3084323)	[('tile_x', 20), ('tile_y', 25)],None,214
autotvm - DEBUG - No: 87	GFLOPS: 3.85/11.28	result: MeasureResult(costs=(0.685908668,), error_no=MeasureErrorNo.NO_ERROR, all_cost=1.811873197555542, timestamp=1689972768.9015982)	[('tile_x', 10), ('tile_y', 1200)],None,469
autotvm - DEBUG - No: 88	GFLOPS: 1.32/11.28	result: MeasureResult(costs=(1.993488002,), error_no=MeasureErrorNo.NO_ERROR, all_cost=4.410949945449829, timestamp=1689972773.1076589)	[('tile_x', 1000), ('tile_y', 5)],None,79
autotvm - DEBUG - No: 89	GFLOPS: 2.25/11.28	result: MeasureResult(costs=(1.172110678,), error_no=MeasureErrorNo.NO_ERROR, all_cost=2.7136294841766357, timestamp=1689972775.7064848)	[('tile_x', 1), ('tile_y', 24)],None,192
autotvm - DEBUG - No: 90	GFLOPS: 4.74/11.28	result: MeasureResult(costs=(0.5570912570000001,), error_no=MeasureErrorNo.NO_ERROR, all_cost=1.4045116901397705, timestamp=1689972777.0433705)	[('tile_x', 2), ('tile_y', 8)],None,97
autotvm - DEBUG - No: 91	GFLOPS: 4.99/11.28	result: MeasureResult(costs=(0.529272831,), error_no=MeasureErrorNo.NO_ERROR, all_cost=1.3701701164245605, timestamp=1689972778.3168087)	[('tile_x', 8), ('tile_y', 15)],None,148
autotvm - DEBUG - No: 92	GFLOPS: 4.73/11.28	result: MeasureResult(costs=(0.55761493,), error_no=MeasureErrorNo.NO_ERROR, all_cost=1.516615867614746, timestamp=1689972779.6958356)	[('tile_x', 4), ('tile_y', 50)],None,274
autotvm - DEBUG - No: 93	GFLOPS: 5.14/11.28	result: MeasureResult(costs=(0.513277371,), error_no=MeasureErrorNo.NO_ERROR, all_cost=1.3566904067993164, timestamp=1689972780.9424725)	[('tile_x', 10), ('tile_y', 10)],None,117
autotvm - DEBUG - No: 94	GFLOPS: 6.46/11.28	result: MeasureResult(costs=(0.408750532,), error_no=MeasureErrorNo.NO_ERROR, all_cost=1.2760319709777832, timestamp=1689972781.9809623)	[('tile_x', 1), ('tile_y', 25)],None,208
autotvm - DEBUG - No: 95	GFLOPS: 1.10/11.28	result: MeasureResult(costs=(2.404513196,), error_no=MeasureErrorNo.NO_ERROR, all_cost=5.035528182983398, timestamp=1689972786.9357698)	[('tile_x', 1000), ('tile_y', 24)],None,207
autotvm - DEBUG - No: 96	GFLOPS: 1.93/11.28	result: MeasureResult(costs=(1.365090402,), error_no=MeasureErrorNo.NO_ERROR, all_cost=3.1905627250671387, timestamp=1689972790.0635529)	[('tile_x', 250), ('tile_y', 50)],None,285
autotvm - DEBUG - No: 97	GFLOPS: 3.93/11.28	result: MeasureResult(costs=(0.672526293,), error_no=MeasureErrorNo.NO_ERROR, all_cost=1.6239078044891357, timestamp=1689972791.6286545)	[('tile_x', 2), ('tile_y', 100)],None,337
autotvm - DEBUG - No: 98	GFLOPS: 2.11/11.28	result: MeasureResult(costs=(1.2484416200000001,), error_no=MeasureErrorNo.NO_ERROR, all_cost=2.860285758972168, timestamp=1689972794.397494)	[('tile_x', 1000), ('tile_y', 300)],None,431
autotvm - DEBUG - No: 99	GFLOPS: 3.46/11.28	result: MeasureResult(costs=(0.763327933,), error_no=MeasureErrorNo.NO_ERROR, all_cost=1.809692144393921, timestamp=1689972796.1106417)	[('tile_x', 20), ('tile_y', 48)],None,262
autotvm - DEBUG - No: 100	GFLOPS: 1.88/11.28	result: MeasureResult(costs=(1.402354955,), error_no=MeasureErrorNo.NO_ERROR, all_cost=3.0779147148132324, timestamp=1689972799.1251323)	[('tile_x', 2), ('tile_y', 1200)],None,465
root - INFO - Elpased time = 194.65284657478333
autotvm - DEBUG - Finish loading 100 records
