root - INFO - XGB Tuner Matrix Multiplication - 2023-07-21 18:13:12.546961
autotvm - DEBUG - waiting for device...
autotvm - DEBUG - device available
autotvm - INFO - Get devices for measurement successfully!
autotvm - DEBUG - No: 1	GFLOPS: 2.46/2.46	result: MeasureResult(costs=(1.075054408,), error_no=MeasureErrorNo.NO_ERROR, all_cost=2.2148361206054688, timestamp=1689981199.9896579)	[('tile_x', 2), ('tile_y', 80)],None,321
autotvm - DEBUG - No: 2	GFLOPS: 4.90/4.90	result: MeasureResult(costs=(0.5391691909999999,), error_no=MeasureErrorNo.NO_ERROR, all_cost=1.3629143238067627, timestamp=1689981201.329928)	[('tile_x', 4), ('tile_y', 5)],None,66
autotvm - DEBUG - No: 3	GFLOPS: 3.76/4.90	result: MeasureResult(costs=(0.701209569,), error_no=MeasureErrorNo.NO_ERROR, all_cost=1.684617042541504, timestamp=1689981202.945293)	[('tile_x', 10), ('tile_y', 30)],None,229
autotvm - DEBUG - No: 4	GFLOPS: 2.70/4.90	result: MeasureResult(costs=(0.9793760260000001,), error_no=MeasureErrorNo.NO_ERROR, all_cost=2.2545082569122314, timestamp=1689981205.140384)	[('tile_x', 500), ('tile_y', 120)],None,366
autotvm - DEBUG - No: 5	GFLOPS: 3.25/4.90	result: MeasureResult(costs=(0.811645136,), error_no=MeasureErrorNo.NO_ERROR, all_cost=1.8282780647277832, timestamp=1689981206.949777)	[('tile_x', 10), ('tile_y', 75)],None,309
autotvm - DEBUG - No: 6	GFLOPS: 10.65/10.65	result: MeasureResult(costs=(0.247846983,), error_no=MeasureErrorNo.NO_ERROR, all_cost=0.8413164615631104, timestamp=1689981207.6722245)	[('tile_x', 50), ('tile_y', 50)],None,281
autotvm - DEBUG - No: 7	GFLOPS: 1.86/10.65	result: MeasureResult(costs=(1.420862157,), error_no=MeasureErrorNo.NO_ERROR, all_cost=3.0719010829925537, timestamp=1689981210.691165)	[('tile_x', 125), ('tile_y', 40)],None,251
autotvm - DEBUG - No: 8	GFLOPS: 6.29/10.65	result: MeasureResult(costs=(0.419930161,), error_no=MeasureErrorNo.NO_ERROR, all_cost=1.1270782947540283, timestamp=1689981211.808699)	[('tile_x', 100), ('tile_y', 30)],None,234
autotvm - DEBUG - No: 9	GFLOPS: 6.13/10.65	result: MeasureResult(costs=(0.430373501,), error_no=MeasureErrorNo.NO_ERROR, all_cost=1.2826902866363525, timestamp=1689981212.8920975)	[('tile_x', 25), ('tile_y', 40)],None,247
autotvm - DEBUG - No: 10	GFLOPS: 1.98/10.65	result: MeasureResult(costs=(1.332582797,), error_no=MeasureErrorNo.NO_ERROR, all_cost=2.9817211627960205, timestamp=1689981215.7774928)	[('tile_x', 1000), ('tile_y', 20)],None,191
autotvm - DEBUG - No: 11	GFLOPS: 1.87/10.65	result: MeasureResult(costs=(1.40878509,), error_no=MeasureErrorNo.NO_ERROR, all_cost=3.085132598876953, timestamp=1689981218.8596692)	[('tile_x', 125), ('tile_y', 240)],None,411
autotvm - DEBUG - No: 12	GFLOPS: 6.77/10.65	result: MeasureResult(costs=(0.390133467,), error_no=MeasureErrorNo.NO_ERROR, all_cost=1.0524218082427979, timestamp=1689981219.8620856)	[('tile_x', 50), ('tile_y', 60)],None,297
autotvm - DEBUG - No: 13	GFLOPS: 5.71/10.65	result: MeasureResult(costs=(0.462400303,), error_no=MeasureErrorNo.NO_ERROR, all_cost=1.1977646350860596, timestamp=1689981221.0080307)	[('tile_x', 50), ('tile_y', 600)],None,457
autotvm - DEBUG - No: 14	GFLOPS: 6.95/10.65	result: MeasureResult(costs=(0.379645331,), error_no=MeasureErrorNo.NO_ERROR, all_cost=1.1221814155578613, timestamp=1689981222.032186)	[('tile_x', 100), ('tile_y', 300)],None,426
autotvm - DEBUG - No: 15	GFLOPS: 3.55/10.65	result: MeasureResult(costs=(0.7434209190000001,), error_no=MeasureErrorNo.NO_ERROR, all_cost=1.802426815032959, timestamp=1689981223.7366722)	[('tile_x', 2), ('tile_y', 200)],None,385
autotvm - DEBUG - No: 16	GFLOPS: 2.56/10.65	result: MeasureResult(costs=(1.031871496,), error_no=MeasureErrorNo.NO_ERROR, all_cost=2.2819504737854004, timestamp=1689981226.0230827)	[('tile_x', 500), ('tile_y', 24)],None,206
autotvm - DEBUG - No: 17	GFLOPS: 8.32/10.65	result: MeasureResult(costs=(0.317226577,), error_no=MeasureErrorNo.NO_ERROR, all_cost=0.9142637252807617, timestamp=1689981226.922136)	[('tile_x', 100), ('tile_y', 50)],None,282
autotvm - DEBUG - No: 18	GFLOPS: 3.20/10.65	result: MeasureResult(costs=(0.82619129,), error_no=MeasureErrorNo.NO_ERROR, all_cost=1.8897945880889893, timestamp=1689981228.7901537)	[('tile_x', 2), ('tile_y', 48)],None,257
autotvm - DEBUG - No: 19	GFLOPS: 1.76/10.65	result: MeasureResult(costs=(1.498196015,), error_no=MeasureErrorNo.NO_ERROR, all_cost=3.1547255516052246, timestamp=1689981231.922813)	[('tile_x', 1), ('tile_y', 80)],None,320
autotvm - DEBUG - No: 20	GFLOPS: 4.08/10.65	result: MeasureResult(costs=(0.647441907,), error_no=MeasureErrorNo.NO_ERROR, all_cost=1.5630507469177246, timestamp=1689981233.486395)	[('tile_x', 2), ('tile_y', 50)],None,273
autotvm - DEBUG - No: 21	GFLOPS: 4.23/10.65	result: MeasureResult(costs=(0.624533939,), error_no=MeasureErrorNo.NO_ERROR, all_cost=1.56288480758667, timestamp=1689981234.951827)	[('tile_x', 20), ('tile_y', 4)],None,54
autotvm - DEBUG - No: 22	GFLOPS: 10.74/10.74	result: MeasureResult(costs=(0.245786136,), error_no=MeasureErrorNo.NO_ERROR, all_cost=0.8972475528717041, timestamp=1689981235.678021)	[('tile_x', 40), ('tile_y', 50)],None,280
autotvm - DEBUG - No: 23	GFLOPS: 11.14/11.14	result: MeasureResult(costs=(0.237052516,), error_no=MeasureErrorNo.NO_ERROR, all_cost=0.7646503448486328, timestamp=1689981236.4187593)	[('tile_x', 40), ('tile_y', 20)],None,184
autotvm - DEBUG - No: 24	GFLOPS: 3.14/11.14	result: MeasureResult(costs=(0.8402166240000001,), error_no=MeasureErrorNo.NO_ERROR, all_cost=1.9700639247894287, timestamp=1689981238.3208098)	[('tile_x', 25), ('tile_y', 2)],None,23
autotvm - DEBUG - No: 25	GFLOPS: 5.22/11.14	result: MeasureResult(costs=(0.505993125,), error_no=MeasureErrorNo.NO_ERROR, all_cost=1.436375617980957, timestamp=1689981239.553893)	[('tile_x', 50), ('tile_y', 8)],None,105
autotvm - DEBUG - No: 26	GFLOPS: 4.75/11.14	result: MeasureResult(costs=(0.555489693,), error_no=MeasureErrorNo.NO_ERROR, all_cost=1.4125773906707764, timestamp=1689981240.9261975)	[('tile_x', 2), ('tile_y', 8)],None,97
autotvm - DEBUG - No: 27	GFLOPS: 6.33/11.14	result: MeasureResult(costs=(0.41691192,), error_no=MeasureErrorNo.NO_ERROR, all_cost=1.2118885517120361, timestamp=1689981242.1420786)	[('tile_x', 100), ('tile_y', 2)],None,26
autotvm - DEBUG - No: 28	GFLOPS: 1.73/11.14	result: MeasureResult(costs=(1.528022574,), error_no=MeasureErrorNo.NO_ERROR, all_cost=3.319455862045288, timestamp=1689981245.4558873)	[('tile_x', 500), ('tile_y', 8)],None,110
autotvm - DEBUG - No: 29	GFLOPS: 2.93/11.14	result: MeasureResult(costs=(0.900021504,), error_no=MeasureErrorNo.NO_ERROR, all_cost=2.1527233123779297, timestamp=1689981247.5170677)	[('tile_x', 500), ('tile_y', 25)],None,222
autotvm - DEBUG - No: 30	GFLOPS: 1.93/11.14	result: MeasureResult(costs=(1.364440482,), error_no=MeasureErrorNo.NO_ERROR, all_cost=3.0092742443084717, timestamp=1689981250.443389)	[('tile_x', 250), ('tile_y', 20)],None,189
autotvm - DEBUG - No: 31	GFLOPS: 9.58/11.14	result: MeasureResult(costs=(0.275475661,), error_no=MeasureErrorNo.NO_ERROR, all_cost=0.7821171283721924, timestamp=1689981251.2200325)	[('tile_x', 100), ('tile_y', 8)],None,106
autotvm - DEBUG - No: 32	GFLOPS: 3.36/11.14	result: MeasureResult(costs=(0.7868363970000001,), error_no=MeasureErrorNo.NO_ERROR, all_cost=1.8853731155395508, timestamp=1689981253.054803)	[('tile_x', 2), ('tile_y', 15)],None,145
autotvm - DEBUG - No: 33	GFLOPS: 3.50/11.14	result: MeasureResult(costs=(0.7541416759999999,), error_no=MeasureErrorNo.NO_ERROR, all_cost=1.6948113441467285, timestamp=1689981254.7104328)	[('tile_x', 10), ('tile_y', 2)],None,21
autotvm - DEBUG - No: 34	GFLOPS: 6.40/11.14	result: MeasureResult(costs=(0.412524206,), error_no=MeasureErrorNo.NO_ERROR, all_cost=1.0617620944976807, timestamp=1689981255.765406)	[('tile_x', 50), ('tile_y', 75)],None,313
autotvm - DEBUG - No: 35	GFLOPS: 3.91/11.14	result: MeasureResult(costs=(0.675911091,), error_no=MeasureErrorNo.NO_ERROR, all_cost=1.6902778148651123, timestamp=1689981257.3738086)	[('tile_x', 8), ('tile_y', 240)],None,404
autotvm - DEBUG - No: 36	GFLOPS: 5.02/11.14	result: MeasureResult(costs=(0.526006546,), error_no=MeasureErrorNo.NO_ERROR, all_cost=1.3342316150665283, timestamp=1689981258.6435556)	[('tile_x', 5), ('tile_y', 10)],None,115
autotvm - DEBUG - No: 37	GFLOPS: 1.62/11.14	result: MeasureResult(costs=(1.626104102,), error_no=MeasureErrorNo.NO_ERROR, all_cost=3.4599289894104004, timestamp=1689981262.0999322)	[('tile_x', 1), ('tile_y', 300)],None,416
autotvm - DEBUG - No: 38	GFLOPS: 1.94/11.14	result: MeasureResult(costs=(1.361713948,), error_no=MeasureErrorNo.NO_ERROR, all_cost=2.968114137649536, timestamp=1689981265.0741227)	[('tile_x', 250), ('tile_y', 50)],None,285
autotvm - DEBUG - No: 39	GFLOPS: 8.44/11.14	result: MeasureResult(costs=(0.312893158,), error_no=MeasureErrorNo.NO_ERROR, all_cost=0.833045244216919, timestamp=1689981265.9282246)	[('tile_x', 200), ('tile_y', 20)],None,188
autotvm - DEBUG - No: 40	GFLOPS: 3.47/11.14	result: MeasureResult(costs=(0.7610393769999999,), error_no=MeasureErrorNo.NO_ERROR, all_cost=1.876333475112915, timestamp=1689981267.6723218)	[('tile_x', 25), ('tile_y', 240)],None,407
autotvm - DEBUG - No: 41	GFLOPS: 8.27/11.14	result: MeasureResult(costs=(0.319381364,), error_no=MeasureErrorNo.NO_ERROR, all_cost=0.9051978588104248, timestamp=1689981268.5753362)	[('tile_x', 50), ('tile_y', 24)],None,201
autotvm - DEBUG - No: 42	GFLOPS: 1.45/11.14	result: MeasureResult(costs=(1.820554952,), error_no=MeasureErrorNo.NO_ERROR, all_cost=3.812788486480713, timestamp=1689981272.4132657)	[('tile_x', 1), ('tile_y', 600)],None,448
autotvm - DEBUG - No: 43	GFLOPS: 3.48/11.14	result: MeasureResult(costs=(0.759106734,), error_no=MeasureErrorNo.NO_ERROR, all_cost=1.7688958644866943, timestamp=1689981274.1464627)	[('tile_x', 5), ('tile_y', 75)],None,307
autotvm - DEBUG - No: 44	GFLOPS: 1.77/11.14	result: MeasureResult(costs=(1.489305409,), error_no=MeasureErrorNo.NO_ERROR, all_cost=3.41021466255188, timestamp=1689981277.5474722)	[('tile_x', 500), ('tile_y', 4)],None,62
autotvm - DEBUG - No: 45	GFLOPS: 2.73/11.14	result: MeasureResult(costs=(0.96873491,), error_no=MeasureErrorNo.NO_ERROR, all_cost=2.205324411392212, timestamp=1689981279.7056165)	[('tile_x', 500), ('tile_y', 15)],None,158
autotvm - DEBUG - No: 46	GFLOPS: 2.70/11.14	result: MeasureResult(costs=(0.9783440090000001,), error_no=MeasureErrorNo.NO_ERROR, all_cost=2.285337448120117, timestamp=1689981281.951885)	[('tile_x', 2), ('tile_y', 120)],None,353
autotvm - DEBUG - No: 47	GFLOPS: 6.80/11.14	result: MeasureResult(costs=(0.38815833400000005,), error_no=MeasureErrorNo.NO_ERROR, all_cost=1.1295955181121826, timestamp=1689981283.0013053)	[('tile_x', 40), ('tile_y', 30)],None,232
autotvm - DEBUG - No: 48	GFLOPS: 3.90/11.14	result: MeasureResult(costs=(0.676135577,), error_no=MeasureErrorNo.NO_ERROR, all_cost=1.637448787689209, timestamp=1689981284.5732915)	[('tile_x', 5), ('tile_y', 16)],None,163
autotvm - DEBUG - No: 49	GFLOPS: 8.52/11.14	result: MeasureResult(costs=(0.309689327,), error_no=MeasureErrorNo.NO_ERROR, all_cost=0.9186098575592041, timestamp=1689981285.4161775)	[('tile_x', 200), ('tile_y', 25)],None,220
autotvm - DEBUG - No: 50	GFLOPS: 3.47/11.14	result: MeasureResult(costs=(0.759794498,), error_no=MeasureErrorNo.NO_ERROR, all_cost=1.8671982288360596, timestamp=1689981287.194866)	[('tile_x', 20), ('tile_y', 240)],None,406
autotvm - DEBUG - No: 51	GFLOPS: 3.66/11.14	result: MeasureResult(costs=(0.720622208,), error_no=MeasureErrorNo.NO_ERROR, all_cost=1.642646312713623, timestamp=1689981288.775866)	[('tile_x', 8), ('tile_y', 60)],None,292
autotvm - DEBUG - No: 52	GFLOPS: 9.21/11.14	result: MeasureResult(costs=(0.286526796,), error_no=MeasureErrorNo.NO_ERROR, all_cost=0.807051420211792, timestamp=1689981289.5801828)	[('tile_x', 40), ('tile_y', 100)],None,344
autotvm - DEBUG - No: 53	GFLOPS: 1.94/11.14	result: MeasureResult(costs=(1.359385756,), error_no=MeasureErrorNo.NO_ERROR, all_cost=3.068310499191284, timestamp=1689981292.5647445)	[('tile_x', 250), ('tile_y', 4)],None,61
autotvm - DEBUG - No: 54	GFLOPS: 4.66/11.14	result: MeasureResult(costs=(0.566964613,), error_no=MeasureErrorNo.NO_ERROR, all_cost=1.4343137741088867, timestamp=1689981293.9173203)	[('tile_x', 5), ('tile_y', 24)],None,195
autotvm - DEBUG - No: 55	GFLOPS: 4.93/11.14	result: MeasureResult(costs=(0.536029052,), error_no=MeasureErrorNo.NO_ERROR, all_cost=1.4137160778045654, timestamp=1689981295.1971319)	[('tile_x', 25), ('tile_y', 200)],None,391
autotvm - DEBUG - No: 56	GFLOPS: 1.96/11.14	result: MeasureResult(costs=(1.346260244,), error_no=MeasureErrorNo.NO_ERROR, all_cost=3.062434434890747, timestamp=1689981298.1499312)	[('tile_x', 1000), ('tile_y', 12)],None,143
root - INFO - Elpased time = 104.81041717529297
autotvm - DEBUG - Finish loading 112 records
