root - INFO - GA Tuner 3MM - 2023-07-20 02:19:13.656866
autotvm - DEBUG - waiting for device...
autotvm - DEBUG - device available
autotvm - INFO - Get devices for measurement successfully!
autotvm - DEBUG - No: 1	GFLOPS: 2.32/2.32	result: MeasureResult(costs=(2.582481535,), error_no=MeasureErrorNo.NO_ERROR, all_cost=5.573953151702881, timestamp=1689837566.2317967)	[('tile_y', 5), ('tile_x', 32), ('tile_y1', 20), ('tile_x1', 400), ('tile_y2', 6), ('tile_x2', 64)],None,132395523
autotvm - DEBUG - No: 2	GFLOPS: 2.23/2.32	result: MeasureResult(costs=(2.6960927569999997,), error_no=MeasureErrorNo.NO_ERROR, all_cost=5.786285161972046, timestamp=1689837571.8731098)	[('tile_y', 100), ('tile_x', 8), ('tile_y1', 50), ('tile_x1', 200), ('tile_y2', 80), ('tile_x2', 160)],None,169865732
autotvm - DEBUG - No: 3	GFLOPS: 2.20/2.32	result: MeasureResult(costs=(2.728459524,), error_no=MeasureErrorNo.NO_ERROR, all_cost=5.8771679401397705, timestamp=1689837577.620591)	[('tile_y', 500), ('tile_x', 160), ('tile_y1', 30), ('tile_x1', 2), ('tile_y2', 200), ('tile_x2', 160)],None,171482117
autotvm - DEBUG - No: 4	GFLOPS: 2.44/2.44	result: MeasureResult(costs=(2.45835347,), error_no=MeasureErrorNo.NO_ERROR, all_cost=5.366613149642944, timestamp=1689837582.7903829)	[('tile_y', 125), ('tile_x', 8), ('tile_y1', 100), ('tile_x1', 250), ('tile_y2', 120), ('tile_x2', 25)],None,94585353
autotvm - DEBUG - No: 5	GFLOPS: 2.74/2.74	result: MeasureResult(costs=(2.192914352,), error_no=MeasureErrorNo.NO_ERROR, all_cost=5.069671392440796, timestamp=1689837587.4226081)	[('tile_y', 10), ('tile_x', 800), ('tile_y1', 20), ('tile_x1', 400), ('tile_y2', 50), ('tile_x2', 20)],None,81894925
autotvm - DEBUG - No: 6	GFLOPS: 2.45/2.74	result: MeasureResult(costs=(2.453590726,), error_no=MeasureErrorNo.NO_ERROR, all_cost=5.141754865646362, timestamp=1689837592.4556236)	[('tile_y', 80), ('tile_x', 100), ('tile_y1', 60), ('tile_x1', 25), ('tile_y2', 800), ('tile_x2', 8)],None,53654031
autotvm - DEBUG - No: 7	GFLOPS: 2.30/2.74	result: MeasureResult(costs=(2.6084004519999997,), error_no=MeasureErrorNo.NO_ERROR, all_cost=5.6036529541015625, timestamp=1689837597.880836)	[('tile_y', 8), ('tile_x', 50), ('tile_y1', 800), ('tile_x1', 125), ('tile_y2', 2), ('tile_x2', 25)],None,87604244
autotvm - DEBUG - No: 8	GFLOPS: 2.28/2.74	result: MeasureResult(costs=(2.633222376,), error_no=MeasureErrorNo.NO_ERROR, all_cost=5.728875398635864, timestamp=1689837603.41463)	[('tile_y', 40), ('tile_x', 100), ('tile_y1', 6), ('tile_x1', 40), ('tile_y2', 15), ('tile_x2', 64)],None,133496869
autotvm - DEBUG - No: 9	GFLOPS: 2.82/2.82	result: MeasureResult(costs=(2.127654447,), error_no=MeasureErrorNo.NO_ERROR, all_cost=4.676170587539673, timestamp=1689837607.9638655)	[('tile_y', 16), ('tile_x', 800), ('tile_y1', 800), ('tile_x1', 1), ('tile_y2', 50), ('tile_x2', 100)],None,157867046
autotvm - DEBUG - No: 10	GFLOPS: 2.55/2.82	result: MeasureResult(costs=(2.349705879,), error_no=MeasureErrorNo.NO_ERROR, all_cost=5.083662509918213, timestamp=1689837612.9164298)	[('tile_y', 4), ('tile_x', 1600), ('tile_y1', 48), ('tile_x1', 2000), ('tile_y2', 3), ('tile_x2', 8)],None,44445222
autotvm - DEBUG - No: 11	GFLOPS: 2.82/2.82	result: MeasureResult(costs=(2.130911366,), error_no=MeasureErrorNo.NO_ERROR, all_cost=4.607781171798706, timestamp=1689837617.4308164)	[('tile_y', 16), ('tile_x', 16), ('tile_y1', 20), ('tile_x1', 16), ('tile_y2', 48), ('tile_x2', 400)],None,201191466
autotvm - DEBUG - No: 12	GFLOPS: 2.68/2.82	result: MeasureResult(costs=(2.242206303,), error_no=MeasureErrorNo.NO_ERROR, all_cost=4.8038365840911865, timestamp=1689837622.2083924)	[('tile_y', 125), ('tile_x', 4), ('tile_y1', 600), ('tile_x1', 100), ('tile_y2', 32), ('tile_x2', 4)],None,26503733
autotvm - DEBUG - No: 13	GFLOPS: 2.41/2.82	result: MeasureResult(costs=(2.487308268,), error_no=MeasureErrorNo.NO_ERROR, all_cost=5.4650208950042725, timestamp=1689837627.585699)	[('tile_y', 200), ('tile_x', 50), ('tile_y1', 10), ('tile_x1', 500), ('tile_y2', 100), ('tile_x2', 320)],None,192284214
autotvm - DEBUG - No: 14	GFLOPS: 2.83/2.83	result: MeasureResult(costs=(2.123799623,), error_no=MeasureErrorNo.NO_ERROR, all_cost=4.674354076385498, timestamp=1689837632.089076)	[('tile_y', 20), ('tile_x', 32), ('tile_y1', 100), ('tile_x1', 1), ('tile_y2', 4), ('tile_x2', 200)],None,175099447
autotvm - DEBUG - No: 15	GFLOPS: 2.69/2.83	result: MeasureResult(costs=(2.2264513619999997,), error_no=MeasureErrorNo.NO_ERROR, all_cost=4.95505428314209, timestamp=1689837636.8335242)	[('tile_y', 50), ('tile_x', 160), ('tile_y1', 6), ('tile_x1', 40), ('tile_y2', 80), ('tile_x2', 10)],None,60920890
autotvm - DEBUG - No: 16	GFLOPS: 2.13/2.83	result: MeasureResult(costs=(2.8142352059999998,), error_no=MeasureErrorNo.NO_ERROR, all_cost=6.112090110778809, timestamp=1689837642.7088866)	[('tile_y', 2), ('tile_x', 1600), ('tile_y1', 4), ('tile_x1', 1), ('tile_y2', 10), ('tile_x2', 160)],None,165414461
autotvm - DEBUG - No: 17	GFLOPS: 2.45/2.83	result: MeasureResult(costs=(2.452377384,), error_no=MeasureErrorNo.NO_ERROR, all_cost=5.210638999938965, timestamp=1689837647.8632863)	[('tile_y', 250), ('tile_x', 5), ('tile_y1', 4), ('tile_x1', 2), ('tile_y2', 600), ('tile_x2', 16)],None,75011655
autotvm - DEBUG - No: 18	GFLOPS: 2.75/2.83	result: MeasureResult(costs=(2.183351611,), error_no=MeasureErrorNo.NO_ERROR, all_cost=5.0580384731292725, timestamp=1689837652.5278203)	[('tile_y', 20), ('tile_x', 1), ('tile_y1', 1200), ('tile_x1', 8), ('tile_y2', 6), ('tile_x2', 40)],None,110450767
autotvm - DEBUG - No: 19	GFLOPS: 2.41/2.83	result: MeasureResult(costs=(2.485199128,), error_no=MeasureErrorNo.NO_ERROR, all_cost=5.291598558425903, timestamp=1689837657.6849034)	[('tile_y', 1), ('tile_x', 5), ('tile_y1', 25), ('tile_x1', 10), ('tile_y2', 96), ('tile_x2', 16)],None,72052320
autotvm - DEBUG - No: 20	GFLOPS: 2.37/2.83	result: MeasureResult(costs=(2.536103676,), error_no=MeasureErrorNo.NO_ERROR, all_cost=5.41927695274353, timestamp=1689837663.0696654)	[('tile_y', 400), ('tile_x', 50), ('tile_y1', 25), ('tile_x1', 1000), ('tile_y2', 1), ('tile_x2', 5)],None,32937056
autotvm - DEBUG - No: 21	GFLOPS: 2.32/2.83	result: MeasureResult(costs=(2.582359497,), error_no=MeasureErrorNo.NO_ERROR, all_cost=5.51863956451416, timestamp=1689837668.524589)	[('tile_y', 4), ('tile_x', 80), ('tile_y1', 40), ('tile_x1', 50), ('tile_y2', 96), ('tile_x2', 2)],None,17697382
autotvm - DEBUG - No: 22	GFLOPS: 2.76/2.83	result: MeasureResult(costs=(2.171324452,), error_no=MeasureErrorNo.NO_ERROR, all_cost=5.001543283462524, timestamp=1689837673.1270368)	[('tile_y', 1000), ('tile_x', 64), ('tile_y1', 400), ('tile_x1', 250), ('tile_y2', 300), ('tile_x2', 400)],None,204964458
autotvm - DEBUG - No: 23	GFLOPS: 2.12/2.83	result: MeasureResult(costs=(2.8330687200000004,), error_no=MeasureErrorNo.NO_ERROR, all_cost=6.0167236328125, timestamp=1689837679.041975)	[('tile_y', 5), ('tile_x', 320), ('tile_y1', 60), ('tile_x1', 250), ('tile_y2', 5), ('tile_x2', 160)],None,164740723
autotvm - DEBUG - No: 24	GFLOPS: 2.39/2.83	result: MeasureResult(costs=(2.513791346,), error_no=MeasureErrorNo.NO_ERROR, all_cost=5.5095601081848145, timestamp=1689837684.35582)	[('tile_y', 4), ('tile_x', 16), ('tile_y1', 5), ('tile_x1', 5), ('tile_y2', 300), ('tile_x2', 64)],None,139453562
autotvm - DEBUG - No: 25	GFLOPS: 2.16/2.83	result: MeasureResult(costs=(2.782824141,), error_no=MeasureErrorNo.NO_ERROR, all_cost=6.251394271850586, timestamp=1689837690.4672039)	[('tile_y', 40), ('tile_x', 80), ('tile_y1', 40), ('tile_x1', 5), ('tile_y2', 240), ('tile_x2', 800)],None,215361149
autotvm - DEBUG - No: 26	GFLOPS: 2.68/2.83	result: MeasureResult(costs=(2.238825504,), error_no=MeasureErrorNo.NO_ERROR, all_cost=5.239093542098999, timestamp=1689837695.3748648)	[('tile_y', 20), ('tile_x', 32), ('tile_y1', 16), ('tile_x1', 200), ('tile_y2', 50), ('tile_x2', 8)],None,49204867
autotvm - DEBUG - No: 27	GFLOPS: 2.84/2.84	result: MeasureResult(costs=(2.11583039,), error_no=MeasureErrorNo.NO_ERROR, all_cost=4.678422212600708, timestamp=1689837699.9008627)	[('tile_y', 125), ('tile_x', 100), ('tile_y1', 160), ('tile_x1', 8), ('tile_y2', 16), ('tile_x2', 200)],None,177278093
autotvm - DEBUG - No: 28	GFLOPS: 2.70/2.84	result: MeasureResult(costs=(2.221255988,), error_no=MeasureErrorNo.NO_ERROR, all_cost=4.735630750656128, timestamp=1689837704.5888577)	[('tile_y', 5), ('tile_x', 5), ('tile_y1', 50), ('tile_x1', 125), ('tile_y2', 1), ('tile_x2', 80)],None,141727383
autotvm - DEBUG - No: 29	GFLOPS: 1.95/2.84	result: MeasureResult(costs=(3.08285959,), error_no=MeasureErrorNo.NO_ERROR, all_cost=6.441676139831543, timestamp=1689837711.0056672)	[('tile_y', 4), ('tile_x', 8), ('tile_y1', 60), ('tile_x1', 50), ('tile_y2', 1200), ('tile_x2', 1)],None,10440862
autotvm - DEBUG - No: 30	GFLOPS: 2.23/2.84	result: MeasureResult(costs=(2.689196656,), error_no=MeasureErrorNo.NO_ERROR, all_cost=5.677947521209717, timestamp=1689837716.673573)	[('tile_y', 20), ('tile_x', 32), ('tile_y1', 50), ('tile_x1', 16), ('tile_y2', 75), ('tile_x2', 160)],None,169442467
autotvm - DEBUG - No: 31	GFLOPS: 2.65/2.84	result: MeasureResult(costs=(2.261819048,), error_no=MeasureErrorNo.NO_ERROR, all_cost=5.045595645904541, timestamp=1689837721.445098)	[('tile_y', 5), ('tile_x', 20), ('tile_y1', 50), ('tile_x1', 125), ('tile_y2', 20), ('tile_x2', 10)],None,57962663
autotvm - DEBUG - No: 32	GFLOPS: 2.72/2.84	result: MeasureResult(costs=(2.2031655470000002,), error_no=MeasureErrorNo.NO_ERROR, all_cost=4.7709550857543945, timestamp=1689837726.1013684)	[('tile_y', 2), ('tile_x', 64), ('tile_y1', 1200), ('tile_x1', 250), ('tile_y2', 75), ('tile_x2', 80)],None,147812521
autotvm - DEBUG - No: 33	GFLOPS: 2.84/2.84	result: MeasureResult(costs=(2.115045694,), error_no=MeasureErrorNo.NO_ERROR, all_cost=4.9124932289123535, timestamp=1689837730.8063579)	[('tile_y', 5), ('tile_x', 32), ('tile_y1', 200), ('tile_x1', 2000), ('tile_y2', 30), ('tile_x2', 100)],None,156942003
autotvm - DEBUG - No: 34	GFLOPS: 2.62/2.84	result: MeasureResult(costs=(2.292041323,), error_no=MeasureErrorNo.NO_ERROR, all_cost=4.928930759429932, timestamp=1689837735.6398797)	[('tile_y', 1), ('tile_x', 160), ('tile_y1', 32), ('tile_x1', 80), ('tile_y2', 2), ('tile_x2', 8)],None,44020920
autotvm - DEBUG - No: 35	GFLOPS: 2.70/2.84	result: MeasureResult(costs=(2.2201574340000003,), error_no=MeasureErrorNo.NO_ERROR, all_cost=5.028312921524048, timestamp=1689837740.3414173)	[('tile_y', 20), ('tile_x', 64), ('tile_y1', 300), ('tile_x1', 250), ('tile_y2', 80), ('tile_x2', 8)],None,50135227
autotvm - DEBUG - No: 36	GFLOPS: 2.64/2.84	result: MeasureResult(costs=(2.2707594159999998,), error_no=MeasureErrorNo.NO_ERROR, all_cost=5.294908285140991, timestamp=1689837745.1706443)	[('tile_y', 10), ('tile_x', 25), ('tile_y1', 20), ('tile_x1', 500), ('tile_y2', 12), ('tile_x2', 40)],None,111545025
autotvm - DEBUG - No: 37	GFLOPS: 2.66/2.84	result: MeasureResult(costs=(2.2591638290000002,), error_no=MeasureErrorNo.NO_ERROR, all_cost=4.991990566253662, timestamp=1689837749.9378288)	[('tile_y', 2), ('tile_x', 4), ('tile_y1', 4), ('tile_x1', 250), ('tile_y2', 200), ('tile_x2', 8)],None,51938501
autotvm - DEBUG - No: 38	GFLOPS: 2.13/2.84	result: MeasureResult(costs=(2.819598181,), error_no=MeasureErrorNo.NO_ERROR, all_cost=6.22397518157959, timestamp=1689837755.8268425)	[('tile_y', 16), ('tile_x', 80), ('tile_y1', 32), ('tile_x1', 1000), ('tile_y2', 5), ('tile_x2', 160)],None,164784326
autotvm - DEBUG - No: 39	GFLOPS: 2.63/2.84	result: MeasureResult(costs=(2.281462387,), error_no=MeasureErrorNo.NO_ERROR, all_cost=5.360349178314209, timestamp=1689837760.6925933)	[('tile_y', 2000), ('tile_x', 64), ('tile_y1', 30), ('tile_x1', 2), ('tile_y2', 10), ('tile_x2', 50)],None,121888459
autotvm - DEBUG - No: 40	GFLOPS: 2.87/2.87	result: MeasureResult(costs=(2.0876244849999996,), error_no=MeasureErrorNo.NO_ERROR, all_cost=5.005337953567505, timestamp=1689837765.2928534)	[('tile_y', 200), ('tile_x', 4), ('tile_y1', 30), ('tile_x1', 1000), ('tile_y2', 8), ('tile_x2', 80)],None,143615694
autotvm - DEBUG - No: 41	GFLOPS: 2.72/2.87	result: MeasureResult(costs=(2.205279889,), error_no=MeasureErrorNo.NO_ERROR, all_cost=4.677766799926758, timestamp=1689837769.9574122)	[('tile_y', 125), ('tile_x', 1), ('tile_y1', 48), ('tile_x1', 4), ('tile_y2', 4), ('tile_x2', 80)],None,142467793
autotvm - DEBUG - No: 42	GFLOPS: 2.83/2.87	result: MeasureResult(costs=(2.120539001,), error_no=MeasureErrorNo.NO_ERROR, all_cost=4.639102935791016, timestamp=1689837774.4954698)	[('tile_y', 4), ('tile_x', 400), ('tile_y1', 50), ('tile_x1', 16), ('tile_y2', 96), ('tile_x2', 100)],None,159161042
autotvm - DEBUG - No: 43	GFLOPS: 2.72/2.87	result: MeasureResult(costs=(2.207874625,), error_no=MeasureErrorNo.NO_ERROR, all_cost=5.103874206542969, timestamp=1689837779.1580079)	[('tile_y', 10), ('tile_x', 10), ('tile_y1', 60), ('tile_x1', 25), ('tile_y2', 32), ('tile_x2', 16)],None,69983445
autotvm - DEBUG - No: 44	GFLOPS: 2.54/2.87	result: MeasureResult(costs=(2.358711268,), error_no=MeasureErrorNo.NO_ERROR, all_cost=5.4540956020355225, timestamp=1689837784.129444)	[('tile_y', 40), ('tile_x', 80), ('tile_y1', 32), ('tile_x1', 80), ('tile_y2', 3), ('tile_x2', 10)],None,55209689
autotvm - DEBUG - No: 45	GFLOPS: 2.12/2.87	result: MeasureResult(costs=(2.8317185890000003,), error_no=MeasureErrorNo.NO_ERROR, all_cost=5.975584268569946, timestamp=1689837790.025358)	[('tile_y', 25), ('tile_x', 64), ('tile_y1', 480), ('tile_x1', 125), ('tile_y2', 300), ('tile_x2', 800)],None,215821028
autotvm - DEBUG - No: 46	GFLOPS: 2.54/2.87	result: MeasureResult(costs=(2.361438045,), error_no=MeasureErrorNo.NO_ERROR, all_cost=5.422208309173584, timestamp=1689837794.9967487)	[('tile_y', 16), ('tile_x', 5), ('tile_y1', 25), ('tile_x1', 500), ('tile_y2', 6), ('tile_x2', 5)],None,34433766
autotvm - DEBUG - No: 47	GFLOPS: 2.46/2.87	result: MeasureResult(costs=(2.4379084090000003,), error_no=MeasureErrorNo.NO_ERROR, all_cost=5.5106730461120605, timestamp=1689837800.340756)	[('tile_y', 1), ('tile_x', 80), ('tile_y1', 200), ('tile_x1', 16), ('tile_y2', 300), ('tile_x2', 20)],None,85076720
autotvm - DEBUG - No: 48	GFLOPS: 2.17/2.87	result: MeasureResult(costs=(2.761958136,), error_no=MeasureErrorNo.NO_ERROR, all_cost=5.822484970092773, timestamp=1689837806.1588554)	[('tile_y', 250), ('tile_x', 800), ('tile_y1', 1200), ('tile_x1', 16), ('tile_y2', 48), ('tile_x2', 1)],None,5246195
autotvm - DEBUG - No: 49	GFLOPS: 2.48/2.87	result: MeasureResult(costs=(2.423578618,), error_no=MeasureErrorNo.NO_ERROR, all_cost=5.453803062438965, timestamp=1689837811.2578425)	[('tile_y', 20), ('tile_x', 1), ('tile_y1', 24), ('tile_x1', 10), ('tile_y2', 75), ('tile_x2', 5)],None,38787847
autotvm - DEBUG - No: 50	GFLOPS: 2.80/2.87	result: MeasureResult(costs=(2.143655828,), error_no=MeasureErrorNo.NO_ERROR, all_cost=4.556097984313965, timestamp=1689837815.7991278)	[('tile_y', 200), ('tile_x', 80), ('tile_y1', 4), ('tile_x1', 2), ('tile_y2', 1), ('tile_x2', 400)],None,195971854
autotvm - DEBUG - No: 51	GFLOPS: 2.42/2.87	result: MeasureResult(costs=(2.482587691,), error_no=MeasureErrorNo.NO_ERROR, all_cost=5.3810508251190186, timestamp=1689837821.0636845)	[('tile_y', 20), ('tile_x', 50), ('tile_y1', 40), ('tile_x1', 2000), ('tile_y2', 32), ('tile_x2', 320)],None,189899027
autotvm - DEBUG - No: 52	GFLOPS: 2.39/2.87	result: MeasureResult(costs=(2.5083191179999997,), error_no=MeasureErrorNo.NO_ERROR, all_cost=5.648318767547607, timestamp=1689837826.3314824)	[('tile_y', 1000), ('tile_x', 16), ('tile_y1', 600), ('tile_x1', 500), ('tile_y2', 1), ('tile_x2', 25)],None,87361818
autotvm - DEBUG - No: 53	GFLOPS: 2.45/2.87	result: MeasureResult(costs=(2.4521742,), error_no=MeasureErrorNo.NO_ERROR, all_cost=5.50989556312561, timestamp=1689837831.4868138)	[('tile_y', 10), ('tile_x', 200), ('tile_y1', 4), ('tile_x1', 5), ('tile_y2', 480), ('tile_x2', 5)],None,42080545
autotvm - DEBUG - No: 54	GFLOPS: 2.32/2.87	result: MeasureResult(costs=(2.591487756,), error_no=MeasureErrorNo.NO_ERROR, all_cost=5.742044687271118, timestamp=1689837837.1217995)	[('tile_y', 25), ('tile_x', 50), ('tile_y1', 60), ('tile_x1', 50), ('tile_y2', 96), ('tile_x2', 2)],None,17698608
autotvm - DEBUG - No: 55	GFLOPS: 2.93/2.93	result: MeasureResult(costs=(2.050939492,), error_no=MeasureErrorNo.NO_ERROR, all_cost=4.470159292221069, timestamp=1689837841.4795742)	[('tile_y', 4), ('tile_x', 200), ('tile_y1', 12), ('tile_x1', 500), ('tile_y2', 32), ('tile_x2', 40)],None,113660722
autotvm - DEBUG - No: 56	GFLOPS: 2.82/2.93	result: MeasureResult(costs=(2.124848234,), error_no=MeasureErrorNo.NO_ERROR, all_cost=4.970926284790039, timestamp=1689837845.9904554)	[('tile_y', 500), ('tile_x', 800), ('tile_y1', 4), ('tile_x1', 8), ('tile_y2', 16), ('tile_x2', 400)],None,199041337
autotvm - DEBUG - No: 57	GFLOPS: 2.44/2.93	result: MeasureResult(costs=(2.463837287,), error_no=MeasureErrorNo.NO_ERROR, all_cost=5.390220642089844, timestamp=1689837851.216337)	[('tile_y', 80), ('tile_x', 20), ('tile_y1', 15), ('tile_x1', 200), ('tile_y2', 75), ('tile_x2', 4)],None,28036411
autotvm - DEBUG - No: 58	GFLOPS: 2.84/2.93	result: MeasureResult(costs=(2.113624363,), error_no=MeasureErrorNo.NO_ERROR, all_cost=4.6187169551849365, timestamp=1689837855.6907606)	[('tile_y', 2000), ('tile_x', 400), ('tile_y1', 1), ('tile_x1', 1), ('tile_y2', 20), ('tile_x2', 1600)],None,221054779
autotvm - DEBUG - No: 59	GFLOPS: 2.39/2.93	result: MeasureResult(costs=(2.514613068,), error_no=MeasureErrorNo.NO_ERROR, all_cost=5.644046068191528, timestamp=1689837860.945348)	[('tile_y', 2), ('tile_x', 20), ('tile_y1', 5), ('tile_x1', 50), ('tile_y2', 96), ('tile_x2', 64)],None,137442621
autotvm - DEBUG - No: 60	GFLOPS: 2.16/2.93	result: MeasureResult(costs=(2.77283853,), error_no=MeasureErrorNo.NO_ERROR, all_cost=6.24535346031189, timestamp=1689837866.7864666)	[('tile_y', 200), ('tile_x', 64), ('tile_y1', 120), ('tile_x1', 50), ('tile_y2', 15), ('tile_x2', 800)],None,209724734
autotvm - DEBUG - No: 61	GFLOPS: 2.58/2.93	result: MeasureResult(costs=(2.322546638,), error_no=MeasureErrorNo.NO_ERROR, all_cost=5.396793603897095, timestamp=1689837871.8469381)	[('tile_y', 80), ('tile_x', 16), ('tile_y1', 60), ('tile_x1', 2), ('tile_y2', 400), ('tile_x2', 10)],None,63527231
autotvm - DEBUG - No: 62	GFLOPS: 2.46/2.93	result: MeasureResult(costs=(2.44293851,), error_no=MeasureErrorNo.NO_ERROR, all_cost=5.223025321960449, timestamp=1689837876.9833474)	[('tile_y', 250), ('tile_x', 80), ('tile_y1', 160), ('tile_x1', 10), ('tile_y2', 300), ('tile_x2', 25)],None,95947595
autotvm - DEBUG - No: 63	GFLOPS: 2.10/2.93	result: MeasureResult(costs=(2.856589122,), error_no=MeasureErrorNo.NO_ERROR, all_cost=6.3950560092926025, timestamp=1689837882.9875598)	[('tile_y', 1000), ('tile_x', 80), ('tile_y1', 16), ('tile_x1', 16), ('tile_y2', 96), ('tile_x2', 1)],None,6747998
autotvm - DEBUG - No: 64	GFLOPS: 2.35/2.93	result: MeasureResult(costs=(2.557273349,), error_no=MeasureErrorNo.NO_ERROR, all_cost=5.751399755477905, timestamp=1689837888.346676)	[('tile_y', 200), ('tile_x', 10), ('tile_y1', 80), ('tile_x1', 8), ('tile_y2', 48), ('tile_x2', 2)],None,16096614
autotvm - DEBUG - No: 65	GFLOPS: 2.86/2.93	result: MeasureResult(costs=(2.098445871,), error_no=MeasureErrorNo.NO_ERROR, all_cost=4.851566553115845, timestamp=1689837892.7970614)	[('tile_y', 16), ('tile_x', 25), ('tile_y1', 25), ('tile_x1', 2000), ('tile_y2', 80), ('tile_x2', 50)],None,126393706
autotvm - DEBUG - No: 66	GFLOPS: 2.15/2.93	result: MeasureResult(costs=(2.7932895159999998,), error_no=MeasureErrorNo.NO_ERROR, all_cost=6.1171369552612305, timestamp=1689837898.6681204)	[('tile_y', 200), ('tile_x', 10), ('tile_y1', 4), ('tile_x1', 2), ('tile_y2', 1), ('tile_x2', 160)],None,163312494
autotvm - DEBUG - No: 67	GFLOPS: 2.87/2.93	result: MeasureResult(costs=(2.091973029,), error_no=MeasureErrorNo.NO_ERROR, all_cost=4.964348554611206, timestamp=1689837903.279168)	[('tile_y', 1), ('tile_x', 5), ('tile_y1', 2400), ('tile_x1', 2), ('tile_y2', 100), ('tile_x2', 40)],None,115849080
autotvm - DEBUG - No: 68	GFLOPS: 2.77/2.93	result: MeasureResult(costs=(2.1690141,), error_no=MeasureErrorNo.NO_ERROR, all_cost=4.753762722015381, timestamp=1689837907.8654456)	[('tile_y', 1000), ('tile_x', 10), ('tile_y1', 48), ('tile_x1', 200), ('tile_y2', 48), ('tile_x2', 50)],None,125110138
autotvm - DEBUG - No: 69	GFLOPS: 2.68/2.93	result: MeasureResult(costs=(2.241138562,), error_no=MeasureErrorNo.NO_ERROR, all_cost=5.172191858291626, timestamp=1689837912.6398492)	[('tile_y', 80), ('tile_x', 800), ('tile_y1', 3), ('tile_x1', 250), ('tile_y2', 10), ('tile_x2', 16)],None,67663231
autotvm - DEBUG - No: 70	GFLOPS: 2.83/2.93	result: MeasureResult(costs=(2.1182070840000002,), error_no=MeasureErrorNo.NO_ERROR, all_cost=4.908190727233887, timestamp=1689837917.127656)	[('tile_y', 2000), ('tile_x', 320), ('tile_y1', 3), ('tile_x1', 500), ('tile_y2', 100), ('tile_x2', 1600)],None,224941439
autotvm - DEBUG - No: 71	GFLOPS: 1.95/2.93	result: MeasureResult(costs=(3.079911509,), error_no=MeasureErrorNo.NO_ERROR, all_cost=6.405296325683594, timestamp=1689837923.5360112)	[('tile_y', 4), ('tile_x', 16), ('tile_y1', 50), ('tile_x1', 8), ('tile_y2', 800), ('tile_x2', 1)],None,10047362
autotvm - DEBUG - No: 72	GFLOPS: 2.57/2.93	result: MeasureResult(costs=(2.337644065,), error_no=MeasureErrorNo.NO_ERROR, all_cost=5.4300172328948975, timestamp=1689837928.5028577)	[('tile_y', 4), ('tile_x', 400), ('tile_y1', 100), ('tile_x1', 1000), ('tile_y2', 15), ('tile_x2', 16)],None,68322182
autotvm - DEBUG - No: 73	GFLOPS: 2.84/2.93	result: MeasureResult(costs=(2.114259105,), error_no=MeasureErrorNo.NO_ERROR, all_cost=4.965066432952881, timestamp=1689837932.9805174)	[('tile_y', 16), ('tile_x', 32), ('tile_y1', 15), ('tile_x1', 10), ('tile_y2', 10), ('tile_x2', 200)],None,176378766
autotvm - DEBUG - No: 74	GFLOPS: 2.54/2.93	result: MeasureResult(costs=(2.359374584,), error_no=MeasureErrorNo.NO_ERROR, all_cost=5.245786190032959, timestamp=1689837937.7712305)	[('tile_y', 10), ('tile_x', 80), ('tile_y1', 4), ('tile_x1', 200), ('tile_y2', 480), ('tile_x2', 40)],None,118451605
autotvm - DEBUG - No: 75	GFLOPS: 2.65/2.93	result: MeasureResult(costs=(2.266311872,), error_no=MeasureErrorNo.NO_ERROR, all_cost=5.485804557800293, timestamp=1689837942.5987668)	[('tile_y', 1000), ('tile_x', 100), ('tile_y1', 5), ('tile_x1', 1000), ('tile_y2', 10), ('tile_x2', 40)],None,111254938
autotvm - DEBUG - No: 76	GFLOPS: 2.47/2.93	result: MeasureResult(costs=(2.431535323,), error_no=MeasureErrorNo.NO_ERROR, all_cost=5.408688068389893, timestamp=1689837947.7188995)	[('tile_y', 8), ('tile_x', 40), ('tile_y1', 75), ('tile_x1', 100), ('tile_y2', 48), ('tile_x2', 25)],None,92422044
autotvm - DEBUG - No: 77	GFLOPS: 2.93/2.93	result: MeasureResult(costs=(2.049826729,), error_no=MeasureErrorNo.NO_ERROR, all_cost=4.643831729888916, timestamp=1689837952.0738785)	[('tile_y', 8), ('tile_x', 80), ('tile_y1', 100), ('tile_x1', 1000), ('tile_y2', 32), ('tile_x2', 50)],None,124568484
autotvm - DEBUG - No: 78	GFLOPS: 2.46/2.93	result: MeasureResult(costs=(2.43520744,), error_no=MeasureErrorNo.NO_ERROR, all_cost=5.6430747509002686, timestamp=1689837957.2333403)	[('tile_y', 200), ('tile_x', 20), ('tile_y1', 16), ('tile_x1', 20), ('tile_y2', 48), ('tile_x2', 25)],None,92342194
autotvm - DEBUG - No: 79	GFLOPS: 2.64/2.93	result: MeasureResult(costs=(2.269755963,), error_no=MeasureErrorNo.NO_ERROR, all_cost=5.370903968811035, timestamp=1689837962.026218)	[('tile_y', 20), ('tile_x', 2), ('tile_y1', 1200), ('tile_x1', 2), ('tile_y2', 10), ('tile_x2', 40)],None,111010227
autotvm - DEBUG - No: 80	GFLOPS: 2.08/2.93	result: MeasureResult(costs=(2.889014023,), error_no=MeasureErrorNo.NO_ERROR, all_cost=6.3678858280181885, timestamp=1689837968.043217)	[('tile_y', 500), ('tile_x', 100), ('tile_y1', 4), ('tile_x1', 4), ('tile_y2', 30), ('tile_x2', 1)],None,4265397
autotvm - DEBUG - No: 81	GFLOPS: 2.50/2.93	result: MeasureResult(costs=(2.4006295879999997,), error_no=MeasureErrorNo.NO_ERROR, all_cost=5.553055047988892, timestamp=1689837973.1345131)	[('tile_y', 100), ('tile_x', 320), ('tile_y1', 96), ('tile_x1', 1), ('tile_y2', 6), ('tile_x2', 25)],None,88612792
autotvm - DEBUG - No: 82	GFLOPS: 2.73/2.93	result: MeasureResult(costs=(2.1982962969999997,), error_no=MeasureErrorNo.NO_ERROR, all_cost=5.091084718704224, timestamp=1689837977.9578176)	[('tile_y', 1), ('tile_x', 40), ('tile_y1', 150), ('tile_x1', 80), ('tile_y2', 150), ('tile_x2', 80)],None,149260220
autotvm - DEBUG - No: 83	GFLOPS: 2.87/2.93	result: MeasureResult(costs=(2.092963044,), error_no=MeasureErrorNo.NO_ERROR, all_cost=4.783651351928711, timestamp=1689837982.3996742)	[('tile_y', 20), ('tile_x', 10), ('tile_y1', 150), ('tile_x1', 500), ('tile_y2', 80), ('tile_x2', 40)],None,115482047
autotvm - DEBUG - No: 84	GFLOPS: 2.59/2.93	result: MeasureResult(costs=(2.315152947,), error_no=MeasureErrorNo.NO_ERROR, all_cost=5.3382179737091064, timestamp=1689837987.3464692)	[('tile_y', 2000), ('tile_x', 25), ('tile_y1', 32), ('tile_x1', 2000), ('tile_y2', 2), ('tile_x2', 10)],None,55028159
autotvm - DEBUG - No: 85	GFLOPS: 2.40/2.93	result: MeasureResult(costs=(2.5039353799999997,), error_no=MeasureErrorNo.NO_ERROR, all_cost=5.271646976470947, timestamp=1689837992.6067233)	[('tile_y', 125), ('tile_x', 32), ('tile_y1', 80), ('tile_x1', 40), ('tile_y2', 240), ('tile_x2', 64)],None,139249093
autotvm - DEBUG - No: 86	GFLOPS: 2.23/2.93	result: MeasureResult(costs=(2.6896731789999997,), error_no=MeasureErrorNo.NO_ERROR, all_cost=5.680969953536987, timestamp=1689837998.2158027)	[('tile_y', 500), ('tile_x', 80), ('tile_y1', 24), ('tile_x1', 1), ('tile_y2', 1), ('tile_x2', 32)],None,97982917
autotvm - DEBUG - No: 87	GFLOPS: 2.58/2.93	result: MeasureResult(costs=(2.325819833,), error_no=MeasureErrorNo.NO_ERROR, all_cost=5.209550619125366, timestamp=1689838003.1564422)	[('tile_y', 40), ('tile_x', 160), ('tile_y1', 75), ('tile_x1', 400), ('tile_y2', 200), ('tile_x2', 5)],None,41074629
autotvm - DEBUG - No: 88	GFLOPS: 2.47/2.93	result: MeasureResult(costs=(2.432148011,), error_no=MeasureErrorNo.NO_ERROR, all_cost=5.650408506393433, timestamp=1689838008.2725425)	[('tile_y', 5), ('tile_x', 25), ('tile_y1', 300), ('tile_x1', 40), ('tile_y2', 120), ('tile_x2', 25)],None,94497223
autotvm - DEBUG - No: 89	GFLOPS: 2.16/2.93	result: MeasureResult(costs=(2.776513366,), error_no=MeasureErrorNo.NO_ERROR, all_cost=5.988545894622803, timestamp=1689838014.2503178)	[('tile_y', 80), ('tile_x', 8), ('tile_y1', 32), ('tile_x1', 10), ('tile_y2', 1200), ('tile_x2', 800)],None,217205191
autotvm - DEBUG - No: 90	GFLOPS: 2.68/2.93	result: MeasureResult(costs=(2.2355561809999998,), error_no=MeasureErrorNo.NO_ERROR, all_cost=4.876452684402466, timestamp=1689838019.0102518)	[('tile_y', 80), ('tile_x', 10), ('tile_y1', 20), ('tile_x1', 40), ('tile_y2', 20), ('tile_x2', 4)],None,25240011
autotvm - DEBUG - No: 91	GFLOPS: 2.47/2.93	result: MeasureResult(costs=(2.4259324689999997,), error_no=MeasureErrorNo.NO_ERROR, all_cost=5.5006797313690186, timestamp=1689838024.1093972)	[('tile_y', 125), ('tile_x', 800), ('tile_y1', 2), ('tile_x1', 50), ('tile_y2', 75), ('tile_x2', 10)],None,60632013
autotvm - DEBUG - No: 92	GFLOPS: 2.67/2.93	result: MeasureResult(costs=(2.2510739760000003,), error_no=MeasureErrorNo.NO_ERROR, all_cost=5.083383798599243, timestamp=1689838028.8574975)	[('tile_y', 10), ('tile_x', 64), ('tile_y1', 200), ('tile_x1', 40), ('tile_y2', 40), ('tile_x2', 5)],None,37645265
autotvm - DEBUG - No: 93	GFLOPS: 2.03/2.93	result: MeasureResult(costs=(2.958586087,), error_no=MeasureErrorNo.NO_ERROR, all_cost=6.41152811050415, timestamp=1689838035.06602)	[('tile_y', 10), ('tile_x', 4), ('tile_y1', 8), ('tile_x1', 500), ('tile_y2', 60), ('tile_x2', 1)],None,6005205
autotvm - DEBUG - No: 94	GFLOPS: 2.62/2.93	result: MeasureResult(costs=(2.291415321,), error_no=MeasureErrorNo.NO_ERROR, all_cost=5.20037055015564, timestamp=1689838039.8935733)	[('tile_y', 20), ('tile_x', 5), ('tile_y1', 30), ('tile_x1', 16), ('tile_y2', 80), ('tile_x2', 4)],None,28219867
autotvm - DEBUG - No: 95	GFLOPS: 2.33/2.93	result: MeasureResult(costs=(2.573313021,), error_no=MeasureErrorNo.NO_ERROR, all_cost=5.884722471237183, timestamp=1689838045.4688032)	[('tile_y', 100), ('tile_x', 16), ('tile_y1', 3), ('tile_x1', 125), ('tile_y2', 80), ('tile_x2', 1)],None,6547932
autotvm - DEBUG - No: 96	GFLOPS: 2.78/2.93	result: MeasureResult(costs=(2.16063305,), error_no=MeasureErrorNo.NO_ERROR, all_cost=4.724317789077759, timestamp=1689838050.083514)	[('tile_y', 10), ('tile_x', 400), ('tile_y1', 1200), ('tile_x1', 20), ('tile_y2', 800), ('tile_x2', 400)],None,206054885
autotvm - DEBUG - No: 97	GFLOPS: 2.41/2.93	result: MeasureResult(costs=(2.493668487,), error_no=MeasureErrorNo.NO_ERROR, all_cost=5.592183589935303, timestamp=1689838055.3224814)	[('tile_y', 10), ('tile_x', 1600), ('tile_y1', 1), ('tile_x1', 200), ('tile_y2', 50), ('tile_x2', 320)],None,190724085
autotvm - DEBUG - No: 98	GFLOPS: 2.84/2.93	result: MeasureResult(costs=(2.1149281820000003,), error_no=MeasureErrorNo.NO_ERROR, all_cost=4.893338203430176, timestamp=1689838059.806223)	[('tile_y', 4), ('tile_x', 25), ('tile_y1', 800), ('tile_x1', 80), ('tile_y2', 96), ('tile_x2', 100)],None,159242742
autotvm - DEBUG - No: 99	GFLOPS: 2.78/2.93	result: MeasureResult(costs=(2.155204119,), error_no=MeasureErrorNo.NO_ERROR, all_cost=5.007100820541382, timestamp=1689838064.4131436)	[('tile_y', 10), ('tile_x', 800), ('tile_y1', 50), ('tile_x1', 80), ('tile_y2', 6), ('tile_x2', 80)],None,143209465
autotvm - DEBUG - No: 100	GFLOPS: 2.72/2.93	result: MeasureResult(costs=(2.207621472,), error_no=MeasureErrorNo.NO_ERROR, all_cost=5.2364912033081055, timestamp=1689838069.0732098)	[('tile_y', 250), ('tile_x', 160), ('tile_y1', 12), ('tile_x1', 50), ('tile_y2', 40), ('tile_x2', 20)],None,81198075
root - INFO - Elpased time = 515.156596660614
autotvm - DEBUG - Finish loading 100 records
