root - INFO - GridSearch Tuner 3MM - 2023-08-02 18:23:32.604860
autotvm - DEBUG - waiting for device...
autotvm - DEBUG - device available
autotvm - INFO - Get devices for measurement successfully!
autotvm - DEBUG - No: 1	GFLOPS: 2.19/2.19	result: MeasureResult(costs=(2.7405856319999997,), error_no=MeasureErrorNo.NO_ERROR, all_cost=5.8867714405059814, timestamp=1691018623.6657186)	[('tile_y', 1), ('tile_x', 1), ('tile_y1', 1), ('tile_x1', 1), ('tile_y2', 1), ('tile_x2', 1)],None,0
autotvm - DEBUG - No: 2	GFLOPS: 2.18/2.19	result: MeasureResult(costs=(2.755330362,), error_no=MeasureErrorNo.NO_ERROR, all_cost=5.862553596496582, timestamp=1691018629.486469)	[('tile_y', 2), ('tile_x', 1), ('tile_y1', 1), ('tile_x1', 1), ('tile_y2', 1), ('tile_x2', 1)],None,1
autotvm - DEBUG - No: 3	GFLOPS: 2.18/2.19	result: MeasureResult(costs=(2.748175023,), error_no=MeasureErrorNo.NO_ERROR, all_cost=5.896683692932129, timestamp=1691018635.2517312)	[('tile_y', 4), ('tile_x', 1), ('tile_y1', 1), ('tile_x1', 1), ('tile_y2', 1), ('tile_x2', 1)],None,2
autotvm - DEBUG - No: 4	GFLOPS: 2.12/2.19	result: MeasureResult(costs=(2.827253457,), error_no=MeasureErrorNo.NO_ERROR, all_cost=6.101031064987183, timestamp=1691018641.260781)	[('tile_y', 5), ('tile_x', 1), ('tile_y1', 1), ('tile_x1', 1), ('tile_y2', 1), ('tile_x2', 1)],None,3
autotvm - DEBUG - No: 5	GFLOPS: 2.13/2.19	result: MeasureResult(costs=(2.814189314,), error_no=MeasureErrorNo.NO_ERROR, all_cost=5.944592475891113, timestamp=1691018647.1512187)	[('tile_y', 8), ('tile_x', 1), ('tile_y1', 1), ('tile_x1', 1), ('tile_y2', 1), ('tile_x2', 1)],None,4
autotvm - DEBUG - No: 6	GFLOPS: 2.17/2.19	result: MeasureResult(costs=(2.76689556,), error_no=MeasureErrorNo.NO_ERROR, all_cost=5.847355842590332, timestamp=1691018652.9609592)	[('tile_y', 10), ('tile_x', 1), ('tile_y1', 1), ('tile_x1', 1), ('tile_y2', 1), ('tile_x2', 1)],None,5
autotvm - DEBUG - No: 7	GFLOPS: 2.15/2.19	result: MeasureResult(costs=(2.7848539999999997,), error_no=MeasureErrorNo.NO_ERROR, all_cost=5.86793327331543, timestamp=1691018658.780159)	[('tile_y', 16), ('tile_x', 1), ('tile_y1', 1), ('tile_x1', 1), ('tile_y2', 1), ('tile_x2', 1)],None,6
autotvm - DEBUG - No: 8	GFLOPS: 2.08/2.19	result: MeasureResult(costs=(2.877865848,), error_no=MeasureErrorNo.NO_ERROR, all_cost=6.079737663269043, timestamp=1691018664.7294207)	[('tile_y', 20), ('tile_x', 1), ('tile_y1', 1), ('tile_x1', 1), ('tile_y2', 1), ('tile_x2', 1)],None,7
autotvm - DEBUG - No: 9	GFLOPS: 2.15/2.19	result: MeasureResult(costs=(2.7877937499999996,), error_no=MeasureErrorNo.NO_ERROR, all_cost=5.985897541046143, timestamp=1691018670.5621405)	[('tile_y', 25), ('tile_x', 1), ('tile_y1', 1), ('tile_x1', 1), ('tile_y2', 1), ('tile_x2', 1)],None,8
autotvm - DEBUG - No: 10	GFLOPS: 2.03/2.19	result: MeasureResult(costs=(2.9487620000000003,), error_no=MeasureErrorNo.NO_ERROR, all_cost=6.086148977279663, timestamp=1691018676.5689971)	[('tile_y', 40), ('tile_x', 1), ('tile_y1', 1), ('tile_x1', 1), ('tile_y2', 1), ('tile_x2', 1)],None,9
autotvm - DEBUG - No: 11	GFLOPS: 1.81/2.19	result: MeasureResult(costs=(3.3208206110000003,), error_no=MeasureErrorNo.NO_ERROR, all_cost=6.518507957458496, timestamp=1691018682.9911265)	[('tile_y', 50), ('tile_x', 1), ('tile_y1', 1), ('tile_x1', 1), ('tile_y2', 1), ('tile_x2', 1)],None,10
autotvm - DEBUG - No: 12	GFLOPS: 2.07/2.19	result: MeasureResult(costs=(2.899972546,), error_no=MeasureErrorNo.NO_ERROR, all_cost=6.0388946533203125, timestamp=1691018688.952303)	[('tile_y', 80), ('tile_x', 1), ('tile_y1', 1), ('tile_x1', 1), ('tile_y2', 1), ('tile_x2', 1)],None,11
autotvm - DEBUG - No: 13	GFLOPS: 2.14/2.19	result: MeasureResult(costs=(2.79876168,), error_no=MeasureErrorNo.NO_ERROR, all_cost=5.888076066970825, timestamp=1691018694.8098433)	[('tile_y', 100), ('tile_x', 1), ('tile_y1', 1), ('tile_x1', 1), ('tile_y2', 1), ('tile_x2', 1)],None,12
autotvm - DEBUG - No: 14	GFLOPS: 2.15/2.19	result: MeasureResult(costs=(2.786133953,), error_no=MeasureErrorNo.NO_ERROR, all_cost=5.941467046737671, timestamp=1691018700.680898)	[('tile_y', 125), ('tile_x', 1), ('tile_y1', 1), ('tile_x1', 1), ('tile_y2', 1), ('tile_x2', 1)],None,13
autotvm - DEBUG - No: 15	GFLOPS: 2.07/2.19	result: MeasureResult(costs=(2.892672543,), error_no=MeasureErrorNo.NO_ERROR, all_cost=6.055335760116577, timestamp=1691018706.6890485)	[('tile_y', 200), ('tile_x', 1), ('tile_y1', 1), ('tile_x1', 1), ('tile_y2', 1), ('tile_x2', 1)],None,14
autotvm - DEBUG - No: 16	GFLOPS: 2.14/2.19	result: MeasureResult(costs=(2.799334919,), error_no=MeasureErrorNo.NO_ERROR, all_cost=6.1006622314453125, timestamp=1691018712.719028)	[('tile_y', 250), ('tile_x', 1), ('tile_y1', 1), ('tile_x1', 1), ('tile_y2', 1), ('tile_x2', 1)],None,15
autotvm - DEBUG - No: 17	GFLOPS: 2.11/2.19	result: MeasureResult(costs=(2.837290067,), error_no=MeasureErrorNo.NO_ERROR, all_cost=6.271912097930908, timestamp=1691018718.656186)	[('tile_y', 400), ('tile_x', 1), ('tile_y1', 1), ('tile_x1', 1), ('tile_y2', 1), ('tile_x2', 1)],None,16
autotvm - DEBUG - No: 18	GFLOPS: 2.09/2.19	result: MeasureResult(costs=(2.8747986780000003,), error_no=MeasureErrorNo.NO_ERROR, all_cost=5.992136716842651, timestamp=1691018724.5824046)	[('tile_y', 500), ('tile_x', 1), ('tile_y1', 1), ('tile_x1', 1), ('tile_y2', 1), ('tile_x2', 1)],None,17
autotvm - DEBUG - No: 19	GFLOPS: 2.15/2.19	result: MeasureResult(costs=(2.795919116,), error_no=MeasureErrorNo.NO_ERROR, all_cost=5.904057264328003, timestamp=1691018730.434535)	[('tile_y', 1000), ('tile_x', 1), ('tile_y1', 1), ('tile_x1', 1), ('tile_y2', 1), ('tile_x2', 1)],None,18
autotvm - DEBUG - No: 20	GFLOPS: 2.10/2.19	result: MeasureResult(costs=(2.851491692,), error_no=MeasureErrorNo.NO_ERROR, all_cost=6.359583377838135, timestamp=1691018736.7533176)	[('tile_y', 2000), ('tile_x', 1), ('tile_y1', 1), ('tile_x1', 1), ('tile_y2', 1), ('tile_x2', 1)],None,19
autotvm - DEBUG - No: 21	GFLOPS: 1.89/2.19	result: MeasureResult(costs=(3.178867678,), error_no=MeasureErrorNo.NO_ERROR, all_cost=6.553758382797241, timestamp=1691018742.9918208)	[('tile_y', 1), ('tile_x', 2), ('tile_y1', 1), ('tile_x1', 1), ('tile_y2', 1), ('tile_x2', 1)],None,20
autotvm - DEBUG - No: 22	GFLOPS: 2.09/2.19	result: MeasureResult(costs=(2.870758961,), error_no=MeasureErrorNo.NO_ERROR, all_cost=6.149902820587158, timestamp=1691018749.1055243)	[('tile_y', 2), ('tile_x', 2), ('tile_y1', 1), ('tile_x1', 1), ('tile_y2', 1), ('tile_x2', 1)],None,21
autotvm - DEBUG - No: 23	GFLOPS: 1.88/2.19	result: MeasureResult(costs=(3.189900439,), error_no=MeasureErrorNo.NO_ERROR, all_cost=6.507620096206665, timestamp=1691018755.4827182)	[('tile_y', 4), ('tile_x', 2), ('tile_y1', 1), ('tile_x1', 1), ('tile_y2', 1), ('tile_x2', 1)],None,22
autotvm - DEBUG - No: 24	GFLOPS: 2.07/2.19	result: MeasureResult(costs=(2.9041206510000004,), error_no=MeasureErrorNo.NO_ERROR, all_cost=6.023125410079956, timestamp=1691018761.4324667)	[('tile_y', 5), ('tile_x', 2), ('tile_y1', 1), ('tile_x1', 1), ('tile_y2', 1), ('tile_x2', 1)],None,23
autotvm - DEBUG - No: 25	GFLOPS: 2.06/2.19	result: MeasureResult(costs=(2.9196779929999996,), error_no=MeasureErrorNo.NO_ERROR, all_cost=6.207446813583374, timestamp=1691018767.5720954)	[('tile_y', 8), ('tile_x', 2), ('tile_y1', 1), ('tile_x1', 1), ('tile_y2', 1), ('tile_x2', 1)],None,24
autotvm - DEBUG - No: 26	GFLOPS: 1.93/2.19	result: MeasureResult(costs=(3.1111948849999997,), error_no=MeasureErrorNo.NO_ERROR, all_cost=6.435499668121338, timestamp=1691018773.7782938)	[('tile_y', 10), ('tile_x', 2), ('tile_y1', 1), ('tile_x1', 1), ('tile_y2', 1), ('tile_x2', 1)],None,25
autotvm - DEBUG - No: 27	GFLOPS: 1.77/2.19	result: MeasureResult(costs=(3.392505009,), error_no=MeasureErrorNo.NO_ERROR, all_cost=6.5093066692352295, timestamp=1691018780.2352345)	[('tile_y', 16), ('tile_x', 2), ('tile_y1', 1), ('tile_x1', 1), ('tile_y2', 1), ('tile_x2', 1)],None,26
autotvm - DEBUG - No: 28	GFLOPS: 2.13/2.19	result: MeasureResult(costs=(2.818206051,), error_no=MeasureErrorNo.NO_ERROR, all_cost=5.901276588439941, timestamp=1691018786.092641)	[('tile_y', 20), ('tile_x', 2), ('tile_y1', 1), ('tile_x1', 1), ('tile_y2', 1), ('tile_x2', 1)],None,27
autotvm - DEBUG - No: 29	GFLOPS: 1.95/2.19	result: MeasureResult(costs=(3.0695282809999997,), error_no=MeasureErrorNo.NO_ERROR, all_cost=6.331903696060181, timestamp=1691018792.287576)	[('tile_y', 25), ('tile_x', 2), ('tile_y1', 1), ('tile_x1', 1), ('tile_y2', 1), ('tile_x2', 1)],None,28
autotvm - DEBUG - No: 30	GFLOPS: 1.87/2.19	result: MeasureResult(costs=(3.201399689,), error_no=MeasureErrorNo.NO_ERROR, all_cost=6.6791441440582275, timestamp=1691018798.760935)	[('tile_y', 40), ('tile_x', 2), ('tile_y1', 1), ('tile_x1', 1), ('tile_y2', 1), ('tile_x2', 1)],None,29
autotvm - DEBUG - No: 31	GFLOPS: 2.08/2.19	result: MeasureResult(costs=(2.8871123819999998,), error_no=MeasureErrorNo.NO_ERROR, all_cost=6.031009912490845, timestamp=1691018804.7654412)	[('tile_y', 50), ('tile_x', 2), ('tile_y1', 1), ('tile_x1', 1), ('tile_y2', 1), ('tile_x2', 1)],None,30
autotvm - DEBUG - No: 32	GFLOPS: 2.09/2.19	result: MeasureResult(costs=(2.866096264,), error_no=MeasureErrorNo.NO_ERROR, all_cost=6.357832431793213, timestamp=1691018811.0278137)	[('tile_y', 80), ('tile_x', 2), ('tile_y1', 1), ('tile_x1', 1), ('tile_y2', 1), ('tile_x2', 1)],None,31
autotvm - DEBUG - No: 33	GFLOPS: 1.97/2.19	result: MeasureResult(costs=(3.0526586229999997,), error_no=MeasureErrorNo.NO_ERROR, all_cost=6.580723285675049, timestamp=1691018817.5457182)	[('tile_y', 100), ('tile_x', 2), ('tile_y1', 1), ('tile_x1', 1), ('tile_y2', 1), ('tile_x2', 1)],None,32
autotvm - DEBUG - No: 34	GFLOPS: 2.08/2.19	result: MeasureResult(costs=(2.879791015,), error_no=MeasureErrorNo.NO_ERROR, all_cost=6.3870885372161865, timestamp=1691018823.612957)	[('tile_y', 125), ('tile_x', 2), ('tile_y1', 1), ('tile_x1', 1), ('tile_y2', 1), ('tile_x2', 1)],None,33
autotvm - DEBUG - No: 35	GFLOPS: 2.13/2.19	result: MeasureResult(costs=(2.818020968,), error_no=MeasureErrorNo.NO_ERROR, all_cost=5.89453911781311, timestamp=1691018829.4993749)	[('tile_y', 200), ('tile_x', 2), ('tile_y1', 1), ('tile_x1', 1), ('tile_y2', 1), ('tile_x2', 1)],None,34
autotvm - DEBUG - No: 36	GFLOPS: 1.96/2.19	result: MeasureResult(costs=(3.068661395,), error_no=MeasureErrorNo.NO_ERROR, all_cost=6.1905677318573, timestamp=1691018835.628128)	[('tile_y', 250), ('tile_x', 2), ('tile_y1', 1), ('tile_x1', 1), ('tile_y2', 1), ('tile_x2', 1)],None,35
autotvm - DEBUG - No: 37	GFLOPS: 2.15/2.19	result: MeasureResult(costs=(2.795916695,), error_no=MeasureErrorNo.NO_ERROR, all_cost=6.089690446853638, timestamp=1691018841.4871054)	[('tile_y', 400), ('tile_x', 2), ('tile_y1', 1), ('tile_x1', 1), ('tile_y2', 1), ('tile_x2', 1)],None,36
autotvm - DEBUG - No: 38	GFLOPS: 2.08/2.19	result: MeasureResult(costs=(2.889726027,), error_no=MeasureErrorNo.NO_ERROR, all_cost=6.107931137084961, timestamp=1691018847.4908464)	[('tile_y', 500), ('tile_x', 2), ('tile_y1', 1), ('tile_x1', 1), ('tile_y2', 1), ('tile_x2', 1)],None,37
autotvm - DEBUG - No: 39	GFLOPS: 2.03/2.19	result: MeasureResult(costs=(2.95091963,), error_no=MeasureErrorNo.NO_ERROR, all_cost=6.020663261413574, timestamp=1691018853.483957)	[('tile_y', 1000), ('tile_x', 2), ('tile_y1', 1), ('tile_x1', 1), ('tile_y2', 1), ('tile_x2', 1)],None,38
autotvm - DEBUG - No: 40	GFLOPS: 2.12/2.19	result: MeasureResult(costs=(2.8275212940000003,), error_no=MeasureErrorNo.NO_ERROR, all_cost=6.174283027648926, timestamp=1691018859.371959)	[('tile_y', 2000), ('tile_x', 2), ('tile_y1', 1), ('tile_x1', 1), ('tile_y2', 1), ('tile_x2', 1)],None,39
autotvm - DEBUG - No: 41	GFLOPS: 2.12/2.19	result: MeasureResult(costs=(2.8316833409999997,), error_no=MeasureErrorNo.NO_ERROR, all_cost=6.060099363327026, timestamp=1691018865.3062472)	[('tile_y', 1), ('tile_x', 4), ('tile_y1', 1), ('tile_x1', 1), ('tile_y2', 1), ('tile_x2', 1)],None,40
autotvm - DEBUG - No: 42	GFLOPS: 2.01/2.19	result: MeasureResult(costs=(2.987802217,), error_no=MeasureErrorNo.NO_ERROR, all_cost=6.339787006378174, timestamp=1691018871.3644657)	[('tile_y', 2), ('tile_x', 4), ('tile_y1', 1), ('tile_x1', 1), ('tile_y2', 1), ('tile_x2', 1)],None,41
autotvm - DEBUG - No: 43	GFLOPS: 2.14/2.19	result: MeasureResult(costs=(2.798566488,), error_no=MeasureErrorNo.NO_ERROR, all_cost=6.189527750015259, timestamp=1691018877.2180574)	[('tile_y', 4), ('tile_x', 4), ('tile_y1', 1), ('tile_x1', 1), ('tile_y2', 1), ('tile_x2', 1)],None,42
autotvm - DEBUG - No: 44	GFLOPS: 1.76/2.19	result: MeasureResult(costs=(3.411714316,), error_no=MeasureErrorNo.NO_ERROR, all_cost=6.52636981010437, timestamp=1691018883.725523)	[('tile_y', 5), ('tile_x', 4), ('tile_y1', 1), ('tile_x1', 1), ('tile_y2', 1), ('tile_x2', 1)],None,43
autotvm - DEBUG - No: 45	GFLOPS: 1.95/2.19	result: MeasureResult(costs=(3.0827518570000003,), error_no=MeasureErrorNo.NO_ERROR, all_cost=6.221349239349365, timestamp=1691018889.8749015)	[('tile_y', 8), ('tile_x', 4), ('tile_y1', 1), ('tile_x1', 1), ('tile_y2', 1), ('tile_x2', 1)],None,44
autotvm - DEBUG - No: 46	GFLOPS: 1.87/2.19	result: MeasureResult(costs=(3.200812237,), error_no=MeasureErrorNo.NO_ERROR, all_cost=6.582785367965698, timestamp=1691018896.27745)	[('tile_y', 10), ('tile_x', 4), ('tile_y1', 1), ('tile_x1', 1), ('tile_y2', 1), ('tile_x2', 1)],None,45
autotvm - DEBUG - No: 47	GFLOPS: 2.13/2.19	result: MeasureResult(costs=(2.8109147670000003,), error_no=MeasureErrorNo.NO_ERROR, all_cost=6.050615549087524, timestamp=1691018902.182298)	[('tile_y', 16), ('tile_x', 4), ('tile_y1', 1), ('tile_x1', 1), ('tile_y2', 1), ('tile_x2', 1)],None,46
autotvm - DEBUG - No: 48	GFLOPS: 2.08/2.19	result: MeasureResult(costs=(2.883093714,), error_no=MeasureErrorNo.NO_ERROR, all_cost=6.130227327346802, timestamp=1691018908.2328944)	[('tile_y', 20), ('tile_x', 4), ('tile_y1', 1), ('tile_x1', 1), ('tile_y2', 1), ('tile_x2', 1)],None,47
autotvm - DEBUG - No: 49	GFLOPS: 1.92/2.19	result: MeasureResult(costs=(3.120120352,), error_no=MeasureErrorNo.NO_ERROR, all_cost=6.225935459136963, timestamp=1691018914.4098032)	[('tile_y', 25), ('tile_x', 4), ('tile_y1', 1), ('tile_x1', 1), ('tile_y2', 1), ('tile_x2', 1)],None,48
autotvm - DEBUG - No: 50	GFLOPS: 2.12/2.19	result: MeasureResult(costs=(2.8286261639999997,), error_no=MeasureErrorNo.NO_ERROR, all_cost=6.13776707649231, timestamp=1691018920.3298798)	[('tile_y', 40), ('tile_x', 4), ('tile_y1', 1), ('tile_x1', 1), ('tile_y2', 1), ('tile_x2', 1)],None,49
autotvm - DEBUG - No: 51	GFLOPS: 2.00/2.19	result: MeasureResult(costs=(2.9992614,), error_no=MeasureErrorNo.NO_ERROR, all_cost=6.254767894744873, timestamp=1691018926.4719625)	[('tile_y', 50), ('tile_x', 4), ('tile_y1', 1), ('tile_x1', 1), ('tile_y2', 1), ('tile_x2', 1)],None,50
autotvm - DEBUG - No: 52	GFLOPS: 2.08/2.19	result: MeasureResult(costs=(2.882151206,), error_no=MeasureErrorNo.NO_ERROR, all_cost=6.273855209350586, timestamp=1691018932.427618)	[('tile_y', 80), ('tile_x', 4), ('tile_y1', 1), ('tile_x1', 1), ('tile_y2', 1), ('tile_x2', 1)],None,51
autotvm - DEBUG - No: 53	GFLOPS: 2.15/2.19	result: MeasureResult(costs=(2.784970212,), error_no=MeasureErrorNo.NO_ERROR, all_cost=6.156794309616089, timestamp=1691018938.3740299)	[('tile_y', 100), ('tile_x', 4), ('tile_y1', 1), ('tile_x1', 1), ('tile_y2', 1), ('tile_x2', 1)],None,52
autotvm - DEBUG - No: 54	GFLOPS: 1.94/2.19	result: MeasureResult(costs=(3.0867117950000003,), error_no=MeasureErrorNo.NO_ERROR, all_cost=6.491146564483643, timestamp=1691018944.52689)	[('tile_y', 125), ('tile_x', 4), ('tile_y1', 1), ('tile_x1', 1), ('tile_y2', 1), ('tile_x2', 1)],None,53
autotvm - DEBUG - No: 55	GFLOPS: 1.86/2.19	result: MeasureResult(costs=(3.230961368,), error_no=MeasureErrorNo.NO_ERROR, all_cost=6.578552484512329, timestamp=1691018950.819144)	[('tile_y', 200), ('tile_x', 4), ('tile_y1', 1), ('tile_x1', 1), ('tile_y2', 1), ('tile_x2', 1)],None,54
autotvm - DEBUG - No: 56	GFLOPS: 1.97/2.19	result: MeasureResult(costs=(3.051320118,), error_no=MeasureErrorNo.NO_ERROR, all_cost=6.477405071258545, timestamp=1691018956.9484808)	[('tile_y', 250), ('tile_x', 4), ('tile_y1', 1), ('tile_x1', 1), ('tile_y2', 1), ('tile_x2', 1)],None,55
autotvm - DEBUG - No: 57	GFLOPS: 2.06/2.19	result: MeasureResult(costs=(2.912877661,), error_no=MeasureErrorNo.NO_ERROR, all_cost=6.075845956802368, timestamp=1691018962.9359868)	[('tile_y', 400), ('tile_x', 4), ('tile_y1', 1), ('tile_x1', 1), ('tile_y2', 1), ('tile_x2', 1)],None,56
autotvm - DEBUG - No: 58	GFLOPS: 2.03/2.19	result: MeasureResult(costs=(2.962303995,), error_no=MeasureErrorNo.NO_ERROR, all_cost=6.1575117111206055, timestamp=1691018968.9927638)	[('tile_y', 500), ('tile_x', 4), ('tile_y1', 1), ('tile_x1', 1), ('tile_y2', 1), ('tile_x2', 1)],None,57
autotvm - DEBUG - No: 59	GFLOPS: 2.16/2.19	result: MeasureResult(costs=(2.780638995,), error_no=MeasureErrorNo.NO_ERROR, all_cost=6.22986102104187, timestamp=1691018974.8859615)	[('tile_y', 1000), ('tile_x', 4), ('tile_y1', 1), ('tile_x1', 1), ('tile_y2', 1), ('tile_x2', 1)],None,58
autotvm - DEBUG - No: 60	GFLOPS: 2.13/2.19	result: MeasureResult(costs=(2.8114756499999998,), error_no=MeasureErrorNo.NO_ERROR, all_cost=5.967311859130859, timestamp=1691018980.7699122)	[('tile_y', 2000), ('tile_x', 4), ('tile_y1', 1), ('tile_x1', 1), ('tile_y2', 1), ('tile_x2', 1)],None,59
autotvm - DEBUG - No: 61	GFLOPS: 2.14/2.19	result: MeasureResult(costs=(2.803603354,), error_no=MeasureErrorNo.NO_ERROR, all_cost=5.963898420333862, timestamp=1691018986.619606)	[('tile_y', 1), ('tile_x', 5), ('tile_y1', 1), ('tile_x1', 1), ('tile_y2', 1), ('tile_x2', 1)],None,60
autotvm - DEBUG - No: 62	GFLOPS: 1.85/2.19	result: MeasureResult(costs=(3.236276905,), error_no=MeasureErrorNo.NO_ERROR, all_cost=6.738457918167114, timestamp=1691018993.1565619)	[('tile_y', 2), ('tile_x', 5), ('tile_y1', 1), ('tile_x1', 1), ('tile_y2', 1), ('tile_x2', 1)],None,61
autotvm - DEBUG - No: 63	GFLOPS: 1.94/2.19	result: MeasureResult(costs=(3.092230743,), error_no=MeasureErrorNo.NO_ERROR, all_cost=6.4681971073150635, timestamp=1691018999.3077605)	[('tile_y', 4), ('tile_x', 5), ('tile_y1', 1), ('tile_x1', 1), ('tile_y2', 1), ('tile_x2', 1)],None,62
autotvm - DEBUG - No: 64	GFLOPS: 1.92/2.19	result: MeasureResult(costs=(3.1265425049999997,), error_no=MeasureErrorNo.NO_ERROR, all_cost=6.562031984329224, timestamp=1691019005.5427632)	[('tile_y', 5), ('tile_x', 5), ('tile_y1', 1), ('tile_x1', 1), ('tile_y2', 1), ('tile_x2', 1)],None,63
autotvm - DEBUG - No: 65	GFLOPS: 2.07/2.19	result: MeasureResult(costs=(2.902170162,), error_no=MeasureErrorNo.NO_ERROR, all_cost=6.3986382484436035, timestamp=1691019011.6420386)	[('tile_y', 8), ('tile_x', 5), ('tile_y1', 1), ('tile_x1', 1), ('tile_y2', 1), ('tile_x2', 1)],None,64
autotvm - DEBUG - No: 66	GFLOPS: 2.07/2.19	result: MeasureResult(costs=(2.8971427399999996,), error_no=MeasureErrorNo.NO_ERROR, all_cost=6.230848073959351, timestamp=1691019017.5926101)	[('tile_y', 10), ('tile_x', 5), ('tile_y1', 1), ('tile_x1', 1), ('tile_y2', 1), ('tile_x2', 1)],None,65
autotvm - DEBUG - No: 67	GFLOPS: 1.95/2.19	result: MeasureResult(costs=(3.0737527169999996,), error_no=MeasureErrorNo.NO_ERROR, all_cost=6.432035446166992, timestamp=1691019023.739666)	[('tile_y', 16), ('tile_x', 5), ('tile_y1', 1), ('tile_x1', 1), ('tile_y2', 1), ('tile_x2', 1)],None,66
autotvm - DEBUG - No: 68	GFLOPS: 2.13/2.19	result: MeasureResult(costs=(2.81544097,), error_no=MeasureErrorNo.NO_ERROR, all_cost=6.22619104385376, timestamp=1691019029.6516047)	[('tile_y', 20), ('tile_x', 5), ('tile_y1', 1), ('tile_x1', 1), ('tile_y2', 1), ('tile_x2', 1)],None,67
autotvm - DEBUG - No: 69	GFLOPS: 2.09/2.19	result: MeasureResult(costs=(2.868074622,), error_no=MeasureErrorNo.NO_ERROR, all_cost=6.57994818687439, timestamp=1691019035.8985224)	[('tile_y', 25), ('tile_x', 5), ('tile_y1', 1), ('tile_x1', 1), ('tile_y2', 1), ('tile_x2', 1)],None,68
autotvm - DEBUG - No: 70	GFLOPS: 2.09/2.19	result: MeasureResult(costs=(2.874161112,), error_no=MeasureErrorNo.NO_ERROR, all_cost=6.137393236160278, timestamp=1691019041.8394854)	[('tile_y', 40), ('tile_x', 5), ('tile_y1', 1), ('tile_x1', 1), ('tile_y2', 1), ('tile_x2', 1)],None,69
autotvm - DEBUG - No: 71	GFLOPS: 1.95/2.19	result: MeasureResult(costs=(3.071304562,), error_no=MeasureErrorNo.NO_ERROR, all_cost=6.518177509307861, timestamp=1691019048.0282164)	[('tile_y', 50), ('tile_x', 5), ('tile_y1', 1), ('tile_x1', 1), ('tile_y2', 1), ('tile_x2', 1)],None,70
autotvm - DEBUG - No: 72	GFLOPS: 1.95/2.19	result: MeasureResult(costs=(3.082214343,), error_no=MeasureErrorNo.NO_ERROR, all_cost=6.482851028442383, timestamp=1691019054.2861276)	[('tile_y', 80), ('tile_x', 5), ('tile_y1', 1), ('tile_x1', 1), ('tile_y2', 1), ('tile_x2', 1)],None,71
autotvm - DEBUG - No: 73	GFLOPS: 2.07/2.19	result: MeasureResult(costs=(2.901734453,), error_no=MeasureErrorNo.NO_ERROR, all_cost=6.60517144203186, timestamp=1691019060.5533338)	[('tile_y', 100), ('tile_x', 5), ('tile_y1', 1), ('tile_x1', 1), ('tile_y2', 1), ('tile_x2', 1)],None,72
autotvm - DEBUG - No: 74	GFLOPS: 1.92/2.19	result: MeasureResult(costs=(3.128011813,), error_no=MeasureErrorNo.NO_ERROR, all_cost=6.569000720977783, timestamp=1691019066.7818973)	[('tile_y', 125), ('tile_x', 5), ('tile_y1', 1), ('tile_x1', 1), ('tile_y2', 1), ('tile_x2', 1)],None,73
autotvm - DEBUG - No: 75	GFLOPS: 2.13/2.19	result: MeasureResult(costs=(2.818381981,), error_no=MeasureErrorNo.NO_ERROR, all_cost=6.214648485183716, timestamp=1691019072.6588547)	[('tile_y', 200), ('tile_x', 5), ('tile_y1', 1), ('tile_x1', 1), ('tile_y2', 1), ('tile_x2', 1)],None,74
autotvm - DEBUG - No: 76	GFLOPS: 2.00/2.19	result: MeasureResult(costs=(3.001364046,), error_no=MeasureErrorNo.NO_ERROR, all_cost=6.454768657684326, timestamp=1691019078.79344)	[('tile_y', 250), ('tile_x', 5), ('tile_y1', 1), ('tile_x1', 1), ('tile_y2', 1), ('tile_x2', 1)],None,75
autotvm - DEBUG - No: 77	GFLOPS: 2.14/2.19	result: MeasureResult(costs=(2.797687194,), error_no=MeasureErrorNo.NO_ERROR, all_cost=6.134777784347534, timestamp=1691019084.6993642)	[('tile_y', 400), ('tile_x', 5), ('tile_y1', 1), ('tile_x1', 1), ('tile_y2', 1), ('tile_x2', 1)],None,76
autotvm - DEBUG - No: 78	GFLOPS: 2.15/2.19	result: MeasureResult(costs=(2.796192016,), error_no=MeasureErrorNo.NO_ERROR, all_cost=6.153749227523804, timestamp=1691019090.5487905)	[('tile_y', 500), ('tile_x', 5), ('tile_y1', 1), ('tile_x1', 1), ('tile_y2', 1), ('tile_x2', 1)],None,77
autotvm - DEBUG - No: 79	GFLOPS: 1.91/2.19	result: MeasureResult(costs=(3.134142158,), error_no=MeasureErrorNo.NO_ERROR, all_cost=6.524626731872559, timestamp=1691019096.7401075)	[('tile_y', 1000), ('tile_x', 5), ('tile_y1', 1), ('tile_x1', 1), ('tile_y2', 1), ('tile_x2', 1)],None,78
autotvm - DEBUG - No: 80	GFLOPS: 1.79/2.19	result: MeasureResult(costs=(3.3582959540000004,), error_no=MeasureErrorNo.NO_ERROR, all_cost=6.719126462936401, timestamp=1691019103.1969244)	[('tile_y', 2000), ('tile_x', 5), ('tile_y1', 1), ('tile_x1', 1), ('tile_y2', 1), ('tile_x2', 1)],None,79
autotvm - DEBUG - No: 81	GFLOPS: 1.98/2.19	result: MeasureResult(costs=(3.0369124299999997,), error_no=MeasureErrorNo.NO_ERROR, all_cost=6.4307005405426025, timestamp=1691019109.2923229)	[('tile_y', 1), ('tile_x', 8), ('tile_y1', 1), ('tile_x1', 1), ('tile_y2', 1), ('tile_x2', 1)],None,80
autotvm - DEBUG - No: 82	GFLOPS: 1.99/2.19	result: MeasureResult(costs=(3.008288842,), error_no=MeasureErrorNo.NO_ERROR, all_cost=6.377553224563599, timestamp=1691019115.377301)	[('tile_y', 2), ('tile_x', 8), ('tile_y1', 1), ('tile_x1', 1), ('tile_y2', 1), ('tile_x2', 1)],None,81
autotvm - DEBUG - No: 83	GFLOPS: 2.15/2.19	result: MeasureResult(costs=(2.79043368,), error_no=MeasureErrorNo.NO_ERROR, all_cost=6.124737977981567, timestamp=1691019121.2573435)	[('tile_y', 4), ('tile_x', 8), ('tile_y1', 1), ('tile_x1', 1), ('tile_y2', 1), ('tile_x2', 1)],None,82
autotvm - DEBUG - No: 84	GFLOPS: 2.09/2.19	result: MeasureResult(costs=(2.872199493,), error_no=MeasureErrorNo.NO_ERROR, all_cost=6.253363609313965, timestamp=1691019127.2188506)	[('tile_y', 5), ('tile_x', 8), ('tile_y1', 1), ('tile_x1', 1), ('tile_y2', 1), ('tile_x2', 1)],None,83
autotvm - DEBUG - No: 85	GFLOPS: 2.15/2.19	result: MeasureResult(costs=(2.787406656,), error_no=MeasureErrorNo.NO_ERROR, all_cost=6.389754772186279, timestamp=1691019133.2393055)	[('tile_y', 8), ('tile_x', 8), ('tile_y1', 1), ('tile_x1', 1), ('tile_y2', 1), ('tile_x2', 1)],None,84
autotvm - DEBUG - No: 86	GFLOPS: 2.07/2.19	result: MeasureResult(costs=(2.902200254,), error_no=MeasureErrorNo.NO_ERROR, all_cost=6.50051212310791, timestamp=1691019139.458858)	[('tile_y', 10), ('tile_x', 8), ('tile_y1', 1), ('tile_x1', 1), ('tile_y2', 1), ('tile_x2', 1)],None,85
autotvm - DEBUG - No: 87	GFLOPS: 2.11/2.19	result: MeasureResult(costs=(2.848801821,), error_no=MeasureErrorNo.NO_ERROR, all_cost=6.251587867736816, timestamp=1691019145.3693464)	[('tile_y', 16), ('tile_x', 8), ('tile_y1', 1), ('tile_x1', 1), ('tile_y2', 1), ('tile_x2', 1)],None,86
autotvm - DEBUG - No: 88	GFLOPS: 2.15/2.19	result: MeasureResult(costs=(2.789826207,), error_no=MeasureErrorNo.NO_ERROR, all_cost=6.163615942001343, timestamp=1691019151.2134423)	[('tile_y', 20), ('tile_x', 8), ('tile_y1', 1), ('tile_x1', 1), ('tile_y2', 1), ('tile_x2', 1)],None,87
autotvm - DEBUG - No: 89	GFLOPS: 2.14/2.19	result: MeasureResult(costs=(2.8059252569999997,), error_no=MeasureErrorNo.NO_ERROR, all_cost=6.027822494506836, timestamp=1691019157.1222103)	[('tile_y', 25), ('tile_x', 8), ('tile_y1', 1), ('tile_x1', 1), ('tile_y2', 1), ('tile_x2', 1)],None,88
autotvm - DEBUG - No: 90	GFLOPS: 1.89/2.19	result: MeasureResult(costs=(3.178268143,), error_no=MeasureErrorNo.NO_ERROR, all_cost=6.768759727478027, timestamp=1691019163.5543554)	[('tile_y', 40), ('tile_x', 8), ('tile_y1', 1), ('tile_x1', 1), ('tile_y2', 1), ('tile_x2', 1)],None,89
autotvm - DEBUG - No: 91	GFLOPS: 2.08/2.19	result: MeasureResult(costs=(2.886001243,), error_no=MeasureErrorNo.NO_ERROR, all_cost=6.392307996749878, timestamp=1691019169.7212133)	[('tile_y', 50), ('tile_x', 8), ('tile_y1', 1), ('tile_x1', 1), ('tile_y2', 1), ('tile_x2', 1)],None,90
autotvm - DEBUG - No: 92	GFLOPS: 2.15/2.19	result: MeasureResult(costs=(2.794156674,), error_no=MeasureErrorNo.NO_ERROR, all_cost=6.159924507141113, timestamp=1691019175.6196256)	[('tile_y', 80), ('tile_x', 8), ('tile_y1', 1), ('tile_x1', 1), ('tile_y2', 1), ('tile_x2', 1)],None,91
autotvm - DEBUG - No: 93	GFLOPS: 2.10/2.19	result: MeasureResult(costs=(2.8617664439999997,), error_no=MeasureErrorNo.NO_ERROR, all_cost=6.151888608932495, timestamp=1691019181.5307517)	[('tile_y', 100), ('tile_x', 8), ('tile_y1', 1), ('tile_x1', 1), ('tile_y2', 1), ('tile_x2', 1)],None,92
autotvm - DEBUG - No: 94	GFLOPS: 2.05/2.19	result: MeasureResult(costs=(2.9199323020000003,), error_no=MeasureErrorNo.NO_ERROR, all_cost=6.270876407623291, timestamp=1691019187.517491)	[('tile_y', 125), ('tile_x', 8), ('tile_y1', 1), ('tile_x1', 1), ('tile_y2', 1), ('tile_x2', 1)],None,93
autotvm - DEBUG - No: 95	GFLOPS: 1.91/2.19	result: MeasureResult(costs=(3.143878474,), error_no=MeasureErrorNo.NO_ERROR, all_cost=6.457935571670532, timestamp=1691019193.7699182)	[('tile_y', 200), ('tile_x', 8), ('tile_y1', 1), ('tile_x1', 1), ('tile_y2', 1), ('tile_x2', 1)],None,94
autotvm - DEBUG - No: 96	GFLOPS: 1.99/2.19	result: MeasureResult(costs=(3.00870457,), error_no=MeasureErrorNo.NO_ERROR, all_cost=6.4602742195129395, timestamp=1691019199.9736457)	[('tile_y', 250), ('tile_x', 8), ('tile_y1', 1), ('tile_x1', 1), ('tile_y2', 1), ('tile_x2', 1)],None,95
autotvm - DEBUG - No: 97	GFLOPS: 2.03/2.19	result: MeasureResult(costs=(2.949635459,), error_no=MeasureErrorNo.NO_ERROR, all_cost=6.284924507141113, timestamp=1691019206.0367749)	[('tile_y', 400), ('tile_x', 8), ('tile_y1', 1), ('tile_x1', 1), ('tile_y2', 1), ('tile_x2', 1)],None,96
autotvm - DEBUG - No: 98	GFLOPS: 2.16/2.19	result: MeasureResult(costs=(2.771507767,), error_no=MeasureErrorNo.NO_ERROR, all_cost=6.2071568965911865, timestamp=1691019211.9070451)	[('tile_y', 500), ('tile_x', 8), ('tile_y1', 1), ('tile_x1', 1), ('tile_y2', 1), ('tile_x2', 1)],None,97
autotvm - DEBUG - No: 99	GFLOPS: 2.14/2.19	result: MeasureResult(costs=(2.7984777370000002,), error_no=MeasureErrorNo.NO_ERROR, all_cost=6.24206018447876, timestamp=1691019217.8134935)	[('tile_y', 1000), ('tile_x', 8), ('tile_y1', 1), ('tile_x1', 1), ('tile_y2', 1), ('tile_x2', 1)],None,98
autotvm - DEBUG - No: 100	GFLOPS: 1.92/2.19	result: MeasureResult(costs=(3.128818932,), error_no=MeasureErrorNo.NO_ERROR, all_cost=6.301684379577637, timestamp=1691019224.0613856)	[('tile_y', 2000), ('tile_x', 8), ('tile_y1', 1), ('tile_x1', 1), ('tile_y2', 1), ('tile_x2', 1)],None,99
root - INFO - Elpased time = 611.6666445732117
autotvm - DEBUG - Finish loading 100 records
