root - INFO - Random Tuner 3MM - 2023-08-02 18:33:50.954232
autotvm - DEBUG - waiting for device...
autotvm - DEBUG - device available
autotvm - INFO - Get devices for measurement successfully!
autotvm - DEBUG - No: 1	GFLOPS: 2.55/2.55	result: MeasureResult(costs=(2.351515976,), error_no=MeasureErrorNo.NO_ERROR, all_cost=5.208655834197998, timestamp=1691019241.3460143)	[('tile_y', 16), ('tile_x', 100), ('tile_y1', 40), ('tile_x1', 16), ('tile_y2', 1200), ('tile_x2', 25)],None,97470526
autotvm - DEBUG - No: 2	GFLOPS: 2.54/2.55	result: MeasureResult(costs=(2.364876018,), error_no=MeasureErrorNo.NO_ERROR, all_cost=5.113167762756348, timestamp=1691019246.318251)	[('tile_y', 1), ('tile_x', 2), ('tile_y1', 75), ('tile_x1', 40), ('tile_y2', 6), ('tile_x2', 16)],None,66974900
autotvm - DEBUG - No: 3	GFLOPS: 2.57/2.57	result: MeasureResult(costs=(2.337791742,), error_no=MeasureErrorNo.NO_ERROR, all_cost=5.31429386138916, timestamp=1691019251.2379484)	[('tile_y', 2), ('tile_x', 320), ('tile_y1', 150), ('tile_x1', 80), ('tile_y2', 12), ('tile_x2', 20)],None,78801161
autotvm - DEBUG - No: 4	GFLOPS: 2.23/2.57	result: MeasureResult(costs=(2.688039441,), error_no=MeasureErrorNo.NO_ERROR, all_cost=5.839071273803711, timestamp=1691019256.903866)	[('tile_y', 5), ('tile_x', 200), ('tile_y1', 4), ('tile_x1', 500), ('tile_y2', 15), ('tile_x2', 160)],None,166276223
autotvm - DEBUG - No: 5	GFLOPS: 2.21/2.57	result: MeasureResult(costs=(2.713933249,), error_no=MeasureErrorNo.NO_ERROR, all_cost=5.814722776412964, timestamp=1691019262.5581632)	[('tile_y', 4), ('tile_x', 800), ('tile_y1', 2400), ('tile_x1', 200), ('tile_y2', 240), ('tile_x2', 160)],None,171989962
autotvm - DEBUG - No: 6	GFLOPS: 2.09/2.57	result: MeasureResult(costs=(2.866427715,), error_no=MeasureErrorNo.NO_ERROR, all_cost=6.226700305938721, timestamp=1691019268.5752363)	[('tile_y', 20), ('tile_x', 64), ('tile_y1', 20), ('tile_x1', 250), ('tile_y2', 15), ('tile_x2', 1)],None,2953267
autotvm - DEBUG - No: 7	GFLOPS: 2.38/2.57	result: MeasureResult(costs=(2.5191168160000004,), error_no=MeasureErrorNo.NO_ERROR, all_cost=5.7554991245269775, timestamp=1691019274.08276)	[('tile_y', 80), ('tile_x', 1), ('tile_y1', 20), ('tile_x1', 25), ('tile_y2', 75), ('tile_x2', 32)],None,104151191
autotvm - DEBUG - No: 8	GFLOPS: 2.41/2.57	result: MeasureResult(costs=(2.48571295,), error_no=MeasureErrorNo.NO_ERROR, all_cost=5.446962356567383, timestamp=1691019279.302957)	[('tile_y', 20), ('tile_x', 16), ('tile_y1', 1200), ('tile_x1', 200), ('tile_y2', 50), ('tile_x2', 320)],None,190738087
autotvm - DEBUG - No: 9	GFLOPS: 2.29/2.57	result: MeasureResult(costs=(2.6202130710000002,), error_no=MeasureErrorNo.NO_ERROR, all_cost=5.69899320602417, timestamp=1691019284.794183)	[('tile_y', 2000), ('tile_x', 800), ('tile_y1', 30), ('tile_x1', 125), ('tile_y2', 100), ('tile_x2', 1)],None,7158039
autotvm - DEBUG - No: 10	GFLOPS: 2.02/2.57	result: MeasureResult(costs=(2.964803432,), error_no=MeasureErrorNo.NO_ERROR, all_cost=6.5202858448028564, timestamp=1691019291.0121875)	[('tile_y', 25), ('tile_x', 200), ('tile_y1', 5), ('tile_x1', 16), ('tile_y2', 60), ('tile_x2', 1)],None,5838328
autotvm - DEBUG - No: 11	GFLOPS: 2.36/2.57	result: MeasureResult(costs=(2.537776234,), error_no=MeasureErrorNo.NO_ERROR, all_cost=5.564342498779297, timestamp=1691019296.3325915)	[('tile_y', 2000), ('tile_x', 160), ('tile_y1', 150), ('tile_x1', 25), ('tile_y2', 96), ('tile_x2', 32)],None,104762179
autotvm - DEBUG - No: 12	GFLOPS: 2.63/2.63	result: MeasureResult(costs=(2.285065664,), error_no=MeasureErrorNo.NO_ERROR, all_cost=5.239678859710693, timestamp=1691019301.152309)	[('tile_y', 2000), ('tile_x', 200), ('tile_y1', 2), ('tile_x1', 50), ('tile_y2', 100), ('tile_x2', 25)],None,94198359
autotvm - DEBUG - No: 13	GFLOPS: 2.39/2.63	result: MeasureResult(costs=(2.510804526,), error_no=MeasureErrorNo.NO_ERROR, all_cost=5.170262813568115, timestamp=1691019306.2978656)	[('tile_y', 8), ('tile_x', 80), ('tile_y1', 400), ('tile_x1', 125), ('tile_y2', 4), ('tile_x2', 2)],None,12003024
autotvm - DEBUG - No: 14	GFLOPS: 2.72/2.72	result: MeasureResult(costs=(2.207755047,), error_no=MeasureErrorNo.NO_ERROR, all_cost=5.025830984115601, timestamp=1691019310.9801114)	[('tile_y', 80), ('tile_x', 32), ('tile_y1', 50), ('tile_x1', 8), ('tile_y2', 40), ('tile_x2', 20)],None,81111431
autotvm - DEBUG - No: 15	GFLOPS: 2.06/2.72	result: MeasureResult(costs=(2.907342917,), error_no=MeasureErrorNo.NO_ERROR, all_cost=6.182695388793945, timestamp=1691019317.0401626)	[('tile_y', 40), ('tile_x', 5), ('tile_y1', 48), ('tile_x1', 16), ('tile_y2', 30), ('tile_x2', 1)],None,4331529
autotvm - DEBUG - No: 16	GFLOPS: 2.49/2.72	result: MeasureResult(costs=(2.4061808649999996,), error_no=MeasureErrorNo.NO_ERROR, all_cost=5.346577882766724, timestamp=1691019322.1475692)	[('tile_y', 200), ('tile_x', 1), ('tile_y1', 40), ('tile_x1', 2000), ('tile_y2', 60), ('tile_x2', 10)],None,60471614
autotvm - DEBUG - No: 17	GFLOPS: 2.40/2.72	result: MeasureResult(costs=(2.5047928379999997,), error_no=MeasureErrorNo.NO_ERROR, all_cost=5.392601251602173, timestamp=1691019327.409566)	[('tile_y', 500), ('tile_x', 16), ('tile_y1', 480), ('tile_x1', 2000), ('tile_y2', 12), ('tile_x2', 64)],None,133356437
autotvm - DEBUG - No: 18	GFLOPS: 2.82/2.82	result: MeasureResult(costs=(2.1307853249999997,), error_no=MeasureErrorNo.NO_ERROR, all_cost=4.841378450393677, timestamp=1691019331.9228764)	[('tile_y', 1000), ('tile_x', 200), ('tile_y1', 1200), ('tile_x1', 5), ('tile_y2', 15), ('tile_x2', 50)],None,122531978
autotvm - DEBUG - No: 19	GFLOPS: 2.36/2.82	result: MeasureResult(costs=(2.538221611,), error_no=MeasureErrorNo.NO_ERROR, all_cost=5.455756902694702, timestamp=1691019337.290368)	[('tile_y', 2), ('tile_x', 5), ('tile_y1', 2), ('tile_x1', 5), ('tile_y2', 32), ('tile_x2', 32)],None,102559441
autotvm - DEBUG - No: 20	GFLOPS: 2.52/2.82	result: MeasureResult(costs=(2.38229856,), error_no=MeasureErrorNo.NO_ERROR, all_cost=4.886669158935547, timestamp=1691019342.1506324)	[('tile_y', 1), ('tile_x', 800), ('tile_y1', 5), ('tile_x1', 10), ('tile_y2', 4), ('tile_x2', 80)],None,142508060
autotvm - DEBUG - No: 21	GFLOPS: 2.11/2.82	result: MeasureResult(costs=(2.838588531,), error_no=MeasureErrorNo.NO_ERROR, all_cost=6.0439488887786865, timestamp=1691019348.0711048)	[('tile_y', 5), ('tile_x', 5), ('tile_y1', 300), ('tile_x1', 25), ('tile_y2', 600), ('tile_x2', 2)],None,20696403
autotvm - DEBUG - No: 22	GFLOPS: 1.96/2.82	result: MeasureResult(costs=(3.059202749,), error_no=MeasureErrorNo.NO_ERROR, all_cost=6.5799877643585205, timestamp=1691019354.4637015)	[('tile_y', 250), ('tile_x', 5), ('tile_y1', 25), ('tile_x1', 100), ('tile_y2', 8), ('tile_x2', 800)],None,208842975
autotvm - DEBUG - No: 23	GFLOPS: 2.39/2.82	result: MeasureResult(costs=(2.5133447930000004,), error_no=MeasureErrorNo.NO_ERROR, all_cost=5.445001840591431, timestamp=1691019359.7373352)	[('tile_y', 16), ('tile_x', 800), ('tile_y1', 3), ('tile_x1', 40), ('tile_y2', 480), ('tile_x2', 320)],None,194580506
autotvm - DEBUG - No: 24	GFLOPS: 2.82/2.82	result: MeasureResult(costs=(2.128234009,), error_no=MeasureErrorNo.NO_ERROR, all_cost=4.606766700744629, timestamp=1691019364.2453327)	[('tile_y', 100), ('tile_x', 800), ('tile_y1', 160), ('tile_x1', 5), ('tile_y2', 24), ('tile_x2', 50)],None,123435872
autotvm - DEBUG - No: 25	GFLOPS: 2.84/2.84	result: MeasureResult(costs=(2.110445438,), error_no=MeasureErrorNo.NO_ERROR, all_cost=4.726651906967163, timestamp=1691019368.7650132)	[('tile_y', 250), ('tile_x', 160), ('tile_y1', 4), ('tile_x1', 20), ('tile_y2', 12), ('tile_x2', 80)],None,144049815
autotvm - DEBUG - No: 26	GFLOPS: 2.69/2.84	result: MeasureResult(costs=(2.232592193,), error_no=MeasureErrorNo.NO_ERROR, all_cost=5.0503950119018555, timestamp=1691019373.4812279)	[('tile_y', 40), ('tile_x', 200), ('tile_y1', 50), ('tile_x1', 25), ('tile_y2', 80), ('tile_x2', 16)],None,71797649
autotvm - DEBUG - No: 27	GFLOPS: 2.43/2.84	result: MeasureResult(costs=(2.464423449,), error_no=MeasureErrorNo.NO_ERROR, all_cost=5.607892036437988, timestamp=1691019378.8344896)	[('tile_y', 2000), ('tile_x', 5), ('tile_y1', 1200), ('tile_x1', 125), ('tile_y2', 600), ('tile_x2', 16)],None,75206119
autotvm - DEBUG - No: 28	GFLOPS: 2.76/2.84	result: MeasureResult(costs=(2.17004087,), error_no=MeasureErrorNo.NO_ERROR, all_cost=4.727416753768921, timestamp=1691019383.4674377)	[('tile_y', 1), ('tile_x', 50), ('tile_y1', 16), ('tile_x1', 16), ('tile_y2', 480), ('tile_x2', 200)],None,183651940
autotvm - DEBUG - No: 29	GFLOPS: 2.36/2.84	result: MeasureResult(costs=(2.543161761,), error_no=MeasureErrorNo.NO_ERROR, all_cost=5.541595458984375, timestamp=1691019388.8105314)	[('tile_y', 500), ('tile_x', 4), ('tile_y1', 30), ('tile_x1', 250), ('tile_y2', 1), ('tile_x2', 5)],None,32891937
autotvm - DEBUG - No: 30	GFLOPS: 2.55/2.84	result: MeasureResult(costs=(2.351771184,), error_no=MeasureErrorNo.NO_ERROR, all_cost=5.1559906005859375, timestamp=1691019393.7644224)	[('tile_y', 40), ('tile_x', 1600), ('tile_y1', 2400), ('tile_x1', 80), ('tile_y2', 15), ('tile_x2', 20)],None,79107829
autotvm - DEBUG - No: 31	GFLOPS: 2.83/2.84	result: MeasureResult(costs=(2.121662337,), error_no=MeasureErrorNo.NO_ERROR, all_cost=4.6253662109375, timestamp=1691019398.3000166)	[('tile_y', 100), ('tile_x', 64), ('tile_y1', 80), ('tile_x1', 200), ('tile_y2', 2), ('tile_x2', 1600)],None,218251152
autotvm - DEBUG - No: 32	GFLOPS: 2.84/2.84	result: MeasureResult(costs=(2.1093714450000003,), error_no=MeasureErrorNo.NO_ERROR, all_cost=4.554627180099487, timestamp=1691019402.7698984)	[('tile_y', 250), ('tile_x', 1600), ('tile_y1', 30), ('tile_x1', 2000), ('tile_y2', 15), ('tile_x2', 80)],None,144538375
autotvm - DEBUG - No: 33	GFLOPS: 2.35/2.84	result: MeasureResult(costs=(2.55301787,), error_no=MeasureErrorNo.NO_ERROR, all_cost=5.566053628921509, timestamp=1691019408.1146228)	[('tile_y', 50), ('tile_x', 10), ('tile_y1', 400), ('tile_x1', 25), ('tile_y2', 30), ('tile_x2', 32)],None,102344870
autotvm - DEBUG - No: 34	GFLOPS: 2.68/2.84	result: MeasureResult(costs=(2.235287628,), error_no=MeasureErrorNo.NO_ERROR, all_cost=5.147859334945679, timestamp=1691019413.0451238)	[('tile_y', 125), ('tile_x', 25), ('tile_y1', 600), ('tile_x1', 500), ('tile_y2', 50), ('tile_x2', 10)],None,60145853
autotvm - DEBUG - No: 35	GFLOPS: 2.36/2.84	result: MeasureResult(costs=(2.5465819929999998,), error_no=MeasureErrorNo.NO_ERROR, all_cost=5.812359809875488, timestamp=1691019418.3806288)	[('tile_y', 100), ('tile_x', 16), ('tile_y1', 10), ('tile_x1', 500), ('tile_y2', 8), ('tile_x2', 32)],None,100052112
autotvm - DEBUG - No: 36	GFLOPS: 2.83/2.84	result: MeasureResult(costs=(2.117448446,), error_no=MeasureErrorNo.NO_ERROR, all_cost=4.756204128265381, timestamp=1691019422.8722055)	[('tile_y', 2), ('tile_x', 320), ('tile_y1', 20), ('tile_x1', 2), ('tile_y2', 100), ('tile_x2', 1600)],None,224703281
autotvm - DEBUG - No: 37	GFLOPS: 2.58/2.84	result: MeasureResult(costs=(2.32381961,), error_no=MeasureErrorNo.NO_ERROR, all_cost=5.193028688430786, timestamp=1691019427.8137941)	[('tile_y', 2000), ('tile_x', 20), ('tile_y1', 30), ('tile_x1', 100), ('tile_y2', 12), ('tile_x2', 5)],None,35265879
autotvm - DEBUG - No: 38	GFLOPS: 2.15/2.84	result: MeasureResult(costs=(2.790673241,), error_no=MeasureErrorNo.NO_ERROR, all_cost=5.953357696533203, timestamp=1691019433.6385887)	[('tile_y', 50), ('tile_x', 40), ('tile_y1', 80), ('tile_x1', 200), ('tile_y2', 300), ('tile_x2', 800)],None,215831910
autotvm - DEBUG - No: 39	GFLOPS: 2.71/2.84	result: MeasureResult(costs=(2.216072463,), error_no=MeasureErrorNo.NO_ERROR, all_cost=4.85653829574585, timestamp=1691019438.323218)	[('tile_y', 1000), ('tile_x', 1), ('tile_y1', 120), ('tile_x1', 100), ('tile_y2', 480), ('tile_x2', 80)],None,151089138
autotvm - DEBUG - No: 40	GFLOPS: 2.26/2.84	result: MeasureResult(costs=(2.657531023,), error_no=MeasureErrorNo.NO_ERROR, all_cost=5.720713376998901, timestamp=1691019443.7681847)	[('tile_y', 1000), ('tile_x', 5), ('tile_y1', 200), ('tile_x1', 5), ('tile_y2', 20), ('tile_x2', 320)],None,188451978
autotvm - DEBUG - No: 41	GFLOPS: 2.62/2.84	result: MeasureResult(costs=(2.286730245,), error_no=MeasureErrorNo.NO_ERROR, all_cost=5.453981399536133, timestamp=1691019448.5961003)	[('tile_y', 4), ('tile_x', 1600), ('tile_y1', 2400), ('tile_x1', 1000), ('tile_y2', 10), ('tile_x2', 50)],None,122154462
autotvm - DEBUG - No: 42	GFLOPS: 2.43/2.84	result: MeasureResult(costs=(2.470761862,), error_no=MeasureErrorNo.NO_ERROR, all_cost=5.483035326004028, timestamp=1691019453.7840083)	[('tile_y', 500), ('tile_x', 16), ('tile_y1', 80), ('tile_x1', 5), ('tile_y2', 75), ('tile_x2', 4)],None,27875117
autotvm - DEBUG - No: 43	GFLOPS: 2.82/2.84	result: MeasureResult(costs=(2.130959199,), error_no=MeasureErrorNo.NO_ERROR, all_cost=4.792273283004761, timestamp=1691019458.3453257)	[('tile_y', 1), ('tile_x', 20), ('tile_y1', 50), ('tile_x1', 1000), ('tile_y2', 1), ('tile_x2', 1600)],None,218007860
autotvm - DEBUG - No: 44	GFLOPS: 2.65/2.84	result: MeasureResult(costs=(2.265128079,), error_no=MeasureErrorNo.NO_ERROR, all_cost=5.122420787811279, timestamp=1691019463.128909)	[('tile_y', 50), ('tile_x', 25), ('tile_y1', 25), ('tile_x1', 1000), ('tile_y2', 2400), ('tile_x2', 16)],None,76180190
autotvm - DEBUG - No: 45	GFLOPS: 2.86/2.86	result: MeasureResult(costs=(2.100486359,), error_no=MeasureErrorNo.NO_ERROR, all_cost=4.536631107330322, timestamp=1691019467.5820713)	[('tile_y', 16), ('tile_x', 8), ('tile_y1', 150), ('tile_x1', 2), ('tile_y2', 20), ('tile_x2', 80)],None,144875306
autotvm - DEBUG - No: 46	GFLOPS: 2.20/2.86	result: MeasureResult(costs=(2.721604395,), error_no=MeasureErrorNo.NO_ERROR, all_cost=6.295684099197388, timestamp=1691019473.661904)	[('tile_y', 100), ('tile_x', 1), ('tile_y1', 80), ('tile_x1', 80), ('tile_y2', 160), ('tile_x2', 800)],None,214879152
autotvm - DEBUG - No: 47	GFLOPS: 2.78/2.86	result: MeasureResult(costs=(2.160434153,), error_no=MeasureErrorNo.NO_ERROR, all_cost=4.721507549285889, timestamp=1691019478.238694)	[('tile_y', 2000), ('tile_x', 40), ('tile_y1', 3), ('tile_x1', 400), ('tile_y2', 160), ('tile_x2', 400)],None,204060579
autotvm - DEBUG - No: 48	GFLOPS: 2.53/2.86	result: MeasureResult(costs=(2.369342075,), error_no=MeasureErrorNo.NO_ERROR, all_cost=5.350129127502441, timestamp=1691019483.4005451)	[('tile_y', 4), ('tile_x', 80), ('tile_y1', 240), ('tile_x1', 250), ('tile_y2', 1200), ('tile_x2', 20)],None,86725222
autotvm - DEBUG - No: 49	GFLOPS: 2.47/2.86	result: MeasureResult(costs=(2.43203435,), error_no=MeasureErrorNo.NO_ERROR, all_cost=5.479448556900024, timestamp=1691019488.5717416)	[('tile_y', 500), ('tile_x', 1600), ('tile_y1', 800), ('tile_x1', 80), ('tile_y2', 75), ('tile_x2', 5)],None,38887797
autotvm - DEBUG - No: 50	GFLOPS: 2.19/2.86	result: MeasureResult(costs=(2.743042579,), error_no=MeasureErrorNo.NO_ERROR, all_cost=6.038398504257202, timestamp=1691019494.3135865)	[('tile_y', 40), ('tile_x', 32), ('tile_y1', 600), ('tile_x1', 10), ('tile_y2', 10), ('tile_x2', 320)],None,187274829
autotvm - DEBUG - No: 51	GFLOPS: 2.61/2.86	result: MeasureResult(costs=(2.300176848,), error_no=MeasureErrorNo.NO_ERROR, all_cost=5.070739269256592, timestamp=1691019499.1696594)	[('tile_y', 5), ('tile_x', 10), ('tile_y1', 480), ('tile_x1', 25), ('tile_y2', 5), ('tile_x2', 25)],None,88434883
autotvm - DEBUG - No: 52	GFLOPS: 2.72/2.86	result: MeasureResult(costs=(2.208789922,), error_no=MeasureErrorNo.NO_ERROR, all_cost=5.034456491470337, timestamp=1691019503.8853161)	[('tile_y', 16), ('tile_x', 25), ('tile_y1', 30), ('tile_x1', 1000), ('tile_y2', 480), ('tile_x2', 40)],None,118516606
autotvm - DEBUG - No: 53	GFLOPS: 2.83/2.86	result: MeasureResult(costs=(2.1237051350000002,), error_no=MeasureErrorNo.NO_ERROR, all_cost=4.770819902420044, timestamp=1691019508.3896434)	[('tile_y', 8), ('tile_x', 160), ('tile_y1', 3), ('tile_x1', 1000), ('tile_y2', 5), ('tile_x2', 1600)],None,219210904
autotvm - DEBUG - No: 54	GFLOPS: 2.33/2.86	result: MeasureResult(costs=(2.572311194,), error_no=MeasureErrorNo.NO_ERROR, all_cost=5.511840105056763, timestamp=1691019513.781446)	[('tile_y', 50), ('tile_x', 400), ('tile_y1', 100), ('tile_x1', 250), ('tile_y2', 1200), ('tile_x2', 320)],None,195587230
autotvm - DEBUG - No: 55	GFLOPS: 2.64/2.86	result: MeasureResult(costs=(2.269501511,), error_no=MeasureErrorNo.NO_ERROR, all_cost=5.1353442668914795, timestamp=1691019518.7927063)	[('tile_y', 4), ('tile_x', 20), ('tile_y1', 12), ('tile_x1', 80), ('tile_y2', 800), ('tile_x2', 100)],None,162558622
autotvm - DEBUG - No: 56	GFLOPS: 2.38/2.86	result: MeasureResult(costs=(2.523364511,), error_no=MeasureErrorNo.NO_ERROR, all_cost=5.546446323394775, timestamp=1691019524.0819688)	[('tile_y', 4), ('tile_x', 5), ('tile_y1', 50), ('tile_x1', 1000), ('tile_y2', 25), ('tile_x2', 64)],None,134847782
autotvm - DEBUG - No: 57	GFLOPS: 2.76/2.86	result: MeasureResult(costs=(2.173610817,), error_no=MeasureErrorNo.NO_ERROR, all_cost=4.950407266616821, timestamp=1691019528.6838648)	[('tile_y', 200), ('tile_x', 5), ('tile_y1', 96), ('tile_x1', 80), ('tile_y2', 48), ('tile_x2', 50)],None,125066834
autotvm - DEBUG - No: 58	GFLOPS: 2.67/2.86	result: MeasureResult(costs=(2.246874221,), error_no=MeasureErrorNo.NO_ERROR, all_cost=5.170220136642456, timestamp=1691019533.4741886)	[('tile_y', 125), ('tile_x', 100), ('tile_y1', 4), ('tile_x1', 2000), ('tile_y2', 10), ('tile_x2', 25)],None,89496833
autotvm - DEBUG - No: 59	GFLOPS: 2.37/2.86	result: MeasureResult(costs=(2.532032437,), error_no=MeasureErrorNo.NO_ERROR, all_cost=5.557627201080322, timestamp=1691019538.7887976)	[('tile_y', 1), ('tile_x', 25), ('tile_y1', 800), ('tile_x1', 2000), ('tile_y2', 240), ('tile_x2', 32)],None,106746100
autotvm - DEBUG - No: 60	GFLOPS: 2.80/2.86	result: MeasureResult(costs=(2.14482084,), error_no=MeasureErrorNo.NO_ERROR, all_cost=4.705153226852417, timestamp=1691019543.333289)	[('tile_y', 8), ('tile_x', 100), ('tile_y1', 160), ('tile_x1', 500), ('tile_y2', 6), ('tile_x2', 100)],None,154189844
autotvm - DEBUG - No: 61	GFLOPS: 2.50/2.86	result: MeasureResult(costs=(2.4014886449999997,), error_no=MeasureErrorNo.NO_ERROR, all_cost=5.256186008453369, timestamp=1691019548.4140563)	[('tile_y', 10), ('tile_x', 4), ('tile_y1', 80), ('tile_x1', 100), ('tile_y2', 96), ('tile_x2', 10)],None,61275105
autotvm - DEBUG - No: 62	GFLOPS: 2.49/2.86	result: MeasureResult(costs=(2.410336758,), error_no=MeasureErrorNo.NO_ERROR, all_cost=5.368366241455078, timestamp=1691019553.5918224)	[('tile_y', 5), ('tile_x', 20), ('tile_y1', 400), ('tile_x1', 50), ('tile_y2', 1200), ('tile_x2', 16)],None,75763943
autotvm - DEBUG - No: 63	GFLOPS: 2.82/2.86	result: MeasureResult(costs=(2.124558194,), error_no=MeasureErrorNo.NO_ERROR, all_cost=4.60539984703064, timestamp=1691019558.1015112)	[('tile_y', 200), ('tile_x', 40), ('tile_y1', 4), ('tile_x1', 100), ('tile_y2', 80), ('tile_x2', 1600)],None,224261314
autotvm - DEBUG - No: 64	GFLOPS: 2.70/2.86	result: MeasureResult(costs=(2.222889702,), error_no=MeasureErrorNo.NO_ERROR, all_cost=4.980872392654419, timestamp=1691019562.842105)	[('tile_y', 1000), ('tile_x', 4), ('tile_y1', 100), ('tile_x1', 8), ('tile_y2', 16), ('tile_x2', 80)],None,144617398
autotvm - DEBUG - No: 65	GFLOPS: 2.17/2.86	result: MeasureResult(costs=(2.763285421,), error_no=MeasureErrorNo.NO_ERROR, all_cost=5.905118942260742, timestamp=1691019568.6307855)	[('tile_y', 125), ('tile_x', 50), ('tile_y1', 50), ('tile_x1', 5), ('tile_y2', 800), ('tile_x2', 160)],None,173328353
autotvm - DEBUG - No: 66	GFLOPS: 2.45/2.86	result: MeasureResult(costs=(2.4459748840000004,), error_no=MeasureErrorNo.NO_ERROR, all_cost=5.524554252624512, timestamp=1691019573.7753606)	[('tile_y', 10), ('tile_x', 32), ('tile_y1', 50), ('tile_x1', 20), ('tile_y2', 300), ('tile_x2', 20)],None,85087985
autotvm - DEBUG - No: 67	GFLOPS: 2.76/2.86	result: MeasureResult(costs=(2.1738405349999996,), error_no=MeasureErrorNo.NO_ERROR, all_cost=5.125922203063965, timestamp=1691019578.4195256)	[('tile_y', 100), ('tile_x', 200), ('tile_y1', 60), ('tile_x1', 400), ('tile_y2', 4), ('tile_x2', 40)],None,110021432
autotvm - DEBUG - No: 68	GFLOPS: 2.59/2.86	result: MeasureResult(costs=(2.31357531,), error_no=MeasureErrorNo.NO_ERROR, all_cost=5.177644729614258, timestamp=1691019583.2987232)	[('tile_y', 20), ('tile_x', 200), ('tile_y1', 6), ('tile_x1', 250), ('tile_y2', 160), ('tile_x2', 5)],None,40750827
autotvm - DEBUG - No: 69	GFLOPS: 2.08/2.86	result: MeasureResult(costs=(2.881782999,), error_no=MeasureErrorNo.NO_ERROR, all_cost=5.955230712890625, timestamp=1691019589.1416516)	[('tile_y', 25), ('tile_x', 25), ('tile_y1', 3), ('tile_x1', 40), ('tile_y2', 2), ('tile_x2', 320)],None,185508288
autotvm - DEBUG - No: 70	GFLOPS: 2.72/2.86	result: MeasureResult(costs=(2.202581922,), error_no=MeasureErrorNo.NO_ERROR, all_cost=4.958726167678833, timestamp=1691019593.8405511)	[('tile_y', 80), ('tile_x', 400), ('tile_y1', 100), ('tile_x1', 1), ('tile_y2', 24), ('tile_x2', 100)],None,156048431
autotvm - DEBUG - No: 71	GFLOPS: 2.28/2.86	result: MeasureResult(costs=(2.6367430549999997,), error_no=MeasureErrorNo.NO_ERROR, all_cost=5.78437876701355, timestamp=1691019599.3605897)	[('tile_y', 400), ('tile_x', 1600), ('tile_y1', 4), ('tile_x1', 50), ('tile_y2', 100), ('tile_x2', 1)],None,7108076
autotvm - DEBUG - No: 72	GFLOPS: 2.55/2.86	result: MeasureResult(costs=(2.355604894,), error_no=MeasureErrorNo.NO_ERROR, all_cost=5.22847056388855, timestamp=1691019604.3273284)	[('tile_y', 50), ('tile_x', 400), ('tile_y1', 25), ('tile_x1', 400), ('tile_y2', 15), ('tile_x2', 20)],None,79174150
autotvm - DEBUG - No: 73	GFLOPS: 2.65/2.86	result: MeasureResult(costs=(2.262601883,), error_no=MeasureErrorNo.NO_ERROR, all_cost=5.12502908706665, timestamp=1691019609.1440208)	[('tile_y', 125), ('tile_x', 20), ('tile_y1', 15), ('tile_x1', 25), ('tile_y2', 2400), ('tile_x2', 16)],None,76027293
autotvm - DEBUG - No: 74	GFLOPS: 2.83/2.86	result: MeasureResult(costs=(2.118636837,), error_no=MeasureErrorNo.NO_ERROR, all_cost=4.783129692077637, timestamp=1691019613.6316547)	[('tile_y', 200), ('tile_x', 80), ('tile_y1', 1200), ('tile_x1', 5), ('tile_y2', 20), ('tile_x2', 200)],None,177568714
autotvm - DEBUG - No: 75	GFLOPS: 2.72/2.86	result: MeasureResult(costs=(2.201958055,), error_no=MeasureErrorNo.NO_ERROR, all_cost=4.9572248458862305, timestamp=1691019618.288321)	[('tile_y', 5), ('tile_x', 25), ('tile_y1', 40), ('tile_x1', 500), ('tile_y2', 25), ('tile_x2', 100)],None,156604723
autotvm - DEBUG - No: 76	GFLOPS: 2.62/2.86	result: MeasureResult(costs=(2.291037973,), error_no=MeasureErrorNo.NO_ERROR, all_cost=5.150041103363037, timestamp=1691019623.0050359)	[('tile_y', 40), ('tile_x', 200), ('tile_y1', 2), ('tile_x1', 8), ('tile_y2', 12), ('tile_x2', 400)],None,198435629
autotvm - DEBUG - No: 77	GFLOPS: 2.76/2.86	result: MeasureResult(costs=(2.175554111,), error_no=MeasureErrorNo.NO_ERROR, all_cost=4.949685573577881, timestamp=1691019627.612278)	[('tile_y', 40), ('tile_x', 10), ('tile_y1', 30), ('tile_x1', 50), ('tile_y2', 4), ('tile_x2', 1)],None,1064389
autotvm - DEBUG - No: 78	GFLOPS: 2.44/2.86	result: MeasureResult(costs=(2.455029316,), error_no=MeasureErrorNo.NO_ERROR, all_cost=5.455196857452393, timestamp=1691019632.7689118)	[('tile_y', 80), ('tile_x', 8), ('tile_y1', 150), ('tile_x1', 80), ('tile_y2', 300), ('tile_x2', 4)],None,30719311
autotvm - DEBUG - No: 79	GFLOPS: 2.55/2.86	result: MeasureResult(costs=(2.3554476859999998,), error_no=MeasureErrorNo.NO_ERROR, all_cost=5.355464696884155, timestamp=1691019637.7666094)	[('tile_y', 20), ('tile_x', 2), ('tile_y1', 150), ('tile_x1', 50), ('tile_y2', 24), ('tile_x2', 5)],None,36449727
autotvm - DEBUG - No: 80	GFLOPS: 2.39/2.86	result: MeasureResult(costs=(2.5085032259999998,), error_no=MeasureErrorNo.NO_ERROR, all_cost=5.479732990264893, timestamp=1691019643.0334291)	[('tile_y', 20), ('tile_x', 50), ('tile_y1', 75), ('tile_x1', 40), ('tile_y2', 300), ('tile_x2', 64)],None,139551107
autotvm - DEBUG - No: 81	GFLOPS: 2.69/2.86	result: MeasureResult(costs=(2.22692993,), error_no=MeasureErrorNo.NO_ERROR, all_cost=4.858813524246216, timestamp=1691019647.7399507)	[('tile_y', 50), ('tile_x', 1), ('tile_y1', 12), ('tile_x1', 250), ('tile_y2', 1), ('tile_x2', 40)],None,109094170
autotvm - DEBUG - No: 82	GFLOPS: 2.72/2.86	result: MeasureResult(costs=(2.20329921,), error_no=MeasureErrorNo.NO_ERROR, all_cost=4.947360515594482, timestamp=1691019652.430285)	[('tile_y', 100), ('tile_x', 160), ('tile_y1', 800), ('tile_x1', 200), ('tile_y2', 2400), ('tile_x2', 40)],None,119673852
autotvm - DEBUG - No: 83	GFLOPS: 2.23/2.86	result: MeasureResult(costs=(2.69028257,), error_no=MeasureErrorNo.NO_ERROR, all_cost=5.7532267570495605, timestamp=1691019657.8761883)	[('tile_y', 125), ('tile_x', 25), ('tile_y1', 800), ('tile_x1', 80), ('tile_y2', 5), ('tile_x2', 64)],None,132026753
autotvm - DEBUG - No: 84	GFLOPS: 2.27/2.86	result: MeasureResult(costs=(2.645472858,), error_no=MeasureErrorNo.NO_ERROR, all_cost=5.742618083953857, timestamp=1691019663.347234)	[('tile_y', 125), ('tile_x', 800), ('tile_y1', 75), ('tile_x1', 40), ('tile_y2', 24), ('tile_x2', 2)],None,14660073
autotvm - DEBUG - No: 85	GFLOPS: 2.22/2.86	result: MeasureResult(costs=(2.7035144719999997,), error_no=MeasureErrorNo.NO_ERROR, all_cost=5.991502285003662, timestamp=1691019669.0424)	[('tile_y', 4), ('tile_x', 80), ('tile_y1', 6), ('tile_x1', 2), ('tile_y2', 40), ('tile_x2', 160)],None,168151882
autotvm - DEBUG - No: 86	GFLOPS: 2.21/2.86	result: MeasureResult(costs=(2.7127954770000002,), error_no=MeasureErrorNo.NO_ERROR, all_cost=5.797356605529785, timestamp=1691019674.711301)	[('tile_y', 250), ('tile_x', 20), ('tile_y1', 800), ('tile_x1', 1000), ('tile_y2', 100), ('tile_x2', 160)],None,170537375
autotvm - DEBUG - No: 87	GFLOPS: 2.83/2.86	result: MeasureResult(costs=(2.122704584,), error_no=MeasureErrorNo.NO_ERROR, all_cost=4.767120361328125, timestamp=1691019679.207684)	[('tile_y', 1), ('tile_x', 100), ('tile_y1', 800), ('tile_x1', 16), ('tile_y2', 120), ('tile_x2', 100)],None,159772060
autotvm - DEBUG - No: 88	GFLOPS: 2.75/2.86	result: MeasureResult(costs=(2.178210916,), error_no=MeasureErrorNo.NO_ERROR, all_cost=4.964474678039551, timestamp=1691019683.8560603)	[('tile_y', 500), ('tile_x', 50), ('tile_y1', 300), ('tile_x1', 5), ('tile_y2', 240), ('tile_x2', 80)],None,150048177
autotvm - DEBUG - No: 89	GFLOPS: 2.78/2.86	result: MeasureResult(costs=(2.1574386989999996,), error_no=MeasureErrorNo.NO_ERROR, all_cost=4.658941268920898, timestamp=1691019688.4273062)	[('tile_y', 8), ('tile_x', 5), ('tile_y1', 2400), ('tile_x1', 1), ('tile_y2', 600), ('tile_x2', 200)],None,183873964
autotvm - DEBUG - No: 90	GFLOPS: 2.67/2.86	result: MeasureResult(costs=(2.250989892,), error_no=MeasureErrorNo.NO_ERROR, all_cost=5.278217792510986, timestamp=1691019693.3581097)	[('tile_y', 1000), ('tile_x', 200), ('tile_y1', 480), ('tile_x1', 4), ('tile_y2', 40), ('tile_x2', 5)],None,37541198
autotvm - DEBUG - No: 91	GFLOPS: 2.57/2.86	result: MeasureResult(costs=(2.334314132,), error_no=MeasureErrorNo.NO_ERROR, all_cost=5.283045053482056, timestamp=1691019698.3201158)	[('tile_y', 100), ('tile_x', 32), ('tile_y1', 8), ('tile_x1', 80), ('tile_y2', 400), ('tile_x2', 5)],None,41900232
autotvm - DEBUG - No: 92	GFLOPS: 2.10/2.86	result: MeasureResult(costs=(2.858147739,), error_no=MeasureErrorNo.NO_ERROR, all_cost=6.236554384231567, timestamp=1691019704.2375808)	[('tile_y', 4), ('tile_x', 16), ('tile_y1', 10), ('tile_x1', 50), ('tile_y2', 15), ('tile_x2', 800)],None,209717462
autotvm - DEBUG - No: 93	GFLOPS: 2.78/2.86	result: MeasureResult(costs=(2.1602186459999997,), error_no=MeasureErrorNo.NO_ERROR, all_cost=4.9181437492370605, timestamp=1691019708.7784832)	[('tile_y', 100), ('tile_x', 200), ('tile_y1', 30), ('tile_x1', 500), ('tile_y2', 10), ('tile_x2', 200)],None,176562452
autotvm - DEBUG - No: 94	GFLOPS: 2.38/2.86	result: MeasureResult(costs=(2.52139998,), error_no=MeasureErrorNo.NO_ERROR, all_cost=5.402249813079834, timestamp=1691019714.1293538)	[('tile_y', 20), ('tile_x', 32), ('tile_y1', 600), ('tile_x1', 10), ('tile_y2', 100), ('tile_x2', 32)],None,105022027
autotvm - DEBUG - No: 95	GFLOPS: 2.24/2.86	result: MeasureResult(costs=(2.679953563,), error_no=MeasureErrorNo.NO_ERROR, all_cost=5.669630765914917, timestamp=1691019719.7442107)	[('tile_y', 5), ('tile_x', 100), ('tile_y1', 80), ('tile_x1', 50), ('tile_y2', 30), ('tile_x2', 320)],None,189462703
autotvm - DEBUG - No: 96	GFLOPS: 2.61/2.86	result: MeasureResult(costs=(2.301768659,), error_no=MeasureErrorNo.NO_ERROR, all_cost=5.2059667110443115, timestamp=1691019724.6062646)	[('tile_y', 20), ('tile_x', 100), ('tile_y1', 300), ('tile_x1', 4), ('tile_y2', 4), ('tile_x2', 5)],None,33609107
autotvm - DEBUG - No: 97	GFLOPS: 2.83/2.86	result: MeasureResult(costs=(2.121346853,), error_no=MeasureErrorNo.NO_ERROR, all_cost=5.074381589889526, timestamp=1691019729.2804716)	[('tile_y', 25), ('tile_x', 200), ('tile_y1', 120), ('tile_x1', 25), ('tile_y2', 16), ('tile_x2', 1600)],None,220883368
autotvm - DEBUG - No: 98	GFLOPS: 2.23/2.86	result: MeasureResult(costs=(2.6934348949999998,), error_no=MeasureErrorNo.NO_ERROR, all_cost=5.639780759811401, timestamp=1691019734.8536296)	[('tile_y', 2000), ('tile_x', 40), ('tile_y1', 40), ('tile_x1', 125), ('tile_y2', 75), ('tile_x2', 2)],None,17137899
autotvm - DEBUG - No: 99	GFLOPS: 2.70/2.86	result: MeasureResult(costs=(2.225751935,), error_no=MeasureErrorNo.NO_ERROR, all_cost=5.040420055389404, timestamp=1691019739.5527298)	[('tile_y', 2), ('tile_x', 200), ('tile_y1', 2), ('tile_x1', 50), ('tile_y2', 25), ('tile_x2', 10)],None,58515141
autotvm - DEBUG - No: 100	GFLOPS: 2.26/2.86	result: MeasureResult(costs=(2.651000631,), error_no=MeasureErrorNo.NO_ERROR, all_cost=5.7699055671691895, timestamp=1691019745.1359088)	[('tile_y', 80), ('tile_x', 160), ('tile_y1', 2), ('tile_x1', 20), ('tile_y2', 16), ('tile_x2', 64)],None,133767371
root - INFO - Elpased time = 514.3906164169312
autotvm - DEBUG - Finish loading 100 records
