root - INFO - XGB Tuner 3MM - 2023-08-02 18:42:32.041282
autotvm - DEBUG - waiting for device...
autotvm - DEBUG - device available
autotvm - INFO - Get devices for measurement successfully!
autotvm - DEBUG - No: 1	GFLOPS: 2.66/2.66	result: MeasureResult(costs=(2.2584034120000003,), error_no=MeasureErrorNo.NO_ERROR, all_cost=4.894531011581421, timestamp=1691019761.4067285)	[('tile_y', 10), ('tile_x', 64), ('tile_y1', 2400), ('tile_x1', 100), ('tile_y2', 24), ('tile_x2', 50)],None,123575585
autotvm - DEBUG - No: 2	GFLOPS: 2.65/2.66	result: MeasureResult(costs=(2.262898984,), error_no=MeasureErrorNo.NO_ERROR, all_cost=4.893706798553467, timestamp=1691019766.2194383)	[('tile_y', 400), ('tile_x', 25), ('tile_y1', 240), ('tile_x1', 125), ('tile_y2', 4), ('tile_x2', 80)],None,142638896
autotvm - DEBUG - No: 3	GFLOPS: 2.59/2.66	result: MeasureResult(costs=(2.31548788,), error_no=MeasureErrorNo.NO_ERROR, all_cost=4.972007751464844, timestamp=1691019771.0940406)	[('tile_y', 125), ('tile_x', 1), ('tile_y1', 160), ('tile_x1', 16), ('tile_y2', 16), ('tile_x2', 10)],None,57557653
autotvm - DEBUG - No: 4	GFLOPS: 2.74/2.74	result: MeasureResult(costs=(2.1933854609999996,), error_no=MeasureErrorNo.NO_ERROR, all_cost=4.791602611541748, timestamp=1691019775.7314804)	[('tile_y', 400), ('tile_x', 32), ('tile_y1', 2400), ('tile_x1', 100), ('tile_y2', 480), ('tile_x2', 50)],None,129321136
autotvm - DEBUG - No: 5	GFLOPS: 2.75/2.75	result: MeasureResult(costs=(2.178406853,), error_no=MeasureErrorNo.NO_ERROR, all_cost=4.684743881225586, timestamp=1691019780.3719885)	[('tile_y', 200), ('tile_x', 10), ('tile_y1', 80), ('tile_x1', 125), ('tile_y2', 24), ('tile_x2', 200)],None,178016694
autotvm - DEBUG - No: 6	GFLOPS: 2.67/2.75	result: MeasureResult(costs=(2.248578563,), error_no=MeasureErrorNo.NO_ERROR, all_cost=4.890463352203369, timestamp=1691019785.1059082)	[('tile_y', 80), ('tile_x', 1), ('tile_y1', 240), ('tile_x1', 1), ('tile_y2', 300), ('tile_x2', 80)],None,150304571
autotvm - DEBUG - No: 7	GFLOPS: 2.21/2.75	result: MeasureResult(costs=(2.715736262,), error_no=MeasureErrorNo.NO_ERROR, all_cost=5.85448431968689, timestamp=1691019790.7886865)	[('tile_y', 2000), ('tile_x', 8), ('tile_y1', 2400), ('tile_x1', 1), ('tile_y2', 2), ('tile_x2', 800)],None,207158799
autotvm - DEBUG - No: 8	GFLOPS: 2.78/2.78	result: MeasureResult(costs=(2.154483758,), error_no=MeasureErrorNo.NO_ERROR, all_cost=4.751882791519165, timestamp=1691019795.3935394)	[('tile_y', 16), ('tile_x', 25), ('tile_y1', 100), ('tile_x1', 2000), ('tile_y2', 160), ('tile_x2', 400)],None,204114706
autotvm - DEBUG - No: 9	GFLOPS: 2.58/2.78	result: MeasureResult(costs=(2.324243729,), error_no=MeasureErrorNo.NO_ERROR, all_cost=5.258649587631226, timestamp=1691019800.4705598)	[('tile_y', 20), ('tile_x', 50), ('tile_y1', 5), ('tile_x1', 500), ('tile_y2', 1), ('tile_x2', 40)],None,109122947
autotvm - DEBUG - No: 10	GFLOPS: 2.52/2.78	result: MeasureResult(costs=(2.3780477810000002,), error_no=MeasureErrorNo.NO_ERROR, all_cost=5.093569755554199, timestamp=1691019805.467295)	[('tile_y', 125), ('tile_x', 25), ('tile_y1', 1), ('tile_x1', 2000), ('tile_y2', 200), ('tile_x2', 10)],None,62884253
autotvm - DEBUG - No: 11	GFLOPS: 2.46/2.78	result: MeasureResult(costs=(2.4421621399999998,), error_no=MeasureErrorNo.NO_ERROR, all_cost=5.366962194442749, timestamp=1691019810.6340506)	[('tile_y', 10), ('tile_x', 32), ('tile_y1', 5), ('tile_x1', 4), ('tile_y2', 60), ('tile_x2', 10)],None,60209705
autotvm - DEBUG - No: 12	GFLOPS: 2.52/2.78	result: MeasureResult(costs=(2.3795409260000002,), error_no=MeasureErrorNo.NO_ERROR, all_cost=5.299345016479492, timestamp=1691019815.6425042)	[('tile_y', 40), ('tile_x', 64), ('tile_y1', 25), ('tile_x1', 10), ('tile_y2', 800), ('tile_x2', 20)],None,86265309
autotvm - DEBUG - No: 13	GFLOPS: 2.58/2.78	result: MeasureResult(costs=(2.327765872,), error_no=MeasureErrorNo.NO_ERROR, all_cost=5.127328395843506, timestamp=1691019820.541217)	[('tile_y', 125), ('tile_x', 16), ('tile_y1', 24), ('tile_x1', 40), ('tile_y2', 160), ('tile_x2', 20)],None,84208453
autotvm - DEBUG - No: 14	GFLOPS: 2.15/2.78	result: MeasureResult(costs=(2.795619894,), error_no=MeasureErrorNo.NO_ERROR, all_cost=5.916763782501221, timestamp=1691019826.4101646)	[('tile_y', 4), ('tile_x', 160), ('tile_y1', 120), ('tile_x1', 8), ('tile_y2', 48), ('tile_x2', 1)],None,5211662
autotvm - DEBUG - No: 15	GFLOPS: 2.48/2.78	result: MeasureResult(costs=(2.415478529,), error_no=MeasureErrorNo.NO_ERROR, all_cost=4.99595832824707, timestamp=1691019831.3157628)	[('tile_y', 1000), ('tile_x', 64), ('tile_y1', 75), ('tile_x1', 2), ('tile_y2', 24), ('tile_x2', 100)],None,156062178
autotvm - DEBUG - No: 16	GFLOPS: 2.59/2.78	result: MeasureResult(costs=(2.315808449,), error_no=MeasureErrorNo.NO_ERROR, all_cost=5.007951021194458, timestamp=1691019836.2031474)	[('tile_y', 125), ('tile_x', 200), ('tile_y1', 60), ('tile_x1', 25), ('tile_y2', 4), ('tile_x2', 8)],None,44582073
autotvm - DEBUG - No: 17	GFLOPS: 2.29/2.78	result: MeasureResult(costs=(2.619749498,), error_no=MeasureErrorNo.NO_ERROR, all_cost=5.60545015335083, timestamp=1691019841.7317634)	[('tile_y', 10), ('tile_x', 10), ('tile_y1', 4), ('tile_x1', 100), ('tile_y2', 800), ('tile_x2', 320)],None,195230805
autotvm - DEBUG - No: 18	GFLOPS: 2.50/2.78	result: MeasureResult(costs=(2.402782604,), error_no=MeasureErrorNo.NO_ERROR, all_cost=5.1229236125946045, timestamp=1691019846.6949036)	[('tile_y', 2000), ('tile_x', 1), ('tile_y1', 600), ('tile_x1', 200), ('tile_y2', 800), ('tile_x2', 1600)],None,227932339
autotvm - DEBUG - No: 19	GFLOPS: 2.51/2.78	result: MeasureResult(costs=(2.387832611,), error_no=MeasureErrorNo.NO_ERROR, all_cost=5.196744680404663, timestamp=1691019851.7243233)	[('tile_y', 40), ('tile_x', 10), ('tile_y1', 2400), ('tile_x1', 250), ('tile_y2', 6), ('tile_x2', 8)],None,45299209
autotvm - DEBUG - No: 20	GFLOPS: 2.28/2.78	result: MeasureResult(costs=(2.6361699709999997,), error_no=MeasureErrorNo.NO_ERROR, all_cost=5.639393091201782, timestamp=1691019857.281407)	[('tile_y', 1), ('tile_x', 32), ('tile_y1', 4), ('tile_x1', 2000), ('tile_y2', 800), ('tile_x2', 2)],None,21154320
autotvm - DEBUG - No: 21	GFLOPS: 2.30/2.78	result: MeasureResult(costs=(2.603812209,), error_no=MeasureErrorNo.NO_ERROR, all_cost=5.589165687561035, timestamp=1691019862.7412004)	[('tile_y', 400), ('tile_x', 32), ('tile_y1', 50), ('tile_x1', 100), ('tile_y2', 24), ('tile_x2', 32)],None,101795596
autotvm - DEBUG - No: 22	GFLOPS: 2.25/2.78	result: MeasureResult(costs=(2.670979317,), error_no=MeasureErrorNo.NO_ERROR, all_cost=5.964064836502075, timestamp=1691019868.5041587)	[('tile_y', 25), ('tile_x', 400), ('tile_y1', 32), ('tile_x1', 40), ('tile_y2', 1200), ('tile_x2', 64)],None,141061148
autotvm - DEBUG - No: 23	GFLOPS: 2.17/2.78	result: MeasureResult(costs=(2.768365449,), error_no=MeasureErrorNo.NO_ERROR, all_cost=6.017765283584595, timestamp=1691019874.3806624)	[('tile_y', 250), ('tile_x', 1600), ('tile_y1', 8), ('tile_x1', 500), ('tile_y2', 15), ('tile_x2', 160)],None,166277575
autotvm - DEBUG - No: 24	GFLOPS: 2.79/2.79	result: MeasureResult(costs=(2.1508369800000002,), error_no=MeasureErrorNo.NO_ERROR, all_cost=4.799410343170166, timestamp=1691019878.9384003)	[('tile_y', 400), ('tile_x', 8), ('tile_y1', 3), ('tile_x1', 25), ('tile_y2', 200), ('tile_x2', 50)],None,128037096
autotvm - DEBUG - No: 25	GFLOPS: 2.74/2.79	result: MeasureResult(costs=(2.189931098,), error_no=MeasureErrorNo.NO_ERROR, all_cost=4.837061166763306, timestamp=1691019883.5732253)	[('tile_y', 2000), ('tile_x', 2), ('tile_y1', 5), ('tile_x1', 20), ('tile_y2', 200), ('tile_x2', 100)],None,160681959
autotvm - DEBUG - No: 26	GFLOPS: 2.38/2.79	result: MeasureResult(costs=(2.526239744,), error_no=MeasureErrorNo.NO_ERROR, all_cost=5.4947192668914795, timestamp=1691019888.9365232)	[('tile_y', 1000), ('tile_x', 400), ('tile_y1', 25), ('tile_x1', 500), ('tile_y2', 600), ('tile_x2', 25)],None,97030878
autotvm - DEBUG - No: 27	GFLOPS: 2.65/2.79	result: MeasureResult(costs=(2.266039195,), error_no=MeasureErrorNo.NO_ERROR, all_cost=4.91245436668396, timestamp=1691019893.733126)	[('tile_y', 40), ('tile_x', 25), ('tile_y1', 48), ('tile_x1', 125), ('tile_y2', 100), ('tile_x2', 8)],None,50704669
autotvm - DEBUG - No: 28	GFLOPS: 2.45/2.79	result: MeasureResult(costs=(2.4451864220000004,), error_no=MeasureErrorNo.NO_ERROR, all_cost=5.138243913650513, timestamp=1691019898.7157578)	[('tile_y', 40), ('tile_x', 25), ('tile_y1', 30), ('tile_x1', 40), ('tile_y2', 25), ('tile_x2', 8)],None,47618929
autotvm - DEBUG - No: 29	GFLOPS: 2.20/2.79	result: MeasureResult(costs=(2.731658833,), error_no=MeasureErrorNo.NO_ERROR, all_cost=5.784135341644287, timestamp=1691019904.4286618)	[('tile_y', 25), ('tile_x', 800), ('tile_y1', 75), ('tile_x1', 25), ('tile_y2', 300), ('tile_x2', 2)],None,19785748
autotvm - DEBUG - No: 30	GFLOPS: 2.58/2.79	result: MeasureResult(costs=(2.327324229,), error_no=MeasureErrorNo.NO_ERROR, all_cost=5.115873336791992, timestamp=1691019909.333418)	[('tile_y', 5), ('tile_x', 80), ('tile_y1', 10), ('tile_x1', 100), ('tile_y2', 12), ('tile_x2', 8)],None,46149443
autotvm - DEBUG - No: 31	GFLOPS: 2.39/2.79	result: MeasureResult(costs=(2.5132687259999997,), error_no=MeasureErrorNo.NO_ERROR, all_cost=5.3229944705963135, timestamp=1691019914.6025298)	[('tile_y', 200), ('tile_x', 160), ('tile_y1', 96), ('tile_x1', 4), ('tile_y2', 30), ('tile_x2', 2)],None,15159794
autotvm - DEBUG - No: 32	GFLOPS: 2.63/2.79	result: MeasureResult(costs=(2.283419562,), error_no=MeasureErrorNo.NO_ERROR, all_cost=4.906552314758301, timestamp=1691019919.4633734)	[('tile_y', 5), ('tile_x', 400), ('tile_y1', 2), ('tile_x1', 500), ('tile_y2', 5), ('tile_x2', 8)],None,45013023
autotvm - DEBUG - No: 33	GFLOPS: 2.49/2.79	result: MeasureResult(costs=(2.411859922,), error_no=MeasureErrorNo.NO_ERROR, all_cost=5.172854900360107, timestamp=1691019924.5322487)	[('tile_y', 1000), ('tile_x', 5), ('tile_y1', 40), ('tile_x1', 16), ('tile_y2', 1200), ('tile_x2', 20)],None,86583918
autotvm - DEBUG - No: 34	GFLOPS: 2.51/2.79	result: MeasureResult(costs=(2.387569537,), error_no=MeasureErrorNo.NO_ERROR, all_cost=5.238312482833862, timestamp=1691019929.5553489)	[('tile_y', 25), ('tile_x', 1), ('tile_y1', 480), ('tile_x1', 200), ('tile_y2', 6), ('tile_x2', 8)],None,45282308
autotvm - DEBUG - No: 35	GFLOPS: 2.64/2.79	result: MeasureResult(costs=(2.270406785,), error_no=MeasureErrorNo.NO_ERROR, all_cost=4.895564079284668, timestamp=1691019934.216118)	[('tile_y', 5), ('tile_x', 200), ('tile_y1', 30), ('tile_x1', 2), ('tile_y2', 50), ('tile_x2', 40)],None,114328523
autotvm - DEBUG - No: 36	GFLOPS: 2.67/2.79	result: MeasureResult(costs=(2.243639999,), error_no=MeasureErrorNo.NO_ERROR, all_cost=4.911831855773926, timestamp=1691019938.9585311)	[('tile_y', 100), ('tile_x', 16), ('tile_y1', 32), ('tile_x1', 40), ('tile_y2', 25), ('tile_x2', 80)],None,145596912
autotvm - DEBUG - No: 37	GFLOPS: 2.35/2.79	result: MeasureResult(costs=(2.552671162,), error_no=MeasureErrorNo.NO_ERROR, all_cost=5.61372709274292, timestamp=1691019944.3267121)	[('tile_y', 2000), ('tile_x', 64), ('tile_y1', 100), ('tile_x1', 2000), ('tile_y2', 1), ('tile_x2', 25)],None,87388399
autotvm - DEBUG - No: 38	GFLOPS: 2.63/2.79	result: MeasureResult(costs=(2.284937666,), error_no=MeasureErrorNo.NO_ERROR, all_cost=5.0493340492248535, timestamp=1691019949.1826315)	[('tile_y', 2000), ('tile_x', 1600), ('tile_y1', 40), ('tile_x1', 2000), ('tile_y2', 20), ('tile_x2', 4)],None,25393619
autotvm - DEBUG - No: 39	GFLOPS: 2.19/2.79	result: MeasureResult(costs=(2.742756808,), error_no=MeasureErrorNo.NO_ERROR, all_cost=5.956037998199463, timestamp=1691019954.9236603)	[('tile_y', 250), ('tile_x', 400), ('tile_y1', 40), ('tile_x1', 10), ('tile_y2', 48), ('tile_x2', 800)],None,212065095
autotvm - DEBUG - No: 40	GFLOPS: 2.17/2.79	result: MeasureResult(costs=(2.767092098,), error_no=MeasureErrorNo.NO_ERROR, all_cost=5.866860866546631, timestamp=1691019960.6871285)	[('tile_y', 10), ('tile_x', 10), ('tile_y1', 160), ('tile_x1', 8), ('tile_y2', 32), ('tile_x2', 160)],None,167903505
autotvm - DEBUG - No: 41	GFLOPS: 2.67/2.79	result: MeasureResult(costs=(2.2464442119999997,), error_no=MeasureErrorNo.NO_ERROR, all_cost=4.9961676597595215, timestamp=1691019965.4745553)	[('tile_y', 1000), ('tile_x', 8), ('tile_y1', 96), ('tile_x1', 125), ('tile_y2', 32), ('tile_x2', 80)],None,146265098
autotvm - DEBUG - No: 42	GFLOPS: 1.69/2.79	result: MeasureResult(costs=(3.5480512749999997,), error_no=MeasureErrorNo.NO_ERROR, all_cost=7.6942970752716064, timestamp=1691019972.9730158)	[('tile_y', 125), ('tile_x', 32), ('tile_y1', 60), ('tile_x1', 25), ('tile_y2', 600), ('tile_x2', 1)],None,9805933
autotvm - DEBUG - No: 43	GFLOPS: 2.63/2.79	result: MeasureResult(costs=(2.282541937,), error_no=MeasureErrorNo.NO_ERROR, all_cost=4.998952150344849, timestamp=1691019977.7846744)	[('tile_y', 50), ('tile_x', 50), ('tile_y1', 1), ('tile_x1', 80), ('tile_y2', 40), ('tile_x2', 8)],None,48550550
autotvm - DEBUG - No: 44	GFLOPS: 2.56/2.79	result: MeasureResult(costs=(2.34615025,), error_no=MeasureErrorNo.NO_ERROR, all_cost=5.19232439994812, timestamp=1691019982.7808707)	[('tile_y', 8), ('tile_x', 25), ('tile_y1', 60), ('tile_x1', 16), ('tile_y2', 4), ('tile_x2', 5)],None,33665264
autotvm - DEBUG - No: 45	GFLOPS: 2.13/2.79	result: MeasureResult(costs=(2.822076415,), error_no=MeasureErrorNo.NO_ERROR, all_cost=6.019955158233643, timestamp=1691019988.677573)	[('tile_y', 1000), ('tile_x', 64), ('tile_y1', 120), ('tile_x1', 5), ('tile_y2', 150), ('tile_x2', 800)],None,214457298
autotvm - DEBUG - No: 46	GFLOPS: 2.35/2.79	result: MeasureResult(costs=(2.551535555,), error_no=MeasureErrorNo.NO_ERROR, all_cost=5.639477491378784, timestamp=1691019994.103762)	[('tile_y', 2000), ('tile_x', 4), ('tile_y1', 50), ('tile_x1', 20), ('tile_y2', 200), ('tile_x2', 320)],None,193347059
autotvm - DEBUG - No: 47	GFLOPS: 2.53/2.79	result: MeasureResult(costs=(2.3674723589999997,), error_no=MeasureErrorNo.NO_ERROR, all_cost=5.172571659088135, timestamp=1691019999.1208677)	[('tile_y', 80), ('tile_x', 160), ('tile_y1', 1200), ('tile_x1', 10), ('tile_y2', 25), ('tile_x2', 4)],None,25794191
autotvm - DEBUG - No: 48	GFLOPS: 2.37/2.79	result: MeasureResult(costs=(2.528336539,), error_no=MeasureErrorNo.NO_ERROR, all_cost=5.264130353927612, timestamp=1691020004.3003082)	[('tile_y', 40), ('tile_x', 200), ('tile_y1', 16), ('tile_x1', 500), ('tile_y2', 80), ('tile_x2', 4)],None,28384769
autotvm - DEBUG - No: 49	GFLOPS: 2.48/2.79	result: MeasureResult(costs=(2.422502133,), error_no=MeasureErrorNo.NO_ERROR, all_cost=5.180237531661987, timestamp=1691020009.3947878)	[('tile_y', 8), ('tile_x', 160), ('tile_y1', 800), ('tile_x1', 16), ('tile_y2', 300), ('tile_x2', 8)],None,52420084
autotvm - DEBUG - No: 50	GFLOPS: 2.43/2.79	result: MeasureResult(costs=(2.467564957,), error_no=MeasureErrorNo.NO_ERROR, all_cost=5.463101148605347, timestamp=1691020014.6231976)	[('tile_y', 20), ('tile_x', 32), ('tile_y1', 480), ('tile_x1', 2000), ('tile_y2', 60), ('tile_x2', 16)],None,71364487
autotvm - DEBUG - No: 51	GFLOPS: 2.77/2.79	result: MeasureResult(costs=(2.1627109669999998,), error_no=MeasureErrorNo.NO_ERROR, all_cost=4.787503719329834, timestamp=1691020019.205784)	[('tile_y', 125), ('tile_x', 160), ('tile_y1', 30), ('tile_x1', 10), ('tile_y2', 32), ('tile_x2', 200)],None,178800193
autotvm - DEBUG - No: 52	GFLOPS: 2.75/2.79	result: MeasureResult(costs=(2.180731802,), error_no=MeasureErrorNo.NO_ERROR, all_cost=4.839439153671265, timestamp=1691020023.8294024)	[('tile_y', 5), ('tile_x', 160), ('tile_y1', 50), ('tile_x1', 250), ('tile_y2', 48), ('tile_x2', 400)],None,201330663
autotvm - DEBUG - No: 53	GFLOPS: 2.11/2.79	result: MeasureResult(costs=(2.846292981,), error_no=MeasureErrorNo.NO_ERROR, all_cost=6.179820775985718, timestamp=1691020029.8109853)	[('tile_y', 1000), ('tile_x', 320), ('tile_y1', 5), ('tile_x1', 80), ('tile_y2', 6), ('tile_x2', 320)],None,186749158
autotvm - DEBUG - No: 54	GFLOPS: 1.92/2.79	result: MeasureResult(costs=(3.1221778049999998,), error_no=MeasureErrorNo.NO_ERROR, all_cost=6.670336484909058, timestamp=1691020036.303699)	[('tile_y', 16), ('tile_x', 40), ('tile_y1', 400), ('tile_x1', 5), ('tile_y2', 150), ('tile_x2', 1)],None,7618166
autotvm - DEBUG - No: 55	GFLOPS: 2.18/2.79	result: MeasureResult(costs=(2.748027441,), error_no=MeasureErrorNo.NO_ERROR, all_cost=6.115830183029175, timestamp=1691020042.2243228)	[('tile_y', 1000), ('tile_x', 16), ('tile_y1', 6), ('tile_x1', 40), ('tile_y2', 50), ('tile_x2', 160)],None,168877518
autotvm - DEBUG - No: 56	GFLOPS: 2.67/2.79	result: MeasureResult(costs=(2.245674011,), error_no=MeasureErrorNo.NO_ERROR, all_cost=4.8401100635528564, timestamp=1691020047.013282)	[('tile_y', 400), ('tile_x', 64), ('tile_y1', 6), ('tile_x1', 1), ('tile_y2', 1200), ('tile_x2', 50)],None,130034356
root - INFO - Elpased time = 294.4099066257477
autotvm - DEBUG - Finish loading 56 records
