root - INFO - Random Tuner 3MM - 2023-07-20 07:19:09.947651
autotvm - DEBUG - waiting for device...
autotvm - DEBUG - device available
autotvm - INFO - Get devices for measurement successfully!
autotvm - DEBUG - No: 1	GFLOPS: 1.48/1.48	result: MeasureResult(costs=(32.506160892,), error_no=MeasureErrorNo.NO_ERROR, all_cost=67.27566576004028, timestamp=1689855621.9661744)	[('tile_y', 1), ('tile_x', 20), ('tile_y1', 50), ('tile_x1', 125), ('tile_y2', 50), ('tile_x2', 800)],None,72952528
autotvm - DEBUG - No: 2	GFLOPS: 1.45/1.48	result: MeasureResult(costs=(33.215833393000004,), error_no=MeasureErrorNo.NO_ERROR, all_cost=66.91987729072571, timestamp=1689855688.792501)	[('tile_y', 250), ('tile_x', 25), ('tile_y1', 6), ('tile_x1', 500), ('tile_y2', 80), ('tile_x2', 80)],None,52653741
autotvm - DEBUG - No: 3	GFLOPS: 1.42/1.48	result: MeasureResult(costs=(33.785590442,), error_no=MeasureErrorNo.NO_ERROR, all_cost=68.07231712341309, timestamp=1689855756.7658002)	[('tile_y', 8), ('tile_x', 160), ('tile_y1', 12), ('tile_x1', 100), ('tile_y2', 600), ('tile_x2', 80)],None,53726052
autotvm - DEBUG - No: 4	GFLOPS: 1.44/1.48	result: MeasureResult(costs=(33.312423854,), error_no=MeasureErrorNo.NO_ERROR, all_cost=66.79513669013977, timestamp=1689855823.4242299)	[('tile_y', 100), ('tile_x', 8), ('tile_y1', 16), ('tile_x1', 250), ('tile_y2', 30), ('tile_x2', 80)],None,51817034
autotvm - DEBUG - No: 5	GFLOPS: 1.31/1.48	result: MeasureResult(costs=(36.626083516,), error_no=MeasureErrorNo.NO_ERROR, all_cost=71.97267365455627, timestamp=1689855895.1266634)	[('tile_y', 500), ('tile_x', 50), ('tile_y1', 15), ('tile_x1', 4), ('tile_y2', 240), ('tile_x2', 20)],None,32506462
autotvm - DEBUG - No: 6	GFLOPS: 1.40/1.48	result: MeasureResult(costs=(34.332940618,), error_no=MeasureErrorNo.NO_ERROR, all_cost=68.49245190620422, timestamp=1689855963.4985604)	[('tile_y', 50), ('tile_x', 32), ('tile_y1', 24), ('tile_x1', 500), ('tile_y2', 24), ('tile_x2', 4)],None,10077849
autotvm - DEBUG - No: 7	GFLOPS: 1.36/1.48	result: MeasureResult(costs=(35.214668822,), error_no=MeasureErrorNo.NO_ERROR, all_cost=70.86168241500854, timestamp=1689856034.2657335)	[('tile_y', 50), ('tile_x', 5), ('tile_y1', 1200), ('tile_x1', 125), ('tile_y2', 300), ('tile_x2', 4)],None,11992089
autotvm - DEBUG - No: 8	GFLOPS: 1.45/1.48	result: MeasureResult(costs=(33.09037549,), error_no=MeasureErrorNo.NO_ERROR, all_cost=66.86298847198486, timestamp=1689856100.9864533)	[('tile_y', 8), ('tile_x', 160), ('tile_y1', 240), ('tile_x1', 20), ('tile_y2', 24), ('tile_x2', 200)],None,63926148
autotvm - DEBUG - No: 9	GFLOPS: 1.44/1.48	result: MeasureResult(costs=(33.409744269,), error_no=MeasureErrorNo.NO_ERROR, all_cost=67.38061046600342, timestamp=1689856168.2271523)	[('tile_y', 2), ('tile_x', 80), ('tile_y1', 25), ('tile_x1', 2), ('tile_y2', 4), ('tile_x2', 160)],None,58488097
autotvm - DEBUG - No: 10	GFLOPS: 1.43/1.48	result: MeasureResult(costs=(33.651754748,), error_no=MeasureErrorNo.NO_ERROR, all_cost=68.04948329925537, timestamp=1689856236.088913)	[('tile_y', 10), ('tile_x', 4), ('tile_y1', 150), ('tile_x1', 500), ('tile_y2', 3), ('tile_x2', 32)],None,37728901
autotvm - DEBUG - No: 11	GFLOPS: 1.45/1.48	result: MeasureResult(costs=(33.076486218999996,), error_no=MeasureErrorNo.NO_ERROR, all_cost=66.15620613098145, timestamp=1689856302.1151118)	[('tile_y', 125), ('tile_x', 2), ('tile_y1', 60), ('tile_x1', 8), ('tile_y2', 150), ('tile_x2', 32)],None,40544091
autotvm - DEBUG - No: 12	GFLOPS: 1.47/1.48	result: MeasureResult(costs=(32.75059526,), error_no=MeasureErrorNo.NO_ERROR, all_cost=66.30385112762451, timestamp=1689856368.3255823)	[('tile_y', 200), ('tile_x', 400), ('tile_y1', 48), ('tile_x1', 1), ('tile_y2', 25), ('tile_x2', 200)],None,64009996
autotvm - DEBUG - No: 13	GFLOPS: 1.39/1.48	result: MeasureResult(costs=(34.559897825,), error_no=MeasureErrorNo.NO_ERROR, all_cost=70.04792976379395, timestamp=1689856438.2103722)	[('tile_y', 20), ('tile_x', 200), ('tile_y1', 240), ('tile_x1', 500), ('tile_y2', 12), ('tile_x2', 25)],None,34411926
autotvm - DEBUG - No: 14	GFLOPS: 1.43/1.48	result: MeasureResult(costs=(33.62522608,), error_no=MeasureErrorNo.NO_ERROR, all_cost=66.75063443183899, timestamp=1689856504.7520313)	[('tile_y', 50), ('tile_x', 800), ('tile_y1', 1), ('tile_x1', 10), ('tile_y2', 100), ('tile_x2', 20)],None,31976921
autotvm - DEBUG - No: 15	GFLOPS: 1.38/1.48	result: MeasureResult(costs=(34.829920162,), error_no=MeasureErrorNo.NO_ERROR, all_cost=69.89903259277344, timestamp=1689856574.4666657)	[('tile_y', 20), ('tile_x', 16), ('tile_y1', 1200), ('tile_x1', 10), ('tile_y2', 120), ('tile_x2', 16)],None,27976134
autotvm - DEBUG - No: 16	GFLOPS: 1.37/1.48	result: MeasureResult(costs=(35.005616202999995,), error_no=MeasureErrorNo.NO_ERROR, all_cost=70.84559631347656, timestamp=1689856645.126513)	[('tile_y', 10), ('tile_x', 200), ('tile_y1', 1200), ('tile_x1', 20), ('tile_y2', 30), ('tile_x2', 4)],None,10290197
autotvm - DEBUG - No: 17	GFLOPS: 1.47/1.48	result: MeasureResult(costs=(32.719064259999996,), error_no=MeasureErrorNo.NO_ERROR, all_cost=65.63517880439758, timestamp=1689856710.6965687)	[('tile_y', 20), ('tile_x', 160), ('tile_y1', 40), ('tile_x1', 1), ('tile_y2', 30), ('tile_x2', 200)],None,64147910
autotvm - DEBUG - No: 18	GFLOPS: 1.29/1.48	result: MeasureResult(costs=(37.199513592,), error_no=MeasureErrorNo.NO_ERROR, all_cost=74.84919142723083, timestamp=1689856785.3454)	[('tile_y', 1000), ('tile_x', 800), ('tile_y1', 8), ('tile_x1', 20), ('tile_y2', 150), ('tile_x2', 2)],None,7380575
autotvm - DEBUG - No: 19	GFLOPS: 1.46/1.48	result: MeasureResult(costs=(32.963674689,), error_no=MeasureErrorNo.NO_ERROR, all_cost=65.80999612808228, timestamp=1689856851.062743)	[('tile_y', 8), ('tile_x', 200), ('tile_y1', 15), ('tile_x1', 25), ('tile_y2', 80), ('tile_x2', 160)],None,60888916
autotvm - DEBUG - No: 20	GFLOPS: 1.48/1.48	result: MeasureResult(costs=(32.389610507,), error_no=MeasureErrorNo.NO_ERROR, all_cost=65.51934480667114, timestamp=1689856916.3042874)	[('tile_y', 100), ('tile_x', 1), ('tile_y1', 50), ('tile_x1', 1000), ('tile_y2', 25), ('tile_x2', 200)],None,64139626
autotvm - DEBUG - No: 21	GFLOPS: 1.48/1.48	result: MeasureResult(costs=(32.3956506,), error_no=MeasureErrorNo.NO_ERROR, all_cost=65.39164113998413, timestamp=1689856981.5322225)	[('tile_y', 1000), ('tile_x', 2), ('tile_y1', 30), ('tile_x1', 8), ('tile_y2', 60), ('tile_x2', 32)],None,39851743
autotvm - DEBUG - No: 22	GFLOPS: 1.43/1.48	result: MeasureResult(costs=(33.668748709,), error_no=MeasureErrorNo.NO_ERROR, all_cost=67.68139219284058, timestamp=1689857048.9368126)	[('tile_y', 50), ('tile_x', 50), ('tile_y1', 1200), ('tile_x1', 40), ('tile_y2', 400), ('tile_x2', 25)],None,36987737
autotvm - DEBUG - No: 23	GFLOPS: 1.37/1.48	result: MeasureResult(costs=(35.029416356,), error_no=MeasureErrorNo.NO_ERROR, all_cost=71.08647203445435, timestamp=1689857119.776526)	[('tile_y', 5), ('tile_x', 5), ('tile_y1', 20), ('tile_x1', 40), ('tile_y2', 600), ('tile_x2', 20)],None,32973459
autotvm - DEBUG - No: 24	GFLOPS: 1.41/1.48	result: MeasureResult(costs=(33.982178104999996,), error_no=MeasureErrorNo.NO_ERROR, all_cost=68.70315647125244, timestamp=1689857188.3722594)	[('tile_y', 125), ('tile_x', 1), ('tile_y1', 150), ('tile_x1', 500), ('tile_y2', 200), ('tile_x2', 5)],None,15886955
autotvm - DEBUG - No: 25	GFLOPS: 1.48/1.48	result: MeasureResult(costs=(32.461688083,), error_no=MeasureErrorNo.NO_ERROR, all_cost=65.46557116508484, timestamp=1689857253.471148)	[('tile_y', 1000), ('tile_x', 160), ('tile_y1', 200), ('tile_x1', 4), ('tile_y2', 40), ('tile_x2', 32)],None,39422831
autotvm - DEBUG - No: 26	GFLOPS: 1.40/1.48	result: MeasureResult(costs=(34.368219902,), error_no=MeasureErrorNo.NO_ERROR, all_cost=68.87420225143433, timestamp=1689857322.1252542)	[('tile_y', 2), ('tile_x', 25), ('tile_y1', 3), ('tile_x1', 1000), ('tile_y2', 2), ('tile_x2', 50)],None,45887745
autotvm - DEBUG - No: 27	GFLOPS: 1.45/1.48	result: MeasureResult(costs=(33.012950599999996,), error_no=MeasureErrorNo.NO_ERROR, all_cost=66.35176920890808, timestamp=1689857388.3894885)	[('tile_y', 125), ('tile_x', 80), ('tile_y1', 80), ('tile_x1', 2), ('tile_y2', 300), ('tile_x2', 400)],None,69964043
autotvm - DEBUG - No: 28	GFLOPS: 1.47/1.48	result: MeasureResult(costs=(32.753614654,), error_no=MeasureErrorNo.NO_ERROR, all_cost=66.69682669639587, timestamp=1689857454.9540336)	[('tile_y', 1000), ('tile_x', 40), ('tile_y1', 24), ('tile_x1', 1), ('tile_y2', 30), ('tile_x2', 32)],None,39263791
autotvm - DEBUG - No: 29	GFLOPS: 1.46/1.48	result: MeasureResult(costs=(32.779968986,), error_no=MeasureErrorNo.NO_ERROR, all_cost=65.98730945587158, timestamp=1689857520.740774)	[('tile_y', 20), ('tile_x', 32), ('tile_y1', 8), ('tile_x1', 1), ('tile_y2', 15), ('tile_x2', 400)],None,67601238
autotvm - DEBUG - No: 30	GFLOPS: 1.46/1.48	result: MeasureResult(costs=(32.921025293,), error_no=MeasureErrorNo.NO_ERROR, all_cost=65.55904507637024, timestamp=1689857585.947999)	[('tile_y', 10), ('tile_x', 8), ('tile_y1', 4), ('tile_x1', 5), ('tile_y2', 50), ('tile_x2', 20)],None,31407333
autotvm - DEBUG - No: 31	GFLOPS: 1.47/1.48	result: MeasureResult(costs=(32.650520072,), error_no=MeasureErrorNo.NO_ERROR, all_cost=66.34785556793213, timestamp=1689857652.0486605)	[('tile_y', 8), ('tile_x', 80), ('tile_y1', 5), ('tile_x1', 100), ('tile_y2', 15), ('tile_x2', 50)],None,46951108
autotvm - DEBUG - No: 32	GFLOPS: 1.44/1.48	result: MeasureResult(costs=(33.345288744,), error_no=MeasureErrorNo.NO_ERROR, all_cost=67.16794490814209, timestamp=1689857719.1020133)	[('tile_y', 10), ('tile_x', 32), ('tile_y1', 15), ('tile_x1', 2), ('tile_y2', 16), ('tile_x2', 80)],None,51160181
autotvm - DEBUG - No: 33	GFLOPS: 1.42/1.48	result: MeasureResult(costs=(33.744263902,), error_no=MeasureErrorNo.NO_ERROR, all_cost=68.32185435295105, timestamp=1689857787.199011)	[('tile_y', 200), ('tile_x', 800), ('tile_y1', 100), ('tile_x1', 8), ('tile_y2', 24), ('tile_x2', 80)],None,51466172
autotvm - DEBUG - No: 34	GFLOPS: 1.41/1.48	result: MeasureResult(costs=(33.991843622,), error_no=MeasureErrorNo.NO_ERROR, all_cost=68.74679732322693, timestamp=1689857855.6823537)	[('tile_y', 250), ('tile_x', 80), ('tile_y1', 5), ('tile_x1', 5), ('tile_y2', 10), ('tile_x2', 160)],None,59055757
autotvm - DEBUG - No: 35	GFLOPS: 1.50/1.50	result: MeasureResult(costs=(31.975692024,), error_no=MeasureErrorNo.NO_ERROR, all_cost=66.82664275169373, timestamp=1689857922.4791644)	[('tile_y', 250), ('tile_x', 200), ('tile_y1', 40), ('tile_x1', 100), ('tile_y2', 200), ('tile_x2', 800)],None,73911133
autotvm - DEBUG - No: 36	GFLOPS: 1.45/1.50	result: MeasureResult(costs=(33.04686437,), error_no=MeasureErrorNo.NO_ERROR, all_cost=66.57636308670044, timestamp=1689857989.036371)	[('tile_y', 1), ('tile_x', 16), ('tile_y1', 75), ('tile_x1', 40), ('tile_y2', 100), ('tile_x2', 80)],None,52744128
autotvm - DEBUG - No: 37	GFLOPS: 1.38/1.50	result: MeasureResult(costs=(34.867717494,), error_no=MeasureErrorNo.NO_ERROR, all_cost=69.33456301689148, timestamp=1689858058.135904)	[('tile_y', 4), ('tile_x', 80), ('tile_y1', 48), ('tile_x1', 125), ('tile_y2', 240), ('tile_x2', 16)],None,28439042
autotvm - DEBUG - No: 38	GFLOPS: 1.47/1.50	result: MeasureResult(costs=(32.652137859,), error_no=MeasureErrorNo.NO_ERROR, all_cost=65.76542544364929, timestamp=1689858123.8008957)	[('tile_y', 125), ('tile_x', 5), ('tile_y1', 60), ('tile_x1', 250), ('tile_y2', 24), ('tile_x2', 200)],None,63984443
autotvm - DEBUG - No: 39	GFLOPS: 1.41/1.50	result: MeasureResult(costs=(34.037570084,), error_no=MeasureErrorNo.NO_ERROR, all_cost=68.01600289344788, timestamp=1689858191.7147217)	[('tile_y', 500), ('tile_x', 16), ('tile_y1', 40), ('tile_x1', 250), ('tile_y2', 80), ('tile_x2', 4)],None,11175950
autotvm - DEBUG - No: 40	GFLOPS: 1.47/1.50	result: MeasureResult(costs=(32.756753458,), error_no=MeasureErrorNo.NO_ERROR, all_cost=68.5133068561554, timestamp=1689858260.125277)	[('tile_y', 40), ('tile_x', 800), ('tile_y1', 200), ('tile_x1', 50), ('tile_y2', 300), ('tile_x2', 160)],None,61739992
autotvm - DEBUG - No: 41	GFLOPS: 1.49/1.50	result: MeasureResult(costs=(32.238107456,), error_no=MeasureErrorNo.NO_ERROR, all_cost=65.25083684921265, timestamp=1689858325.15412)	[('tile_y', 500), ('tile_x', 200), ('tile_y1', 240), ('tile_x1', 50), ('tile_y2', 100), ('tile_x2', 800)],None,73490654
autotvm - DEBUG - No: 42	GFLOPS: 1.45/1.50	result: MeasureResult(costs=(33.024863438,), error_no=MeasureErrorNo.NO_ERROR, all_cost=66.76555037498474, timestamp=1689858391.7613041)	[('tile_y', 8), ('tile_x', 5), ('tile_y1', 200), ('tile_x1', 200), ('tile_y2', 50), ('tile_x2', 160)],None,60521524
autotvm - DEBUG - No: 43	GFLOPS: 1.34/1.50	result: MeasureResult(costs=(35.927054688999995,), error_no=MeasureErrorNo.NO_ERROR, all_cost=72.29214835166931, timestamp=1689858464.0096061)	[('tile_y', 2), ('tile_x', 200), ('tile_y1', 6), ('tile_x1', 2), ('tile_y2', 1), ('tile_x2', 100)],None,53923921
autotvm - DEBUG - No: 44	GFLOPS: 1.49/1.50	result: MeasureResult(costs=(32.223427142,), error_no=MeasureErrorNo.NO_ERROR, all_cost=65.80837368965149, timestamp=1689858529.6268196)	[('tile_y', 2), ('tile_x', 800), ('tile_y1', 15), ('tile_x1', 100), ('tile_y2', 10), ('tile_x2', 400)],None,67412145
autotvm - DEBUG - No: 45	GFLOPS: 1.43/1.50	result: MeasureResult(costs=(33.555645205,), error_no=MeasureErrorNo.NO_ERROR, all_cost=69.21323752403259, timestamp=1689858598.70962)	[('tile_y', 20), ('tile_x', 50), ('tile_y1', 8), ('tile_x1', 10), ('tile_y2', 3), ('tile_x2', 100)],None,54235190
autotvm - DEBUG - No: 46	GFLOPS: 1.44/1.50	result: MeasureResult(costs=(33.389528075,), error_no=MeasureErrorNo.NO_ERROR, all_cost=67.03292942047119, timestamp=1689858665.490133)	[('tile_y', 200), ('tile_x', 1), ('tile_y1', 20), ('tile_x1', 50), ('tile_y2', 10), ('tile_x2', 80)],None,50815020
autotvm - DEBUG - No: 47	GFLOPS: 1.44/1.50	result: MeasureResult(costs=(33.281653913,), error_no=MeasureErrorNo.NO_ERROR, all_cost=66.69789004325867, timestamp=1689858732.1414306)	[('tile_y', 20), ('tile_x', 4), ('tile_y1', 50), ('tile_x1', 4), ('tile_y2', 80), ('tile_x2', 80)],None,52553414
autotvm - DEBUG - No: 48	GFLOPS: 1.47/1.50	result: MeasureResult(costs=(32.665010245000005,), error_no=MeasureErrorNo.NO_ERROR, all_cost=66.05934023857117, timestamp=1689858798.006162)	[('tile_y', 100), ('tile_x', 5), ('tile_y1', 6), ('tile_x1', 40), ('tile_y2', 6), ('tile_x2', 200)],None,62969818
autotvm - DEBUG - No: 49	GFLOPS: 1.41/1.50	result: MeasureResult(costs=(34.123188455000005,), error_no=MeasureErrorNo.NO_ERROR, all_cost=69.64266562461853, timestamp=1689858867.1043332)	[('tile_y', 8), ('tile_x', 40), ('tile_y1', 3), ('tile_x1', 20), ('tile_y2', 10), ('tile_x2', 40)],None,42492260
autotvm - DEBUG - No: 50	GFLOPS: 1.37/1.50	result: MeasureResult(costs=(35.149021693,), error_no=MeasureErrorNo.NO_ERROR, all_cost=70.5755832195282, timestamp=1689858937.6143076)	[('tile_y', 1000), ('tile_x', 8), ('tile_y1', 12), ('tile_x1', 20), ('tile_y2', 75), ('tile_x2', 16)],None,27563983
autotvm - DEBUG - No: 51	GFLOPS: 1.45/1.50	result: MeasureResult(costs=(33.187531695,), error_no=MeasureErrorNo.NO_ERROR, all_cost=67.04024529457092, timestamp=1689859004.5303664)	[('tile_y', 40), ('tile_x', 160), ('tile_y1', 80), ('tile_x1', 125), ('tile_y2', 40), ('tile_x2', 25)],None,35352232
autotvm - DEBUG - No: 52	GFLOPS: 1.44/1.50	result: MeasureResult(costs=(33.427245481,), error_no=MeasureErrorNo.NO_ERROR, all_cost=68.88170099258423, timestamp=1689859073.2238395)	[('tile_y', 5), ('tile_x', 50), ('tile_y1', 15), ('tile_x1', 2), ('tile_y2', 40), ('tile_x2', 8)],None,18673811
autotvm - DEBUG - No: 53	GFLOPS: 1.45/1.50	result: MeasureResult(costs=(33.029573580999994,), error_no=MeasureErrorNo.NO_ERROR, all_cost=66.70380854606628, timestamp=1689859139.8112042)	[('tile_y', 125), ('tile_x', 40), ('tile_y1', 60), ('tile_x1', 8), ('tile_y2', 48), ('tile_x2', 80)],None,52018155
autotvm - DEBUG - No: 54	GFLOPS: 1.40/1.50	result: MeasureResult(costs=(34.184727626,), error_no=MeasureErrorNo.NO_ERROR, all_cost=68.56078433990479, timestamp=1689859208.3108742)	[('tile_y', 1), ('tile_x', 80), ('tile_y1', 1), ('tile_x1', 40), ('tile_y2', 20), ('tile_x2', 1)],None,1589952
autotvm - DEBUG - No: 55	GFLOPS: 1.38/1.50	result: MeasureResult(costs=(34.829119927,), error_no=MeasureErrorNo.NO_ERROR, all_cost=70.9119119644165, timestamp=1689859279.005806)	[('tile_y', 125), ('tile_x', 2), ('tile_y1', 200), ('tile_x1', 2), ('tile_y2', 25), ('tile_x2', 5)],None,14254299
autotvm - DEBUG - No: 56	GFLOPS: 0.98/1.50	result: MeasureResult(costs=(48.881789269,), error_no=MeasureErrorNo.NO_ERROR, all_cost=91.90209889411926, timestamp=1689859370.5894377)	[('tile_y', 5), ('tile_x', 10), ('tile_y1', 3), ('tile_x1', 125), ('tile_y2', 600), ('tile_x2', 1)],None,3966419
autotvm - DEBUG - No: 57	GFLOPS: 1.48/1.50	result: MeasureResult(costs=(32.424510792,), error_no=MeasureErrorNo.NO_ERROR, all_cost=66.37525773048401, timestamp=1689859436.7540038)	[('tile_y', 2), ('tile_x', 4), ('tile_y1', 200), ('tile_x1', 5), ('tile_y2', 15), ('tile_x2', 32)],None,38601825
autotvm - DEBUG - No: 58	GFLOPS: 1.42/1.50	result: MeasureResult(costs=(33.898902764999995,), error_no=MeasureErrorNo.NO_ERROR, all_cost=68.1204526424408, timestamp=1689859504.6658742)	[('tile_y', 4), ('tile_x', 50), ('tile_y1', 12), ('tile_x1', 2), ('tile_y2', 200), ('tile_x2', 10)],None,24064882
autotvm - DEBUG - No: 59	GFLOPS: 1.41/1.50	result: MeasureResult(costs=(34.044528619,), error_no=MeasureErrorNo.NO_ERROR, all_cost=68.69892644882202, timestamp=1689859573.2173867)	[('tile_y', 500), ('tile_x', 40), ('tile_y1', 1), ('tile_x1', 10), ('tile_y2', 6), ('tile_x2', 40)],None,42206574
autotvm - DEBUG - No: 60	GFLOPS: 1.43/1.50	result: MeasureResult(costs=(33.563445648,), error_no=MeasureErrorNo.NO_ERROR, all_cost=67.8902428150177, timestamp=1689859640.8468819)	[('tile_y', 4), ('tile_x', 160), ('tile_y1', 300), ('tile_x1', 8), ('tile_y2', 10), ('tile_x2', 20)],None,30040354
autotvm - DEBUG - No: 61	GFLOPS: 1.40/1.50	result: MeasureResult(costs=(34.216212379,), error_no=MeasureErrorNo.NO_ERROR, all_cost=69.23129415512085, timestamp=1689859709.884698)	[('tile_y', 250), ('tile_x', 80), ('tile_y1', 75), ('tile_x1', 1), ('tile_y2', 4), ('tile_x2', 25)],None,33597997
autotvm - DEBUG - No: 62	GFLOPS: 1.43/1.50	result: MeasureResult(costs=(33.460398032,), error_no=MeasureErrorNo.NO_ERROR, all_cost=66.88017678260803, timestamp=1689859776.6123857)	[('tile_y', 1000), ('tile_x', 40), ('tile_y1', 400), ('tile_x1', 125), ('tile_y2', 100), ('tile_x2', 20)],None,32036431
autotvm - DEBUG - No: 63	GFLOPS: 1.42/1.50	result: MeasureResult(costs=(33.824619541,), error_no=MeasureErrorNo.NO_ERROR, all_cost=67.96888875961304, timestamp=1689859844.2058637)	[('tile_y', 2), ('tile_x', 50), ('tile_y1', 48), ('tile_x1', 40), ('tile_y2', 10), ('tile_x2', 25)],None,34219185
autotvm - DEBUG - No: 64	GFLOPS: 1.45/1.50	result: MeasureResult(costs=(33.049693904,), error_no=MeasureErrorNo.NO_ERROR, all_cost=67.92693257331848, timestamp=1689859911.9598012)	[('tile_y', 500), ('tile_x', 200), ('tile_y1', 10), ('tile_x1', 500), ('tile_y2', 10), ('tile_x2', 200)],None,63298910
autotvm - DEBUG - No: 65	GFLOPS: 1.37/1.50	result: MeasureResult(costs=(34.958615955,), error_no=MeasureErrorNo.NO_ERROR, all_cost=71.7037923336029, timestamp=1689859983.4035459)	[('tile_y', 1000), ('tile_x', 40), ('tile_y1', 48), ('tile_x1', 1000), ('tile_y2', 30), ('tile_x2', 25)],None,35247343
autotvm - DEBUG - No: 66	GFLOPS: 1.43/1.50	result: MeasureResult(costs=(33.47909557,), error_no=MeasureErrorNo.NO_ERROR, all_cost=67.1028983592987, timestamp=1689860050.311635)	[('tile_y', 200), ('tile_x', 800), ('tile_y1', 100), ('tile_x1', 200), ('tile_y2', 10), ('tile_x2', 100)],None,54991292
autotvm - DEBUG - No: 67	GFLOPS: 1.36/1.50	result: MeasureResult(costs=(35.355443208,), error_no=MeasureErrorNo.NO_ERROR, all_cost=70.96507811546326, timestamp=1689860121.1200078)	[('tile_y', 250), ('tile_x', 32), ('tile_y1', 48), ('tile_x1', 200), ('tile_y2', 200), ('tile_x2', 2)],None,7573405
autotvm - DEBUG - No: 68	GFLOPS: 1.36/1.50	result: MeasureResult(costs=(35.331410418,), error_no=MeasureErrorNo.NO_ERROR, all_cost=71.07830166816711, timestamp=1689860191.9630792)	[('tile_y', 2), ('tile_x', 40), ('tile_y1', 4), ('tile_x1', 125), ('tile_y2', 6), ('tile_x2', 4)],None,9081665
autotvm - DEBUG - No: 69	GFLOPS: 1.48/1.50	result: MeasureResult(costs=(32.394613547,), error_no=MeasureErrorNo.NO_ERROR, all_cost=65.93777465820312, timestamp=1689860257.7248662)	[('tile_y', 40), ('tile_x', 200), ('tile_y1', 80), ('tile_x1', 200), ('tile_y2', 75), ('tile_x2', 160)],None,60797048
autotvm - DEBUG - No: 70	GFLOPS: 1.42/1.50	result: MeasureResult(costs=(33.898562059999996,), error_no=MeasureErrorNo.NO_ERROR, all_cost=68.1168794631958, timestamp=1689860325.6103659)	[('tile_y', 20), ('tile_x', 20), ('tile_y1', 1200), ('tile_x1', 100), ('tile_y2', 400), ('tile_x2', 10)],None,24563350
autotvm - DEBUG - No: 71	GFLOPS: 1.44/1.50	result: MeasureResult(costs=(33.225521957,), error_no=MeasureErrorNo.NO_ERROR, all_cost=69.56293845176697, timestamp=1689860394.9079206)	[('tile_y', 1000), ('tile_x', 20), ('tile_y1', 5), ('tile_x1', 40), ('tile_y2', 300), ('tile_x2', 80)],None,53431039
autotvm - DEBUG - No: 72	GFLOPS: 1.44/1.50	result: MeasureResult(costs=(33.373428641,), error_no=MeasureErrorNo.NO_ERROR, all_cost=67.09641671180725, timestamp=1689860461.7959633)	[('tile_y', 125), ('tile_x', 8), ('tile_y1', 5), ('tile_x1', 1000), ('tile_y2', 16), ('tile_x2', 20)],None,30543627
autotvm - DEBUG - No: 73	GFLOPS: 1.39/1.50	result: MeasureResult(costs=(34.501488338,), error_no=MeasureErrorNo.NO_ERROR, all_cost=69.15844535827637, timestamp=1689860530.7041957)	[('tile_y', 50), ('tile_x', 25), ('tile_y1', 6), ('tile_x1', 4), ('tile_y2', 1200), ('tile_x2', 50)],None,49647017
autotvm - DEBUG - No: 74	GFLOPS: 1.38/1.50	result: MeasureResult(costs=(34.755672233999995,), error_no=MeasureErrorNo.NO_ERROR, all_cost=71.23777985572815, timestamp=1689860601.8315444)	[('tile_y', 200), ('tile_x', 20), ('tile_y1', 48), ('tile_x1', 4), ('tile_y2', 6), ('tile_x2', 20)],None,29743612
autotvm - DEBUG - No: 75	GFLOPS: 1.45/1.50	result: MeasureResult(costs=(33.01859598,), error_no=MeasureErrorNo.NO_ERROR, all_cost=67.29655122756958, timestamp=1689860669.0756578)	[('tile_y', 100), ('tile_x', 160), ('tile_y1', 80), ('tile_x1', 1), ('tile_y2', 150), ('tile_x2', 80)],None,52951914
autotvm - DEBUG - No: 76	GFLOPS: 1.49/1.50	result: MeasureResult(costs=(32.190367912999996,), error_no=MeasureErrorNo.NO_ERROR, all_cost=64.55706667900085, timestamp=1689860733.5817463)	[('tile_y', 1000), ('tile_x', 8), ('tile_y1', 2), ('tile_x1', 500), ('tile_y2', 200), ('tile_x2', 50)],None,49058287
autotvm - DEBUG - No: 77	GFLOPS: 1.45/1.50	result: MeasureResult(costs=(32.994486504,), error_no=MeasureErrorNo.NO_ERROR, all_cost=66.85739350318909, timestamp=1689860800.2193863)	[('tile_y', 500), ('tile_x', 50), ('tile_y1', 120), ('tile_x1', 50), ('tile_y2', 150), ('tile_x2', 100)],None,57177406
autotvm - DEBUG - No: 78	GFLOPS: 1.41/1.50	result: MeasureResult(costs=(33.971765141000006,), error_no=MeasureErrorNo.NO_ERROR, all_cost=68.74249768257141, timestamp=1689860868.8621292)	[('tile_y', 500), ('tile_x', 4), ('tile_y1', 5), ('tile_x1', 50), ('tile_y2', 12), ('tile_x2', 16)],None,26068078
autotvm - DEBUG - No: 79	GFLOPS: 1.44/1.50	result: MeasureResult(costs=(33.338583992,), error_no=MeasureErrorNo.NO_ERROR, all_cost=68.54421257972717, timestamp=1689860937.0324934)	[('tile_y', 2), ('tile_x', 400), ('tile_y1', 300), ('tile_x1', 10), ('tile_y2', 12), ('tile_x2', 40)],None,42628865
autotvm - DEBUG - No: 80	GFLOPS: 1.41/1.50	result: MeasureResult(costs=(33.943650172,), error_no=MeasureErrorNo.NO_ERROR, all_cost=67.99226427078247, timestamp=1689861004.8133109)	[('tile_y', 2), ('tile_x', 32), ('tile_y1', 30), ('tile_x1', 2), ('tile_y2', 100), ('tile_x2', 5)],None,15357457
autotvm - DEBUG - No: 81	GFLOPS: 1.14/1.50	result: MeasureResult(costs=(42.023945485999995,), error_no=MeasureErrorNo.NO_ERROR, all_cost=83.55051136016846, timestamp=1689861088.3248692)	[('tile_y', 250), ('tile_x', 100), ('tile_y1', 8), ('tile_x1', 20), ('tile_y2', 240), ('tile_x2', 1)],None,3509789
autotvm - DEBUG - No: 82	GFLOPS: 1.45/1.50	result: MeasureResult(costs=(33.146297292,), error_no=MeasureErrorNo.NO_ERROR, all_cost=66.92574620246887, timestamp=1689861155.071028)	[('tile_y', 250), ('tile_x', 10), ('tile_y1', 25), ('tile_x1', 10), ('tile_y2', 50), ('tile_x2', 25)],None,35574717
autotvm - DEBUG - No: 83	GFLOPS: 1.17/1.50	result: MeasureResult(costs=(40.88681863,), error_no=MeasureErrorNo.NO_ERROR, all_cost=82.54620575904846, timestamp=1689861237.5708241)	[('tile_y', 1000), ('tile_x', 200), ('tile_y1', 1), ('tile_x1', 20), ('tile_y2', 240), ('tile_x2', 1)],None,3508095
autotvm - DEBUG - No: 84	GFLOPS: 1.37/1.50	result: MeasureResult(costs=(35.164505033000005,), error_no=MeasureErrorNo.NO_ERROR, all_cost=71.61368465423584, timestamp=1689861309.149378)	[('tile_y', 2), ('tile_x', 200), ('tile_y1', 15), ('tile_x1', 10), ('tile_y2', 2), ('tile_x2', 8)],None,16773073
autotvm - DEBUG - No: 85	GFLOPS: 1.48/1.50	result: MeasureResult(costs=(32.525032761,), error_no=MeasureErrorNo.NO_ERROR, all_cost=68.00679993629456, timestamp=1689861376.9113548)	[('tile_y', 8), ('tile_x', 50), ('tile_y1', 20), ('tile_x1', 25), ('tile_y2', 300), ('tile_x2', 80)],None,53424468
autotvm - DEBUG - No: 86	GFLOPS: 1.50/1.50	result: MeasureResult(costs=(31.999662858,), error_no=MeasureErrorNo.NO_ERROR, all_cost=65.6112744808197, timestamp=1689861442.3036318)	[('tile_y', 5), ('tile_x', 800), ('tile_y1', 4), ('tile_x1', 250), ('tile_y2', 25), ('tile_x2', 160)],None,59971379
autotvm - DEBUG - No: 87	GFLOPS: 1.47/1.50	result: MeasureResult(costs=(32.656950531,), error_no=MeasureErrorNo.NO_ERROR, all_cost=65.82606840133667, timestamp=1689861507.9018862)	[('tile_y', 1000), ('tile_x', 40), ('tile_y1', 1), ('tile_x1', 1000), ('tile_y2', 150), ('tile_x2', 800)],None,73811695
autotvm - DEBUG - No: 88	GFLOPS: 1.41/1.50	result: MeasureResult(costs=(33.928875878999996,), error_no=MeasureErrorNo.NO_ERROR, all_cost=71.41673874855042, timestamp=1689861579.1520052)	[('tile_y', 10), ('tile_x', 8), ('tile_y1', 400), ('tile_x1', 10), ('tile_y2', 400), ('tile_x2', 16)],None,28666725
autotvm - DEBUG - No: 89	GFLOPS: 1.17/1.50	result: MeasureResult(costs=(41.022227786,), error_no=MeasureErrorNo.NO_ERROR, all_cost=81.95932650566101, timestamp=1689861661.0573974)	[('tile_y', 250), ('tile_x', 80), ('tile_y1', 100), ('tile_x1', 125), ('tile_y2', 400), ('tile_x2', 1)],None,3833773
autotvm - DEBUG - No: 90	GFLOPS: 1.47/1.50	result: MeasureResult(costs=(32.656813295,), error_no=MeasureErrorNo.NO_ERROR, all_cost=66.07710242271423, timestamp=1689861727.0640917)	[('tile_y', 125), ('tile_x', 80), ('tile_y1', 2), ('tile_x1', 25), ('tile_y2', 48), ('tile_x2', 32)],None,39597611
autotvm - DEBUG - No: 91	GFLOPS: 1.43/1.50	result: MeasureResult(costs=(33.491520267,), error_no=MeasureErrorNo.NO_ERROR, all_cost=68.13730311393738, timestamp=1689861794.8584886)	[('tile_y', 50), ('tile_x', 160), ('tile_y1', 4), ('tile_x1', 5), ('tile_y2', 12), ('tile_x2', 40)],None,42604937
autotvm - DEBUG - No: 92	GFLOPS: 1.33/1.50	result: MeasureResult(costs=(36.212758282,), error_no=MeasureErrorNo.NO_ERROR, all_cost=73.45923113822937, timestamp=1689861868.0672174)	[('tile_y', 100), ('tile_x', 16), ('tile_y1', 48), ('tile_x1', 25), ('tile_y2', 3), ('tile_x2', 8)],None,16930474
autotvm - DEBUG - No: 93	GFLOPS: 1.47/1.50	result: MeasureResult(costs=(32.583348012,), error_no=MeasureErrorNo.NO_ERROR, all_cost=65.6813600063324, timestamp=1689861933.615981)	[('tile_y', 200), ('tile_x', 200), ('tile_y1', 200), ('tile_x1', 40), ('tile_y2', 60), ('tile_x2', 800)],None,73067004
autotvm - DEBUG - No: 94	GFLOPS: 1.43/1.50	result: MeasureResult(costs=(33.53472932,), error_no=MeasureErrorNo.NO_ERROR, all_cost=68.72088122367859, timestamp=1689862002.106759)	[('tile_y', 5), ('tile_x', 32), ('tile_y1', 5), ('tile_x1', 200), ('tile_y2', 3), ('tile_x2', 200)],None,62589459
autotvm - DEBUG - No: 95	GFLOPS: 1.47/1.50	result: MeasureResult(costs=(32.757436114,), error_no=MeasureErrorNo.NO_ERROR, all_cost=66.21090745925903, timestamp=1689862068.1363215)	[('tile_y', 125), ('tile_x', 80), ('tile_y1', 40), ('tile_x1', 1000), ('tile_y2', 240), ('tile_x2', 200)],None,65798123
autotvm - DEBUG - No: 96	GFLOPS: 1.47/1.50	result: MeasureResult(costs=(32.609776043000004,), error_no=MeasureErrorNo.NO_ERROR, all_cost=65.79259419441223, timestamp=1689862133.6944456)	[('tile_y', 125), ('tile_x', 100), ('tile_y1', 150), ('tile_x1', 100), ('tile_y2', 40), ('tile_x2', 200)],None,64374843
autotvm - DEBUG - No: 97	GFLOPS: 1.46/1.50	result: MeasureResult(costs=(32.824766212,), error_no=MeasureErrorNo.NO_ERROR, all_cost=67.68066453933716, timestamp=1689862201.1232336)	[('tile_y', 500), ('tile_x', 16), ('tile_y1', 50), ('tile_x1', 200), ('tile_y2', 40), ('tile_x2', 25)],None,35359886
autotvm - DEBUG - No: 98	GFLOPS: 1.37/1.50	result: MeasureResult(costs=(35.037045688999996,), error_no=MeasureErrorNo.NO_ERROR, all_cost=71.03271889686584, timestamp=1689862272.000437)	[('tile_y', 25), ('tile_x', 25), ('tile_y1', 150), ('tile_x1', 1000), ('tile_y2', 100), ('tile_x2', 2)],None,7186599
autotvm - DEBUG - No: 99	GFLOPS: 1.51/1.51	result: MeasureResult(costs=(31.845106526,), error_no=MeasureErrorNo.NO_ERROR, all_cost=65.18930459022522, timestamp=1689862336.9935942)	[('tile_y', 8), ('tile_x', 32), ('tile_y1', 12), ('tile_x1', 8), ('tile_y2', 30), ('tile_x2', 200)],None,64180372
autotvm - DEBUG - No: 100	GFLOPS: 1.50/1.51	result: MeasureResult(costs=(32.057396456,), error_no=MeasureErrorNo.NO_ERROR, all_cost=64.76378631591797, timestamp=1689862401.750297)	[('tile_y', 250), ('tile_x', 40), ('tile_y1', 2), ('tile_x1', 20), ('tile_y2', 48), ('tile_x2', 160)],None,60324941
root - INFO - Elpased time = 6852.021780729294
autotvm - DEBUG - Finish loading 100 records
