root - INFO - XGB Tuner 3MM - 2023-07-20 09:51:06.019108
autotvm - DEBUG - waiting for device...
autotvm - DEBUG - device available
autotvm - INFO - Get devices for measurement successfully!
autotvm - DEBUG - No: 1	GFLOPS: 1.40/1.40	result: MeasureResult(costs=(34.208078969,), error_no=MeasureErrorNo.NO_ERROR, all_cost=69.4417371749878, timestamp=1689864740.6015239)	[('tile_y', 1000), ('tile_x', 100), ('tile_y1', 15), ('tile_x1', 1000), ('tile_y2', 8), ('tile_x2', 8)],None,17550655
autotvm - DEBUG - No: 2	GFLOPS: 1.36/1.40	result: MeasureResult(costs=(35.376081267,), error_no=MeasureErrorNo.NO_ERROR, all_cost=70.63696551322937, timestamp=1689864811.1647546)	[('tile_y', 50), ('tile_x', 80), ('tile_y1', 3), ('tile_x1', 4), ('tile_y2', 75), ('tile_x2', 5)],None,15086217
autotvm - DEBUG - No: 3	GFLOPS: 1.42/1.42	result: MeasureResult(costs=(33.90123774,), error_no=MeasureErrorNo.NO_ERROR, all_cost=67.19778275489807, timestamp=1689864878.310743)	[('tile_y', 50), ('tile_x', 25), ('tile_y1', 240), ('tile_x1', 20), ('tile_y2', 20), ('tile_x2', 40)],None,43051817
autotvm - DEBUG - No: 4	GFLOPS: 1.29/1.42	result: MeasureResult(costs=(37.122196689,), error_no=MeasureErrorNo.NO_ERROR, all_cost=84.68357062339783, timestamp=1689864962.8369875)	[('tile_y', 5), ('tile_x', 100), ('tile_y1', 60), ('tile_x1', 100), ('tile_y2', 4), ('tile_x2', 4)],None,8800915
autotvm - DEBUG - No: 5	GFLOPS: 1.41/1.42	result: MeasureResult(costs=(34.124353027,), error_no=MeasureErrorNo.NO_ERROR, all_cost=68.50590300559998, timestamp=1689865031.1433794)	[('tile_y', 1), ('tile_x', 800), ('tile_y1', 20), ('tile_x1', 2), ('tile_y2', 50), ('tile_x2', 10)],None,23098160
autotvm - DEBUG - No: 6	GFLOPS: 1.40/1.42	result: MeasureResult(costs=(34.263217777,), error_no=MeasureErrorNo.NO_ERROR, all_cost=70.90065574645996, timestamp=1689865101.997115)	[('tile_y', 250), ('tile_x', 20), ('tile_y1', 4), ('tile_x1', 5), ('tile_y2', 16), ('tile_x2', 4)],None,9703709
autotvm - DEBUG - No: 7	GFLOPS: 1.30/1.42	result: MeasureResult(costs=(36.810037293,), error_no=MeasureErrorNo.NO_ERROR, all_cost=73.8968710899353, timestamp=1689865175.820115)	[('tile_y', 200), ('tile_x', 50), ('tile_y1', 8), ('tile_x1', 20), ('tile_y2', 4), ('tile_x2', 10)],None,21204476
autotvm - DEBUG - No: 8	GFLOPS: 1.34/1.42	result: MeasureResult(costs=(35.932715488,), error_no=MeasureErrorNo.NO_ERROR, all_cost=70.7013943195343, timestamp=1689865246.4752212)	[('tile_y', 1), ('tile_x', 400), ('tile_y1', 48), ('tile_x1', 20), ('tile_y2', 75), ('tile_x2', 10)],None,23419264
autotvm - DEBUG - No: 9	GFLOPS: 1.39/1.42	result: MeasureResult(costs=(34.415529491,), error_no=MeasureErrorNo.NO_ERROR, all_cost=75.27220869064331, timestamp=1689865321.7100186)	[('tile_y', 2), ('tile_x', 40), ('tile_y1', 20), ('tile_x1', 50), ('tile_y2', 12), ('tile_x2', 5)],None,13628609
autotvm - DEBUG - No: 10	GFLOPS: 1.50/1.50	result: MeasureResult(costs=(31.906702731000003,), error_no=MeasureErrorNo.NO_ERROR, all_cost=65.14520144462585, timestamp=1689865386.5038989)	[('tile_y', 500), ('tile_x', 160), ('tile_y1', 120), ('tile_x1', 125), ('tile_y2', 50), ('tile_x2', 32)],None,39776494
autotvm - DEBUG - No: 11	GFLOPS: 1.51/1.51	result: MeasureResult(costs=(31.893239775999998,), error_no=MeasureErrorNo.NO_ERROR, all_cost=64.72770690917969, timestamp=1689865451.170287)	[('tile_y', 4), ('tile_x', 400), ('tile_y1', 2), ('tile_x1', 200), ('tile_y2', 80), ('tile_x2', 200)],None,65077026
autotvm - DEBUG - No: 12	GFLOPS: 1.37/1.51	result: MeasureResult(costs=(35.050441019,), error_no=MeasureErrorNo.NO_ERROR, all_cost=74.66793537139893, timestamp=1689865525.6746778)	[('tile_y', 125), ('tile_x', 20), ('tile_y1', 120), ('tile_x1', 2), ('tile_y2', 6), ('tile_x2', 5)],None,13147899
autotvm - DEBUG - No: 13	GFLOPS: 1.43/1.51	result: MeasureResult(costs=(33.483824053999996,), error_no=MeasureErrorNo.NO_ERROR, all_cost=67.44481039047241, timestamp=1689865593.007075)	[('tile_y', 125), ('tile_x', 2), ('tile_y1', 100), ('tile_x1', 1), ('tile_y2', 100), ('tile_x2', 800)],None,73411515
autotvm - DEBUG - No: 14	GFLOPS: 1.11/1.51	result: MeasureResult(costs=(43.392766736,), error_no=MeasureErrorNo.NO_ERROR, all_cost=85.81186962127686, timestamp=1689865678.7648973)	[('tile_y', 50), ('tile_x', 16), ('tile_y1', 8), ('tile_x1', 2), ('tile_y2', 150), ('tile_x2', 1)],None,3189993
autotvm - DEBUG - No: 15	GFLOPS: 1.39/1.51	result: MeasureResult(costs=(34.517614853,), error_no=MeasureErrorNo.NO_ERROR, all_cost=69.23530626296997, timestamp=1689865747.8934467)	[('tile_y', 2), ('tile_x', 160), ('tile_y1', 15), ('tile_x1', 5), ('tile_y2', 200), ('tile_x2', 25)],None,36524097
autotvm - DEBUG - No: 16	GFLOPS: 1.38/1.51	result: MeasureResult(costs=(34.782650495,), error_no=MeasureErrorNo.NO_ERROR, all_cost=68.96257400512695, timestamp=1689865816.657513)	[('tile_y', 500), ('tile_x', 1), ('tile_y1', 25), ('tile_x1', 125), ('tile_y2', 10), ('tile_x2', 8)],None,17655278
autotvm - DEBUG - No: 17	GFLOPS: 1.16/1.51	result: MeasureResult(costs=(41.278885981,), error_no=MeasureErrorNo.NO_ERROR, all_cost=82.37911748886108, timestamp=1689865899.0146492)	[('tile_y', 25), ('tile_x', 8), ('tile_y1', 30), ('tile_x1', 4), ('tile_y2', 1), ('tile_x2', 5)],None,12462983
autotvm - DEBUG - No: 18	GFLOPS: 1.38/1.51	result: MeasureResult(costs=(34.777771122,), error_no=MeasureErrorNo.NO_ERROR, all_cost=70.35762667655945, timestamp=1689865969.258458)	[('tile_y', 50), ('tile_x', 5), ('tile_y1', 240), ('tile_x1', 20), ('tile_y2', 20), ('tile_x2', 4)],None,9874137
autotvm - DEBUG - No: 19	GFLOPS: 1.35/1.51	result: MeasureResult(costs=(35.605622415,), error_no=MeasureErrorNo.NO_ERROR, all_cost=71.26903867721558, timestamp=1689866040.4284296)	[('tile_y', 40), ('tile_x', 160), ('tile_y1', 5), ('tile_x1', 20), ('tile_y2', 25), ('tile_x2', 2)],None,5997544
autotvm - DEBUG - No: 20	GFLOPS: 1.40/1.51	result: MeasureResult(costs=(34.392754225999994,), error_no=MeasureErrorNo.NO_ERROR, all_cost=68.89698576927185, timestamp=1689866109.170487)	[('tile_y', 500), ('tile_x', 40), ('tile_y1', 16), ('tile_x1', 500), ('tile_y2', 80), ('tile_x2', 8)],None,19477614
autotvm - DEBUG - No: 21	GFLOPS: 1.35/1.51	result: MeasureResult(costs=(35.681094408999996,), error_no=MeasureErrorNo.NO_ERROR, all_cost=71.98967051506042, timestamp=1689866181.0778694)	[('tile_y', 1000), ('tile_x', 25), ('tile_y1', 25), ('tile_x1', 2), ('tile_y2', 600), ('tile_x2', 25)],None,37060847
autotvm - DEBUG - No: 22	GFLOPS: 1.34/1.51	result: MeasureResult(costs=(35.947260042,), error_no=MeasureErrorNo.NO_ERROR, all_cost=76.77928638458252, timestamp=1689866257.7839036)	[('tile_y', 1000), ('tile_x', 200), ('tile_y1', 25), ('tile_x1', 50), ('tile_y2', 12), ('tile_x2', 5)],None,13629279
autotvm - DEBUG - No: 23	GFLOPS: 1.48/1.51	result: MeasureResult(costs=(32.469403535,), error_no=MeasureErrorNo.NO_ERROR, all_cost=65.85200619697571, timestamp=1689866323.6019297)	[('tile_y', 1), ('tile_x', 32), ('tile_y1', 400), ('tile_x1', 5), ('tile_y2', 16), ('tile_x2', 200)],None,63624240
autotvm - DEBUG - No: 24	GFLOPS: 1.31/1.51	result: MeasureResult(costs=(36.656536548,), error_no=MeasureErrorNo.NO_ERROR, all_cost=72.98955345153809, timestamp=1689866396.4090867)	[('tile_y', 100), ('tile_x', 4), ('tile_y1', 16), ('tile_x1', 8), ('tile_y2', 240), ('tile_x2', 2)],None,7640682
autotvm - DEBUG - No: 25	GFLOPS: 1.34/1.51	result: MeasureResult(costs=(35.906517658,), error_no=MeasureErrorNo.NO_ERROR, all_cost=72.43863773345947, timestamp=1689866468.7450855)	[('tile_y', 25), ('tile_x', 160), ('tile_y1', 4), ('tile_x1', 8), ('tile_y2', 5), ('tile_x2', 8)],None,17177415
autotvm - DEBUG - No: 26	GFLOPS: 1.41/1.51	result: MeasureResult(costs=(34.056840184,), error_no=MeasureErrorNo.NO_ERROR, all_cost=67.78091597557068, timestamp=1689866536.4041712)	[('tile_y', 1000), ('tile_x', 50), ('tile_y1', 24), ('tile_x1', 8), ('tile_y2', 24), ('tile_x2', 5)],None,14138687
autotvm - DEBUG - No: 27	GFLOPS: 1.36/1.51	result: MeasureResult(costs=(35.273200363,), error_no=MeasureErrorNo.NO_ERROR, all_cost=71.7938711643219, timestamp=1689866607.9202302)	[('tile_y', 2), ('tile_x', 25), ('tile_y1', 2), ('tile_x1', 5), ('tile_y2', 12), ('tile_x2', 100)],None,55045857
autotvm - DEBUG - No: 28	GFLOPS: 1.47/1.51	result: MeasureResult(costs=(32.611957128,), error_no=MeasureErrorNo.NO_ERROR, all_cost=65.40002298355103, timestamp=1689866673.312126)	[('tile_y', 10), ('tile_x', 100), ('tile_y1', 100), ('tile_x1', 10), ('tile_y2', 60), ('tile_x2', 160)],None,60598581
autotvm - DEBUG - No: 29	GFLOPS: 1.37/1.51	result: MeasureResult(costs=(35.105592775,), error_no=MeasureErrorNo.NO_ERROR, all_cost=69.76750922203064, timestamp=1689866742.8026726)	[('tile_y', 8), ('tile_x', 1), ('tile_y1', 20), ('tile_x1', 4), ('tile_y2', 15), ('tile_x2', 25)],None,34442212
autotvm - DEBUG - No: 30	GFLOPS: 1.41/1.51	result: MeasureResult(costs=(34.055736065999994,), error_no=MeasureErrorNo.NO_ERROR, all_cost=69.13092923164368, timestamp=1689866811.6667426)	[('tile_y', 5), ('tile_x', 2), ('tile_y1', 3), ('tile_x1', 5), ('tile_y2', 10), ('tile_x2', 20)],None,30024595
autotvm - DEBUG - No: 31	GFLOPS: 1.47/1.51	result: MeasureResult(costs=(32.63428063,), error_no=MeasureErrorNo.NO_ERROR, all_cost=66.46164846420288, timestamp=1689866878.0438643)	[('tile_y', 25), ('tile_x', 50), ('tile_y1', 300), ('tile_x1', 500), ('tile_y2', 400), ('tile_x2', 80)],None,53627511
autotvm - DEBUG - No: 32	GFLOPS: 1.50/1.51	result: MeasureResult(costs=(32.06133932,), error_no=MeasureErrorNo.NO_ERROR, all_cost=65.93166160583496, timestamp=1689866943.8007715)	[('tile_y', 20), ('tile_x', 32), ('tile_y1', 10), ('tile_x1', 10), ('tile_y2', 48), ('tile_x2', 400)],None,68612406
autotvm - DEBUG - No: 33	GFLOPS: 1.33/1.51	result: MeasureResult(costs=(36.067371646,), error_no=MeasureErrorNo.NO_ERROR, all_cost=73.66834163665771, timestamp=1689867017.2663221)	[('tile_y', 40), ('tile_x', 16), ('tile_y1', 12), ('tile_x1', 125), ('tile_y2', 12), ('tile_x2', 1)],None,1203368
autotvm - DEBUG - No: 34	GFLOPS: 1.42/1.51	result: MeasureResult(costs=(33.751302988000006,), error_no=MeasureErrorNo.NO_ERROR, all_cost=68.46622490882874, timestamp=1689867085.5258844)	[('tile_y', 2), ('tile_x', 160), ('tile_y1', 6), ('tile_x1', 8), ('tile_y2', 50), ('tile_x2', 5)],None,14827905
autotvm - DEBUG - No: 35	GFLOPS: 1.48/1.51	result: MeasureResult(costs=(32.474633321,), error_no=MeasureErrorNo.NO_ERROR, all_cost=66.2114315032959, timestamp=1689867151.670117)	[('tile_y', 8), ('tile_x', 80), ('tile_y1', 100), ('tile_x1', 40), ('tile_y2', 240), ('tile_x2', 160)],None,61592164
autotvm - DEBUG - No: 36	GFLOPS: 1.15/1.51	result: MeasureResult(costs=(41.68415651,), error_no=MeasureErrorNo.NO_ERROR, all_cost=83.58229970932007, timestamp=1689867235.1821015)	[('tile_y', 1000), ('tile_x', 4), ('tile_y1', 5), ('tile_x1', 50), ('tile_y2', 2), ('tile_x2', 2)],None,4364399
autotvm - DEBUG - No: 37	GFLOPS: 1.31/1.51	result: MeasureResult(costs=(36.712863015,), error_no=MeasureErrorNo.NO_ERROR, all_cost=73.59155869483948, timestamp=1689867308.5407748)	[('tile_y', 10), ('tile_x', 16), ('tile_y1', 60), ('tile_x1', 250), ('tile_y2', 3), ('tile_x2', 25)],None,33571685
autotvm - DEBUG - No: 38	GFLOPS: 1.48/1.51	result: MeasureResult(costs=(32.355770714,), error_no=MeasureErrorNo.NO_ERROR, all_cost=65.50350308418274, timestamp=1689867373.852214)	[('tile_y', 100), ('tile_x', 400), ('tile_y1', 200), ('tile_x1', 20), ('tile_y2', 80), ('tile_x2', 800)],None,73326218
autotvm - DEBUG - No: 39	GFLOPS: 1.42/1.51	result: MeasureResult(costs=(33.862682802,), error_no=MeasureErrorNo.NO_ERROR, all_cost=69.10168600082397, timestamp=1689867442.7527132)	[('tile_y', 40), ('tile_x', 8), ('tile_y1', 5), ('tile_x1', 250), ('tile_y2', 600), ('tile_x2', 200)],None,66192264
autotvm - DEBUG - No: 40	GFLOPS: 1.36/1.51	result: MeasureResult(costs=(35.253282745,), error_no=MeasureErrorNo.NO_ERROR, all_cost=71.53062176704407, timestamp=1689867514.0543272)	[('tile_y', 8), ('tile_x', 16), ('tile_y1', 5), ('tile_x1', 1000), ('tile_y2', 60), ('tile_x2', 25)],None,35796772
autotvm - DEBUG - No: 41	GFLOPS: 1.29/1.51	result: MeasureResult(costs=(37.329581531,), error_no=MeasureErrorNo.NO_ERROR, all_cost=73.71429061889648, timestamp=1689867587.5774257)	[('tile_y', 8), ('tile_x', 2), ('tile_y1', 8), ('tile_x1', 1), ('tile_y2', 10), ('tile_x2', 2)],None,5116628
autotvm - DEBUG - No: 42	GFLOPS: 1.29/1.51	result: MeasureResult(costs=(37.231480970999996,), error_no=MeasureErrorNo.NO_ERROR, all_cost=75.49479126930237, timestamp=1689867663.0410964)	[('tile_y', 1), ('tile_x', 400), ('tile_y1', 300), ('tile_x1', 8), ('tile_y2', 3), ('tile_x2', 4)],None,8613184
autotvm - DEBUG - No: 43	GFLOPS: 1.17/1.51	result: MeasureResult(costs=(41.190828319,), error_no=MeasureErrorNo.NO_ERROR, all_cost=83.17392230033875, timestamp=1689867746.0267296)	[('tile_y', 1), ('tile_x', 20), ('tile_y1', 4), ('tile_x1', 25), ('tile_y2', 15), ('tile_x2', 1)],None,1305616
autotvm - DEBUG - No: 44	GFLOPS: 1.46/1.51	result: MeasureResult(costs=(32.775624828,), error_no=MeasureErrorNo.NO_ERROR, all_cost=67.54211020469666, timestamp=1689867813.3888404)	[('tile_y', 1), ('tile_x', 10), ('tile_y1', 6), ('tile_x1', 1), ('tile_y2', 8), ('tile_x2', 100)],None,54744560
autotvm - DEBUG - No: 45	GFLOPS: 1.29/1.51	result: MeasureResult(costs=(37.316537710999995,), error_no=MeasureErrorNo.NO_ERROR, all_cost=73.65660619735718, timestamp=1689867886.989872)	[('tile_y', 50), ('tile_x', 2), ('tile_y1', 15), ('tile_x1', 10), ('tile_y2', 40), ('tile_x2', 1)],None,2119417
autotvm - DEBUG - No: 46	GFLOPS: 1.19/1.51	result: MeasureResult(costs=(40.290987873,), error_no=MeasureErrorNo.NO_ERROR, all_cost=82.22879791259766, timestamp=1689867969.0469892)	[('tile_y', 40), ('tile_x', 50), ('tile_y1', 25), ('tile_x1', 25), ('tile_y2', 120), ('tile_x2', 1)],None,3105688
autotvm - DEBUG - No: 47	GFLOPS: 1.40/1.51	result: MeasureResult(costs=(34.261484269,), error_no=MeasureErrorNo.NO_ERROR, all_cost=68.3450653553009, timestamp=1689868037.14339)	[('tile_y', 8), ('tile_x', 16), ('tile_y1', 48), ('tile_x1', 10), ('tile_y2', 600), ('tile_x2', 50)],None,49537828
autotvm - DEBUG - No: 48	GFLOPS: 1.49/1.51	result: MeasureResult(costs=(32.183049571,), error_no=MeasureErrorNo.NO_ERROR, all_cost=65.07265734672546, timestamp=1689868102.036104)	[('tile_y', 500), ('tile_x', 2), ('tile_y1', 48), ('tile_x1', 250), ('tile_y2', 120), ('tile_x2', 200)],None,65366238
autotvm - DEBUG - No: 49	GFLOPS: 1.39/1.51	result: MeasureResult(costs=(34.423298695999996,), error_no=MeasureErrorNo.NO_ERROR, all_cost=69.68016600608826, timestamp=1689868171.5318928)	[('tile_y', 20), ('tile_x', 5), ('tile_y1', 75), ('tile_x1', 1), ('tile_y2', 300), ('tile_x2', 10)],None,24335766
autotvm - DEBUG - No: 50	GFLOPS: 1.49/1.51	result: MeasureResult(costs=(32.179232761,), error_no=MeasureErrorNo.NO_ERROR, all_cost=65.49281239509583, timestamp=1689868236.812606)	[('tile_y', 5), ('tile_x', 4), ('tile_y1', 240), ('tile_x1', 10), ('tile_y2', 50), ('tile_x2', 80)],None,52166915
autotvm - DEBUG - No: 51	GFLOPS: 1.50/1.51	result: MeasureResult(costs=(32.05535181,), error_no=MeasureErrorNo.NO_ERROR, all_cost=64.93944644927979, timestamp=1689868301.6383698)	[('tile_y', 1), ('tile_x', 50), ('tile_y1', 600), ('tile_x1', 5), ('tile_y2', 240), ('tile_x2', 100)],None,57403760
autotvm - DEBUG - No: 52	GFLOPS: 1.47/1.51	result: MeasureResult(costs=(32.678327286,), error_no=MeasureErrorNo.NO_ERROR, all_cost=66.16326379776001, timestamp=1689868367.772905)	[('tile_y', 8), ('tile_x', 4), ('tile_y1', 600), ('tile_x1', 200), ('tile_y2', 16), ('tile_x2', 160)],None,59554980
autotvm - DEBUG - No: 53	GFLOPS: 1.40/1.51	result: MeasureResult(costs=(34.366626614,), error_no=MeasureErrorNo.NO_ERROR, all_cost=70.1826241016388, timestamp=1689868437.7750158)	[('tile_y', 40), ('tile_x', 40), ('tile_y1', 16), ('tile_x1', 200), ('tile_y2', 400), ('tile_x2', 2)],None,7986408
autotvm - DEBUG - No: 54	GFLOPS: 1.38/1.51	result: MeasureResult(costs=(34.709323209000004,), error_no=MeasureErrorNo.NO_ERROR, all_cost=70.01535177230835, timestamp=1689868507.720963)	[('tile_y', 500), ('tile_x', 20), ('tile_y1', 12), ('tile_x1', 10), ('tile_y2', 75), ('tile_x2', 4)],None,10966590
autotvm - DEBUG - No: 55	GFLOPS: 1.38/1.51	result: MeasureResult(costs=(34.854333377,), error_no=MeasureErrorNo.NO_ERROR, all_cost=70.01173663139343, timestamp=1689868577.5512671)	[('tile_y', 10), ('tile_x', 160), ('tile_y1', 75), ('tile_x1', 1000), ('tile_y2', 120), ('tile_x2', 4)],None,11470981
autotvm - DEBUG - No: 56	GFLOPS: 1.49/1.51	result: MeasureResult(costs=(32.190706815,), error_no=MeasureErrorNo.NO_ERROR, all_cost=66.41945934295654, timestamp=1689868643.7797077)	[('tile_y', 200), ('tile_x', 50), ('tile_y1', 4), ('tile_x1', 50), ('tile_y2', 200), ('tile_x2', 800)],None,73898972
root - INFO - Elpased time = 3977.0966351032257
autotvm - DEBUG - Finish loading 56 records
