root - INFO - GA Tuner Matrix Multiplication - 2023-07-21 15:43:33.020393
autotvm - DEBUG - waiting for device...
autotvm - DEBUG - device available
autotvm - INFO - Get devices for measurement successfully!
autotvm - DEBUG - No: 1	GFLOPS: 3.58/3.58	result: MeasureResult(costs=(0.7384202780000001,), error_no=MeasureErrorNo.NO_ERROR, all_cost=2.5769195556640625, timestamp=1689972221.1773582)	[('tile_x', 10), ('tile_y', 1)],None,5
autotvm - DEBUG - No: 2	GFLOPS: 6.12/6.12	result: MeasureResult(costs=(0.43131471299999996,), error_no=MeasureErrorNo.NO_ERROR, all_cost=1.6741852760314941, timestamp=1689972222.301898)	[('tile_x', 100), ('tile_y', 1)],None,10
autotvm - DEBUG - No: 3	GFLOPS: 5.92/6.12	result: MeasureResult(costs=(0.44592873,), error_no=MeasureErrorNo.NO_ERROR, all_cost=1.9302191734313965, timestamp=1689972223.4087374)	[('tile_x', 200), ('tile_y', 1)],None,12
autotvm - DEBUG - No: 4	GFLOPS: 4.22/6.12	result: MeasureResult(costs=(0.625520293,), error_no=MeasureErrorNo.NO_ERROR, all_cost=2.1895363330841064, timestamp=1689972224.8698823)	[('tile_x', 10), ('tile_y', 2)],None,21
autotvm - DEBUG - No: 5	GFLOPS: 7.93/7.93	result: MeasureResult(costs=(0.333042789,), error_no=MeasureErrorNo.NO_ERROR, all_cost=1.398399829864502, timestamp=1689972225.7991683)	[('tile_x', 100), ('tile_y', 2)],None,26
autotvm - DEBUG - No: 6	GFLOPS: 2.58/7.93	result: MeasureResult(costs=(1.023845167,), error_no=MeasureErrorNo.NO_ERROR, all_cost=3.0556676387786865, timestamp=1689972228.0405238)	[('tile_x', 500), ('tile_y', 2)],None,30
autotvm - DEBUG - No: 7	GFLOPS: 1.79/7.93	result: MeasureResult(costs=(1.473028945,), error_no=MeasureErrorNo.NO_ERROR, all_cost=3.2395520210266113, timestamp=1689972231.0333874)	[('tile_x', 1000), ('tile_y', 2)],None,31
autotvm - DEBUG - No: 8	GFLOPS: 1.81/7.93	result: MeasureResult(costs=(1.457018603,), error_no=MeasureErrorNo.NO_ERROR, all_cost=3.9273855686187744, timestamp=1689972234.2042615)	[('tile_x', 1), ('tile_y', 3)],None,32
autotvm - DEBUG - No: 9	GFLOPS: 3.81/7.93	result: MeasureResult(costs=(0.693316732,), error_no=MeasureErrorNo.NO_ERROR, all_cost=2.269237518310547, timestamp=1689972235.805347)	[('tile_x', 10), ('tile_y', 3)],None,37
autotvm - DEBUG - No: 10	GFLOPS: 3.23/7.93	result: MeasureResult(costs=(0.816409105,), error_no=MeasureErrorNo.NO_ERROR, all_cost=2.7627458572387695, timestamp=1689972237.6567752)	[('tile_x', 25), ('tile_y', 3)],None,39
autotvm - DEBUG - No: 11	GFLOPS: 6.26/7.93	result: MeasureResult(costs=(0.421473504,), error_no=MeasureErrorNo.NO_ERROR, all_cost=1.92500901222229, timestamp=1689972238.756149)	[('tile_x', 1), ('tile_y', 4)],None,48
autotvm - DEBUG - No: 12	GFLOPS: 4.27/7.93	result: MeasureResult(costs=(0.617939536,), error_no=MeasureErrorNo.NO_ERROR, all_cost=1.7351760864257812, timestamp=1689972240.205079)	[('tile_x', 2), ('tile_y', 4)],None,49
autotvm - DEBUG - No: 13	GFLOPS: 6.77/7.93	result: MeasureResult(costs=(0.38997636399999996,), error_no=MeasureErrorNo.NO_ERROR, all_cost=1.2044727802276611, timestamp=1689972241.203034)	[('tile_x', 40), ('tile_y', 4)],None,56
autotvm - DEBUG - No: 14	GFLOPS: 1.79/7.93	result: MeasureResult(costs=(1.473202903,), error_no=MeasureErrorNo.NO_ERROR, all_cost=3.6155731678009033, timestamp=1689972244.410591)	[('tile_x', 500), ('tile_y', 4)],None,62
autotvm - DEBUG - No: 15	GFLOPS: 6.82/7.93	result: MeasureResult(costs=(0.387216904,), error_no=MeasureErrorNo.NO_ERROR, all_cost=1.680710792541504, timestamp=1689972245.4086392)	[('tile_x', 40), ('tile_y', 5)],None,72
autotvm - DEBUG - No: 16	GFLOPS: 8.53/8.53	result: MeasureResult(costs=(0.309325783,), error_no=MeasureErrorNo.NO_ERROR, all_cost=1.0332260131835938, timestamp=1689972246.246158)	[('tile_x', 200), ('tile_y', 5)],None,76
autotvm - DEBUG - No: 17	GFLOPS: 3.66/8.53	result: MeasureResult(costs=(0.721736402,), error_no=MeasureErrorNo.NO_ERROR, all_cost=2.006415605545044, timestamp=1689972247.9445968)	[('tile_x', 1), ('tile_y', 6)],None,80
autotvm - DEBUG - No: 18	GFLOPS: 4.06/8.53	result: MeasureResult(costs=(0.650068804,), error_no=MeasureErrorNo.NO_ERROR, all_cost=2.025740146636963, timestamp=1689972249.4585917)	[('tile_x', 4), ('tile_y', 6)],None,82
autotvm - DEBUG - No: 19	GFLOPS: 7.85/8.53	result: MeasureResult(costs=(0.336491695,), error_no=MeasureErrorNo.NO_ERROR, all_cost=1.3074219226837158, timestamp=1689972250.3488064)	[('tile_x', 1), ('tile_y', 8)],None,96
autotvm - DEBUG - No: 20	GFLOPS: 1.93/8.53	result: MeasureResult(costs=(1.3658438579999999,), error_no=MeasureErrorNo.NO_ERROR, all_cost=3.877544403076172, timestamp=1689972253.3324444)	[('tile_x', 250), ('tile_y', 8)],None,109
autotvm - DEBUG - No: 21	GFLOPS: 1.95/8.53	result: MeasureResult(costs=(1.350404479,), error_no=MeasureErrorNo.NO_ERROR, all_cost=3.358090877532959, timestamp=1689972256.252382)	[('tile_x', 250), ('tile_y', 10)],None,125
autotvm - DEBUG - No: 22	GFLOPS: 4.37/8.53	result: MeasureResult(costs=(0.604485797,), error_no=MeasureErrorNo.NO_ERROR, all_cost=2.2426064014434814, timestamp=1689972257.6811743)	[('tile_x', 5), ('tile_y', 12)],None,131
autotvm - DEBUG - No: 23	GFLOPS: 4.89/8.53	result: MeasureResult(costs=(0.539525115,), error_no=MeasureErrorNo.NO_ERROR, all_cost=2.054532766342163, timestamp=1689972259.0080202)	[('tile_x', 50), ('tile_y', 12)],None,137
autotvm - DEBUG - No: 24	GFLOPS: 1.98/8.53	result: MeasureResult(costs=(1.3349801319999999,), error_no=MeasureErrorNo.NO_ERROR, all_cost=3.3539531230926514, timestamp=1689972261.9030557)	[('tile_x', 1000), ('tile_y', 12)],None,143
autotvm - DEBUG - No: 25	GFLOPS: 4.16/8.53	result: MeasureResult(costs=(0.634301376,), error_no=MeasureErrorNo.NO_ERROR, all_cost=2.3003716468811035, timestamp=1689972263.3789806)	[('tile_x', 20), ('tile_y', 15)],None,150
autotvm - DEBUG - No: 26	GFLOPS: 4.59/8.53	result: MeasureResult(costs=(0.5756479849999999,), error_no=MeasureErrorNo.NO_ERROR, all_cost=1.8675503730773926, timestamp=1689972264.9636226)	[('tile_x', 4), ('tile_y', 16)],None,162
autotvm - DEBUG - No: 27	GFLOPS: 4.45/8.53	result: MeasureResult(costs=(0.593164648,), error_no=MeasureErrorNo.NO_ERROR, all_cost=2.103473424911499, timestamp=1689972266.3870864)	[('tile_x', 10), ('tile_y', 16)],None,165
autotvm - DEBUG - No: 28	GFLOPS: 1.95/8.53	result: MeasureResult(costs=(1.356898242,), error_no=MeasureErrorNo.NO_ERROR, all_cost=3.322136163711548, timestamp=1689972269.342951)	[('tile_x', 125), ('tile_y', 16)],None,171
autotvm - DEBUG - No: 29	GFLOPS: 8.64/8.64	result: MeasureResult(costs=(0.305507994,), error_no=MeasureErrorNo.NO_ERROR, all_cost=1.0805168151855469, timestamp=1689972270.2163897)	[('tile_x', 200), ('tile_y', 16)],None,172
autotvm - DEBUG - No: 30	GFLOPS: 5.53/8.64	result: MeasureResult(costs=(0.477401552,), error_no=MeasureErrorNo.NO_ERROR, all_cost=1.3392653465270996, timestamp=1689972271.3868933)	[('tile_x', 4), ('tile_y', 20)],None,178
autotvm - DEBUG - No: 31	GFLOPS: 9.83/9.83	result: MeasureResult(costs=(0.268548992,), error_no=MeasureErrorNo.NO_ERROR, all_cost=0.9405558109283447, timestamp=1689972272.145541)	[('tile_x', 100), ('tile_y', 20)],None,186
autotvm - DEBUG - No: 32	GFLOPS: 1.87/9.83	result: MeasureResult(costs=(1.411000864,), error_no=MeasureErrorNo.NO_ERROR, all_cost=3.343597412109375, timestamp=1689972275.194641)	[('tile_x', 125), ('tile_y', 20)],None,187
autotvm - DEBUG - No: 33	GFLOPS: 4.47/9.83	result: MeasureResult(costs=(0.590367486,), error_no=MeasureErrorNo.NO_ERROR, all_cost=1.5852088928222656, timestamp=1689972276.604752)	[('tile_x', 5), ('tile_y', 24)],None,195
autotvm - DEBUG - No: 34	GFLOPS: 4.35/9.83	result: MeasureResult(costs=(0.607308321,), error_no=MeasureErrorNo.NO_ERROR, all_cost=1.6645691394805908, timestamp=1689972278.0347269)	[('tile_x', 20), ('tile_y', 24)],None,198
autotvm - DEBUG - No: 35	GFLOPS: 8.27/9.83	result: MeasureResult(costs=(0.319287908,), error_no=MeasureErrorNo.NO_ERROR, all_cost=1.0848593711853027, timestamp=1689972278.9381545)	[('tile_x', 50), ('tile_y', 24)],None,201
autotvm - DEBUG - No: 36	GFLOPS: 6.21/9.83	result: MeasureResult(costs=(0.42514247499999996,), error_no=MeasureErrorNo.NO_ERROR, all_cost=1.1924500465393066, timestamp=1689972280.0061345)	[('tile_x', 100), ('tile_y', 24)],None,202
autotvm - DEBUG - No: 37	GFLOPS: 8.46/9.83	result: MeasureResult(costs=(0.312152596,), error_no=MeasureErrorNo.NO_ERROR, all_cost=1.222856044769287, timestamp=1689972280.8490283)	[('tile_x', 200), ('tile_y', 24)],None,204
autotvm - DEBUG - No: 38	GFLOPS: 1.99/9.83	result: MeasureResult(costs=(1.329793196,), error_no=MeasureErrorNo.NO_ERROR, all_cost=3.2229511737823486, timestamp=1689972283.7719026)	[('tile_x', 1000), ('tile_y', 24)],None,207
autotvm - DEBUG - No: 39	GFLOPS: 6.19/9.83	result: MeasureResult(costs=(0.426224575,), error_no=MeasureErrorNo.NO_ERROR, all_cost=1.2929284572601318, timestamp=1689972284.8415725)	[('tile_x', 1), ('tile_y', 25)],None,208
autotvm - DEBUG - No: 40	GFLOPS: 5.82/9.83	result: MeasureResult(costs=(0.453819932,), error_no=MeasureErrorNo.NO_ERROR, all_cost=1.324279546737671, timestamp=1689972285.9707696)	[('tile_x', 25), ('tile_y', 25)],None,215
autotvm - DEBUG - No: 41	GFLOPS: 11.54/11.54	result: MeasureResult(costs=(0.228803901,), error_no=MeasureErrorNo.NO_ERROR, all_cost=1.2412385940551758, timestamp=1689972286.693097)	[('tile_x', 50), ('tile_y', 25)],None,217
autotvm - DEBUG - No: 42	GFLOPS: 3.52/11.54	result: MeasureResult(costs=(0.750736304,), error_no=MeasureErrorNo.NO_ERROR, all_cost=2.647573471069336, timestamp=1689972288.4129968)	[('tile_x', 25), ('tile_y', 30)],None,231
autotvm - DEBUG - No: 43	GFLOPS: 1.95/11.54	result: MeasureResult(costs=(1.355772559,), error_no=MeasureErrorNo.NO_ERROR, all_cost=2.9872488975524902, timestamp=1689972291.342243)	[('tile_x', 250), ('tile_y', 30)],None,237
autotvm - DEBUG - No: 44	GFLOPS: 2.73/11.54	result: MeasureResult(costs=(0.967091413,), error_no=MeasureErrorNo.NO_ERROR, all_cost=2.3847806453704834, timestamp=1689972293.5411267)	[('tile_x', 500), ('tile_y', 30)],None,238
autotvm - DEBUG - No: 45	GFLOPS: 4.18/11.54	result: MeasureResult(costs=(0.631630685,), error_no=MeasureErrorNo.NO_ERROR, all_cost=1.8457870483398438, timestamp=1689972295.021885)	[('tile_x', 2), ('tile_y', 40)],None,241
autotvm - DEBUG - No: 46	GFLOPS: 5.05/11.54	result: MeasureResult(costs=(0.5231672949999999,), error_no=MeasureErrorNo.NO_ERROR, all_cost=1.713899850845337, timestamp=1689972296.2844298)	[('tile_x', 4), ('tile_y', 40)],None,242
autotvm - DEBUG - No: 47	GFLOPS: 2.64/11.54	result: MeasureResult(costs=(0.998880106,), error_no=MeasureErrorNo.NO_ERROR, all_cost=2.1983089447021484, timestamp=1689972298.3658652)	[('tile_x', 2), ('tile_y', 48)],None,257
autotvm - DEBUG - No: 48	GFLOPS: 8.55/11.54	result: MeasureResult(costs=(0.308773452,), error_no=MeasureErrorNo.NO_ERROR, all_cost=1.216547966003418, timestamp=1689972299.204664)	[('tile_x', 200), ('tile_y', 48)],None,268
autotvm - DEBUG - No: 49	GFLOPS: 2.57/11.54	result: MeasureResult(costs=(1.026880911,), error_no=MeasureErrorNo.NO_ERROR, all_cost=2.6709346771240234, timestamp=1689972301.4748456)	[('tile_x', 500), ('tile_y', 48)],None,270
autotvm - DEBUG - No: 50	GFLOPS: 1.80/11.54	result: MeasureResult(costs=(1.46891129,), error_no=MeasureErrorNo.NO_ERROR, all_cost=4.449574708938599, timestamp=1689972305.6737719)	[('tile_x', 1000), ('tile_y', 48)],None,271
autotvm - DEBUG - No: 51	GFLOPS: 2.64/11.54	result: MeasureResult(costs=(0.999154015,), error_no=MeasureErrorNo.NO_ERROR, all_cost=2.6228325366973877, timestamp=1689972307.8937018)	[('tile_x', 1), ('tile_y', 50)],None,272
autotvm - DEBUG - No: 52	GFLOPS: 5.91/11.54	result: MeasureResult(costs=(0.446845695,), error_no=MeasureErrorNo.NO_ERROR, all_cost=1.2594497203826904, timestamp=1689972309.0052915)	[('tile_x', 8), ('tile_y', 50)],None,276
autotvm - DEBUG - No: 53	GFLOPS: 6.17/11.54	result: MeasureResult(costs=(0.428198066,), error_no=MeasureErrorNo.NO_ERROR, all_cost=1.3527202606201172, timestamp=1689972310.126007)	[('tile_x', 25), ('tile_y', 50)],None,279
autotvm - DEBUG - No: 54	GFLOPS: 8.69/11.54	result: MeasureResult(costs=(0.303949079,), error_no=MeasureErrorNo.NO_ERROR, all_cost=0.9857950210571289, timestamp=1689972310.9517899)	[('tile_x', 200), ('tile_y', 50)],None,284
autotvm - DEBUG - No: 55	GFLOPS: 3.57/11.54	result: MeasureResult(costs=(0.738817516,), error_no=MeasureErrorNo.NO_ERROR, all_cost=1.8869099617004395, timestamp=1689972312.64452)	[('tile_x', 20), ('tile_y', 60)],None,294
autotvm - DEBUG - No: 56	GFLOPS: 7.10/11.54	result: MeasureResult(costs=(0.371651654,), error_no=MeasureErrorNo.NO_ERROR, all_cost=1.4400603771209717, timestamp=1689972313.6515017)	[('tile_x', 40), ('tile_y', 60)],None,296
autotvm - DEBUG - No: 57	GFLOPS: 6.59/11.54	result: MeasureResult(costs=(0.40042656499999996,), error_no=MeasureErrorNo.NO_ERROR, all_cost=1.1924381256103516, timestamp=1689972314.6724193)	[('tile_x', 50), ('tile_y', 75)],None,313
autotvm - DEBUG - No: 58	GFLOPS: 8.30/11.54	result: MeasureResult(costs=(0.318070271,), error_no=MeasureErrorNo.NO_ERROR, all_cost=1.2686553001403809, timestamp=1689972315.5308635)	[('tile_x', 100), ('tile_y', 75)],None,314
autotvm - DEBUG - No: 59	GFLOPS: 8.58/11.54	result: MeasureResult(costs=(0.307792954,), error_no=MeasureErrorNo.NO_ERROR, all_cost=1.3920371532440186, timestamp=1689972316.4144847)	[('tile_x', 200), ('tile_y', 75)],None,316
autotvm - DEBUG - No: 60	GFLOPS: 1.82/11.54	result: MeasureResult(costs=(1.450386835,), error_no=MeasureErrorNo.NO_ERROR, all_cost=3.1356215476989746, timestamp=1689972319.4965518)	[('tile_x', 1), ('tile_y', 80)],None,320
autotvm - DEBUG - No: 61	GFLOPS: 1.96/11.54	result: MeasureResult(costs=(1.343693819,), error_no=MeasureErrorNo.NO_ERROR, all_cost=3.0753872394561768, timestamp=1689972322.410217)	[('tile_x', 250), ('tile_y', 80)],None,333
autotvm - DEBUG - No: 62	GFLOPS: 2.72/11.54	result: MeasureResult(costs=(0.96912172,), error_no=MeasureErrorNo.NO_ERROR, all_cost=2.391263723373413, timestamp=1689972324.608756)	[('tile_x', 500), ('tile_y', 80)],None,334
autotvm - DEBUG - No: 63	GFLOPS: 3.80/11.54	result: MeasureResult(costs=(0.6956197620000001,), error_no=MeasureErrorNo.NO_ERROR, all_cost=1.7345457077026367, timestamp=1689972326.219364)	[('tile_x', 2), ('tile_y', 100)],None,337
autotvm - DEBUG - No: 64	GFLOPS: 5.78/11.54	result: MeasureResult(costs=(0.456496835,), error_no=MeasureErrorNo.NO_ERROR, all_cost=1.3229362964630127, timestamp=1689972327.3530798)	[('tile_x', 10), ('tile_y', 100)],None,341
autotvm - DEBUG - No: 65	GFLOPS: 9.31/11.54	result: MeasureResult(costs=(0.28357730299999995,), error_no=MeasureErrorNo.NO_ERROR, all_cost=1.2311744689941406, timestamp=1689972328.182991)	[('tile_x', 40), ('tile_y', 100)],None,344
autotvm - DEBUG - No: 66	GFLOPS: 3.79/11.54	result: MeasureResult(costs=(0.6969778750000001,), error_no=MeasureErrorNo.NO_ERROR, all_cost=1.759857177734375, timestamp=1689972329.7961326)	[('tile_x', 5), ('tile_y', 120)],None,355
autotvm - DEBUG - No: 67	GFLOPS: 3.27/11.54	result: MeasureResult(costs=(0.808147296,), error_no=MeasureErrorNo.NO_ERROR, all_cost=2.2981956005096436, timestamp=1689972331.571556)	[('tile_x', 20), ('tile_y', 120)],None,358
autotvm - DEBUG - No: 68	GFLOPS: 6.58/11.54	result: MeasureResult(costs=(0.400967246,), error_no=MeasureErrorNo.NO_ERROR, all_cost=1.1215455532073975, timestamp=1689972332.6455917)	[('tile_x', 40), ('tile_y', 120)],None,360
autotvm - DEBUG - No: 69	GFLOPS: 1.92/11.54	result: MeasureResult(costs=(1.374026401,), error_no=MeasureErrorNo.NO_ERROR, all_cost=3.242644786834717, timestamp=1689972335.7740853)	[('tile_x', 250), ('tile_y', 120)],None,365
autotvm - DEBUG - No: 70	GFLOPS: 2.11/11.54	result: MeasureResult(costs=(1.249662848,), error_no=MeasureErrorNo.NO_ERROR, all_cost=2.872781753540039, timestamp=1689972338.4993656)	[('tile_x', 1000), ('tile_y', 120)],None,367
autotvm - DEBUG - No: 71	GFLOPS: 2.64/11.54	result: MeasureResult(costs=(0.999106046,), error_no=MeasureErrorNo.NO_ERROR, all_cost=2.481834650039673, timestamp=1689972340.75966)	[('tile_x', 2), ('tile_y', 150)],None,369
autotvm - DEBUG - No: 72	GFLOPS: 8.24/11.54	result: MeasureResult(costs=(0.320322479,), error_no=MeasureErrorNo.NO_ERROR, all_cost=0.9302237033843994, timestamp=1689972341.6217477)	[('tile_x', 100), ('tile_y', 150)],None,378
autotvm - DEBUG - No: 73	GFLOPS: 1.90/11.54	result: MeasureResult(costs=(1.3926240909999998,), error_no=MeasureErrorNo.NO_ERROR, all_cost=3.1362690925598145, timestamp=1689972344.6184888)	[('tile_x', 125), ('tile_y', 150)],None,379
autotvm - DEBUG - No: 74	GFLOPS: 1.91/11.54	result: MeasureResult(costs=(1.381877301,), error_no=MeasureErrorNo.NO_ERROR, all_cost=3.1799166202545166, timestamp=1689972347.6158109)	[('tile_x', 250), ('tile_y', 150)],None,381
autotvm - DEBUG - No: 75	GFLOPS: 6.90/11.54	result: MeasureResult(costs=(0.382820318,), error_no=MeasureErrorNo.NO_ERROR, all_cost=1.1534638404846191, timestamp=1689972348.6070316)	[('tile_x', 100), ('tile_y', 200)],None,394
autotvm - DEBUG - No: 76	GFLOPS: 1.90/11.54	result: MeasureResult(costs=(1.3929842639999999,), error_no=MeasureErrorNo.NO_ERROR, all_cost=3.8104422092437744, timestamp=1689972351.6131892)	[('tile_x', 125), ('tile_y', 200)],None,395
autotvm - DEBUG - No: 77	GFLOPS: 7.66/11.54	result: MeasureResult(costs=(0.344426055,), error_no=MeasureErrorNo.NO_ERROR, all_cost=1.1321394443511963, timestamp=1689972352.5645077)	[('tile_x', 200), ('tile_y', 200)],None,396
autotvm - DEBUG - No: 78	GFLOPS: 3.22/11.54	result: MeasureResult(costs=(0.820267099,), error_no=MeasureErrorNo.NO_ERROR, all_cost=1.9919230937957764, timestamp=1689972354.4278789)	[('tile_x', 4), ('tile_y', 240)],None,402
autotvm - DEBUG - No: 79	GFLOPS: 1.64/11.54	result: MeasureResult(costs=(1.60798887,), error_no=MeasureErrorNo.NO_ERROR, all_cost=3.864943742752075, timestamp=1689972358.1518843)	[('tile_x', 1), ('tile_y', 300)],None,416
autotvm - DEBUG - No: 80	GFLOPS: 3.05/11.54	result: MeasureResult(costs=(0.86617314,), error_no=MeasureErrorNo.NO_ERROR, all_cost=2.2065014839172363, timestamp=1689972360.1744707)	[('tile_x', 4), ('tile_y', 300)],None,418
autotvm - DEBUG - No: 81	GFLOPS: 3.48/11.54	result: MeasureResult(costs=(0.758429349,), error_no=MeasureErrorNo.NO_ERROR, all_cost=2.1038825511932373, timestamp=1689972361.9084432)	[('tile_x', 20), ('tile_y', 300)],None,422
autotvm - DEBUG - No: 82	GFLOPS: 6.81/11.54	result: MeasureResult(costs=(0.387629485,), error_no=MeasureErrorNo.NO_ERROR, all_cost=1.1263375282287598, timestamp=1689972362.9054196)	[('tile_x', 40), ('tile_y', 300)],None,424
autotvm - DEBUG - No: 83	GFLOPS: 1.83/11.54	result: MeasureResult(costs=(1.4448171600000002,), error_no=MeasureErrorNo.NO_ERROR, all_cost=3.2584986686706543, timestamp=1689972366.0565038)	[('tile_x', 125), ('tile_y', 300)],None,427
autotvm - DEBUG - No: 84	GFLOPS: 1.92/11.54	result: MeasureResult(costs=(1.377958093,), error_no=MeasureErrorNo.NO_ERROR, all_cost=3.152848958969116, timestamp=1689972369.0337915)	[('tile_x', 250), ('tile_y', 300)],None,429
autotvm - DEBUG - No: 85	GFLOPS: 2.66/11.54	result: MeasureResult(costs=(0.991117864,), error_no=MeasureErrorNo.NO_ERROR, all_cost=2.523752450942993, timestamp=1689972371.4204102)	[('tile_x', 500), ('tile_y', 300)],None,430
autotvm - DEBUG - No: 86	GFLOPS: 3.20/11.54	result: MeasureResult(costs=(0.8237504609999999,), error_no=MeasureErrorNo.NO_ERROR, all_cost=2.0614023208618164, timestamp=1689972373.3025408)	[('tile_x', 4), ('tile_y', 400)],None,434
autotvm - DEBUG - No: 87	GFLOPS: 3.55/11.54	result: MeasureResult(costs=(0.743349937,), error_no=MeasureErrorNo.NO_ERROR, all_cost=1.8160951137542725, timestamp=1689972374.9365168)	[('tile_x', 8), ('tile_y', 400)],None,436
autotvm - DEBUG - No: 88	GFLOPS: 6.65/11.54	result: MeasureResult(costs=(0.396760041,), error_no=MeasureErrorNo.NO_ERROR, all_cost=1.2379229068756104, timestamp=1689972375.9531856)	[('tile_x', 40), ('tile_y', 400)],None,440
autotvm - DEBUG - No: 89	GFLOPS: 6.06/11.54	result: MeasureResult(costs=(0.435369282,), error_no=MeasureErrorNo.NO_ERROR, all_cost=1.3650610446929932, timestamp=1689972377.0859952)	[('tile_x', 50), ('tile_y', 400)],None,441
autotvm - DEBUG - No: 90	GFLOPS: 6.51/11.54	result: MeasureResult(costs=(0.40529281500000003,), error_no=MeasureErrorNo.NO_ERROR, all_cost=1.2196955680847168, timestamp=1689972378.1170886)	[('tile_x', 100), ('tile_y', 400)],None,442
autotvm - DEBUG - No: 91	GFLOPS: 1.49/11.54	result: MeasureResult(costs=(1.7773095760000002,), error_no=MeasureErrorNo.NO_ERROR, all_cost=3.893298625946045, timestamp=1689972381.8899739)	[('tile_x', 1), ('tile_y', 600)],None,448
autotvm - DEBUG - No: 92	GFLOPS: 3.47/11.54	result: MeasureResult(costs=(0.7598704300000001,), error_no=MeasureErrorNo.NO_ERROR, all_cost=2.0473649501800537, timestamp=1689972383.676299)	[('tile_x', 10), ('tile_y', 600)],None,453
autotvm - DEBUG - No: 93	GFLOPS: 3.40/11.54	result: MeasureResult(costs=(0.777083918,), error_no=MeasureErrorNo.NO_ERROR, all_cost=2.426319122314453, timestamp=1689972385.4594593)	[('tile_x', 20), ('tile_y', 600)],None,454
autotvm - DEBUG - No: 94	GFLOPS: 5.39/11.54	result: MeasureResult(costs=(0.48956188100000003,), error_no=MeasureErrorNo.NO_ERROR, all_cost=1.4158821105957031, timestamp=1689972386.6585405)	[('tile_x', 50), ('tile_y', 600)],None,457
autotvm - DEBUG - No: 95	GFLOPS: 6.70/11.54	result: MeasureResult(costs=(0.394250604,), error_no=MeasureErrorNo.NO_ERROR, all_cost=1.3409128189086914, timestamp=1689972387.7113793)	[('tile_x', 200), ('tile_y', 600)],None,460
autotvm - DEBUG - No: 96	GFLOPS: 1.83/11.54	result: MeasureResult(costs=(1.440222871,), error_no=MeasureErrorNo.NO_ERROR, all_cost=3.1093780994415283, timestamp=1689972390.754308)	[('tile_x', 2), ('tile_y', 1200)],None,465
autotvm - DEBUG - No: 97	GFLOPS: 3.07/11.54	result: MeasureResult(costs=(0.858767981,), error_no=MeasureErrorNo.NO_ERROR, all_cost=2.294076442718506, timestamp=1689972392.6964116)	[('tile_x', 20), ('tile_y', 1200)],None,470
autotvm - DEBUG - No: 98	GFLOPS: 4.99/11.54	result: MeasureResult(costs=(0.5288853490000001,), error_no=MeasureErrorNo.NO_ERROR, all_cost=1.4684455394744873, timestamp=1689972394.021053)	[('tile_x', 40), ('tile_y', 1200)],None,472
autotvm - DEBUG - No: 99	GFLOPS: 6.28/11.54	result: MeasureResult(costs=(0.420667705,), error_no=MeasureErrorNo.NO_ERROR, all_cost=1.2368171215057373, timestamp=1689972395.0836225)	[('tile_x', 200), ('tile_y', 1200)],None,476
autotvm - DEBUG - No: 100	GFLOPS: 2.08/11.54	result: MeasureResult(costs=(1.2695813969999998,), error_no=MeasureErrorNo.NO_ERROR, all_cost=2.888780355453491, timestamp=1689972397.8402507)	[('tile_x', 1000), ('tile_y', 1200)],None,479
root - INFO - Elpased time = 184.4174838066101
autotvm - DEBUG - Finish loading 100 records
