root - INFO - GridSearch Tuner Matrix Multiplication - 2023-07-21 15:46:45.174494
autotvm - DEBUG - waiting for device...
autotvm - DEBUG - device available
autotvm - INFO - Get devices for measurement successfully!
autotvm - DEBUG - No: 1	GFLOPS: 2.08/2.08	result: MeasureResult(costs=(1.2710713200000001,), error_no=MeasureErrorNo.NO_ERROR, all_cost=2.9710800647735596, timestamp=1689972412.808375)	[('tile_x', 1), ('tile_y', 1)],None,0
autotvm - DEBUG - No: 2	GFLOPS: 1.22/2.08	result: MeasureResult(costs=(2.16606065,), error_no=MeasureErrorNo.NO_ERROR, all_cost=4.6058030128479, timestamp=1689972417.3960264)	[('tile_x', 2), ('tile_y', 1)],None,1
autotvm - DEBUG - No: 3	GFLOPS: 2.44/2.44	result: MeasureResult(costs=(1.081547259,), error_no=MeasureErrorNo.NO_ERROR, all_cost=2.4063243865966797, timestamp=1689972419.7762532)	[('tile_x', 4), ('tile_y', 1)],None,2
autotvm - DEBUG - No: 4	GFLOPS: 2.96/2.96	result: MeasureResult(costs=(0.890656349,), error_no=MeasureErrorNo.NO_ERROR, all_cost=2.088624954223633, timestamp=1689972421.7723331)	[('tile_x', 5), ('tile_y', 1)],None,3
autotvm - DEBUG - No: 5	GFLOPS: 3.61/3.61	result: MeasureResult(costs=(0.732115084,), error_no=MeasureErrorNo.NO_ERROR, all_cost=1.7569262981414795, timestamp=1689972423.4913564)	[('tile_x', 8), ('tile_y', 1)],None,4
autotvm - DEBUG - No: 6	GFLOPS: 3.41/3.61	result: MeasureResult(costs=(0.7735469020000001,), error_no=MeasureErrorNo.NO_ERROR, all_cost=1.8556594848632812, timestamp=1689972425.258084)	[('tile_x', 10), ('tile_y', 1)],None,5
autotvm - DEBUG - No: 7	GFLOPS: 3.14/3.61	result: MeasureResult(costs=(0.840568076,), error_no=MeasureErrorNo.NO_ERROR, all_cost=1.9497551918029785, timestamp=1689972427.15402)	[('tile_x', 20), ('tile_y', 1)],None,6
autotvm - DEBUG - No: 8	GFLOPS: 3.01/3.61	result: MeasureResult(costs=(0.876452562,), error_no=MeasureErrorNo.NO_ERROR, all_cost=2.142509937286377, timestamp=1689972429.1717935)	[('tile_x', 25), ('tile_y', 1)],None,7
autotvm - DEBUG - No: 9	GFLOPS: 5.45/5.45	result: MeasureResult(costs=(0.48456059,), error_no=MeasureErrorNo.NO_ERROR, all_cost=1.2302029132843018, timestamp=1689972430.359675)	[('tile_x', 40), ('tile_y', 1)],None,8
autotvm - DEBUG - No: 10	GFLOPS: 5.40/5.45	result: MeasureResult(costs=(0.488741983,), error_no=MeasureErrorNo.NO_ERROR, all_cost=1.2719130516052246, timestamp=1689972431.5577316)	[('tile_x', 50), ('tile_y', 1)],None,9
autotvm - DEBUG - No: 11	GFLOPS: 5.88/5.88	result: MeasureResult(costs=(0.449208132,), error_no=MeasureErrorNo.NO_ERROR, all_cost=1.1725585460662842, timestamp=1689972432.7223198)	[('tile_x', 100), ('tile_y', 1)],None,10
autotvm - DEBUG - No: 12	GFLOPS: 1.67/5.88	result: MeasureResult(costs=(1.580240172,), error_no=MeasureErrorNo.NO_ERROR, all_cost=3.3728179931640625, timestamp=1689972436.019533)	[('tile_x', 125), ('tile_y', 1)],None,11
autotvm - DEBUG - No: 13	GFLOPS: 7.15/7.15	result: MeasureResult(costs=(0.369299316,), error_no=MeasureErrorNo.NO_ERROR, all_cost=1.0819859504699707, timestamp=1689972436.9854112)	[('tile_x', 200), ('tile_y', 1)],None,12
autotvm - DEBUG - No: 14	GFLOPS: 5.45/7.15	result: MeasureResult(costs=(0.484546283,), error_no=MeasureErrorNo.NO_ERROR, all_cost=1.508040189743042, timestamp=1689972438.2129047)	[('tile_x', 250), ('tile_y', 1)],None,13
autotvm - DEBUG - No: 15	GFLOPS: 2.48/7.15	result: MeasureResult(costs=(1.0664920580000001,), error_no=MeasureErrorNo.NO_ERROR, all_cost=2.538410186767578, timestamp=1689972440.7382307)	[('tile_x', 500), ('tile_y', 1)],None,14
autotvm - DEBUG - No: 16	GFLOPS: 1.91/7.15	result: MeasureResult(costs=(1.380472358,), error_no=MeasureErrorNo.NO_ERROR, all_cost=3.013129234313965, timestamp=1689972443.718358)	[('tile_x', 1000), ('tile_y', 1)],None,15
autotvm - DEBUG - No: 17	GFLOPS: 3.87/7.15	result: MeasureResult(costs=(0.6829738670000001,), error_no=MeasureErrorNo.NO_ERROR, all_cost=1.76413893699646, timestamp=1689972445.348608)	[('tile_x', 1), ('tile_y', 2)],None,16
autotvm - DEBUG - No: 18	GFLOPS: 2.45/7.15	result: MeasureResult(costs=(1.0786239089999998,), error_no=MeasureErrorNo.NO_ERROR, all_cost=2.471677780151367, timestamp=1689972447.7284079)	[('tile_x', 2), ('tile_y', 2)],None,17
autotvm - DEBUG - No: 19	GFLOPS: 4.02/7.15	result: MeasureResult(costs=(0.657079804,), error_no=MeasureErrorNo.NO_ERROR, all_cost=1.5985541343688965, timestamp=1689972449.260836)	[('tile_x', 4), ('tile_y', 2)],None,18
autotvm - DEBUG - No: 20	GFLOPS: 4.09/7.15	result: MeasureResult(costs=(0.645742959,), error_no=MeasureErrorNo.NO_ERROR, all_cost=1.5731968879699707, timestamp=1689972450.8088398)	[('tile_x', 5), ('tile_y', 2)],None,19
autotvm - DEBUG - No: 21	GFLOPS: 4.62/7.15	result: MeasureResult(costs=(0.571550335,), error_no=MeasureErrorNo.NO_ERROR, all_cost=1.4088072776794434, timestamp=1689972452.1695833)	[('tile_x', 8), ('tile_y', 2)],None,20
autotvm - DEBUG - No: 22	GFLOPS: 4.01/7.15	result: MeasureResult(costs=(0.6584515129999999,), error_no=MeasureErrorNo.NO_ERROR, all_cost=1.5663604736328125, timestamp=1689972453.7031384)	[('tile_x', 10), ('tile_y', 2)],None,21
autotvm - DEBUG - No: 23	GFLOPS: 2.74/7.15	result: MeasureResult(costs=(0.963125086,), error_no=MeasureErrorNo.NO_ERROR, all_cost=2.090334415435791, timestamp=1689972455.7374508)	[('tile_x', 20), ('tile_y', 2)],None,22
autotvm - DEBUG - No: 24	GFLOPS: 2.80/7.15	result: MeasureResult(costs=(0.9421636109999999,), error_no=MeasureErrorNo.NO_ERROR, all_cost=2.2447102069854736, timestamp=1689972457.891399)	[('tile_x', 25), ('tile_y', 2)],None,23
autotvm - DEBUG - No: 25	GFLOPS: 6.32/7.15	result: MeasureResult(costs=(0.417544456,), error_no=MeasureErrorNo.NO_ERROR, all_cost=1.121823787689209, timestamp=1689972458.950648)	[('tile_x', 40), ('tile_y', 2)],None,24
autotvm - DEBUG - No: 26	GFLOPS: 6.13/7.15	result: MeasureResult(costs=(0.430330087,), error_no=MeasureErrorNo.NO_ERROR, all_cost=1.2211501598358154, timestamp=1689972460.076092)	[('tile_x', 50), ('tile_y', 2)],None,25
autotvm - DEBUG - No: 27	GFLOPS: 7.40/7.40	result: MeasureResult(costs=(0.35653753699999996,), error_no=MeasureErrorNo.NO_ERROR, all_cost=0.9237596988677979, timestamp=1689972461.012046)	[('tile_x', 100), ('tile_y', 2)],None,26
autotvm - DEBUG - No: 28	GFLOPS: 1.84/7.40	result: MeasureResult(costs=(1.4355974710000001,), error_no=MeasureErrorNo.NO_ERROR, all_cost=3.2439591884613037, timestamp=1689972464.1073108)	[('tile_x', 125), ('tile_y', 2)],None,27
autotvm - DEBUG - No: 29	GFLOPS: 7.66/7.66	result: MeasureResult(costs=(0.344655498,), error_no=MeasureErrorNo.NO_ERROR, all_cost=1.2037429809570312, timestamp=1689972465.0659845)	[('tile_x', 200), ('tile_y', 2)],None,28
autotvm - DEBUG - No: 30	GFLOPS: 1.86/7.66	result: MeasureResult(costs=(1.418364901,), error_no=MeasureErrorNo.NO_ERROR, all_cost=3.1196112632751465, timestamp=1689972468.1181278)	[('tile_x', 250), ('tile_y', 2)],None,29
autotvm - DEBUG - No: 31	GFLOPS: 2.63/7.66	result: MeasureResult(costs=(1.005334129,), error_no=MeasureErrorNo.NO_ERROR, all_cost=2.2773749828338623, timestamp=1689972470.3515399)	[('tile_x', 500), ('tile_y', 2)],None,30
autotvm - DEBUG - No: 32	GFLOPS: 1.79/7.66	result: MeasureResult(costs=(1.474105171,), error_no=MeasureErrorNo.NO_ERROR, all_cost=3.071394681930542, timestamp=1689972473.3856554)	[('tile_x', 1000), ('tile_y', 2)],None,31
autotvm - DEBUG - No: 33	GFLOPS: 1.77/7.66	result: MeasureResult(costs=(1.488841699,), error_no=MeasureErrorNo.NO_ERROR, all_cost=3.332916498184204, timestamp=1689972476.588989)	[('tile_x', 1), ('tile_y', 3)],None,32
autotvm - DEBUG - No: 34	GFLOPS: 3.20/7.66	result: MeasureResult(costs=(0.8256424090000001,), error_no=MeasureErrorNo.NO_ERROR, all_cost=1.961578607559204, timestamp=1689972478.4586756)	[('tile_x', 2), ('tile_y', 3)],None,33
autotvm - DEBUG - No: 35	GFLOPS: 3.94/7.66	result: MeasureResult(costs=(0.67046029,), error_no=MeasureErrorNo.NO_ERROR, all_cost=1.6071350574493408, timestamp=1689972480.0595725)	[('tile_x', 4), ('tile_y', 3)],None,34
autotvm - DEBUG - No: 36	GFLOPS: 3.71/7.66	result: MeasureResult(costs=(0.7113820839999999,), error_no=MeasureErrorNo.NO_ERROR, all_cost=1.7020952701568604, timestamp=1689972481.7008896)	[('tile_x', 5), ('tile_y', 3)],None,35
autotvm - DEBUG - No: 37	GFLOPS: 3.42/7.66	result: MeasureResult(costs=(0.772577462,), error_no=MeasureErrorNo.NO_ERROR, all_cost=1.6487081050872803, timestamp=1689972483.3320925)	[('tile_x', 8), ('tile_y', 3)],None,36
autotvm - DEBUG - No: 38	GFLOPS: 3.80/7.66	result: MeasureResult(costs=(0.694640717,), error_no=MeasureErrorNo.NO_ERROR, all_cost=1.9152519702911377, timestamp=1689972484.9867747)	[('tile_x', 10), ('tile_y', 3)],None,37
autotvm - DEBUG - No: 39	GFLOPS: 3.31/7.66	result: MeasureResult(costs=(0.797979012,), error_no=MeasureErrorNo.NO_ERROR, all_cost=1.902308464050293, timestamp=1689972486.799305)	[('tile_x', 20), ('tile_y', 3)],None,38
autotvm - DEBUG - No: 40	GFLOPS: 3.05/7.66	result: MeasureResult(costs=(0.8662737540000001,), error_no=MeasureErrorNo.NO_ERROR, all_cost=2.19775652885437, timestamp=1689972488.7071254)	[('tile_x', 25), ('tile_y', 3)],None,39
autotvm - DEBUG - No: 41	GFLOPS: 6.14/7.66	result: MeasureResult(costs=(0.429764405,), error_no=MeasureErrorNo.NO_ERROR, all_cost=1.2208502292633057, timestamp=1689972489.8335671)	[('tile_x', 40), ('tile_y', 3)],None,40
autotvm - DEBUG - No: 42	GFLOPS: 5.95/7.66	result: MeasureResult(costs=(0.443617149,), error_no=MeasureErrorNo.NO_ERROR, all_cost=1.2630479335784912, timestamp=1689972490.9436705)	[('tile_x', 50), ('tile_y', 3)],None,41
autotvm - DEBUG - No: 43	GFLOPS: 8.33/8.33	result: MeasureResult(costs=(0.317066221,), error_no=MeasureErrorNo.NO_ERROR, all_cost=0.9543075561523438, timestamp=1689972491.8011448)	[('tile_x', 100), ('tile_y', 3)],None,42
autotvm - DEBUG - No: 44	GFLOPS: 1.82/8.33	result: MeasureResult(costs=(1.449640837,), error_no=MeasureErrorNo.NO_ERROR, all_cost=3.2340915203094482, timestamp=1689972494.9444675)	[('tile_x', 125), ('tile_y', 3)],None,43
autotvm - DEBUG - No: 45	GFLOPS: 8.13/8.33	result: MeasureResult(costs=(0.324631709,), error_no=MeasureErrorNo.NO_ERROR, all_cost=1.1326892375946045, timestamp=1689972495.820896)	[('tile_x', 200), ('tile_y', 3)],None,44
autotvm - DEBUG - No: 46	GFLOPS: 1.90/8.33	result: MeasureResult(costs=(1.388280366,), error_no=MeasureErrorNo.NO_ERROR, all_cost=3.011502504348755, timestamp=1689972498.8064487)	[('tile_x', 250), ('tile_y', 3)],None,45
autotvm - DEBUG - No: 47	GFLOPS: 1.72/8.33	result: MeasureResult(costs=(1.5376522339999998,), error_no=MeasureErrorNo.NO_ERROR, all_cost=3.3694889545440674, timestamp=1689972502.136534)	[('tile_x', 500), ('tile_y', 3)],None,46
autotvm - DEBUG - No: 48	GFLOPS: 1.95/8.33	result: MeasureResult(costs=(1.3540860909999999,), error_no=MeasureErrorNo.NO_ERROR, all_cost=2.9810104370117188, timestamp=1689972505.0617385)	[('tile_x', 1000), ('tile_y', 3)],None,47
autotvm - DEBUG - No: 49	GFLOPS: 4.85/8.33	result: MeasureResult(costs=(0.5446426320000001,), error_no=MeasureErrorNo.NO_ERROR, all_cost=1.310882806777954, timestamp=1689972506.362317)	[('tile_x', 1), ('tile_y', 4)],None,48
autotvm - DEBUG - No: 50	GFLOPS: 4.25/8.33	result: MeasureResult(costs=(0.62119333,), error_no=MeasureErrorNo.NO_ERROR, all_cost=1.571528434753418, timestamp=1689972507.8645704)	[('tile_x', 2), ('tile_y', 4)],None,49
autotvm - DEBUG - No: 51	GFLOPS: 4.96/8.33	result: MeasureResult(costs=(0.531895193,), error_no=MeasureErrorNo.NO_ERROR, all_cost=1.4618611335754395, timestamp=1689972509.2635064)	[('tile_x', 4), ('tile_y', 4)],None,50
autotvm - DEBUG - No: 52	GFLOPS: 4.52/8.33	result: MeasureResult(costs=(0.5843566769999999,), error_no=MeasureErrorNo.NO_ERROR, all_cost=1.3910119533538818, timestamp=1689972510.6517987)	[('tile_x', 5), ('tile_y', 4)],None,51
autotvm - DEBUG - No: 53	GFLOPS: 4.80/8.33	result: MeasureResult(costs=(0.549503324,), error_no=MeasureErrorNo.NO_ERROR, all_cost=1.6232397556304932, timestamp=1689972512.0145934)	[('tile_x', 8), ('tile_y', 4)],None,52
autotvm - DEBUG - No: 54	GFLOPS: 3.84/8.33	result: MeasureResult(costs=(0.6881392949999999,), error_no=MeasureErrorNo.NO_ERROR, all_cost=1.6199452877044678, timestamp=1689972513.5325415)	[('tile_x', 10), ('tile_y', 4)],None,53
autotvm - DEBUG - No: 55	GFLOPS: 4.22/8.33	result: MeasureResult(costs=(0.626150004,), error_no=MeasureErrorNo.NO_ERROR, all_cost=1.7575457096099854, timestamp=1689972515.007443)	[('tile_x', 20), ('tile_y', 4)],None,54
autotvm - DEBUG - No: 56	GFLOPS: 4.04/8.33	result: MeasureResult(costs=(0.652869452,), error_no=MeasureErrorNo.NO_ERROR, all_cost=1.8243677616119385, timestamp=1689972516.532301)	[('tile_x', 25), ('tile_y', 4)],None,55
autotvm - DEBUG - No: 57	GFLOPS: 6.66/8.33	result: MeasureResult(costs=(0.396619018,), error_no=MeasureErrorNo.NO_ERROR, all_cost=1.0959970951080322, timestamp=1689972517.550023)	[('tile_x', 40), ('tile_y', 4)],None,56
autotvm - DEBUG - No: 58	GFLOPS: 6.41/8.33	result: MeasureResult(costs=(0.412056396,), error_no=MeasureErrorNo.NO_ERROR, all_cost=1.3409085273742676, timestamp=1689972518.598179)	[('tile_x', 50), ('tile_y', 4)],None,57
autotvm - DEBUG - No: 59	GFLOPS: 8.75/8.75	result: MeasureResult(costs=(0.301687586,), error_no=MeasureErrorNo.NO_ERROR, all_cost=0.9048824310302734, timestamp=1689972519.4680798)	[('tile_x', 100), ('tile_y', 4)],None,58
autotvm - DEBUG - No: 60	GFLOPS: 1.88/8.75	result: MeasureResult(costs=(1.404306018,), error_no=MeasureErrorNo.NO_ERROR, all_cost=3.2813990116119385, timestamp=1689972522.4982655)	[('tile_x', 125), ('tile_y', 4)],None,59
autotvm - DEBUG - No: 61	GFLOPS: 8.29/8.75	result: MeasureResult(costs=(0.318593459,), error_no=MeasureErrorNo.NO_ERROR, all_cost=0.9938273429870605, timestamp=1689972523.3588986)	[('tile_x', 200), ('tile_y', 4)],None,60
autotvm - DEBUG - No: 62	GFLOPS: 1.94/8.75	result: MeasureResult(costs=(1.363582721,), error_no=MeasureErrorNo.NO_ERROR, all_cost=3.0330073833465576, timestamp=1689972526.3497016)	[('tile_x', 250), ('tile_y', 4)],None,61
autotvm - DEBUG - No: 63	GFLOPS: 1.79/8.75	result: MeasureResult(costs=(1.471250254,), error_no=MeasureErrorNo.NO_ERROR, all_cost=3.4220666885375977, timestamp=1689972529.5176508)	[('tile_x', 500), ('tile_y', 4)],None,62
autotvm - DEBUG - No: 64	GFLOPS: 1.37/8.75	result: MeasureResult(costs=(1.9273520679999998,), error_no=MeasureErrorNo.NO_ERROR, all_cost=4.0762035846710205, timestamp=1689972533.5918696)	[('tile_x', 1000), ('tile_y', 4)],None,63
autotvm - DEBUG - No: 65	GFLOPS: 6.46/8.75	result: MeasureResult(costs=(0.40879081899999997,), error_no=MeasureErrorNo.NO_ERROR, all_cost=1.1489589214324951, timestamp=1689972534.6927936)	[('tile_x', 1), ('tile_y', 5)],None,64
autotvm - DEBUG - No: 66	GFLOPS: 4.42/8.75	result: MeasureResult(costs=(0.597045714,), error_no=MeasureErrorNo.NO_ERROR, all_cost=1.45827317237854, timestamp=1689972536.1043208)	[('tile_x', 2), ('tile_y', 5)],None,65
autotvm - DEBUG - No: 67	GFLOPS: 4.88/8.75	result: MeasureResult(costs=(0.5413548469999999,), error_no=MeasureErrorNo.NO_ERROR, all_cost=1.5295250415802002, timestamp=1689972537.4037707)	[('tile_x', 4), ('tile_y', 5)],None,66
autotvm - DEBUG - No: 68	GFLOPS: 4.41/8.75	result: MeasureResult(costs=(0.5989247639999999,), error_no=MeasureErrorNo.NO_ERROR, all_cost=1.7231416702270508, timestamp=1689972538.8595579)	[('tile_x', 5), ('tile_y', 5)],None,67
autotvm - DEBUG - No: 69	GFLOPS: 5.30/8.75	result: MeasureResult(costs=(0.497974532,), error_no=MeasureErrorNo.NO_ERROR, all_cost=1.2944650650024414, timestamp=1689972540.0734067)	[('tile_x', 8), ('tile_y', 5)],None,68
autotvm - DEBUG - No: 70	GFLOPS: 4.45/8.75	result: MeasureResult(costs=(0.592811458,), error_no=MeasureErrorNo.NO_ERROR, all_cost=1.6559598445892334, timestamp=1689972541.475572)	[('tile_x', 10), ('tile_y', 5)],None,69
autotvm - DEBUG - No: 71	GFLOPS: 4.53/8.75	result: MeasureResult(costs=(0.583413798,), error_no=MeasureErrorNo.NO_ERROR, all_cost=1.708362340927124, timestamp=1689972542.9059558)	[('tile_x', 20), ('tile_y', 5)],None,70
autotvm - DEBUG - No: 72	GFLOPS: 4.64/8.75	result: MeasureResult(costs=(0.568486859,), error_no=MeasureErrorNo.NO_ERROR, all_cost=1.5182442665100098, timestamp=1689972544.3788433)	[('tile_x', 25), ('tile_y', 5)],None,71
autotvm - DEBUG - No: 73	GFLOPS: 6.80/8.75	result: MeasureResult(costs=(0.388221084,), error_no=MeasureErrorNo.NO_ERROR, all_cost=1.246537208557129, timestamp=1689972545.3804767)	[('tile_x', 40), ('tile_y', 5)],None,72
autotvm - DEBUG - No: 74	GFLOPS: 6.46/8.75	result: MeasureResult(costs=(0.408660071,), error_no=MeasureErrorNo.NO_ERROR, all_cost=1.1294238567352295, timestamp=1689972546.4614704)	[('tile_x', 50), ('tile_y', 5)],None,73
autotvm - DEBUG - No: 75	GFLOPS: 9.14/9.14	result: MeasureResult(costs=(0.288819617,), error_no=MeasureErrorNo.NO_ERROR, all_cost=0.8466062545776367, timestamp=1689972547.2632284)	[('tile_x', 100), ('tile_y', 5)],None,74
autotvm - DEBUG - No: 76	GFLOPS: 1.90/9.14	result: MeasureResult(costs=(1.3930158830000001,), error_no=MeasureErrorNo.NO_ERROR, all_cost=3.0614521503448486, timestamp=1689972550.271139)	[('tile_x', 125), ('tile_y', 5)],None,75
autotvm - DEBUG - No: 77	GFLOPS: 8.47/9.14	result: MeasureResult(costs=(0.311816902,), error_no=MeasureErrorNo.NO_ERROR, all_cost=0.9810538291931152, timestamp=1689972551.160679)	[('tile_x', 200), ('tile_y', 5)],None,76
autotvm - DEBUG - No: 78	GFLOPS: 1.95/9.14	result: MeasureResult(costs=(1.356870049,), error_no=MeasureErrorNo.NO_ERROR, all_cost=3.1661205291748047, timestamp=1689972554.0935721)	[('tile_x', 250), ('tile_y', 5)],None,77
autotvm - DEBUG - No: 79	GFLOPS: 1.72/9.14	result: MeasureResult(costs=(1.531865794,), error_no=MeasureErrorNo.NO_ERROR, all_cost=3.518049716949463, timestamp=1689972557.37683)	[('tile_x', 500), ('tile_y', 5)],None,78
autotvm - DEBUG - No: 80	GFLOPS: 1.20/9.14	result: MeasureResult(costs=(2.1975914309999998,), error_no=MeasureErrorNo.NO_ERROR, all_cost=4.958677768707275, timestamp=1689972562.087951)	[('tile_x', 1000), ('tile_y', 5)],None,79
autotvm - DEBUG - No: 81	GFLOPS: 3.64/9.14	result: MeasureResult(costs=(0.726000201,), error_no=MeasureErrorNo.NO_ERROR, all_cost=1.827106237411499, timestamp=1689972563.7589827)	[('tile_x', 1), ('tile_y', 6)],None,80
autotvm - DEBUG - No: 82	GFLOPS: 3.70/9.14	result: MeasureResult(costs=(0.7132303379999999,), error_no=MeasureErrorNo.NO_ERROR, all_cost=1.696606159210205, timestamp=1689972565.4036124)	[('tile_x', 2), ('tile_y', 6)],None,81
autotvm - DEBUG - No: 83	GFLOPS: 4.05/9.14	result: MeasureResult(costs=(0.6519271959999999,), error_no=MeasureErrorNo.NO_ERROR, all_cost=1.6262409687042236, timestamp=1689972566.9667215)	[('tile_x', 4), ('tile_y', 6)],None,82
autotvm - DEBUG - No: 84	GFLOPS: 3.95/9.14	result: MeasureResult(costs=(0.667802232,), error_no=MeasureErrorNo.NO_ERROR, all_cost=1.8310573101043701, timestamp=1689972568.5219636)	[('tile_x', 5), ('tile_y', 6)],None,83
autotvm - DEBUG - No: 85	GFLOPS: 4.14/9.14	result: MeasureResult(costs=(0.6372133,), error_no=MeasureErrorNo.NO_ERROR, all_cost=1.5558440685272217, timestamp=1689972570.0100653)	[('tile_x', 8), ('tile_y', 6)],None,84
autotvm - DEBUG - No: 86	GFLOPS: 4.14/9.14	result: MeasureResult(costs=(0.6375997019999999,), error_no=MeasureErrorNo.NO_ERROR, all_cost=1.7963643074035645, timestamp=1689972571.5854392)	[('tile_x', 10), ('tile_y', 6)],None,85
autotvm - DEBUG - No: 87	GFLOPS: 3.76/9.14	result: MeasureResult(costs=(0.702818967,), error_no=MeasureErrorNo.NO_ERROR, all_cost=1.887725591659546, timestamp=1689972573.1922896)	[('tile_x', 20), ('tile_y', 6)],None,86
autotvm - DEBUG - No: 88	GFLOPS: 3.68/9.14	result: MeasureResult(costs=(0.7166479960000001,), error_no=MeasureErrorNo.NO_ERROR, all_cost=1.6984703540802002, timestamp=1689972574.8485844)	[('tile_x', 25), ('tile_y', 6)],None,87
autotvm - DEBUG - No: 89	GFLOPS: 6.76/9.14	result: MeasureResult(costs=(0.390399013,), error_no=MeasureErrorNo.NO_ERROR, all_cost=1.2624435424804688, timestamp=1689972575.8944292)	[('tile_x', 40), ('tile_y', 6)],None,88
autotvm - DEBUG - No: 90	GFLOPS: 6.40/9.14	result: MeasureResult(costs=(0.412406322,), error_no=MeasureErrorNo.NO_ERROR, all_cost=1.3461897373199463, timestamp=1689972576.9427097)	[('tile_x', 50), ('tile_y', 6)],None,89
autotvm - DEBUG - No: 91	GFLOPS: 6.54/9.14	result: MeasureResult(costs=(0.403681766,), error_no=MeasureErrorNo.NO_ERROR, all_cost=1.267329454421997, timestamp=1689972577.9715464)	[('tile_x', 100), ('tile_y', 6)],None,90
autotvm - DEBUG - No: 92	GFLOPS: 1.64/9.14	result: MeasureResult(costs=(1.613700839,), error_no=MeasureErrorNo.NO_ERROR, all_cost=3.5430712699890137, timestamp=1689972581.245635)	[('tile_x', 125), ('tile_y', 6)],None,91
autotvm - DEBUG - No: 93	GFLOPS: 8.36/9.14	result: MeasureResult(costs=(0.315692096,), error_no=MeasureErrorNo.NO_ERROR, all_cost=1.1159474849700928, timestamp=1689972582.1008115)	[('tile_x', 200), ('tile_y', 6)],None,92
autotvm - DEBUG - No: 94	GFLOPS: 1.96/9.14	result: MeasureResult(costs=(1.347440327,), error_no=MeasureErrorNo.NO_ERROR, all_cost=3.1280646324157715, timestamp=1689972585.018848)	[('tile_x', 250), ('tile_y', 6)],None,93
autotvm - DEBUG - No: 95	GFLOPS: 1.71/9.14	result: MeasureResult(costs=(1.5443101289999999,), error_no=MeasureErrorNo.NO_ERROR, all_cost=3.3946526050567627, timestamp=1689972588.3796868)	[('tile_x', 500), ('tile_y', 6)],None,94
autotvm - DEBUG - No: 96	GFLOPS: 1.35/9.14	result: MeasureResult(costs=(1.96002539,), error_no=MeasureErrorNo.NO_ERROR, all_cost=4.376253843307495, timestamp=1689972592.5556006)	[('tile_x', 1000), ('tile_y', 6)],None,95
autotvm - DEBUG - No: 97	GFLOPS: 7.65/9.14	result: MeasureResult(costs=(0.345018975,), error_no=MeasureErrorNo.NO_ERROR, all_cost=0.9377927780151367, timestamp=1689972593.4727666)	[('tile_x', 1), ('tile_y', 8)],None,96
autotvm - DEBUG - No: 98	GFLOPS: 4.75/9.14	result: MeasureResult(costs=(0.555816937,), error_no=MeasureErrorNo.NO_ERROR, all_cost=1.6148476600646973, timestamp=1689972594.8411705)	[('tile_x', 2), ('tile_y', 8)],None,97
autotvm - DEBUG - No: 99	GFLOPS: 5.07/9.14	result: MeasureResult(costs=(0.520511532,), error_no=MeasureErrorNo.NO_ERROR, all_cost=1.5155978202819824, timestamp=1689972596.1008694)	[('tile_x', 4), ('tile_y', 8)],None,98
autotvm - DEBUG - No: 100	GFLOPS: 4.85/9.14	result: MeasureResult(costs=(0.54454738,), error_no=MeasureErrorNo.NO_ERROR, all_cost=1.5206449031829834, timestamp=1689972597.406958)	[('tile_x', 5), ('tile_y', 8)],None,99
root - INFO - Elpased time = 192.45036625862122
autotvm - DEBUG - Finish loading 100 records
