root - INFO - Random Tuner Matrix Multiplication - 2023-07-18 16:02:11.159560
autotvm - DEBUG - waiting for device...
autotvm - DEBUG - device available
autotvm - INFO - Get devices for measurement successfully!
autotvm - DEBUG - No: 1	GFLOPS: 6.47/6.47	result: MeasureResult(costs=(0.408351583,), error_no=MeasureErrorNo.NO_ERROR, all_cost=1.0828237533569336, timestamp=1689714137.9754937)	[('tile_y', 1000), ('tile_x', 240)],None,415
autotvm - DEBUG - No: 2	GFLOPS: 5.26/6.47	result: MeasureResult(costs=(0.502038676,), error_no=MeasureErrorNo.NO_ERROR, all_cost=1.2978549003601074, timestamp=1689714139.1903744)	[('tile_y', 10), ('tile_x', 15)],None,149
autotvm - DEBUG - No: 3	GFLOPS: 5.43/6.47	result: MeasureResult(costs=(0.485821908,), error_no=MeasureErrorNo.NO_ERROR, all_cost=1.2764153480529785, timestamp=1689714140.375199)	[('tile_y', 10), ('tile_x', 16)],None,165
autotvm - DEBUG - No: 4	GFLOPS: 9.33/9.33	result: MeasureResult(costs=(0.283017604,), error_no=MeasureErrorNo.NO_ERROR, all_cost=0.9619030952453613, timestamp=1689714141.1930974)	[('tile_y', 200), ('tile_x', 30)],None,236
autotvm - DEBUG - No: 5	GFLOPS: 8.43/9.33	result: MeasureResult(costs=(0.313291008,), error_no=MeasureErrorNo.NO_ERROR, all_cost=0.8984811305999756, timestamp=1689714142.0336208)	[('tile_y', 40), ('tile_x', 400)],None,440
autotvm - DEBUG - No: 6	GFLOPS: 4.05/9.33	result: MeasureResult(costs=(0.651603568,), error_no=MeasureErrorNo.NO_ERROR, all_cost=1.5948662757873535, timestamp=1689714143.5482607)	[('tile_y', 1000), ('tile_x', 5)],None,79
autotvm - DEBUG - No: 7	GFLOPS: 5.28/9.33	result: MeasureResult(costs=(0.500306513,), error_no=MeasureErrorNo.NO_ERROR, all_cost=1.451941728591919, timestamp=1689714144.8034034)	[('tile_y', 8), ('tile_x', 6)],None,84
autotvm - DEBUG - No: 8	GFLOPS: 4.50/9.33	result: MeasureResult(costs=(0.586087595,), error_no=MeasureErrorNo.NO_ERROR, all_cost=1.4754462242126465, timestamp=1689714146.1914556)	[('tile_y', 1000), ('tile_x', 80)],None,335
autotvm - DEBUG - No: 9	GFLOPS: 4.22/9.33	result: MeasureResult(costs=(0.624898315,), error_no=MeasureErrorNo.NO_ERROR, all_cost=1.50215482711792, timestamp=1689714147.6542823)	[('tile_y', 2), ('tile_x', 5)],None,65
autotvm - DEBUG - No: 10	GFLOPS: 5.30/9.33	result: MeasureResult(costs=(0.498286315,), error_no=MeasureErrorNo.NO_ERROR, all_cost=1.3218114376068115, timestamp=1689714148.9075243)	[('tile_y', 2), ('tile_x', 75)],None,305
autotvm - DEBUG - No: 11	GFLOPS: 8.77/9.33	result: MeasureResult(costs=(0.301181112,), error_no=MeasureErrorNo.NO_ERROR, all_cost=0.8959763050079346, timestamp=1689714149.7272837)	[('tile_y', 50), ('tile_x', 240)],None,409
autotvm - DEBUG - No: 12	GFLOPS: 5.26/9.33	result: MeasureResult(costs=(0.501807107,), error_no=MeasureErrorNo.NO_ERROR, all_cost=1.2551379203796387, timestamp=1689714150.9415102)	[('tile_y', 4), ('tile_x', 4)],None,50
autotvm - DEBUG - No: 13	GFLOPS: 6.01/9.33	result: MeasureResult(costs=(0.439031336,), error_no=MeasureErrorNo.NO_ERROR, all_cost=1.1726715564727783, timestamp=1689714152.0792847)	[('tile_y', 1), ('tile_x', 50)],None,272
autotvm - DEBUG - No: 14	GFLOPS: 4.81/9.33	result: MeasureResult(costs=(0.549053491,), error_no=MeasureErrorNo.NO_ERROR, all_cost=1.3831005096435547, timestamp=1689714153.3918633)	[('tile_y', 1), ('tile_x', 120)],None,352
autotvm - DEBUG - No: 15	GFLOPS: 5.28/9.33	result: MeasureResult(costs=(0.500029658,), error_no=MeasureErrorNo.NO_ERROR, all_cost=1.6481645107269287, timestamp=1689714154.7819726)	[('tile_y', 8), ('tile_x', 50)],None,276
autotvm - DEBUG - No: 16	GFLOPS: 3.62/9.33	result: MeasureResult(costs=(0.7286970979999999,), error_no=MeasureErrorNo.NO_ERROR, all_cost=1.782562017440796, timestamp=1689714156.4947884)	[('tile_y', 200), ('tile_x', 2)],None,28
autotvm - DEBUG - No: 17	GFLOPS: 6.85/9.33	result: MeasureResult(costs=(0.38532651399999995,), error_no=MeasureErrorNo.NO_ERROR, all_cost=1.0577037334442139, timestamp=1689714157.4826608)	[('tile_y', 5), ('tile_x', 40)],None,243
autotvm - DEBUG - No: 18	GFLOPS: 2.03/9.33	result: MeasureResult(costs=(1.2979046379999999,), error_no=MeasureErrorNo.NO_ERROR, all_cost=2.8511643409729004, timestamp=1689714160.291383)	[('tile_y', 250), ('tile_x', 1)],None,13
autotvm - DEBUG - No: 19	GFLOPS: 2.42/9.33	result: MeasureResult(costs=(1.090714935,), error_no=MeasureErrorNo.NO_ERROR, all_cost=2.4506492614746094, timestamp=1689714162.7255669)	[('tile_y', 1), ('tile_x', 4)],None,48
autotvm - DEBUG - No: 20	GFLOPS: 8.18/9.33	result: MeasureResult(costs=(0.32272274,), error_no=MeasureErrorNo.NO_ERROR, all_cost=0.9648904800415039, timestamp=1689714163.5886853)	[('tile_y', 200), ('tile_x', 200)],None,396
autotvm - DEBUG - No: 21	GFLOPS: 5.10/9.33	result: MeasureResult(costs=(0.517210554,), error_no=MeasureErrorNo.NO_ERROR, all_cost=1.6157810688018799, timestamp=1689714164.8374152)	[('tile_y', 10), ('tile_x', 60)],None,293
autotvm - DEBUG - No: 22	GFLOPS: 8.29/9.33	result: MeasureResult(costs=(0.31858822600000003,), error_no=MeasureErrorNo.NO_ERROR, all_cost=1.1782207489013672, timestamp=1689714165.7326667)	[('tile_y', 10), ('tile_x', 600)],None,453
autotvm - DEBUG - No: 23	GFLOPS: 3.17/9.33	result: MeasureResult(costs=(0.832072729,), error_no=MeasureErrorNo.NO_ERROR, all_cost=1.928138256072998, timestamp=1689714167.60963)	[('tile_y', 1), ('tile_x', 20)],None,176
autotvm - DEBUG - No: 24	GFLOPS: 5.70/9.33	result: MeasureResult(costs=(0.463065066,), error_no=MeasureErrorNo.NO_ERROR, all_cost=1.2045700550079346, timestamp=1689714168.7493746)	[('tile_y', 20), ('tile_x', 10)],None,118
autotvm - DEBUG - No: 25	GFLOPS: 5.94/9.33	result: MeasureResult(costs=(0.444292145,), error_no=MeasureErrorNo.NO_ERROR, all_cost=1.1690678596496582, timestamp=1689714169.8982892)	[('tile_y', 1), ('tile_x', 100)],None,336
autotvm - DEBUG - No: 26	GFLOPS: 4.38/9.33	result: MeasureResult(costs=(0.603349775,), error_no=MeasureErrorNo.NO_ERROR, all_cost=1.4810802936553955, timestamp=1689714171.3198729)	[('tile_y', 250), ('tile_x', 4)],None,61
autotvm - DEBUG - No: 27	GFLOPS: 6.85/9.33	result: MeasureResult(costs=(0.38519580600000003,), error_no=MeasureErrorNo.NO_ERROR, all_cost=1.2015266418457031, timestamp=1689714172.3086739)	[('tile_y', 250), ('tile_x', 300)],None,429
autotvm - DEBUG - No: 28	GFLOPS: 9.24/9.33	result: MeasureResult(costs=(0.285857796,), error_no=MeasureErrorNo.NO_ERROR, all_cost=0.9001109600067139, timestamp=1689714173.1421683)	[('tile_y', 125), ('tile_x', 60)],None,299
autotvm - DEBUG - No: 29	GFLOPS: 6.11/9.33	result: MeasureResult(costs=(0.431744799,), error_no=MeasureErrorNo.NO_ERROR, all_cost=1.4089438915252686, timestamp=1689714174.217512)	[('tile_y', 50), ('tile_x', 20)],None,185
autotvm - DEBUG - No: 30	GFLOPS: 5.80/9.33	result: MeasureResult(costs=(0.45489078699999996,), error_no=MeasureErrorNo.NO_ERROR, all_cost=1.1595005989074707, timestamp=1689714175.3446443)	[('tile_y', 100), ('tile_x', 10)],None,122
autotvm - DEBUG - No: 31	GFLOPS: 8.46/9.33	result: MeasureResult(costs=(0.31205347299999997,), error_no=MeasureErrorNo.NO_ERROR, all_cost=0.9967689514160156, timestamp=1689714176.2288365)	[('tile_y', 50), ('tile_x', 600)],None,457
autotvm - DEBUG - No: 32	GFLOPS: 5.07/9.33	result: MeasureResult(costs=(0.52042251,), error_no=MeasureErrorNo.NO_ERROR, all_cost=1.3061165809631348, timestamp=1689714177.4825954)	[('tile_y', 200), ('tile_x', 8)],None,108
autotvm - DEBUG - No: 33	GFLOPS: 6.22/9.33	result: MeasureResult(costs=(0.424329168,), error_no=MeasureErrorNo.NO_ERROR, all_cost=1.215364694595337, timestamp=1689714178.5517051)	[('tile_y', 250), ('tile_x', 75)],None,317
autotvm - DEBUG - No: 34	GFLOPS: 11.54/11.54	result: MeasureResult(costs=(0.228778129,), error_no=MeasureErrorNo.NO_ERROR, all_cost=0.8606975078582764, timestamp=1689714179.2762258)	[('tile_y', 25), ('tile_x', 60)],None,295
autotvm - DEBUG - No: 35	GFLOPS: 6.70/11.54	result: MeasureResult(costs=(0.394229264,), error_no=MeasureErrorNo.NO_ERROR, all_cost=1.057494878768921, timestamp=1689714180.279992)	[('tile_y', 4), ('tile_x', 1)],None,2
autotvm - DEBUG - No: 36	GFLOPS: 2.52/11.54	result: MeasureResult(costs=(1.046321066,), error_no=MeasureErrorNo.NO_ERROR, all_cost=2.4321835041046143, timestamp=1689714182.592058)	[('tile_y', 1000), ('tile_x', 3)],None,47
autotvm - DEBUG - No: 37	GFLOPS: 7.83/11.54	result: MeasureResult(costs=(0.337096365,), error_no=MeasureErrorNo.NO_ERROR, all_cost=1.056053876876831, timestamp=1689714183.530405)	[('tile_y', 2), ('tile_x', 120)],None,353
autotvm - DEBUG - No: 38	GFLOPS: 7.51/11.54	result: MeasureResult(costs=(0.35146399,), error_no=MeasureErrorNo.NO_ERROR, all_cost=1.1344523429870605, timestamp=1689714184.451524)	[('tile_y', 2), ('tile_x', 100)],None,337
autotvm - DEBUG - No: 39	GFLOPS: 7.25/11.54	result: MeasureResult(costs=(0.364214129,), error_no=MeasureErrorNo.NO_ERROR, all_cost=0.9865407943725586, timestamp=1689714185.397977)	[('tile_y', 125), ('tile_x', 75)],None,315
autotvm - DEBUG - No: 40	GFLOPS: 3.15/11.54	result: MeasureResult(costs=(0.837476678,), error_no=MeasureErrorNo.NO_ERROR, all_cost=2.074366807937622, timestamp=1689714187.3420913)	[('tile_y', 1), ('tile_x', 12)],None,128
autotvm - DEBUG - No: 41	GFLOPS: 2.12/11.54	result: MeasureResult(costs=(1.244634119,), error_no=MeasureErrorNo.NO_ERROR, all_cost=2.7192392349243164, timestamp=1689714189.8794336)	[('tile_y', 2), ('tile_x', 2)],None,17
autotvm - DEBUG - No: 42	GFLOPS: 5.31/11.54	result: MeasureResult(costs=(0.49709013900000004,), error_no=MeasureErrorNo.NO_ERROR, all_cost=1.2607378959655762, timestamp=1689714191.0961761)	[('tile_y', 1000), ('tile_x', 48)],None,271
autotvm - DEBUG - No: 43	GFLOPS: 8.64/11.54	result: MeasureResult(costs=(0.305457835,), error_no=MeasureErrorNo.NO_ERROR, all_cost=0.9418303966522217, timestamp=1689714191.9669065)	[('tile_y', 50), ('tile_x', 200)],None,393
autotvm - DEBUG - No: 44	GFLOPS: 5.80/11.54	result: MeasureResult(costs=(0.455128157,), error_no=MeasureErrorNo.NO_ERROR, all_cost=1.2851860523223877, timestamp=1689714193.0942712)	[('tile_y', 50), ('tile_x', 10)],None,121
autotvm - DEBUG - No: 45	GFLOPS: 4.91/11.54	result: MeasureResult(costs=(0.537175213,), error_no=MeasureErrorNo.NO_ERROR, all_cost=1.4088270664215088, timestamp=1689714194.383379)	[('tile_y', 200), ('tile_x', 12)],None,140
autotvm - DEBUG - No: 46	GFLOPS: 5.46/11.54	result: MeasureResult(costs=(0.483784777,), error_no=MeasureErrorNo.NO_ERROR, all_cost=1.5992071628570557, timestamp=1689714195.6170132)	[('tile_y', 10), ('tile_x', 40)],None,245
autotvm - DEBUG - No: 47	GFLOPS: 4.34/11.54	result: MeasureResult(costs=(0.6078852889999999,), error_no=MeasureErrorNo.NO_ERROR, all_cost=1.6282219886779785, timestamp=1689714197.0437312)	[('tile_y', 5), ('tile_x', 15)],None,147
autotvm - DEBUG - No: 48	GFLOPS: 5.77/11.54	result: MeasureResult(costs=(0.457645577,), error_no=MeasureErrorNo.NO_ERROR, all_cost=1.3788416385650635, timestamp=1689714198.1776106)	[('tile_y', 20), ('tile_x', 20)],None,182
autotvm - DEBUG - No: 49	GFLOPS: 6.78/11.54	result: MeasureResult(costs=(0.38937904300000004,), error_no=MeasureErrorNo.NO_ERROR, all_cost=1.2863643169403076, timestamp=1689714199.217298)	[('tile_y', 4), ('tile_x', 40)],None,242
autotvm - DEBUG - No: 50	GFLOPS: 4.30/11.54	result: MeasureResult(costs=(0.614177361,), error_no=MeasureErrorNo.NO_ERROR, all_cost=1.4873836040496826, timestamp=1689714200.657878)	[('tile_y', 4), ('tile_x', 2)],None,18
autotvm - DEBUG - No: 51	GFLOPS: 6.22/11.54	result: MeasureResult(costs=(0.424755897,), error_no=MeasureErrorNo.NO_ERROR, all_cost=1.2026164531707764, timestamp=1689714201.7255924)	[('tile_y', 2), ('tile_x', 48)],None,257
autotvm - DEBUG - No: 52	GFLOPS: 4.55/11.54	result: MeasureResult(costs=(0.580652587,), error_no=MeasureErrorNo.NO_ERROR, all_cost=1.4763998985290527, timestamp=1689714203.139586)	[('tile_y', 5), ('tile_x', 6)],None,83
autotvm - DEBUG - No: 53	GFLOPS: 4.98/11.54	result: MeasureResult(costs=(0.530269388,), error_no=MeasureErrorNo.NO_ERROR, all_cost=1.4384984970092773, timestamp=1689714204.4128916)	[('tile_y', 250), ('tile_x', 8)],None,109
autotvm - DEBUG - No: 54	GFLOPS: 3.96/11.54	result: MeasureResult(costs=(0.66595376,), error_no=MeasureErrorNo.NO_ERROR, all_cost=1.5697460174560547, timestamp=1689714205.9612527)	[('tile_y', 1000), ('tile_x', 8)],None,111
autotvm - DEBUG - No: 55	GFLOPS: 8.13/11.54	result: MeasureResult(costs=(0.324736084,), error_no=MeasureErrorNo.NO_ERROR, all_cost=1.1662406921386719, timestamp=1689714206.8716252)	[('tile_y', 10), ('tile_x', 400)],None,437
autotvm - DEBUG - No: 56	GFLOPS: 5.71/11.54	result: MeasureResult(costs=(0.462065403,), error_no=MeasureErrorNo.NO_ERROR, all_cost=1.3886990547180176, timestamp=1689714208.0167909)	[('tile_y', 20), ('tile_x', 25)],None,214
autotvm - DEBUG - No: 57	GFLOPS: 5.94/11.54	result: MeasureResult(costs=(0.44478071999999996,), error_no=MeasureErrorNo.NO_ERROR, all_cost=1.1013498306274414, timestamp=1689714209.1224673)	[('tile_y', 25), ('tile_x', 8)],None,103
autotvm - DEBUG - No: 58	GFLOPS: 4.71/11.54	result: MeasureResult(costs=(0.560821259,), error_no=MeasureErrorNo.NO_ERROR, all_cost=1.5826659202575684, timestamp=1689714210.5022695)	[('tile_y', 8), ('tile_x', 3)],None,36
autotvm - DEBUG - No: 59	GFLOPS: 4.27/11.54	result: MeasureResult(costs=(0.618836249,), error_no=MeasureErrorNo.NO_ERROR, all_cost=1.6607122421264648, timestamp=1689714211.956889)	[('tile_y', 25), ('tile_x', 3)],None,39
autotvm - DEBUG - No: 60	GFLOPS: 8.47/11.54	result: MeasureResult(costs=(0.31175119,), error_no=MeasureErrorNo.NO_ERROR, all_cost=1.0449309349060059, timestamp=1689714212.8008358)	[('tile_y', 5), ('tile_x', 200)],None,387
autotvm - DEBUG - No: 61	GFLOPS: 4.94/11.54	result: MeasureResult(costs=(0.534457605,), error_no=MeasureErrorNo.NO_ERROR, all_cost=1.530062198638916, timestamp=1689714214.1071532)	[('tile_y', 8), ('tile_x', 20)],None,180
autotvm - DEBUG - No: 62	GFLOPS: 7.30/11.54	result: MeasureResult(costs=(0.361722107,), error_no=MeasureErrorNo.NO_ERROR, all_cost=1.1313912868499756, timestamp=1689714215.0488424)	[('tile_y', 40), ('tile_x', 75)],None,312
autotvm - DEBUG - No: 63	GFLOPS: 4.16/11.54	result: MeasureResult(costs=(0.634031421,), error_no=MeasureErrorNo.NO_ERROR, all_cost=1.6824605464935303, timestamp=1689714216.528866)	[('tile_y', 4), ('tile_x', 12)],None,130
autotvm - DEBUG - No: 64	GFLOPS: 2.89/11.54	result: MeasureResult(costs=(0.9137514280000001,), error_no=MeasureErrorNo.NO_ERROR, all_cost=2.2603633403778076, timestamp=1689714218.6120303)	[('tile_y', 1), ('tile_x', 5)],None,64
autotvm - DEBUG - No: 65	GFLOPS: 8.00/11.54	result: MeasureResult(costs=(0.329815209,), error_no=MeasureErrorNo.NO_ERROR, all_cost=1.063842535018921, timestamp=1689714219.4859474)	[('tile_y', 500), ('tile_x', 30)],None,238
autotvm - DEBUG - No: 66	GFLOPS: 5.55/11.54	result: MeasureResult(costs=(0.475727289,), error_no=MeasureErrorNo.NO_ERROR, all_cost=1.3371691703796387, timestamp=1689714220.6500638)	[('tile_y', 20), ('tile_x', 6)],None,86
autotvm - DEBUG - No: 67	GFLOPS: 8.30/11.54	result: MeasureResult(costs=(0.318070816,), error_no=MeasureErrorNo.NO_ERROR, all_cost=1.0867066383361816, timestamp=1689714221.546387)	[('tile_y', 200), ('tile_x', 1200)],None,476
autotvm - DEBUG - No: 68	GFLOPS: 7.41/11.54	result: MeasureResult(costs=(0.356046853,), error_no=MeasureErrorNo.NO_ERROR, all_cost=1.0649008750915527, timestamp=1689714222.4781523)	[('tile_y', 250), ('tile_x', 600)],None,461
autotvm - DEBUG - No: 69	GFLOPS: 4.51/11.54	result: MeasureResult(costs=(0.584848598,), error_no=MeasureErrorNo.NO_ERROR, all_cost=1.50382661819458, timestamp=1689714223.8616292)	[('tile_y', 200), ('tile_x', 4)],None,60
autotvm - DEBUG - No: 70	GFLOPS: 5.89/11.54	result: MeasureResult(costs=(0.44800437899999995,), error_no=MeasureErrorNo.NO_ERROR, all_cost=1.6431689262390137, timestamp=1689714225.1810741)	[('tile_y', 40), ('tile_x', 15)],None,152
autotvm - DEBUG - No: 71	GFLOPS: 2.22/11.54	result: MeasureResult(costs=(1.189398696,), error_no=MeasureErrorNo.NO_ERROR, all_cost=2.7946205139160156, timestamp=1689714227.7726095)	[('tile_y', 200), ('tile_x', 1)],None,12
autotvm - DEBUG - No: 72	GFLOPS: 2.64/11.54	result: MeasureResult(costs=(0.998763512,), error_no=MeasureErrorNo.NO_ERROR, all_cost=2.208160877227783, timestamp=1689714229.9883895)	[('tile_y', 50), ('tile_x', 1)],None,9
autotvm - DEBUG - No: 73	GFLOPS: 8.11/11.54	result: MeasureResult(costs=(0.32568173699999997,), error_no=MeasureErrorNo.NO_ERROR, all_cost=0.973120927810669, timestamp=1689714230.8999388)	[('tile_y', 4), ('tile_x', 150)],None,370
autotvm - DEBUG - No: 74	GFLOPS: 4.90/11.54	result: MeasureResult(costs=(0.5383135109999999,), error_no=MeasureErrorNo.NO_ERROR, all_cost=1.5094413757324219, timestamp=1689714232.1901386)	[('tile_y', 8), ('tile_x', 15)],None,148
autotvm - DEBUG - No: 75	GFLOPS: 8.59/11.54	result: MeasureResult(costs=(0.307409163,), error_no=MeasureErrorNo.NO_ERROR, all_cost=1.0686407089233398, timestamp=1689714233.0246851)	[('tile_y', 10), ('tile_x', 200)],None,389
autotvm - DEBUG - No: 76	GFLOPS: 9.15/11.54	result: MeasureResult(costs=(0.288550809,), error_no=MeasureErrorNo.NO_ERROR, all_cost=0.8538103103637695, timestamp=1689714233.8639684)	[('tile_y', 50), ('tile_x', 60)],None,297
autotvm - DEBUG - No: 77	GFLOPS: 4.54/11.54	result: MeasureResult(costs=(0.582081956,), error_no=MeasureErrorNo.NO_ERROR, all_cost=1.6147725582122803, timestamp=1689714235.2467515)	[('tile_y', 500), ('tile_x', 25)],None,222
autotvm - DEBUG - No: 78	GFLOPS: 6.58/11.54	result: MeasureResult(costs=(0.401321882,), error_no=MeasureErrorNo.NO_ERROR, all_cost=1.2295961380004883, timestamp=1689714236.2699735)	[('tile_y', 4), ('tile_x', 48)],None,258
autotvm - DEBUG - No: 79	GFLOPS: 4.05/11.54	result: MeasureResult(costs=(0.6515600869999999,), error_no=MeasureErrorNo.NO_ERROR, all_cost=1.7330172061920166, timestamp=1689714237.8315878)	[('tile_y', 2), ('tile_x', 10)],None,113
autotvm - DEBUG - No: 80	GFLOPS: 4.48/11.54	result: MeasureResult(costs=(0.589352522,), error_no=MeasureErrorNo.NO_ERROR, all_cost=1.3888726234436035, timestamp=1689714239.2283375)	[('tile_y', 5), ('tile_x', 5)],None,67
autotvm - DEBUG - No: 81	GFLOPS: 8.56/11.54	result: MeasureResult(costs=(0.308529145,), error_no=MeasureErrorNo.NO_ERROR, all_cost=0.9546241760253906, timestamp=1689714240.0660684)	[('tile_y', 25), ('tile_x', 200)],None,391
autotvm - DEBUG - No: 82	GFLOPS: 9.31/11.54	result: MeasureResult(costs=(0.283441598,), error_no=MeasureErrorNo.NO_ERROR, all_cost=1.0313212871551514, timestamp=1689714240.8978105)	[('tile_y', 100), ('tile_x', 50)],None,282
autotvm - DEBUG - No: 83	GFLOPS: 8.03/11.54	result: MeasureResult(costs=(0.32869858199999996,), error_no=MeasureErrorNo.NO_ERROR, all_cost=1.0775477886199951, timestamp=1689714241.7791238)	[('tile_y', 2), ('tile_x', 300)],None,417
autotvm - DEBUG - No: 84	GFLOPS: 8.57/11.54	result: MeasureResult(costs=(0.30815692,), error_no=MeasureErrorNo.NO_ERROR, all_cost=0.8713867664337158, timestamp=1689714242.6134663)	[('tile_y', 125), ('tile_x', 240)],None,411
autotvm - DEBUG - No: 85	GFLOPS: 5.86/11.54	result: MeasureResult(costs=(0.450857976,), error_no=MeasureErrorNo.NO_ERROR, all_cost=1.2679250240325928, timestamp=1689714243.7728348)	[('tile_y', 40), ('tile_x', 8)],None,104
autotvm - DEBUG - No: 86	GFLOPS: 7.02/11.54	result: MeasureResult(costs=(0.37608225700000003,), error_no=MeasureErrorNo.NO_ERROR, all_cost=1.1830337047576904, timestamp=1689714244.741492)	[('tile_y', 250), ('tile_x', 400)],None,445
autotvm - DEBUG - No: 87	GFLOPS: 4.43/11.54	result: MeasureResult(costs=(0.595390052,), error_no=MeasureErrorNo.NO_ERROR, all_cost=1.542398452758789, timestamp=1689714246.1444042)	[('tile_y', 2), ('tile_x', 6)],None,81
autotvm - DEBUG - No: 88	GFLOPS: 5.14/11.54	result: MeasureResult(costs=(0.5140278939999999,), error_no=MeasureErrorNo.NO_ERROR, all_cost=1.513951301574707, timestamp=1689714247.4305637)	[('tile_y', 200), ('tile_x', 24)],None,204
autotvm - DEBUG - No: 89	GFLOPS: 5.30/11.54	result: MeasureResult(costs=(0.498493929,), error_no=MeasureErrorNo.NO_ERROR, all_cost=1.3989949226379395, timestamp=1689714248.6429658)	[('tile_y', 100), ('tile_x', 6)],None,90
autotvm - DEBUG - No: 90	GFLOPS: 9.31/11.54	result: MeasureResult(costs=(0.283465073,), error_no=MeasureErrorNo.NO_ERROR, all_cost=0.9554169178009033, timestamp=1689714249.42894)	[('tile_y', 100), ('tile_x', 40)],None,250
autotvm - DEBUG - No: 91	GFLOPS: 5.35/11.54	result: MeasureResult(costs=(0.493134404,), error_no=MeasureErrorNo.NO_ERROR, all_cost=1.3959107398986816, timestamp=1689714250.6704936)	[('tile_y', 20), ('tile_x', 8)],None,102
autotvm - DEBUG - No: 92	GFLOPS: 9.08/11.54	result: MeasureResult(costs=(0.290666628,), error_no=MeasureErrorNo.NO_ERROR, all_cost=0.9495232105255127, timestamp=1689714251.4723945)	[('tile_y', 4), ('tile_x', 120)],None,354
autotvm - DEBUG - No: 93	GFLOPS: 10.35/11.54	result: MeasureResult(costs=(0.255140011,), error_no=MeasureErrorNo.NO_ERROR, all_cost=0.8948974609375, timestamp=1689714252.200079)	[('tile_y', 20), ('tile_x', 30)],None,230
autotvm - DEBUG - No: 94	GFLOPS: 9.13/11.54	result: MeasureResult(costs=(0.289117864,), error_no=MeasureErrorNo.NO_ERROR, all_cost=1.0902528762817383, timestamp=1689714253.0406358)	[('tile_y', 200), ('tile_x', 60)],None,300
autotvm - DEBUG - No: 95	GFLOPS: 8.40/11.54	result: MeasureResult(costs=(0.314220298,), error_no=MeasureErrorNo.NO_ERROR, all_cost=1.020068645477295, timestamp=1689714253.8882027)	[('tile_y', 125), ('tile_x', 100)],None,347
autotvm - DEBUG - No: 96	GFLOPS: 8.42/11.54	result: MeasureResult(costs=(0.31339813099999997,), error_no=MeasureErrorNo.NO_ERROR, all_cost=0.8961820602416992, timestamp=1689714254.7337172)	[('tile_y', 20), ('tile_x', 150)],None,374
autotvm - DEBUG - No: 97	GFLOPS: 8.45/11.54	result: MeasureResult(costs=(0.312524265,), error_no=MeasureErrorNo.NO_ERROR, all_cost=1.0273730754852295, timestamp=1689714255.6181104)	[('tile_y', 25), ('tile_x', 600)],None,455
autotvm - DEBUG - No: 98	GFLOPS: 9.80/11.54	result: MeasureResult(costs=(0.26951231400000003,), error_no=MeasureErrorNo.NO_ERROR, all_cost=0.9192361831665039, timestamp=1689714256.3759072)	[('tile_y', 8), ('tile_x', 120)],None,356
autotvm - DEBUG - No: 99	GFLOPS: 4.82/11.54	result: MeasureResult(costs=(0.548066732,), error_no=MeasureErrorNo.NO_ERROR, all_cost=1.5429816246032715, timestamp=1689714257.685054)	[('tile_y', 500), ('tile_x', 15)],None,158
autotvm - DEBUG - No: 100	GFLOPS: 4.82/11.54	result: MeasureResult(costs=(0.547543329,), error_no=MeasureErrorNo.NO_ERROR, all_cost=1.5185439586639404, timestamp=1689714258.982968)	[('tile_y', 50), ('tile_x', 24)],None,201
root - INFO - Elpased time = 128.03487300872803
autotvm - DEBUG - Finish loading 100 records
