root - INFO - XGB Tuner Matrix Multiplication - 2023-07-19 15:30:37.506506
autotvm - DEBUG - waiting for device...
autotvm - DEBUG - device available
autotvm - INFO - Get devices for measurement successfully!
autotvm - DEBUG - No: 1	GFLOPS: 6.35/6.35	result: MeasureResult(costs=(0.415998018,), error_no=MeasureErrorNo.NO_ERROR, all_cost=1.3153071403503418, timestamp=1689798641.9540327)	[('tile_y', 2), ('tile_x', 60)],None,289
autotvm - DEBUG - No: 2	GFLOPS: 8.20/8.20	result: MeasureResult(costs=(0.322003343,), error_no=MeasureErrorNo.NO_ERROR, all_cost=0.8884999752044678, timestamp=1689798642.8135421)	[('tile_y', 5), ('tile_x', 300)],None,419
autotvm - DEBUG - No: 3	GFLOPS: 4.56/8.20	result: MeasureResult(costs=(0.579084956,), error_no=MeasureErrorNo.NO_ERROR, all_cost=1.6131529808044434, timestamp=1689798644.2227917)	[('tile_y', 5), ('tile_x', 5)],None,67
autotvm - DEBUG - No: 4	GFLOPS: 5.71/8.20	result: MeasureResult(costs=(0.46269036999999996,), error_no=MeasureErrorNo.NO_ERROR, all_cost=1.4488584995269775, timestamp=1689798645.3570838)	[('tile_y', 25), ('tile_x', 20)],None,183
autotvm - DEBUG - No: 5	GFLOPS: 5.21/8.20	result: MeasureResult(costs=(0.5068954840000001,), error_no=MeasureErrorNo.NO_ERROR, all_cost=1.5735304355621338, timestamp=1689798646.5841537)	[('tile_y', 8), ('tile_x', 48)],None,260
autotvm - DEBUG - No: 6	GFLOPS: 4.62/8.20	result: MeasureResult(costs=(0.57103257,), error_no=MeasureErrorNo.NO_ERROR, all_cost=1.4332170486450195, timestamp=1689798647.9819062)	[('tile_y', 50), ('tile_x', 3)],None,41
autotvm - DEBUG - No: 7	GFLOPS: 6.35/8.20	result: MeasureResult(costs=(0.415515284,), error_no=MeasureErrorNo.NO_ERROR, all_cost=1.2950990200042725, timestamp=1689798649.0277474)	[('tile_y', 10), ('tile_x', 120)],None,357
autotvm - DEBUG - No: 8	GFLOPS: 9.23/9.23	result: MeasureResult(costs=(0.285947508,), error_no=MeasureErrorNo.NO_ERROR, all_cost=1.0933375358581543, timestamp=1689798649.812791)	[('tile_y', 250), ('tile_x', 50)],None,285
autotvm - DEBUG - No: 9	GFLOPS: 7.68/9.23	result: MeasureResult(costs=(0.343950804,), error_no=MeasureErrorNo.NO_ERROR, all_cost=1.0829882621765137, timestamp=1689798650.7577891)	[('tile_y', 2), ('tile_x', 100)],None,337
autotvm - DEBUG - No: 10	GFLOPS: 11.59/11.59	result: MeasureResult(costs=(0.22777894699999998,), error_no=MeasureErrorNo.NO_ERROR, all_cost=0.9350249767303467, timestamp=1689798651.4306808)	[('tile_y', 25), ('tile_x', 48)],None,263
autotvm - DEBUG - No: 11	GFLOPS: 3.36/11.59	result: MeasureResult(costs=(0.786832286,), error_no=MeasureErrorNo.NO_ERROR, all_cost=2.072528600692749, timestamp=1689798653.2193472)	[('tile_y', 1000), ('tile_x', 25)],None,223
autotvm - DEBUG - No: 12	GFLOPS: 5.66/11.59	result: MeasureResult(costs=(0.466309151,), error_no=MeasureErrorNo.NO_ERROR, all_cost=1.3221940994262695, timestamp=1689798654.4029636)	[('tile_y', 100), ('tile_x', 15)],None,154
autotvm - DEBUG - No: 13	GFLOPS: 2.90/11.59	result: MeasureResult(costs=(0.908979151,), error_no=MeasureErrorNo.NO_ERROR, all_cost=2.0149104595184326, timestamp=1689798656.4289408)	[('tile_y', 1), ('tile_x', 5)],None,64
autotvm - DEBUG - No: 14	GFLOPS: 6.46/11.59	result: MeasureResult(costs=(0.408823606,), error_no=MeasureErrorNo.NO_ERROR, all_cost=1.3011834621429443, timestamp=1689798657.459901)	[('tile_y', 1000), ('tile_x', 300)],None,431
autotvm - DEBUG - No: 15	GFLOPS: 3.23/11.59	result: MeasureResult(costs=(0.818275274,), error_no=MeasureErrorNo.NO_ERROR, all_cost=1.9474613666534424, timestamp=1689798659.348153)	[('tile_y', 2), ('tile_x', 24)],None,193
autotvm - DEBUG - No: 16	GFLOPS: 5.35/11.59	result: MeasureResult(costs=(0.493642305,), error_no=MeasureErrorNo.NO_ERROR, all_cost=1.3256053924560547, timestamp=1689798660.543238)	[('tile_y', 20), ('tile_x', 8)],None,102
autotvm - DEBUG - No: 17	GFLOPS: 5.74/11.59	result: MeasureResult(costs=(0.460102734,), error_no=MeasureErrorNo.NO_ERROR, all_cost=1.369234561920166, timestamp=1689798661.6738276)	[('tile_y', 20), ('tile_x', 5)],None,70
autotvm - DEBUG - No: 18	GFLOPS: 4.30/11.59	result: MeasureResult(costs=(0.613382934,), error_no=MeasureErrorNo.NO_ERROR, all_cost=1.7325406074523926, timestamp=1689798663.148322)	[('tile_y', 5), ('tile_x', 15)],None,147
autotvm - DEBUG - No: 19	GFLOPS: 9.22/11.59	result: MeasureResult(costs=(0.28622684800000003,), error_no=MeasureErrorNo.NO_ERROR, all_cost=1.0965299606323242, timestamp=1689798663.9336946)	[('tile_y', 250), ('tile_x', 60)],None,301
autotvm - DEBUG - No: 20	GFLOPS: 4.74/11.59	result: MeasureResult(costs=(0.557543688,), error_no=MeasureErrorNo.NO_ERROR, all_cost=1.3772220611572266, timestamp=1689798665.2594552)	[('tile_y', 5), ('tile_x', 24)],None,195
autotvm - DEBUG - No: 21	GFLOPS: 4.50/11.59	result: MeasureResult(costs=(0.586313655,), error_no=MeasureErrorNo.NO_ERROR, all_cost=1.693312168121338, timestamp=1689798666.6836178)	[('tile_y', 5), ('tile_x', 16)],None,163
autotvm - DEBUG - No: 22	GFLOPS: 5.17/11.59	result: MeasureResult(costs=(0.510913362,), error_no=MeasureErrorNo.NO_ERROR, all_cost=1.301605224609375, timestamp=1689798667.9153636)	[('tile_y', 200), ('tile_x', 24)],None,204
autotvm - DEBUG - No: 23	GFLOPS: 8.49/11.59	result: MeasureResult(costs=(0.310987359,), error_no=MeasureErrorNo.NO_ERROR, all_cost=1.0242657661437988, timestamp=1689798668.7503886)	[('tile_y', 125), ('tile_x', 300)],None,427
autotvm - DEBUG - No: 24	GFLOPS: 3.29/11.59	result: MeasureResult(costs=(0.802101615,), error_no=MeasureErrorNo.NO_ERROR, all_cost=2.102506399154663, timestamp=1689798670.6016483)	[('tile_y', 2), ('tile_x', 15)],None,145
autotvm - DEBUG - No: 25	GFLOPS: 11.47/11.59	result: MeasureResult(costs=(0.230164247,), error_no=MeasureErrorNo.NO_ERROR, all_cost=0.6769349575042725, timestamp=1689798671.2741008)	[('tile_y', 20), ('tile_x', 50)],None,278
autotvm - DEBUG - No: 26	GFLOPS: 10.39/11.59	result: MeasureResult(costs=(0.254174774,), error_no=MeasureErrorNo.NO_ERROR, all_cost=0.9808230400085449, timestamp=1689798671.9970322)	[('tile_y', 50), ('tile_x', 40)],None,249
autotvm - DEBUG - No: 27	GFLOPS: 5.18/11.59	result: MeasureResult(costs=(0.509208588,), error_no=MeasureErrorNo.NO_ERROR, all_cost=1.576474666595459, timestamp=1689798673.2656004)	[('tile_y', 100), ('tile_x', 24)],None,202
autotvm - DEBUG - No: 28	GFLOPS: 9.12/11.59	result: MeasureResult(costs=(0.28942364400000004,), error_no=MeasureErrorNo.NO_ERROR, all_cost=1.0004525184631348, timestamp=1689798674.0561798)	[('tile_y', 500), ('tile_x', 30)],None,238
autotvm - DEBUG - No: 29	GFLOPS: 8.65/11.59	result: MeasureResult(costs=(0.305181382,), error_no=MeasureErrorNo.NO_ERROR, all_cost=0.9236726760864258, timestamp=1689798674.9939828)	[('tile_y', 50), ('tile_x', 1200)],None,473
autotvm - DEBUG - No: 30	GFLOPS: 5.80/11.59	result: MeasureResult(costs=(0.455397669,), error_no=MeasureErrorNo.NO_ERROR, all_cost=1.4080145359039307, timestamp=1689798676.1573198)	[('tile_y', 25), ('tile_x', 75)],None,311
autotvm - DEBUG - No: 31	GFLOPS: 8.27/11.59	result: MeasureResult(costs=(0.319107345,), error_no=MeasureErrorNo.NO_ERROR, all_cost=0.8597512245178223, timestamp=1689798677.0092907)	[('tile_y', 40), ('tile_x', 300)],None,424
autotvm - DEBUG - No: 32	GFLOPS: 5.07/11.59	result: MeasureResult(costs=(0.520717535,), error_no=MeasureErrorNo.NO_ERROR, all_cost=1.2987699508666992, timestamp=1689798678.266562)	[('tile_y', 1000), ('tile_x', 40)],None,255
autotvm - DEBUG - No: 33	GFLOPS: 7.03/11.59	result: MeasureResult(costs=(0.375634077,), error_no=MeasureErrorNo.NO_ERROR, all_cost=1.0899097919464111, timestamp=1689798679.2788665)	[('tile_y', 200), ('tile_x', 80)],None,332
autotvm - DEBUG - No: 34	GFLOPS: 9.35/11.59	result: MeasureResult(costs=(0.28236442,), error_no=MeasureErrorNo.NO_ERROR, all_cost=0.986457347869873, timestamp=1689798680.0563462)	[('tile_y', 125), ('tile_x', 40)],None,251
autotvm - DEBUG - No: 35	GFLOPS: 9.35/11.59	result: MeasureResult(costs=(0.28228049099999997,), error_no=MeasureErrorNo.NO_ERROR, all_cost=1.0219244956970215, timestamp=1689798680.8308728)	[('tile_y', 125), ('tile_x', 30)],None,235
autotvm - DEBUG - No: 36	GFLOPS: 8.44/11.59	result: MeasureResult(costs=(0.312973096,), error_no=MeasureErrorNo.NO_ERROR, all_cost=0.9639105796813965, timestamp=1689798681.7160072)	[('tile_y', 20), ('tile_x', 240)],None,406
autotvm - DEBUG - No: 37	GFLOPS: 5.89/11.59	result: MeasureResult(costs=(0.44804592000000004,), error_no=MeasureErrorNo.NO_ERROR, all_cost=1.364922285079956, timestamp=1689798682.8245785)	[('tile_y', 20), ('tile_x', 16)],None,166
autotvm - DEBUG - No: 38	GFLOPS: 1.85/11.59	result: MeasureResult(costs=(1.428787972,), error_no=MeasureErrorNo.NO_ERROR, all_cost=3.302947521209717, timestamp=1689798685.8926117)	[('tile_y', 1), ('tile_x', 3)],None,32
autotvm - DEBUG - No: 39	GFLOPS: 6.06/11.59	result: MeasureResult(costs=(0.435654589,), error_no=MeasureErrorNo.NO_ERROR, all_cost=1.4559383392333984, timestamp=1689798687.014286)	[('tile_y', 40), ('tile_x', 20)],None,184
autotvm - DEBUG - No: 40	GFLOPS: 5.54/11.59	result: MeasureResult(costs=(0.476303084,), error_no=MeasureErrorNo.NO_ERROR, all_cost=1.4562814235687256, timestamp=1689798688.1758146)	[('tile_y', 40), ('tile_x', 5)],None,72
autotvm - DEBUG - No: 41	GFLOPS: 7.34/11.59	result: MeasureResult(costs=(0.359476721,), error_no=MeasureErrorNo.NO_ERROR, all_cost=1.1511969566345215, timestamp=1689798689.1079772)	[('tile_y', 2), ('tile_x', 120)],None,353
autotvm - DEBUG - No: 42	GFLOPS: 6.02/11.59	result: MeasureResult(costs=(0.43871215,), error_no=MeasureErrorNo.NO_ERROR, all_cost=1.5070245265960693, timestamp=1689798690.238057)	[('tile_y', 50), ('tile_x', 15)],None,153
autotvm - DEBUG - No: 43	GFLOPS: 9.32/11.59	result: MeasureResult(costs=(0.28315644300000004,), error_no=MeasureErrorNo.NO_ERROR, all_cost=1.100614070892334, timestamp=1689798691.017489)	[('tile_y', 200), ('tile_x', 50)],None,284
autotvm - DEBUG - No: 44	GFLOPS: 5.21/11.59	result: MeasureResult(costs=(0.506272898,), error_no=MeasureErrorNo.NO_ERROR, all_cost=1.4525914192199707, timestamp=1689798692.245039)	[('tile_y', 1000), ('tile_x', 48)],None,271
autotvm - DEBUG - No: 45	GFLOPS: 5.11/11.59	result: MeasureResult(costs=(0.516989151,), error_no=MeasureErrorNo.NO_ERROR, all_cost=1.5369668006896973, timestamp=1689798693.529603)	[('tile_y', 250), ('tile_x', 15)],None,157
autotvm - DEBUG - No: 46	GFLOPS: 5.79/11.59	result: MeasureResult(costs=(0.456155546,), error_no=MeasureErrorNo.NO_ERROR, all_cost=1.2923011779785156, timestamp=1689798694.6513445)	[('tile_y', 125), ('tile_x', 8)],None,107
autotvm - DEBUG - No: 47	GFLOPS: 7.66/11.59	result: MeasureResult(costs=(0.344726825,), error_no=MeasureErrorNo.NO_ERROR, all_cost=1.12727689743042, timestamp=1689798695.5550466)	[('tile_y', 1), ('tile_x', 240)],None,400
autotvm - DEBUG - No: 48	GFLOPS: 6.23/11.59	result: MeasureResult(costs=(0.42394539200000003,), error_no=MeasureErrorNo.NO_ERROR, all_cost=1.3709161281585693, timestamp=1689798696.65933)	[('tile_y', 1), ('tile_x', 150)],None,368
autotvm - DEBUG - No: 49	GFLOPS: 8.89/11.59	result: MeasureResult(costs=(0.29686147599999996,), error_no=MeasureErrorNo.NO_ERROR, all_cost=0.9515986442565918, timestamp=1689798697.4698043)	[('tile_y', 5), ('tile_x', 80)],None,323
autotvm - DEBUG - No: 50	GFLOPS: 8.08/11.59	result: MeasureResult(costs=(0.32692386599999995,), error_no=MeasureErrorNo.NO_ERROR, all_cost=1.110377311706543, timestamp=1689798698.3363154)	[('tile_y', 500), ('tile_x', 48)],None,270
autotvm - DEBUG - No: 51	GFLOPS: 5.94/11.59	result: MeasureResult(costs=(0.44417136799999996,), error_no=MeasureErrorNo.NO_ERROR, all_cost=1.4291555881500244, timestamp=1689798699.4753993)	[('tile_y', 20), ('tile_x', 24)],None,198
autotvm - DEBUG - No: 52	GFLOPS: 7.29/11.59	result: MeasureResult(costs=(0.361981905,), error_no=MeasureErrorNo.NO_ERROR, all_cost=1.0950720310211182, timestamp=1689798700.4125953)	[('tile_y', 125), ('tile_x', 75)],None,315
autotvm - DEBUG - No: 53	GFLOPS: 9.37/11.59	result: MeasureResult(costs=(0.281719286,), error_no=MeasureErrorNo.NO_ERROR, all_cost=1.100147008895874, timestamp=1689798701.1888752)	[('tile_y', 200), ('tile_x', 48)],None,268
autotvm - DEBUG - No: 54	GFLOPS: 10.69/11.59	result: MeasureResult(costs=(0.246983519,), error_no=MeasureErrorNo.NO_ERROR, all_cost=0.8150520324707031, timestamp=1689798701.9357705)	[('tile_y', 25), ('tile_x', 30)],None,231
autotvm - DEBUG - No: 55	GFLOPS: 4.76/11.59	result: MeasureResult(costs=(0.555155717,), error_no=MeasureErrorNo.NO_ERROR, all_cost=1.4200539588928223, timestamp=1689798703.251678)	[('tile_y', 40), ('tile_x', 3)],None,40
autotvm - DEBUG - No: 56	GFLOPS: 8.33/11.59	result: MeasureResult(costs=(0.31696168399999997,), error_no=MeasureErrorNo.NO_ERROR, all_cost=0.837395429611206, timestamp=1689798704.0996187)	[('tile_y', 2), ('tile_x', 1200)],None,465
root - INFO - Elpased time = 66.35716724395752
autotvm - DEBUG - Finish loading 56 records
