root - INFO - GA Tuner Matrix Multiplication - 2023-07-18 16:04:34.783460
autotvm - DEBUG - waiting for device...
autotvm - DEBUG - device available
autotvm - INFO - Get devices for measurement successfully!
autotvm - DEBUG - No: 1	GFLOPS: 3.47/3.47	result: MeasureResult(costs=(6.9017771990000005,), error_no=MeasureErrorNo.NO_ERROR, all_cost=13.815484046936035, timestamp=1689714294.1272588)	[('tile_y', 10), ('tile_x', 1)],None,5
autotvm - DEBUG - No: 2	GFLOPS: 3.57/3.57	result: MeasureResult(costs=(6.703403862,), error_no=MeasureErrorNo.NO_ERROR, all_cost=13.207751989364624, timestamp=1689714307.1321766)	[('tile_y', 16), ('tile_x', 1)],None,6
autotvm - DEBUG - No: 3	GFLOPS: 2.98/3.57	result: MeasureResult(costs=(8.033929933,), error_no=MeasureErrorNo.NO_ERROR, all_cost=14.49658751487732, timestamp=1689714321.5281503)	[('tile_y', 20), ('tile_x', 1)],None,7
autotvm - DEBUG - No: 4	GFLOPS: 2.20/3.57	result: MeasureResult(costs=(10.850413002,), error_no=MeasureErrorNo.NO_ERROR, all_cost=22.117371082305908, timestamp=1689714343.611178)	[('tile_y', 80), ('tile_x', 1)],None,11
autotvm - DEBUG - No: 5	GFLOPS: 1.94/3.57	result: MeasureResult(costs=(12.333353744,), error_no=MeasureErrorNo.NO_ERROR, all_cost=23.19832491874695, timestamp=1689714366.8206146)	[('tile_y', 100), ('tile_x', 1)],None,12
autotvm - DEBUG - No: 6	GFLOPS: 2.49/3.57	result: MeasureResult(costs=(9.618189259000001,), error_no=MeasureErrorNo.NO_ERROR, all_cost=19.258060216903687, timestamp=1689714386.0370054)	[('tile_y', 250), ('tile_x', 1)],None,15
autotvm - DEBUG - No: 7	GFLOPS: 0.68/3.57	result: MeasureResult(costs=(34.992539161,), error_no=MeasureErrorNo.NO_ERROR, all_cost=67.86219835281372, timestamp=1689714453.8628075)	[('tile_y', 1), ('tile_x', 2)],None,20
autotvm - DEBUG - No: 8	GFLOPS: 1.07/3.57	result: MeasureResult(costs=(22.406031749,), error_no=MeasureErrorNo.NO_ERROR, all_cost=42.22668170928955, timestamp=1689714496.0674074)	[('tile_y', 2), ('tile_x', 2)],None,21
autotvm - DEBUG - No: 9	GFLOPS: 1.74/3.57	result: MeasureResult(costs=(13.726475084,), error_no=MeasureErrorNo.NO_ERROR, all_cost=24.43086266517639, timestamp=1689714520.4849148)	[('tile_y', 8), ('tile_x', 2)],None,24
autotvm - DEBUG - No: 10	GFLOPS: 1.91/3.57	result: MeasureResult(costs=(12.55033456,), error_no=MeasureErrorNo.NO_ERROR, all_cost=20.66535711288452, timestamp=1689714540.8570027)	[('tile_y', 25), ('tile_x', 2)],None,28
autotvm - DEBUG - No: 11	GFLOPS: 3.35/3.57	result: MeasureResult(costs=(7.135966273,), error_no=MeasureErrorNo.NO_ERROR, all_cost=13.790386438369751, timestamp=1689714554.5260115)	[('tile_y', 200), ('tile_x', 2)],None,34
autotvm - DEBUG - No: 12	GFLOPS: 1.27/3.57	result: MeasureResult(costs=(18.894652806,), error_no=MeasureErrorNo.NO_ERROR, all_cost=28.36118721961975, timestamp=1689714582.7066555)	[('tile_y', 2), ('tile_x', 4)],None,41
autotvm - DEBUG - No: 13	GFLOPS: 1.37/3.57	result: MeasureResult(costs=(17.5024094,), error_no=MeasureErrorNo.NO_ERROR, all_cost=25.056944131851196, timestamp=1689714607.7423217)	[('tile_y', 5), ('tile_x', 4)],None,43
autotvm - DEBUG - No: 14	GFLOPS: 1.27/3.57	result: MeasureResult(costs=(18.829221815,), error_no=MeasureErrorNo.NO_ERROR, all_cost=34.39734673500061, timestamp=1689714642.1344833)	[('tile_y', 16), ('tile_x', 4)],None,46
autotvm - DEBUG - No: 15	GFLOPS: 2.58/3.57	result: MeasureResult(costs=(9.273290915,), error_no=MeasureErrorNo.NO_ERROR, all_cost=18.12906002998352, timestamp=1689714660.2482793)	[('tile_y', 25), ('tile_x', 4)],None,48
autotvm - DEBUG - No: 16	GFLOPS: 4.16/4.16	result: MeasureResult(costs=(5.75317785,), error_no=MeasureErrorNo.NO_ERROR, all_cost=11.157217264175415, timestamp=1689714671.399902)	[('tile_y', 200), ('tile_x', 4)],None,54
autotvm - DEBUG - No: 17	GFLOPS: 3.87/4.16	result: MeasureResult(costs=(6.18539953,), error_no=MeasureErrorNo.NO_ERROR, all_cost=11.872052192687988, timestamp=1689714683.04795)	[('tile_y', 250), ('tile_x', 4)],None,55
autotvm - DEBUG - No: 18	GFLOPS: 0.86/4.16	result: MeasureResult(costs=(27.685876649999997,), error_no=MeasureErrorNo.NO_ERROR, all_cost=38.474618673324585, timestamp=1689714721.4811473)	[('tile_y', 2), ('tile_x', 5)],None,61
autotvm - DEBUG - No: 19	GFLOPS: 2.66/4.16	result: MeasureResult(costs=(9.009192751,), error_no=MeasureErrorNo.NO_ERROR, all_cost=17.99420475959778, timestamp=1689714739.4580827)	[('tile_y', 16), ('tile_x', 5)],None,66
autotvm - DEBUG - No: 20	GFLOPS: 2.10/4.16	result: MeasureResult(costs=(11.415180167,), error_no=MeasureErrorNo.NO_ERROR, all_cost=23.286421060562134, timestamp=1689714762.6921864)	[('tile_y', 20), ('tile_x', 5)],None,67
autotvm - DEBUG - No: 21	GFLOPS: 4.21/4.21	result: MeasureResult(costs=(5.678315398,), error_no=MeasureErrorNo.NO_ERROR, all_cost=10.942210674285889, timestamp=1689714773.6216307)	[('tile_y', 100), ('tile_x', 5)],None,72
autotvm - DEBUG - No: 22	GFLOPS: 4.15/4.21	result: MeasureResult(costs=(5.760983711,), error_no=MeasureErrorNo.NO_ERROR, all_cost=11.751402378082275, timestamp=1689714785.0934725)	[('tile_y', 250), ('tile_x', 5)],None,75
autotvm - DEBUG - No: 23	GFLOPS: 3.66/4.21	result: MeasureResult(costs=(6.527388494,), error_no=MeasureErrorNo.NO_ERROR, all_cost=13.216115236282349, timestamp=1689714798.044879)	[('tile_y', 500), ('tile_x', 5)],None,77
autotvm - DEBUG - No: 24	GFLOPS: 1.40/4.21	result: MeasureResult(costs=(17.113854942000003,), error_no=MeasureErrorNo.NO_ERROR, all_cost=31.161697149276733, timestamp=1689714828.980454)	[('tile_y', 1000), ('tile_x', 5)],None,78
autotvm - DEBUG - No: 25	GFLOPS: 0.87/4.21	result: MeasureResult(costs=(27.54958485,), error_no=MeasureErrorNo.NO_ERROR, all_cost=49.57858490943909, timestamp=1689714878.2819393)	[('tile_y', 4), ('tile_x', 10)],None,82
autotvm - DEBUG - No: 26	GFLOPS: 3.65/4.21	result: MeasureResult(costs=(6.552143029,), error_no=MeasureErrorNo.NO_ERROR, all_cost=13.56244444847107, timestamp=1689714891.4734504)	[('tile_y', 50), ('tile_x', 10)],None,90
autotvm - DEBUG - No: 27	GFLOPS: 1.99/4.21	result: MeasureResult(costs=(12.026418364,), error_no=MeasureErrorNo.NO_ERROR, all_cost=27.267258405685425, timestamp=1689714918.7249293)	[('tile_y', 2000), ('tile_x', 10)],None,99
autotvm - DEBUG - No: 28	GFLOPS: 2.19/4.21	result: MeasureResult(costs=(10.919801415,), error_no=MeasureErrorNo.NO_ERROR, all_cost=18.56962490081787, timestamp=1689714937.1584597)	[('tile_y', 20), ('tile_x', 13)],None,107
autotvm - DEBUG - No: 29	GFLOPS: 4.50/4.50	result: MeasureResult(costs=(5.309985913,), error_no=MeasureErrorNo.NO_ERROR, all_cost=11.131346464157104, timestamp=1689714948.2488828)	[('tile_y', 500), ('tile_x', 13)],None,117
autotvm - DEBUG - No: 30	GFLOPS: 2.20/4.50	result: MeasureResult(costs=(10.859568464,), error_no=MeasureErrorNo.NO_ERROR, all_cost=23.432663917541504, timestamp=1689714971.5873096)	[('tile_y', 1000), ('tile_x', 13)],None,118
autotvm - DEBUG - No: 31	GFLOPS: 1.36/4.50	result: MeasureResult(costs=(17.562012178,), error_no=MeasureErrorNo.NO_ERROR, all_cost=36.21546673774719, timestamp=1689715007.5613108)	[('tile_y', 2000), ('tile_x', 13)],None,119
autotvm - DEBUG - No: 32	GFLOPS: 1.62/4.50	result: MeasureResult(costs=(14.751851027999999,), error_no=MeasureErrorNo.NO_ERROR, all_cost=41.095771074295044, timestamp=1689715048.4053533)	[('tile_y', 1), ('tile_x', 20)],None,120
autotvm - DEBUG - No: 33	GFLOPS: 1.52/4.50	result: MeasureResult(costs=(15.775773882,), error_no=MeasureErrorNo.NO_ERROR, all_cost=41.97304821014404, timestamp=1689715090.2935588)	[('tile_y', 2), ('tile_x', 20)],None,121
autotvm - DEBUG - No: 34	GFLOPS: 3.41/4.50	result: MeasureResult(costs=(7.023560538,), error_no=MeasureErrorNo.NO_ERROR, all_cost=18.239213705062866, timestamp=1689715108.4539664)	[('tile_y', 5), ('tile_x', 20)],None,123
autotvm - DEBUG - No: 35	GFLOPS: 2.56/4.50	result: MeasureResult(costs=(9.339707961,), error_no=MeasureErrorNo.NO_ERROR, all_cost=19.346691131591797, timestamp=1689715127.4500246)	[('tile_y', 8), ('tile_x', 20)],None,124
autotvm - DEBUG - No: 36	GFLOPS: 3.08/4.50	result: MeasureResult(costs=(7.7637456789999995,), error_no=MeasureErrorNo.NO_ERROR, all_cost=14.814011335372925, timestamp=1689715142.0157802)	[('tile_y', 25), ('tile_x', 20)],None,128
autotvm - DEBUG - No: 37	GFLOPS: 4.82/4.82	result: MeasureResult(costs=(4.966923904000001,), error_no=MeasureErrorNo.NO_ERROR, all_cost=10.353902578353882, timestamp=1689715152.373)	[('tile_y', 400), ('tile_x', 20)],None,136
autotvm - DEBUG - No: 38	GFLOPS: 1.98/4.82	result: MeasureResult(costs=(12.102903298,), error_no=MeasureErrorNo.NO_ERROR, all_cost=24.45167851448059, timestamp=1689715176.7217605)	[('tile_y', 1000), ('tile_x', 20)],None,138
autotvm - DEBUG - No: 39	GFLOPS: 1.80/4.82	result: MeasureResult(costs=(13.295930612,), error_no=MeasureErrorNo.NO_ERROR, all_cost=31.706299781799316, timestamp=1689715208.3383374)	[('tile_y', 2), ('tile_x', 25)],None,141
autotvm - DEBUG - No: 40	GFLOPS: 4.21/4.82	result: MeasureResult(costs=(5.675622213,), error_no=MeasureErrorNo.NO_ERROR, all_cost=11.5217924118042, timestamp=1689715219.719281)	[('tile_y', 40), ('tile_x', 25)],None,149
autotvm - DEBUG - No: 41	GFLOPS: 5.08/5.08	result: MeasureResult(costs=(4.70707323,), error_no=MeasureErrorNo.NO_ERROR, all_cost=9.874359130859375, timestamp=1689715229.581337)	[('tile_y', 125), ('tile_x', 25)],None,153
autotvm - DEBUG - No: 42	GFLOPS: 1.70/5.08	result: MeasureResult(costs=(14.087081383000001,), error_no=MeasureErrorNo.NO_ERROR, all_cost=29.506141185760498, timestamp=1689715258.9132304)	[('tile_y', 2000), ('tile_x', 25)],None,159
autotvm - DEBUG - No: 43	GFLOPS: 7.17/7.17	result: MeasureResult(costs=(3.3378917230000003,), error_no=MeasureErrorNo.NO_ERROR, all_cost=6.347951173782349, timestamp=1689715265.1829665)	[('tile_y', 20), ('tile_x', 40)],None,167
autotvm - DEBUG - No: 44	GFLOPS: 8.70/8.70	result: MeasureResult(costs=(2.74940671,), error_no=MeasureErrorNo.NO_ERROR, all_cost=5.780004024505615, timestamp=1689715270.8747282)	[('tile_y', 25), ('tile_x', 40)],None,168
autotvm - DEBUG - No: 45	GFLOPS: 7.65/8.70	result: MeasureResult(costs=(3.127359209,), error_no=MeasureErrorNo.NO_ERROR, all_cost=6.131408214569092, timestamp=1689715276.9257538)	[('tile_y', 50), ('tile_x', 40)],None,170
autotvm - DEBUG - No: 46	GFLOPS: 8.91/8.91	result: MeasureResult(costs=(2.6851590510000003,), error_no=MeasureErrorNo.NO_ERROR, all_cost=5.842134237289429, timestamp=1689715282.796117)	[('tile_y', 80), ('tile_x', 40)],None,171
autotvm - DEBUG - No: 47	GFLOPS: 3.93/8.91	result: MeasureResult(costs=(6.091637435,), error_no=MeasureErrorNo.NO_ERROR, all_cost=13.209900856018066, timestamp=1689715295.7543473)	[('tile_y', 1000), ('tile_x', 40)],None,178
autotvm - DEBUG - No: 48	GFLOPS: 9.50/9.50	result: MeasureResult(costs=(2.5169434390000003,), error_no=MeasureErrorNo.NO_ERROR, all_cost=5.913499593734741, timestamp=1689715301.4035957)	[('tile_y', 16), ('tile_x', 50)],None,186
autotvm - DEBUG - No: 49	GFLOPS: 7.17/9.50	result: MeasureResult(costs=(3.3347563019999997,), error_no=MeasureErrorNo.NO_ERROR, all_cost=7.421132802963257, timestamp=1689715308.746328)	[('tile_y', 80), ('tile_x', 50)],None,191
autotvm - DEBUG - No: 50	GFLOPS: 6.80/9.50	result: MeasureResult(costs=(3.515464986,), error_no=MeasureErrorNo.NO_ERROR, all_cost=7.838801622390747, timestamp=1689715316.2418096)	[('tile_y', 400), ('tile_x', 50)],None,196
autotvm - DEBUG - No: 51	GFLOPS: 2.85/9.50	result: MeasureResult(costs=(8.403724184000001,), error_no=MeasureErrorNo.NO_ERROR, all_cost=25.00017261505127, timestamp=1689715340.9398842)	[('tile_y', 2), ('tile_x', 52)],None,201
autotvm - DEBUG - No: 52	GFLOPS: 5.40/9.50	result: MeasureResult(costs=(4.431602909,), error_no=MeasureErrorNo.NO_ERROR, all_cost=9.67500615119934, timestamp=1689715350.3051403)	[('tile_y', 5), ('tile_x', 52)],None,203
autotvm - DEBUG - No: 53	GFLOPS: 2.69/9.50	result: MeasureResult(costs=(8.895863819,), error_no=MeasureErrorNo.NO_ERROR, all_cost=17.926841735839844, timestamp=1689715367.919063)	[('tile_y', 8), ('tile_x', 52)],None,204
autotvm - DEBUG - No: 54	GFLOPS: 2.45/9.50	result: MeasureResult(costs=(9.745918905,), error_no=MeasureErrorNo.NO_ERROR, all_cost=18.503907918930054, timestamp=1689715386.4224234)	[('tile_y', 2), ('tile_x', 100)],None,221
autotvm - DEBUG - No: 55	GFLOPS: 5.96/9.50	result: MeasureResult(costs=(4.01007913,), error_no=MeasureErrorNo.NO_ERROR, all_cost=8.802738904953003, timestamp=1689715394.9440024)	[('tile_y', 4), ('tile_x', 100)],None,222
autotvm - DEBUG - No: 56	GFLOPS: 2.85/9.50	result: MeasureResult(costs=(8.406391708,), error_no=MeasureErrorNo.NO_ERROR, all_cost=13.207287311553955, timestamp=1689715407.8694808)	[('tile_y', 5), ('tile_x', 100)],None,223
autotvm - DEBUG - No: 57	GFLOPS: 4.29/9.50	result: MeasureResult(costs=(5.570447795,), error_no=MeasureErrorNo.NO_ERROR, all_cost=11.023130655288696, timestamp=1689715418.829547)	[('tile_y', 10), ('tile_x', 100)],None,225
autotvm - DEBUG - No: 58	GFLOPS: 7.90/9.50	result: MeasureResult(costs=(3.0274829899999998,), error_no=MeasureErrorNo.NO_ERROR, all_cost=6.844001054763794, timestamp=1689715425.3930871)	[('tile_y', 40), ('tile_x', 100)],None,229
autotvm - DEBUG - No: 59	GFLOPS: 6.88/9.50	result: MeasureResult(costs=(3.4785403489999998,), error_no=MeasureErrorNo.NO_ERROR, all_cost=7.029371023178101, timestamp=1689715432.3327088)	[('tile_y', 50), ('tile_x', 100)],None,230
autotvm - DEBUG - No: 60	GFLOPS: 7.39/9.50	result: MeasureResult(costs=(3.2365953129999996,), error_no=MeasureErrorNo.NO_ERROR, all_cost=6.986267328262329, timestamp=1689715439.2647567)	[('tile_y', 250), ('tile_x', 100)],None,235
autotvm - DEBUG - No: 61	GFLOPS: 5.36/9.50	result: MeasureResult(costs=(4.459256658,), error_no=MeasureErrorNo.NO_ERROR, all_cost=9.654170513153076, timestamp=1689715448.6701725)	[('tile_y', 400), ('tile_x', 100)],None,236
autotvm - DEBUG - No: 62	GFLOPS: 3.63/9.50	result: MeasureResult(costs=(6.59755667,), error_no=MeasureErrorNo.NO_ERROR, all_cost=14.036965608596802, timestamp=1689715462.430701)	[('tile_y', 1000), ('tile_x', 100)],None,238
autotvm - DEBUG - No: 63	GFLOPS: 6.32/9.50	result: MeasureResult(costs=(3.7869468900000003,), error_no=MeasureErrorNo.NO_ERROR, all_cost=8.07299518585205, timestamp=1689715470.3921194)	[('tile_y', 5), ('tile_x', 104)],None,243
autotvm - DEBUG - No: 64	GFLOPS: 4.17/9.50	result: MeasureResult(costs=(5.736377896,), error_no=MeasureErrorNo.NO_ERROR, all_cost=11.27150821685791, timestamp=1689715481.540842)	[('tile_y', 10), ('tile_x', 104)],None,245
autotvm - DEBUG - No: 65	GFLOPS: 7.25/9.50	result: MeasureResult(costs=(3.299059883,), error_no=MeasureErrorNo.NO_ERROR, all_cost=6.5672924518585205, timestamp=1689715487.9595673)	[('tile_y', 20), ('tile_x', 104)],None,247
autotvm - DEBUG - No: 66	GFLOPS: 8.14/9.50	result: MeasureResult(costs=(2.936977616,), error_no=MeasureErrorNo.NO_ERROR, all_cost=6.493399381637573, timestamp=1689715494.30295)	[('tile_y', 50), ('tile_x', 104)],None,250
autotvm - DEBUG - No: 67	GFLOPS: 7.52/9.50	result: MeasureResult(costs=(3.182465246,), error_no=MeasureErrorNo.NO_ERROR, all_cost=7.026446580886841, timestamp=1689715501.0872135)	[('tile_y', 125), ('tile_x', 104)],None,253
autotvm - DEBUG - No: 68	GFLOPS: 7.79/9.50	result: MeasureResult(costs=(3.06930266,), error_no=MeasureErrorNo.NO_ERROR, all_cost=6.7562079429626465, timestamp=1689715507.563746)	[('tile_y', 200), ('tile_x', 104)],None,254
autotvm - DEBUG - No: 69	GFLOPS: 5.57/9.50	result: MeasureResult(costs=(4.293608732,), error_no=MeasureErrorNo.NO_ERROR, all_cost=9.20197319984436, timestamp=1689715516.6802528)	[('tile_y', 400), ('tile_x', 104)],None,256
autotvm - DEBUG - No: 70	GFLOPS: 3.88/9.50	result: MeasureResult(costs=(6.160164431999999,), error_no=MeasureErrorNo.NO_ERROR, all_cost=13.022066354751587, timestamp=1689715529.6691005)	[('tile_y', 1000), ('tile_x', 104)],None,258
autotvm - DEBUG - No: 71	GFLOPS: 3.01/9.50	result: MeasureResult(costs=(7.959076919,), error_no=MeasureErrorNo.NO_ERROR, all_cost=16.321038961410522, timestamp=1689715545.7449338)	[('tile_y', 2000), ('tile_x', 104)],None,259
autotvm - DEBUG - No: 72	GFLOPS: 1.66/9.50	result: MeasureResult(costs=(14.417033679,), error_no=MeasureErrorNo.NO_ERROR, all_cost=28.726272583007812, timestamp=1689715574.4808013)	[('tile_y', 1), ('tile_x', 200)],None,260
autotvm - DEBUG - No: 73	GFLOPS: 5.39/9.50	result: MeasureResult(costs=(4.439095947,), error_no=MeasureErrorNo.NO_ERROR, all_cost=9.520971059799194, timestamp=1689715583.7179036)	[('tile_y', 4), ('tile_x', 200)],None,262
autotvm - DEBUG - No: 74	GFLOPS: 7.26/9.50	result: MeasureResult(costs=(3.29398325,), error_no=MeasureErrorNo.NO_ERROR, all_cost=7.125863313674927, timestamp=1689715590.5386536)	[('tile_y', 20), ('tile_x', 200)],None,267
autotvm - DEBUG - No: 75	GFLOPS: 7.42/9.50	result: MeasureResult(costs=(3.224520122,), error_no=MeasureErrorNo.NO_ERROR, all_cost=6.857738971710205, timestamp=1689715597.3231661)	[('tile_y', 200), ('tile_x', 200)],None,274
autotvm - DEBUG - No: 76	GFLOPS: 8.16/9.50	result: MeasureResult(costs=(2.9316698139999997,), error_no=MeasureErrorNo.NO_ERROR, all_cost=6.366255521774292, timestamp=1689715603.6368747)	[('tile_y', 80), ('tile_x', 260)],None,291
autotvm - DEBUG - No: 77	GFLOPS: 8.13/9.50	result: MeasureResult(costs=(2.9421710229999998,), error_no=MeasureErrorNo.NO_ERROR, all_cost=6.470111846923828, timestamp=1689715609.9656684)	[('tile_y', 100), ('tile_x', 260)],None,292
autotvm - DEBUG - No: 78	GFLOPS: 7.90/9.50	result: MeasureResult(costs=(3.028365939,), error_no=MeasureErrorNo.NO_ERROR, all_cost=6.548991680145264, timestamp=1689715616.3981905)	[('tile_y', 125), ('tile_x', 260)],None,293
autotvm - DEBUG - No: 79	GFLOPS: 2.41/9.50	result: MeasureResult(costs=(9.908752651,), error_no=MeasureErrorNo.NO_ERROR, all_cost=21.471256732940674, timestamp=1689715637.6067252)	[('tile_y', 1), ('tile_x', 325)],None,300
autotvm - DEBUG - No: 80	GFLOPS: 6.27/9.50	result: MeasureResult(costs=(3.815178782,), error_no=MeasureErrorNo.NO_ERROR, all_cost=8.210180044174194, timestamp=1689715645.5307739)	[('tile_y', 20), ('tile_x', 325)],None,307
autotvm - DEBUG - No: 81	GFLOPS: 6.70/9.50	result: MeasureResult(costs=(3.572803146,), error_no=MeasureErrorNo.NO_ERROR, all_cost=7.861327171325684, timestamp=1689715653.0945694)	[('tile_y', 40), ('tile_x', 325)],None,309
autotvm - DEBUG - No: 82	GFLOPS: 6.85/9.50	result: MeasureResult(costs=(3.494110135,), error_no=MeasureErrorNo.NO_ERROR, all_cost=7.889112949371338, timestamp=1689715660.7282312)	[('tile_y', 50), ('tile_x', 325)],None,310
autotvm - DEBUG - No: 83	GFLOPS: 6.64/9.50	result: MeasureResult(costs=(3.60368905,), error_no=MeasureErrorNo.NO_ERROR, all_cost=7.898900985717773, timestamp=1689715668.4127064)	[('tile_y', 125), ('tile_x', 325)],None,313
autotvm - DEBUG - No: 84	GFLOPS: 5.77/9.50	result: MeasureResult(costs=(4.147374533,), error_no=MeasureErrorNo.NO_ERROR, all_cost=8.968925476074219, timestamp=1689715677.0909564)	[('tile_y', 400), ('tile_x', 325)],None,316
autotvm - DEBUG - No: 85	GFLOPS: 5.47/9.50	result: MeasureResult(costs=(4.3720927110000005,), error_no=MeasureErrorNo.NO_ERROR, all_cost=9.316664218902588, timestamp=1689715686.3699584)	[('tile_y', 2000), ('tile_x', 325)],None,319
autotvm - DEBUG - No: 86	GFLOPS: 6.32/9.50	result: MeasureResult(costs=(3.7852992850000002,), error_no=MeasureErrorNo.NO_ERROR, all_cost=8.148316383361816, timestamp=1689715694.2233613)	[('tile_y', 8), ('tile_x', 520)],None,324
autotvm - DEBUG - No: 87	GFLOPS: 6.89/9.50	result: MeasureResult(costs=(3.470404356,), error_no=MeasureErrorNo.NO_ERROR, all_cost=7.711717844009399, timestamp=1689715701.618956)	[('tile_y', 10), ('tile_x', 520)],None,325
autotvm - DEBUG - No: 88	GFLOPS: 6.78/9.50	result: MeasureResult(costs=(3.5282549739999998,), error_no=MeasureErrorNo.NO_ERROR, all_cost=7.807432413101196, timestamp=1689715709.1232069)	[('tile_y', 200), ('tile_x', 520)],None,334
autotvm - DEBUG - No: 89	GFLOPS: 6.44/9.50	result: MeasureResult(costs=(3.7157169960000003,), error_no=MeasureErrorNo.NO_ERROR, all_cost=8.00938606262207, timestamp=1689715716.9504683)	[('tile_y', 1000), ('tile_x', 520)],None,338
autotvm - DEBUG - No: 90	GFLOPS: 4.36/9.50	result: MeasureResult(costs=(5.483811802,), error_no=MeasureErrorNo.NO_ERROR, all_cost=10.459977626800537, timestamp=1689715727.1117353)	[('tile_y', 4), ('tile_x', 1300)],None,362
autotvm - DEBUG - No: 91	GFLOPS: 7.33/9.50	result: MeasureResult(costs=(3.264420958,), error_no=MeasureErrorNo.NO_ERROR, all_cost=7.072290658950806, timestamp=1689715733.912931)	[('tile_y', 20), ('tile_x', 1300)],None,367
autotvm - DEBUG - No: 92	GFLOPS: 7.17/9.50	result: MeasureResult(costs=(3.33550953,), error_no=MeasureErrorNo.NO_ERROR, all_cost=6.838018178939819, timestamp=1689715740.7076733)	[('tile_y', 40), ('tile_x', 1300)],None,369
autotvm - DEBUG - No: 93	GFLOPS: 7.46/9.50	result: MeasureResult(costs=(3.20708253,), error_no=MeasureErrorNo.NO_ERROR, all_cost=7.024439811706543, timestamp=1689715747.4545028)	[('tile_y', 50), ('tile_x', 1300)],None,370
autotvm - DEBUG - No: 94	GFLOPS: 7.47/9.50	result: MeasureResult(costs=(3.20268601,), error_no=MeasureErrorNo.NO_ERROR, all_cost=7.105367422103882, timestamp=1689715754.272258)	[('tile_y', 400), ('tile_x', 1300)],None,376
autotvm - DEBUG - No: 95	GFLOPS: 7.47/9.50	result: MeasureResult(costs=(3.201994299,), error_no=MeasureErrorNo.NO_ERROR, all_cost=6.817208528518677, timestamp=1689715761.0900064)	[('tile_y', 500), ('tile_x', 1300)],None,377
autotvm - DEBUG - No: 96	GFLOPS: 6.19/9.50	result: MeasureResult(costs=(3.8647624759999997,), error_no=MeasureErrorNo.NO_ERROR, all_cost=8.728912591934204, timestamp=1689715769.5285294)	[('tile_y', 1000), ('tile_x', 1300)],None,378
autotvm - DEBUG - No: 97	GFLOPS: 6.83/9.50	result: MeasureResult(costs=(3.5038251639999998,), error_no=MeasureErrorNo.NO_ERROR, all_cost=7.803453207015991, timestamp=1689715777.0381372)	[('tile_y', 4), ('tile_x', 2600)],None,382
autotvm - DEBUG - No: 98	GFLOPS: 8.22/9.50	result: MeasureResult(costs=(2.911690126,), error_no=MeasureErrorNo.NO_ERROR, all_cost=6.515544891357422, timestamp=1689715783.2854693)	[('tile_y', 200), ('tile_x', 2600)],None,394
autotvm - DEBUG - No: 99	GFLOPS: 7.83/9.50	result: MeasureResult(costs=(3.055783171,), error_no=MeasureErrorNo.NO_ERROR, all_cost=6.645110845565796, timestamp=1689715789.7770934)	[('tile_y', 400), ('tile_x', 2600)],None,396
autotvm - DEBUG - No: 100	GFLOPS: 2.94/9.50	result: MeasureResult(costs=(8.133196829000001,), error_no=MeasureErrorNo.NO_ERROR, all_cost=16.5490779876709, timestamp=1689715806.0956335)	[('tile_y', 2000), ('tile_x', 2600)],None,399
root - INFO - Elpased time = 1531.5417726039886
autotvm - DEBUG - Finish loading 100 records
