root - INFO - GridSearch Tuner Matrix Multiplication - 2023-07-18 16:30:13.407681
autotvm - DEBUG - waiting for device...
autotvm - DEBUG - device available
autotvm - INFO - Get devices for measurement successfully!
autotvm - DEBUG - No: 1	GFLOPS: 0.82/0.82	result: MeasureResult(costs=(29.223449565,), error_no=MeasureErrorNo.NO_ERROR, all_cost=56.60639405250549, timestamp=1689715874.9497705)	[('tile_y', 1), ('tile_x', 1)],None,0
autotvm - DEBUG - No: 2	GFLOPS: 1.51/1.51	result: MeasureResult(costs=(15.892696176,), error_no=MeasureErrorNo.NO_ERROR, all_cost=31.719651699066162, timestamp=1689715906.6257894)	[('tile_y', 2), ('tile_x', 1)],None,1
autotvm - DEBUG - No: 3	GFLOPS: 2.33/2.33	result: MeasureResult(costs=(10.287909586,), error_no=MeasureErrorNo.NO_ERROR, all_cost=20.5958571434021, timestamp=1689715927.06314)	[('tile_y', 4), ('tile_x', 1)],None,2
autotvm - DEBUG - No: 4	GFLOPS: 2.34/2.34	result: MeasureResult(costs=(10.242547251,), error_no=MeasureErrorNo.NO_ERROR, all_cost=20.1324245929718, timestamp=1689715947.18509)	[('tile_y', 5), ('tile_x', 1)],None,3
autotvm - DEBUG - No: 5	GFLOPS: 2.84/2.84	result: MeasureResult(costs=(8.430301578,), error_no=MeasureErrorNo.NO_ERROR, all_cost=16.51816415786743, timestamp=1689715963.6131425)	[('tile_y', 8), ('tile_x', 1)],None,4
autotvm - DEBUG - No: 6	GFLOPS: 3.11/3.11	result: MeasureResult(costs=(7.690486308,), error_no=MeasureErrorNo.NO_ERROR, all_cost=15.358567237854004, timestamp=1689715978.9508514)	[('tile_y', 10), ('tile_x', 1)],None,5
autotvm - DEBUG - No: 7	GFLOPS: 2.84/3.11	result: MeasureResult(costs=(8.411898567,), error_no=MeasureErrorNo.NO_ERROR, all_cost=15.07607126235962, timestamp=1689715993.9418185)	[('tile_y', 16), ('tile_x', 1)],None,6
autotvm - DEBUG - No: 8	GFLOPS: 3.01/3.11	result: MeasureResult(costs=(7.959932227,), error_no=MeasureErrorNo.NO_ERROR, all_cost=14.473574876785278, timestamp=1689716008.355982)	[('tile_y', 20), ('tile_x', 1)],None,7
autotvm - DEBUG - No: 9	GFLOPS: 2.92/3.11	result: MeasureResult(costs=(8.183255973,), error_no=MeasureErrorNo.NO_ERROR, all_cost=16.875563144683838, timestamp=1689716025.1365476)	[('tile_y', 25), ('tile_x', 1)],None,8
autotvm - DEBUG - No: 10	GFLOPS: 1.43/3.11	result: MeasureResult(costs=(16.728333765,), error_no=MeasureErrorNo.NO_ERROR, all_cost=28.64803147315979, timestamp=1689716053.6729784)	[('tile_y', 40), ('tile_x', 1)],None,9
autotvm - DEBUG - No: 11	GFLOPS: 1.78/3.11	result: MeasureResult(costs=(13.419822341,), error_no=MeasureErrorNo.NO_ERROR, all_cost=24.815642595291138, timestamp=1689716078.238886)	[('tile_y', 50), ('tile_x', 1)],None,10
autotvm - DEBUG - No: 12	GFLOPS: 1.94/3.11	result: MeasureResult(costs=(12.329090879999999,), error_no=MeasureErrorNo.NO_ERROR, all_cost=22.54310917854309, timestamp=1689716100.7419167)	[('tile_y', 80), ('tile_x', 1)],None,11
autotvm - DEBUG - No: 13	GFLOPS: 2.21/3.11	result: MeasureResult(costs=(10.829137584,), error_no=MeasureErrorNo.NO_ERROR, all_cost=21.978971481323242, timestamp=1689716122.5391834)	[('tile_y', 100), ('tile_x', 1)],None,12
autotvm - DEBUG - No: 14	GFLOPS: 2.21/3.11	result: MeasureResult(costs=(10.836724159,), error_no=MeasureErrorNo.NO_ERROR, all_cost=20.88672375679016, timestamp=1689716143.367913)	[('tile_y', 125), ('tile_x', 1)],None,13
autotvm - DEBUG - No: 15	GFLOPS: 2.39/3.11	result: MeasureResult(costs=(10.010925728,), error_no=MeasureErrorNo.NO_ERROR, all_cost=19.74005913734436, timestamp=1689716163.0940669)	[('tile_y', 200), ('tile_x', 1)],None,14
autotvm - DEBUG - No: 16	GFLOPS: 2.41/3.11	result: MeasureResult(costs=(9.944220031,), error_no=MeasureErrorNo.NO_ERROR, all_cost=19.595295190811157, timestamp=1689716182.6109688)	[('tile_y', 250), ('tile_x', 1)],None,15
autotvm - DEBUG - No: 17	GFLOPS: 1.55/3.11	result: MeasureResult(costs=(15.386512189,), error_no=MeasureErrorNo.NO_ERROR, all_cost=30.7757306098938, timestamp=1689716213.278251)	[('tile_y', 400), ('tile_x', 1)],None,16
autotvm - DEBUG - No: 18	GFLOPS: 1.47/3.11	result: MeasureResult(costs=(16.258403238,), error_no=MeasureErrorNo.NO_ERROR, all_cost=33.01829147338867, timestamp=1689716246.1510792)	[('tile_y', 500), ('tile_x', 1)],None,17
autotvm - DEBUG - No: 19	GFLOPS: 0.50/3.11	result: MeasureResult(costs=(47.955442309999995,), error_no=MeasureErrorNo.NO_ERROR, all_cost=93.4819974899292, timestamp=1689716339.6174953)	[('tile_y', 1000), ('tile_x', 1)],None,18
autotvm - DEBUG - No: 20	GFLOPS: 0.25/3.11	result: MeasureResult(costs=(94.391739684,), error_no=MeasureErrorNo.NO_ERROR, all_cost=189.71502542495728, timestamp=1689716529.2778718)	[('tile_y', 2000), ('tile_x', 1)],None,19
autotvm - DEBUG - No: 21	GFLOPS: 0.78/3.11	result: MeasureResult(costs=(30.786819197,), error_no=MeasureErrorNo.NO_ERROR, all_cost=64.46318912506104, timestamp=1689716593.698517)	[('tile_y', 1), ('tile_x', 2)],None,20
autotvm - DEBUG - No: 22	GFLOPS: 0.90/3.11	result: MeasureResult(costs=(26.685753109,), error_no=MeasureErrorNo.NO_ERROR, all_cost=47.037447929382324, timestamp=1689716640.7142584)	[('tile_y', 2), ('tile_x', 2)],None,21
autotvm - DEBUG - No: 23	GFLOPS: 1.24/3.11	result: MeasureResult(costs=(19.269844159,), error_no=MeasureErrorNo.NO_ERROR, all_cost=33.721195697784424, timestamp=1689716674.2986443)	[('tile_y', 4), ('tile_x', 2)],None,22
autotvm - DEBUG - No: 24	GFLOPS: 1.74/3.11	result: MeasureResult(costs=(13.754268308999999,), error_no=MeasureErrorNo.NO_ERROR, all_cost=27.10375452041626, timestamp=1689716701.3055942)	[('tile_y', 5), ('tile_x', 2)],None,23
autotvm - DEBUG - No: 25	GFLOPS: 1.29/3.11	result: MeasureResult(costs=(18.478006655,), error_no=MeasureErrorNo.NO_ERROR, all_cost=29.44099760055542, timestamp=1689716730.702689)	[('tile_y', 8), ('tile_x', 2)],None,24
autotvm - DEBUG - No: 26	GFLOPS: 1.09/3.11	result: MeasureResult(costs=(21.979773374,), error_no=MeasureErrorNo.NO_ERROR, all_cost=32.55404853820801, timestamp=1689716763.1801085)	[('tile_y', 10), ('tile_x', 2)],None,25
autotvm - DEBUG - No: 27	GFLOPS: 2.81/3.11	result: MeasureResult(costs=(8.52092162,), error_no=MeasureErrorNo.NO_ERROR, all_cost=16.75171422958374, timestamp=1689716779.831109)	[('tile_y', 16), ('tile_x', 2)],None,26
autotvm - DEBUG - No: 28	GFLOPS: 1.37/3.11	result: MeasureResult(costs=(17.425255624000002,), error_no=MeasureErrorNo.NO_ERROR, all_cost=25.786348581314087, timestamp=1689716805.5403922)	[('tile_y', 20), ('tile_x', 2)],None,27
autotvm - DEBUG - No: 29	GFLOPS: 2.90/3.11	result: MeasureResult(costs=(8.256164348,), error_no=MeasureErrorNo.NO_ERROR, all_cost=16.312678575515747, timestamp=1689716821.829725)	[('tile_y', 25), ('tile_x', 2)],None,28
autotvm - DEBUG - No: 30	GFLOPS: 2.18/3.11	result: MeasureResult(costs=(10.99430034,), error_no=MeasureErrorNo.NO_ERROR, all_cost=18.303900241851807, timestamp=1689716840.0825784)	[('tile_y', 40), ('tile_x', 2)],None,29
autotvm - DEBUG - No: 31	GFLOPS: 2.65/3.11	result: MeasureResult(costs=(9.016230108,), error_no=MeasureErrorNo.NO_ERROR, all_cost=16.330198287963867, timestamp=1689716856.323752)	[('tile_y', 50), ('tile_x', 2)],None,30
autotvm - DEBUG - No: 32	GFLOPS: 2.48/3.11	result: MeasureResult(costs=(9.652664318,), error_no=MeasureErrorNo.NO_ERROR, all_cost=16.901262760162354, timestamp=1689716873.1088977)	[('tile_y', 80), ('tile_x', 2)],None,31
autotvm - DEBUG - No: 33	GFLOPS: 3.12/3.12	result: MeasureResult(costs=(7.677402769,), error_no=MeasureErrorNo.NO_ERROR, all_cost=14.668262243270874, timestamp=1689716887.6711175)	[('tile_y', 100), ('tile_x', 2)],None,32
autotvm - DEBUG - No: 34	GFLOPS: 2.84/3.12	result: MeasureResult(costs=(8.432734198,), error_no=MeasureErrorNo.NO_ERROR, all_cost=15.22131085395813, timestamp=1689716902.8551757)	[('tile_y', 125), ('tile_x', 2)],None,33
autotvm - DEBUG - No: 35	GFLOPS: 3.41/3.41	result: MeasureResult(costs=(7.012297652,), error_no=MeasureErrorNo.NO_ERROR, all_cost=13.599111080169678, timestamp=1689716916.4589975)	[('tile_y', 200), ('tile_x', 2)],None,34
autotvm - DEBUG - No: 36	GFLOPS: 3.44/3.44	result: MeasureResult(costs=(6.951009211,), error_no=MeasureErrorNo.NO_ERROR, all_cost=13.677857637405396, timestamp=1689716930.0010178)	[('tile_y', 250), ('tile_x', 2)],None,35
autotvm - DEBUG - No: 37	GFLOPS: 3.06/3.44	result: MeasureResult(costs=(7.828832774,), error_no=MeasureErrorNo.NO_ERROR, all_cost=16.15797185897827, timestamp=1689716946.0674655)	[('tile_y', 400), ('tile_x', 2)],None,36
autotvm - DEBUG - No: 38	GFLOPS: 2.78/3.44	result: MeasureResult(costs=(8.617728182,), error_no=MeasureErrorNo.NO_ERROR, all_cost=17.745795726776123, timestamp=1689716963.659447)	[('tile_y', 500), ('tile_x', 2)],None,37
autotvm - DEBUG - No: 39	GFLOPS: 0.83/3.44	result: MeasureResult(costs=(28.669539541,), error_no=MeasureErrorNo.NO_ERROR, all_cost=54.67235541343689, timestamp=1689717018.2761045)	[('tile_y', 1000), ('tile_x', 2)],None,38
autotvm - DEBUG - No: 40	GFLOPS: 0.46/3.44	result: MeasureResult(costs=(51.682295367,), error_no=MeasureErrorNo.NO_ERROR, all_cost=100.44009327888489, timestamp=1689717118.682814)	[('tile_y', 2000), ('tile_x', 2)],None,39
autotvm - DEBUG - No: 41	GFLOPS: 0.51/3.44	result: MeasureResult(costs=(46.940978488,), error_no=MeasureErrorNo.NO_ERROR, all_cost=61.416399002075195, timestamp=1689717180.061116)	[('tile_y', 1), ('tile_x', 4)],None,40
autotvm - DEBUG - No: 42	GFLOPS: 0.91/3.44	result: MeasureResult(costs=(26.364103848,), error_no=MeasureErrorNo.NO_ERROR, all_cost=35.7501859664917, timestamp=1689717215.6987357)	[('tile_y', 2), ('tile_x', 4)],None,41
autotvm - DEBUG - No: 43	GFLOPS: 2.80/3.44	result: MeasureResult(costs=(8.537864191,), error_no=MeasureErrorNo.NO_ERROR, all_cost=16.115044593811035, timestamp=1689717231.6854916)	[('tile_y', 4), ('tile_x', 4)],None,42
autotvm - DEBUG - No: 44	GFLOPS: 1.14/3.44	result: MeasureResult(costs=(21.008816694,), error_no=MeasureErrorNo.NO_ERROR, all_cost=28.667441368103027, timestamp=1689717260.2536616)	[('tile_y', 5), ('tile_x', 4)],None,43
autotvm - DEBUG - No: 45	GFLOPS: 1.04/3.44	result: MeasureResult(costs=(22.902953951,), error_no=MeasureErrorNo.NO_ERROR, all_cost=29.656447649002075, timestamp=1689717289.804253)	[('tile_y', 8), ('tile_x', 4)],None,44
autotvm - DEBUG - No: 46	GFLOPS: 1.84/3.44	result: MeasureResult(costs=(13.000689235,), error_no=MeasureErrorNo.NO_ERROR, all_cost=20.02537512779236, timestamp=1689717309.7726274)	[('tile_y', 10), ('tile_x', 4)],None,45
autotvm - DEBUG - No: 47	GFLOPS: 2.04/3.44	result: MeasureResult(costs=(11.703605647,), error_no=MeasureErrorNo.NO_ERROR, all_cost=22.22705888748169, timestamp=1689717331.8979797)	[('tile_y', 16), ('tile_x', 4)],None,46
autotvm - DEBUG - No: 48	GFLOPS: 1.97/3.44	result: MeasureResult(costs=(12.170093575000001,), error_no=MeasureErrorNo.NO_ERROR, all_cost=23.09201145172119, timestamp=1689717354.852655)	[('tile_y', 20), ('tile_x', 4)],None,47
autotvm - DEBUG - No: 49	GFLOPS: 2.60/3.44	result: MeasureResult(costs=(9.208859884999999,), error_no=MeasureErrorNo.NO_ERROR, all_cost=18.53185200691223, timestamp=1689717373.2735317)	[('tile_y', 25), ('tile_x', 4)],None,48
autotvm - DEBUG - No: 50	GFLOPS: 2.20/3.44	result: MeasureResult(costs=(10.894728329,), error_no=MeasureErrorNo.NO_ERROR, all_cost=20.61290216445923, timestamp=1689717393.8510497)	[('tile_y', 40), ('tile_x', 4)],None,49
autotvm - DEBUG - No: 51	GFLOPS: 2.11/3.44	result: MeasureResult(costs=(11.324394685,), error_no=MeasureErrorNo.NO_ERROR, all_cost=19.432514190673828, timestamp=1689717413.1828291)	[('tile_y', 50), ('tile_x', 4)],None,50
autotvm - DEBUG - No: 52	GFLOPS: 4.48/4.48	result: MeasureResult(costs=(5.3422596780000005,), error_no=MeasureErrorNo.NO_ERROR, all_cost=11.054459810256958, timestamp=1689717424.1739883)	[('tile_y', 80), ('tile_x', 4)],None,51
autotvm - DEBUG - No: 53	GFLOPS: 4.24/4.48	result: MeasureResult(costs=(5.642875697,), error_no=MeasureErrorNo.NO_ERROR, all_cost=11.218348741531372, timestamp=1689717435.4224026)	[('tile_y', 100), ('tile_x', 4)],None,52
autotvm - DEBUG - No: 54	GFLOPS: 3.47/4.48	result: MeasureResult(costs=(6.8882658039999995,), error_no=MeasureErrorNo.NO_ERROR, all_cost=12.50562834739685, timestamp=1689717447.96062)	[('tile_y', 125), ('tile_x', 4)],None,53
autotvm - DEBUG - No: 55	GFLOPS: 4.15/4.48	result: MeasureResult(costs=(5.764021658,), error_no=MeasureErrorNo.NO_ERROR, all_cost=11.101914167404175, timestamp=1689717459.0927262)	[('tile_y', 200), ('tile_x', 4)],None,54
autotvm - DEBUG - No: 56	GFLOPS: 4.38/4.48	result: MeasureResult(costs=(5.462733887000001,), error_no=MeasureErrorNo.NO_ERROR, all_cost=11.109151363372803, timestamp=1689717470.0776699)	[('tile_y', 250), ('tile_x', 4)],None,55
autotvm - DEBUG - No: 57	GFLOPS: 3.86/4.48	result: MeasureResult(costs=(6.190624259,), error_no=MeasureErrorNo.NO_ERROR, all_cost=12.39574122428894, timestamp=1689717482.3578668)	[('tile_y', 400), ('tile_x', 4)],None,56
autotvm - DEBUG - No: 58	GFLOPS: 3.73/4.48	result: MeasureResult(costs=(6.412405798,), error_no=MeasureErrorNo.NO_ERROR, all_cost=13.070800542831421, timestamp=1689717495.2821784)	[('tile_y', 500), ('tile_x', 4)],None,57
autotvm - DEBUG - No: 59	GFLOPS: 1.43/4.48	result: MeasureResult(costs=(16.735269397,), error_no=MeasureErrorNo.NO_ERROR, all_cost=32.123491287231445, timestamp=1689717527.4024355)	[('tile_y', 1000), ('tile_x', 4)],None,58
autotvm - DEBUG - No: 60	GFLOPS: 0.75/4.48	result: MeasureResult(costs=(31.925758893999998,), error_no=MeasureErrorNo.NO_ERROR, all_cost=57.488649129867554, timestamp=1689717584.9250317)	[('tile_y', 2000), ('tile_x', 4)],None,59
autotvm - DEBUG - No: 61	GFLOPS: 0.67/4.48	result: MeasureResult(costs=(35.897913061,), error_no=MeasureErrorNo.NO_ERROR, all_cost=51.60756301879883, timestamp=1689717636.4118795)	[('tile_y', 1), ('tile_x', 5)],None,60
autotvm - DEBUG - No: 62	GFLOPS: 0.98/4.48	result: MeasureResult(costs=(24.43757261,), error_no=MeasureErrorNo.NO_ERROR, all_cost=35.378164291381836, timestamp=1689717671.6922874)	[('tile_y', 2), ('tile_x', 5)],None,61
autotvm - DEBUG - No: 63	GFLOPS: 1.01/4.48	result: MeasureResult(costs=(23.687498525,), error_no=MeasureErrorNo.NO_ERROR, all_cost=31.86236882209778, timestamp=1689717703.5009205)	[('tile_y', 4), ('tile_x', 5)],None,62
autotvm - DEBUG - No: 64	GFLOPS: 1.17/4.48	result: MeasureResult(costs=(20.481030536,), error_no=MeasureErrorNo.NO_ERROR, all_cost=28.221775770187378, timestamp=1689717731.6018014)	[('tile_y', 5), ('tile_x', 5)],None,63
autotvm - DEBUG - No: 65	GFLOPS: 0.83/4.48	result: MeasureResult(costs=(28.650045154,), error_no=MeasureErrorNo.NO_ERROR, all_cost=36.04650640487671, timestamp=1689717767.5174806)	[('tile_y', 8), ('tile_x', 5)],None,64
autotvm - DEBUG - No: 66	GFLOPS: 1.18/4.48	result: MeasureResult(costs=(20.210356143000002,), error_no=MeasureErrorNo.NO_ERROR, all_cost=27.20392870903015, timestamp=1689717794.6548045)	[('tile_y', 10), ('tile_x', 5)],None,65
autotvm - DEBUG - No: 67	GFLOPS: 1.82/4.48	result: MeasureResult(costs=(13.128243356999999,), error_no=MeasureErrorNo.NO_ERROR, all_cost=25.072124004364014, timestamp=1689717819.5981002)	[('tile_y', 16), ('tile_x', 5)],None,66
autotvm - DEBUG - No: 68	GFLOPS: 1.93/4.48	result: MeasureResult(costs=(12.382436225,), error_no=MeasureErrorNo.NO_ERROR, all_cost=22.07131028175354, timestamp=1689717841.5370064)	[('tile_y', 20), ('tile_x', 5)],None,67
autotvm - DEBUG - No: 69	GFLOPS: 2.96/4.48	result: MeasureResult(costs=(8.087058643,), error_no=MeasureErrorNo.NO_ERROR, all_cost=15.731252193450928, timestamp=1689717857.2190366)	[('tile_y', 25), ('tile_x', 5)],None,68
autotvm - DEBUG - No: 70	GFLOPS: 2.62/4.48	result: MeasureResult(costs=(9.113874109000001,), error_no=MeasureErrorNo.NO_ERROR, all_cost=16.485559701919556, timestamp=1689717873.532003)	[('tile_y', 40), ('tile_x', 5)],None,69
autotvm - DEBUG - No: 71	GFLOPS: 4.02/4.48	result: MeasureResult(costs=(5.9511738130000005,), error_no=MeasureErrorNo.NO_ERROR, all_cost=12.02342963218689, timestamp=1689717885.4759152)	[('tile_y', 50), ('tile_x', 5)],None,70
autotvm - DEBUG - No: 72	GFLOPS: 2.98/4.48	result: MeasureResult(costs=(8.022007101,), error_no=MeasureErrorNo.NO_ERROR, all_cost=13.392540454864502, timestamp=1689717898.7442353)	[('tile_y', 80), ('tile_x', 5)],None,71
autotvm - DEBUG - No: 73	GFLOPS: 4.03/4.48	result: MeasureResult(costs=(5.928807793,), error_no=MeasureErrorNo.NO_ERROR, all_cost=11.489423990249634, timestamp=1689717910.1009257)	[('tile_y', 100), ('tile_x', 5)],None,72
autotvm - DEBUG - No: 74	GFLOPS: 4.33/4.48	result: MeasureResult(costs=(5.523159086,), error_no=MeasureErrorNo.NO_ERROR, all_cost=10.83617639541626, timestamp=1689717920.855287)	[('tile_y', 125), ('tile_x', 5)],None,73
autotvm - DEBUG - No: 75	GFLOPS: 3.84/4.48	result: MeasureResult(costs=(6.234819896,), error_no=MeasureErrorNo.NO_ERROR, all_cost=12.060583591461182, timestamp=1689717932.787383)	[('tile_y', 200), ('tile_x', 5)],None,74
autotvm - DEBUG - No: 76	GFLOPS: 3.98/4.48	result: MeasureResult(costs=(6.005223749,), error_no=MeasureErrorNo.NO_ERROR, all_cost=12.025266885757446, timestamp=1689717944.6759813)	[('tile_y', 250), ('tile_x', 5)],None,75
autotvm - DEBUG - No: 77	GFLOPS: 3.83/4.48	result: MeasureResult(costs=(6.250114426,), error_no=MeasureErrorNo.NO_ERROR, all_cost=12.399794816970825, timestamp=1689717957.0008602)	[('tile_y', 400), ('tile_x', 5)],None,76
autotvm - DEBUG - No: 78	GFLOPS: 3.80/4.48	result: MeasureResult(costs=(6.29559244,), error_no=MeasureErrorNo.NO_ERROR, all_cost=12.704153060913086, timestamp=1689717969.6421494)	[('tile_y', 500), ('tile_x', 5)],None,77
autotvm - DEBUG - No: 79	GFLOPS: 1.63/4.48	result: MeasureResult(costs=(14.694314774,), error_no=MeasureErrorNo.NO_ERROR, all_cost=28.75329613685608, timestamp=1689717998.3682687)	[('tile_y', 1000), ('tile_x', 5)],None,78
autotvm - DEBUG - No: 80	GFLOPS: 0.88/4.48	result: MeasureResult(costs=(27.032203279,), error_no=MeasureErrorNo.NO_ERROR, all_cost=49.017499685287476, timestamp=1689718047.420123)	[('tile_y', 2000), ('tile_x', 5)],None,79
autotvm - DEBUG - No: 81	GFLOPS: 0.68/4.48	result: MeasureResult(costs=(35.229845219000005,), error_no=MeasureErrorNo.NO_ERROR, all_cost=83.11134767532349, timestamp=1689718130.430463)	[('tile_y', 1), ('tile_x', 10)],None,80
autotvm - DEBUG - No: 82	GFLOPS: 0.79/4.48	result: MeasureResult(costs=(30.438943409,), error_no=MeasureErrorNo.NO_ERROR, all_cost=61.43322825431824, timestamp=1689718191.7820518)	[('tile_y', 2), ('tile_x', 10)],None,81
autotvm - DEBUG - No: 83	GFLOPS: 1.77/4.48	result: MeasureResult(costs=(13.488981532,), error_no=MeasureErrorNo.NO_ERROR, all_cost=45.4079487323761, timestamp=1689718237.145966)	[('tile_y', 4), ('tile_x', 10)],None,82
autotvm - DEBUG - No: 84	GFLOPS: 0.97/4.48	result: MeasureResult(costs=(24.72205259,), error_no=MeasureErrorNo.NO_ERROR, all_cost=50.99226641654968, timestamp=1689718288.1502144)	[('tile_y', 5), ('tile_x', 10)],None,83
autotvm - DEBUG - No: 85	GFLOPS: 2.50/4.48	result: MeasureResult(costs=(9.577538234,), error_no=MeasureErrorNo.NO_ERROR, all_cost=19.438051223754883, timestamp=1689718307.4318156)	[('tile_y', 8), ('tile_x', 10)],None,84
autotvm - DEBUG - No: 86	GFLOPS: 1.95/4.48	result: MeasureResult(costs=(12.236292831,), error_no=MeasureErrorNo.NO_ERROR, all_cost=25.5410635471344, timestamp=1689718332.8792353)	[('tile_y', 10), ('tile_x', 10)],None,85
autotvm - DEBUG - No: 87	GFLOPS: 1.47/4.48	result: MeasureResult(costs=(16.219000657000002,), error_no=MeasureErrorNo.NO_ERROR, all_cost=30.575027227401733, timestamp=1689718363.3080626)	[('tile_y', 16), ('tile_x', 10)],None,86
autotvm - DEBUG - No: 88	GFLOPS: 1.62/4.48	result: MeasureResult(costs=(14.733664352,), error_no=MeasureErrorNo.NO_ERROR, all_cost=26.48107647895813, timestamp=1689718389.8029249)	[('tile_y', 20), ('tile_x', 10)],None,87
autotvm - DEBUG - No: 89	GFLOPS: 2.92/4.48	result: MeasureResult(costs=(8.203173815,), error_no=MeasureErrorNo.NO_ERROR, all_cost=17.5619215965271, timestamp=1689718407.2905095)	[('tile_y', 25), ('tile_x', 10)],None,88
autotvm - DEBUG - No: 90	GFLOPS: 3.84/4.48	result: MeasureResult(costs=(6.234368185,), error_no=MeasureErrorNo.NO_ERROR, all_cost=13.948548555374146, timestamp=1689718421.1173913)	[('tile_y', 40), ('tile_x', 10)],None,89
autotvm - DEBUG - No: 91	GFLOPS: 3.80/4.48	result: MeasureResult(costs=(6.289719257,), error_no=MeasureErrorNo.NO_ERROR, all_cost=12.754807233810425, timestamp=1689718433.7859952)	[('tile_y', 50), ('tile_x', 10)],None,90
autotvm - DEBUG - No: 92	GFLOPS: 5.09/5.09	result: MeasureResult(costs=(4.700794256999999,), error_no=MeasureErrorNo.NO_ERROR, all_cost=9.994734048843384, timestamp=1689718443.6894085)	[('tile_y', 80), ('tile_x', 10)],None,91
autotvm - DEBUG - No: 93	GFLOPS: 3.53/5.09	result: MeasureResult(costs=(6.780248480999999,), error_no=MeasureErrorNo.NO_ERROR, all_cost=13.56987452507019, timestamp=1689718457.2310433)	[('tile_y', 100), ('tile_x', 10)],None,92
autotvm - DEBUG - No: 94	GFLOPS: 4.30/5.09	result: MeasureResult(costs=(5.562026241,), error_no=MeasureErrorNo.NO_ERROR, all_cost=10.727381944656372, timestamp=1689718467.7970595)	[('tile_y', 125), ('tile_x', 10)],None,93
autotvm - DEBUG - No: 95	GFLOPS: 4.23/5.09	result: MeasureResult(costs=(5.660448558,), error_no=MeasureErrorNo.NO_ERROR, all_cost=11.7748384475708, timestamp=1689718479.4864955)	[('tile_y', 200), ('tile_x', 10)],None,94
autotvm - DEBUG - No: 96	GFLOPS: 4.05/5.09	result: MeasureResult(costs=(5.905263508,), error_no=MeasureErrorNo.NO_ERROR, all_cost=11.634501695632935, timestamp=1689718491.0453413)	[('tile_y', 250), ('tile_x', 10)],None,95
autotvm - DEBUG - No: 97	GFLOPS: 4.32/5.09	result: MeasureResult(costs=(5.538523165,), error_no=MeasureErrorNo.NO_ERROR, all_cost=11.270606517791748, timestamp=1689718502.333494)	[('tile_y', 400), ('tile_x', 10)],None,96
autotvm - DEBUG - No: 98	GFLOPS: 4.41/5.09	result: MeasureResult(costs=(5.419702698,), error_no=MeasureErrorNo.NO_ERROR, all_cost=11.459884643554688, timestamp=1689718513.704737)	[('tile_y', 500), ('tile_x', 10)],None,97
autotvm - DEBUG - No: 99	GFLOPS: 1.89/5.09	result: MeasureResult(costs=(12.6352718,), error_no=MeasureErrorNo.NO_ERROR, all_cost=23.296529054641724, timestamp=1689718536.852655)	[('tile_y', 1000), ('tile_x', 10)],None,98
autotvm - DEBUG - No: 100	GFLOPS: 1.87/5.09	result: MeasureResult(costs=(12.824746289,), error_no=MeasureErrorNo.NO_ERROR, all_cost=26.734352350234985, timestamp=1689718563.4573166)	[('tile_y', 2000), ('tile_x', 10)],None,99
root - INFO - Elpased time = 2750.279714822769
autotvm - DEBUG - Finish loading 100 records
