root - INFO - Random Tuner Matrix Multiplication - 2023-07-18 17:16:10.883145
autotvm - DEBUG - waiting for device...
autotvm - DEBUG - device available
autotvm - INFO - Get devices for measurement successfully!
autotvm - DEBUG - No: 1	GFLOPS: 2.29/2.29	result: MeasureResult(costs=(10.435303577,), error_no=MeasureErrorNo.NO_ERROR, all_cost=21.336938858032227, timestamp=1689718597.4524999)	[('tile_y', 100), ('tile_x', 1)],None,12
autotvm - DEBUG - No: 2	GFLOPS: 6.30/6.30	result: MeasureResult(costs=(3.7946179769999997,), error_no=MeasureErrorNo.NO_ERROR, all_cost=7.906728029251099, timestamp=1689718605.3341062)	[('tile_y', 5), ('tile_x', 100)],None,223
autotvm - DEBUG - No: 3	GFLOPS: 1.80/6.30	result: MeasureResult(costs=(13.282360343,), error_no=MeasureErrorNo.NO_ERROR, all_cost=27.136202573776245, timestamp=1689718632.4750645)	[('tile_y', 1), ('tile_x', 4)],None,40
autotvm - DEBUG - No: 4	GFLOPS: 2.81/6.30	result: MeasureResult(costs=(8.522038048,), error_no=MeasureErrorNo.NO_ERROR, all_cost=17.628657579421997, timestamp=1689718650.0939069)	[('tile_y', 1), ('tile_x', 520)],None,320
autotvm - DEBUG - No: 5	GFLOPS: 4.18/6.30	result: MeasureResult(costs=(5.718076078,), error_no=MeasureErrorNo.NO_ERROR, all_cost=11.937341690063477, timestamp=1689718662.0122209)	[('tile_y', 2), ('tile_x', 200)],None,261
autotvm - DEBUG - No: 6	GFLOPS: 3.89/6.30	result: MeasureResult(costs=(6.154155136,), error_no=MeasureErrorNo.NO_ERROR, all_cost=12.77686357498169, timestamp=1689718674.771455)	[('tile_y', 250), ('tile_x', 2)],None,35
autotvm - DEBUG - No: 7	GFLOPS: 3.88/6.30	result: MeasureResult(costs=(6.16374658,), error_no=MeasureErrorNo.NO_ERROR, all_cost=12.901546478271484, timestamp=1689718687.6781518)	[('tile_y', 500), ('tile_x', 5)],None,77
autotvm - DEBUG - No: 8	GFLOPS: 6.66/6.66	result: MeasureResult(costs=(3.593588039,), error_no=MeasureErrorNo.NO_ERROR, all_cost=7.691588640213013, timestamp=1689718695.3474047)	[('tile_y', 500), ('tile_x', 520)],None,337
autotvm - DEBUG - No: 9	GFLOPS: 6.06/6.66	result: MeasureResult(costs=(3.9489019589999996,), error_no=MeasureErrorNo.NO_ERROR, all_cost=8.473767280578613, timestamp=1689718703.695087)	[('tile_y', 5), ('tile_x', 260)],None,283
autotvm - DEBUG - No: 10	GFLOPS: 6.69/6.69	result: MeasureResult(costs=(3.573338109,), error_no=MeasureErrorNo.NO_ERROR, all_cost=7.473597526550293, timestamp=1689718711.1088052)	[('tile_y', 250), ('tile_x', 650)],None,355
autotvm - DEBUG - No: 11	GFLOPS: 8.28/8.28	result: MeasureResult(costs=(2.887991361,), error_no=MeasureErrorNo.NO_ERROR, all_cost=6.229212045669556, timestamp=1689718717.3593576)	[('tile_y', 200), ('tile_x', 2600)],None,394
autotvm - DEBUG - No: 12	GFLOPS: 5.35/8.28	result: MeasureResult(costs=(4.4676772719999995,), error_no=MeasureErrorNo.NO_ERROR, all_cost=9.456704378128052, timestamp=1689718726.732981)	[('tile_y', 100), ('tile_x', 20)],None,132
autotvm - DEBUG - No: 13	GFLOPS: 5.04/8.28	result: MeasureResult(costs=(4.749934131,), error_no=MeasureErrorNo.NO_ERROR, all_cost=10.010375499725342, timestamp=1689718736.684886)	[('tile_y', 125), ('tile_x', 20)],None,133
autotvm - DEBUG - No: 14	GFLOPS: 6.76/8.28	result: MeasureResult(costs=(3.540323531,), error_no=MeasureErrorNo.NO_ERROR, all_cost=7.464859962463379, timestamp=1689718744.080161)	[('tile_y', 10), ('tile_x', 260)],None,285
autotvm - DEBUG - No: 15	GFLOPS: 7.57/8.28	result: MeasureResult(costs=(3.1597750259999997,), error_no=MeasureErrorNo.NO_ERROR, all_cost=6.783924102783203, timestamp=1689718750.8465557)	[('tile_y', 16), ('tile_x', 260)],None,286
autotvm - DEBUG - No: 16	GFLOPS: 2.84/8.28	result: MeasureResult(costs=(8.418089222,), error_no=MeasureErrorNo.NO_ERROR, all_cost=17.328808307647705, timestamp=1689718768.1329691)	[('tile_y', 500), ('tile_x', 2)],None,37
autotvm - DEBUG - No: 17	GFLOPS: 3.76/8.28	result: MeasureResult(costs=(6.356683793999999,), error_no=MeasureErrorNo.NO_ERROR, all_cost=13.053509712219238, timestamp=1689718781.1565723)	[('tile_y', 1000), ('tile_x', 100)],None,238
autotvm - DEBUG - No: 18	GFLOPS: 6.69/8.28	result: MeasureResult(costs=(3.574738332,), error_no=MeasureErrorNo.NO_ERROR, all_cost=7.674680948257446, timestamp=1689718788.7522936)	[('tile_y', 8), ('tile_x', 650)],None,344
autotvm - DEBUG - No: 19	GFLOPS: 8.12/8.28	result: MeasureResult(costs=(2.946229884,), error_no=MeasureErrorNo.NO_ERROR, all_cost=6.373151779174805, timestamp=1689718795.0925362)	[('tile_y', 20), ('tile_x', 2600)],None,387
autotvm - DEBUG - No: 20	GFLOPS: 4.06/8.28	result: MeasureResult(costs=(5.8961904160000005,), error_no=MeasureErrorNo.NO_ERROR, all_cost=12.315538883209229, timestamp=1689718807.372926)	[('tile_y', 8), ('tile_x', 13)],None,104
autotvm - DEBUG - No: 21	GFLOPS: 1.98/8.28	result: MeasureResult(costs=(12.101366487,), error_no=MeasureErrorNo.NO_ERROR, all_cost=24.856155395507812, timestamp=1689718832.17719)	[('tile_y', 2000), ('tile_x', 20)],None,139
autotvm - DEBUG - No: 22	GFLOPS: 5.13/8.28	result: MeasureResult(costs=(4.662125329,), error_no=MeasureErrorNo.NO_ERROR, all_cost=9.78371787071228, timestamp=1689718841.9453988)	[('tile_y', 500), ('tile_x', 104)],None,257
autotvm - DEBUG - No: 23	GFLOPS: 10.80/10.80	result: MeasureResult(costs=(2.2154182569999996,), error_no=MeasureErrorNo.NO_ERROR, all_cost=5.259782314300537, timestamp=1689718846.868468)	[('tile_y', 50), ('tile_x', 50)],None,190
autotvm - DEBUG - No: 24	GFLOPS: 5.81/10.80	result: MeasureResult(costs=(4.1140614079999995,), error_no=MeasureErrorNo.NO_ERROR, all_cost=9.171814441680908, timestamp=1689718855.7149212)	[('tile_y', 2000), ('tile_x', 260)],None,299
autotvm - DEBUG - No: 25	GFLOPS: 3.92/10.80	result: MeasureResult(costs=(6.107271829999999,), error_no=MeasureErrorNo.NO_ERROR, all_cost=12.730116128921509, timestamp=1689718868.3528752)	[('tile_y', 40), ('tile_x', 10)],None,89
autotvm - DEBUG - No: 26	GFLOPS: 6.90/10.80	result: MeasureResult(costs=(3.465767902,), error_no=MeasureErrorNo.NO_ERROR, all_cost=7.4914870262146, timestamp=1689718875.7827418)	[('tile_y', 10), ('tile_x', 520)],None,325
autotvm - DEBUG - No: 27	GFLOPS: 6.14/10.80	result: MeasureResult(costs=(3.8930275969999997,), error_no=MeasureErrorNo.NO_ERROR, all_cost=8.066936254501343, timestamp=1689718883.7595077)	[('tile_y', 8), ('tile_x', 520)],None,324
autotvm - DEBUG - No: 28	GFLOPS: 4.99/10.80	result: MeasureResult(costs=(4.796698453,), error_no=MeasureErrorNo.NO_ERROR, all_cost=10.074679136276245, timestamp=1689718893.7987404)	[('tile_y', 250), ('tile_x', 13)],None,115
autotvm - DEBUG - No: 29	GFLOPS: 5.11/10.80	result: MeasureResult(costs=(4.682777852,), error_no=MeasureErrorNo.NO_ERROR, all_cost=9.947606325149536, timestamp=1689718903.6638482)	[('tile_y', 100), ('tile_x', 25)],None,152
autotvm - DEBUG - No: 30	GFLOPS: 2.98/10.80	result: MeasureResult(costs=(8.016855441,), error_no=MeasureErrorNo.NO_ERROR, all_cost=16.379132747650146, timestamp=1689718919.9809031)	[('tile_y', 1), ('tile_x', 52)],None,200
autotvm - DEBUG - No: 31	GFLOPS: 6.03/10.80	result: MeasureResult(costs=(3.963830556,), error_no=MeasureErrorNo.NO_ERROR, all_cost=8.72258186340332, timestamp=1689718928.3560383)	[('tile_y', 4), ('tile_x', 1300)],None,362
autotvm - DEBUG - No: 32	GFLOPS: 8.30/10.80	result: MeasureResult(costs=(2.883580102,), error_no=MeasureErrorNo.NO_ERROR, all_cost=6.571511745452881, timestamp=1689718934.6112223)	[('tile_y', 100), ('tile_x', 2600)],None,392
autotvm - DEBUG - No: 33	GFLOPS: 8.87/10.80	result: MeasureResult(costs=(2.69625878,), error_no=MeasureErrorNo.NO_ERROR, all_cost=5.948672771453857, timestamp=1689718940.431694)	[('tile_y', 400), ('tile_x', 40)],None,176
autotvm - DEBUG - No: 34	GFLOPS: 8.34/10.80	result: MeasureResult(costs=(2.8691079399999997,), error_no=MeasureErrorNo.NO_ERROR, all_cost=6.198594093322754, timestamp=1689718946.621742)	[('tile_y', 100), ('tile_x', 104)],None,252
autotvm - DEBUG - No: 35	GFLOPS: 4.66/10.80	result: MeasureResult(costs=(5.129869796,), error_no=MeasureErrorNo.NO_ERROR, all_cost=10.939107656478882, timestamp=1689718957.535434)	[('tile_y', 250), ('tile_x', 10)],None,95
autotvm - DEBUG - No: 36	GFLOPS: 4.70/10.80	result: MeasureResult(costs=(5.091735277,), error_no=MeasureErrorNo.NO_ERROR, all_cost=10.701263904571533, timestamp=1689718968.1676607)	[('tile_y', 500), ('tile_x', 25)],None,157
autotvm - DEBUG - No: 37	GFLOPS: 6.94/10.80	result: MeasureResult(costs=(3.446767348,), error_no=MeasureErrorNo.NO_ERROR, all_cost=7.3522255420684814, timestamp=1689718975.209496)	[('tile_y', 16), ('tile_x', 200)],None,266
autotvm - DEBUG - No: 38	GFLOPS: 2.43/10.80	result: MeasureResult(costs=(9.843655983000001,), error_no=MeasureErrorNo.NO_ERROR, all_cost=19.868895530700684, timestamp=1689718995.0930083)	[('tile_y', 125), ('tile_x', 1)],None,13
autotvm - DEBUG - No: 39	GFLOPS: 6.41/10.80	result: MeasureResult(costs=(3.73269324,), error_no=MeasureErrorNo.NO_ERROR, all_cost=7.955146551132202, timestamp=1689719003.0064917)	[('tile_y', 1000), ('tile_x', 1300)],None,378
autotvm - DEBUG - No: 40	GFLOPS: 5.05/10.80	result: MeasureResult(costs=(4.732939529,), error_no=MeasureErrorNo.NO_ERROR, all_cost=10.00879168510437, timestamp=1689719012.9181147)	[('tile_y', 25), ('tile_x', 13)],None,108
autotvm - DEBUG - No: 41	GFLOPS: 2.30/10.80	result: MeasureResult(costs=(10.389398383,), error_no=MeasureErrorNo.NO_ERROR, all_cost=21.440759420394897, timestamp=1689719034.3487952)	[('tile_y', 1), ('tile_x', 40)],None,160
autotvm - DEBUG - No: 42	GFLOPS: 0.25/10.80	result: MeasureResult(costs=(94.61713684399999,), error_no=MeasureErrorNo.NO_ERROR, all_cost=190.17536306381226, timestamp=1689719224.3143458)	[('tile_y', 2000), ('tile_x', 1)],None,19
autotvm - DEBUG - No: 43	GFLOPS: 0.60/10.80	result: MeasureResult(costs=(39.901565971000004,), error_no=MeasureErrorNo.NO_ERROR, all_cost=80.12054944038391, timestamp=1689719304.1137822)	[('tile_y', 1), ('tile_x', 2)],None,20
autotvm - DEBUG - No: 44	GFLOPS: 4.43/10.80	result: MeasureResult(costs=(5.401689342,), error_no=MeasureErrorNo.NO_ERROR, all_cost=11.447665929794312, timestamp=1689719315.5736878)	[('tile_y', 500), ('tile_x', 10)],None,97
autotvm - DEBUG - No: 45	GFLOPS: 3.99/10.80	result: MeasureResult(costs=(5.989991165999999,), error_no=MeasureErrorNo.NO_ERROR, all_cost=12.712876319885254, timestamp=1689719328.0114155)	[('tile_y', 2), ('tile_x', 325)],None,301
autotvm - DEBUG - No: 46	GFLOPS: 6.23/10.80	result: MeasureResult(costs=(3.8366163390000003,), error_no=MeasureErrorNo.NO_ERROR, all_cost=8.478983402252197, timestamp=1689719336.1320364)	[('tile_y', 500), ('tile_x', 52)],None,217
autotvm - DEBUG - No: 47	GFLOPS: 4.97/10.80	result: MeasureResult(costs=(4.813713036,), error_no=MeasureErrorNo.NO_ERROR, all_cost=10.598073959350586, timestamp=1689719346.4253585)	[('tile_y', 100), ('tile_x', 5)],None,72
autotvm - DEBUG - No: 48	GFLOPS: 5.15/10.80	result: MeasureResult(costs=(4.645243454,), error_no=MeasureErrorNo.NO_ERROR, all_cost=10.117512941360474, timestamp=1689719356.159155)	[('tile_y', 25), ('tile_x', 20)],None,128
autotvm - DEBUG - No: 49	GFLOPS: 7.80/10.80	result: MeasureResult(costs=(3.066995647,), error_no=MeasureErrorNo.NO_ERROR, all_cost=6.705754518508911, timestamp=1689719362.7382603)	[('tile_y', 200), ('tile_x', 200)],None,274
autotvm - DEBUG - No: 50	GFLOPS: 8.11/10.80	result: MeasureResult(costs=(2.950899745,), error_no=MeasureErrorNo.NO_ERROR, all_cost=6.387346267700195, timestamp=1689719369.135122)	[('tile_y', 200), ('tile_x', 100)],None,234
autotvm - DEBUG - No: 51	GFLOPS: 7.27/10.80	result: MeasureResult(costs=(3.290124671,), error_no=MeasureErrorNo.NO_ERROR, all_cost=6.8537702560424805, timestamp=1689719375.9929695)	[('tile_y', 400), ('tile_x', 1300)],None,376
autotvm - DEBUG - No: 52	GFLOPS: 2.28/10.80	result: MeasureResult(costs=(10.499224584,), error_no=MeasureErrorNo.NO_ERROR, all_cost=21.514129400253296, timestamp=1689719397.4388595)	[('tile_y', 2), ('tile_x', 25)],None,141
autotvm - DEBUG - No: 53	GFLOPS: 3.09/10.80	result: MeasureResult(costs=(7.741932775,), error_no=MeasureErrorNo.NO_ERROR, all_cost=16.025460958480835, timestamp=1689719413.1550412)	[('tile_y', 8), ('tile_x', 1)],None,4
autotvm - DEBUG - No: 54	GFLOPS: 6.95/10.80	result: MeasureResult(costs=(3.442999432,), error_no=MeasureErrorNo.NO_ERROR, all_cost=7.292702674865723, timestamp=1689719420.4713817)	[('tile_y', 100), ('tile_x', 325)],None,312
autotvm - DEBUG - No: 55	GFLOPS: 7.78/10.80	result: MeasureResult(costs=(3.07375803,), error_no=MeasureErrorNo.NO_ERROR, all_cost=6.944043397903442, timestamp=1689719427.0691018)	[('tile_y', 50), ('tile_x', 520)],None,330
autotvm - DEBUG - No: 56	GFLOPS: 2.11/10.80	result: MeasureResult(costs=(11.360908653000001,), error_no=MeasureErrorNo.NO_ERROR, all_cost=23.06381583213806, timestamp=1689719450.1052306)	[('tile_y', 2000), ('tile_x', 25)],None,159
autotvm - DEBUG - No: 57	GFLOPS: 4.73/10.80	result: MeasureResult(costs=(5.052085432,), error_no=MeasureErrorNo.NO_ERROR, all_cost=10.590161085128784, timestamp=1689719460.659786)	[('tile_y', 20), ('tile_x', 10)],None,87
autotvm - DEBUG - No: 58	GFLOPS: 5.36/10.80	result: MeasureResult(costs=(4.462881307,), error_no=MeasureErrorNo.NO_ERROR, all_cost=9.749301433563232, timestamp=1689719470.0371764)	[('tile_y', 20), ('tile_x', 25)],None,147
autotvm - DEBUG - No: 59	GFLOPS: 5.70/10.80	result: MeasureResult(costs=(4.198245748000001,), error_no=MeasureErrorNo.NO_ERROR, all_cost=9.013544797897339, timestamp=1689719478.7604558)	[('tile_y', 4), ('tile_x', 104)],None,242
autotvm - DEBUG - No: 60	GFLOPS: 2.22/10.80	result: MeasureResult(costs=(10.789025058,), error_no=MeasureErrorNo.NO_ERROR, all_cost=22.36236548423767, timestamp=1689719500.7828948)	[('tile_y', 4), ('tile_x', 10)],None,82
autotvm - DEBUG - No: 61	GFLOPS: 8.30/10.80	result: MeasureResult(costs=(2.882851274,), error_no=MeasureErrorNo.NO_ERROR, all_cost=6.2178027629852295, timestamp=1689719506.9976294)	[('tile_y', 40), ('tile_x', 200)],None,269
autotvm - DEBUG - No: 62	GFLOPS: 1.97/10.80	result: MeasureResult(costs=(12.133328509,), error_no=MeasureErrorNo.NO_ERROR, all_cost=23.224114418029785, timestamp=1689719530.0646975)	[('tile_y', 1000), ('tile_x', 25)],None,158
autotvm - DEBUG - No: 63	GFLOPS: 5.57/10.80	result: MeasureResult(costs=(4.295275051,), error_no=MeasureErrorNo.NO_ERROR, all_cost=9.36864972114563, timestamp=1689719539.1132085)	[('tile_y', 10), ('tile_x', 104)],None,245
autotvm - DEBUG - No: 64	GFLOPS: 7.67/10.80	result: MeasureResult(costs=(3.119745459,), error_no=MeasureErrorNo.NO_ERROR, all_cost=6.927083969116211, timestamp=1689719545.7984524)	[('tile_y', 25), ('tile_x', 520)],None,328
autotvm - DEBUG - No: 65	GFLOPS: 7.13/10.80	result: MeasureResult(costs=(3.3535935930000003,), error_no=MeasureErrorNo.NO_ERROR, all_cost=7.657845497131348, timestamp=1689719553.143597)	[('tile_y', 125), ('tile_x', 650)],None,353
autotvm - DEBUG - No: 66	GFLOPS: 7.21/10.80	result: MeasureResult(costs=(3.3185637459999997,), error_no=MeasureErrorNo.NO_ERROR, all_cost=7.139688968658447, timestamp=1689719560.22959)	[('tile_y', 250), ('tile_x', 200)],None,275
autotvm - DEBUG - No: 67	GFLOPS: 6.81/10.80	result: MeasureResult(costs=(3.5146735920000003,), error_no=MeasureErrorNo.NO_ERROR, all_cost=7.826273441314697, timestamp=1689719567.7073712)	[('tile_y', 8), ('tile_x', 260)],None,284
autotvm - DEBUG - No: 68	GFLOPS: 6.03/10.80	result: MeasureResult(costs=(3.9695205810000003,), error_no=MeasureErrorNo.NO_ERROR, all_cost=8.821869850158691, timestamp=1689719576.1339624)	[('tile_y', 50), ('tile_x', 25)],None,150
autotvm - DEBUG - No: 69	GFLOPS: 3.93/10.80	result: MeasureResult(costs=(6.092490876,), error_no=MeasureErrorNo.NO_ERROR, all_cost=13.073646306991577, timestamp=1689719588.943026)	[('tile_y', 200), ('tile_x', 2)],None,34
autotvm - DEBUG - No: 70	GFLOPS: 8.01/10.80	result: MeasureResult(costs=(2.987425214,), error_no=MeasureErrorNo.NO_ERROR, all_cost=6.471022605895996, timestamp=1689719595.3707733)	[('tile_y', 50), ('tile_x', 100)],None,230
autotvm - DEBUG - No: 71	GFLOPS: 7.75/10.80	result: MeasureResult(costs=(3.085149765,), error_no=MeasureErrorNo.NO_ERROR, all_cost=7.0046751499176025, timestamp=1689719602.0365794)	[('tile_y', 16), ('tile_x', 1300)],None,366
autotvm - DEBUG - No: 72	GFLOPS: 2.27/10.80	result: MeasureResult(costs=(10.550218939,), error_no=MeasureErrorNo.NO_ERROR, all_cost=21.02149796485901, timestamp=1689719622.8381882)	[('tile_y', 80), ('tile_x', 1)],None,11
autotvm - DEBUG - No: 73	GFLOPS: 2.81/10.80	result: MeasureResult(costs=(8.518322453000001,), error_no=MeasureErrorNo.NO_ERROR, all_cost=17.573127031326294, timestamp=1689719640.3268557)	[('tile_y', 4), ('tile_x', 13)],None,102
autotvm - DEBUG - No: 74	GFLOPS: 6.77/10.80	result: MeasureResult(costs=(3.531674115,), error_no=MeasureErrorNo.NO_ERROR, all_cost=7.880784034729004, timestamp=1689719647.8925614)	[('tile_y', 250), ('tile_x', 520)],None,335
autotvm - DEBUG - No: 75	GFLOPS: 8.29/10.80	result: MeasureResult(costs=(2.8862454349999997,), error_no=MeasureErrorNo.NO_ERROR, all_cost=6.462636232376099, timestamp=1689719654.1150417)	[('tile_y', 125), ('tile_x', 2600)],None,393
autotvm - DEBUG - No: 76	GFLOPS: 4.76/10.80	result: MeasureResult(costs=(5.021740103,), error_no=MeasureErrorNo.NO_ERROR, all_cost=11.040073871612549, timestamp=1689719664.725077)	[('tile_y', 10), ('tile_x', 52)],None,205
autotvm - DEBUG - No: 77	GFLOPS: 2.95/10.80	result: MeasureResult(costs=(8.103797057,), error_no=MeasureErrorNo.NO_ERROR, all_cost=17.055192947387695, timestamp=1689719681.4185507)	[('tile_y', 4), ('tile_x', 20)],None,122
autotvm - DEBUG - No: 78	GFLOPS: 1.63/10.80	result: MeasureResult(costs=(14.664862976,), error_no=MeasureErrorNo.NO_ERROR, all_cost=30.257773399353027, timestamp=1689719711.340814)	[('tile_y', 1), ('tile_x', 20)],None,120
autotvm - DEBUG - No: 79	GFLOPS: 6.99/10.80	result: MeasureResult(costs=(3.424015891,), error_no=MeasureErrorNo.NO_ERROR, all_cost=7.541641473770142, timestamp=1689719718.6327472)	[('tile_y', 50), ('tile_x', 325)],None,310
autotvm - DEBUG - No: 80	GFLOPS: 4.61/10.80	result: MeasureResult(costs=(5.192801595,), error_no=MeasureErrorNo.NO_ERROR, all_cost=11.090848684310913, timestamp=1689719729.3911347)	[('tile_y', 40), ('tile_x', 13)],None,109
autotvm - DEBUG - No: 81	GFLOPS: 5.12/10.80	result: MeasureResult(costs=(4.671683403,), error_no=MeasureErrorNo.NO_ERROR, all_cost=10.069512367248535, timestamp=1689719739.1901762)	[('tile_y', 200), ('tile_x', 20)],None,134
autotvm - DEBUG - No: 82	GFLOPS: 4.99/10.80	result: MeasureResult(costs=(4.795389074,), error_no=MeasureErrorNo.NO_ERROR, all_cost=10.371829986572266, timestamp=1689719749.2328806)	[('tile_y', 80), ('tile_x', 5)],None,71
autotvm - DEBUG - No: 83	GFLOPS: 6.88/10.80	result: MeasureResult(costs=(3.4779171040000003,), error_no=MeasureErrorNo.NO_ERROR, all_cost=7.791583776473999, timestamp=1689719756.6838014)	[('tile_y', 10), ('tile_x', 650)],None,345
autotvm - DEBUG - No: 84	GFLOPS: 6.69/10.80	result: MeasureResult(costs=(3.573082457,), error_no=MeasureErrorNo.NO_ERROR, all_cost=7.7358238697052, timestamp=1689719764.1117306)	[('tile_y', 8), ('tile_x', 1300)],None,364
autotvm - DEBUG - No: 85	GFLOPS: 9.79/10.80	result: MeasureResult(costs=(2.442763069,), error_no=MeasureErrorNo.NO_ERROR, all_cost=5.547280311584473, timestamp=1689719769.446121)	[('tile_y', 20), ('tile_x', 40)],None,167
autotvm - DEBUG - No: 86	GFLOPS: 6.87/10.80	result: MeasureResult(costs=(3.4834992419999997,), error_no=MeasureErrorNo.NO_ERROR, all_cost=7.866372108459473, timestamp=1689719776.9045885)	[('tile_y', 400), ('tile_x', 50)],None,196
autotvm - DEBUG - No: 87	GFLOPS: 3.93/10.80	result: MeasureResult(costs=(6.092916102,), error_no=MeasureErrorNo.NO_ERROR, all_cost=12.691057443618774, timestamp=1689719789.539702)	[('tile_y', 5), ('tile_x', 25)],None,143
autotvm - DEBUG - No: 88	GFLOPS: 7.21/10.80	result: MeasureResult(costs=(3.3171780589999997,), error_no=MeasureErrorNo.NO_ERROR, all_cost=6.889036655426025, timestamp=1689719796.4372814)	[('tile_y', 8), ('tile_x', 100)],None,224
autotvm - DEBUG - No: 89	GFLOPS: 10.42/10.80	result: MeasureResult(costs=(2.296673143,), error_no=MeasureErrorNo.NO_ERROR, all_cost=5.419526100158691, timestamp=1689719801.5275238)	[('tile_y', 25), ('tile_x', 50)],None,188
autotvm - DEBUG - No: 90	GFLOPS: 9.09/10.80	result: MeasureResult(costs=(2.6327078339999996,), error_no=MeasureErrorNo.NO_ERROR, all_cost=6.063591480255127, timestamp=1689719807.2391264)	[('tile_y', 40), ('tile_x', 40)],None,169
autotvm - DEBUG - No: 91	GFLOPS: 5.68/10.80	result: MeasureResult(costs=(4.207767389,), error_no=MeasureErrorNo.NO_ERROR, all_cost=8.89725661277771, timestamp=1689719816.106016)	[('tile_y', 5), ('tile_x', 325)],None,303
autotvm - DEBUG - No: 92	GFLOPS: 7.14/10.80	result: MeasureResult(costs=(3.348339907,), error_no=MeasureErrorNo.NO_ERROR, all_cost=7.170086622238159, timestamp=1689719823.297574)	[('tile_y', 5), ('tile_x', 2600)],None,383
autotvm - DEBUG - No: 93	GFLOPS: 5.59/10.80	result: MeasureResult(costs=(4.2784139119999995,), error_no=MeasureErrorNo.NO_ERROR, all_cost=9.24743366241455, timestamp=1689719832.12297)	[('tile_y', 40), ('tile_x', 20)],None,129
autotvm - DEBUG - No: 94	GFLOPS: 5.06/10.80	result: MeasureResult(costs=(4.728359996,), error_no=MeasureErrorNo.NO_ERROR, all_cost=10.223365545272827, timestamp=1689719842.025007)	[('tile_y', 125), ('tile_x', 5)],None,73
autotvm - DEBUG - No: 95	GFLOPS: 8.25/10.80	result: MeasureResult(costs=(2.900219814,), error_no=MeasureErrorNo.NO_ERROR, all_cost=6.605980396270752, timestamp=1689719848.3225026)	[('tile_y', 80), ('tile_x', 2600)],None,391
autotvm - DEBUG - No: 96	GFLOPS: 6.92/10.80	result: MeasureResult(costs=(3.45851438,), error_no=MeasureErrorNo.NO_ERROR, all_cost=7.677241802215576, timestamp=1689719855.6750016)	[('tile_y', 40), ('tile_x', 325)],None,309
autotvm - DEBUG - No: 97	GFLOPS: 4.00/10.80	result: MeasureResult(costs=(5.979261075,), error_no=MeasureErrorNo.NO_ERROR, all_cost=12.574087858200073, timestamp=1689719867.9249594)	[('tile_y', 2), ('tile_x', 100)],None,221
autotvm - DEBUG - No: 98	GFLOPS: 5.27/10.80	result: MeasureResult(costs=(4.541991809,), error_no=MeasureErrorNo.NO_ERROR, all_cost=9.934849739074707, timestamp=1689719877.496898)	[('tile_y', 80), ('tile_x', 25)],None,151
autotvm - DEBUG - No: 99	GFLOPS: 4.12/10.80	result: MeasureResult(costs=(5.801609013999999,), error_no=MeasureErrorNo.NO_ERROR, all_cost=12.403610706329346, timestamp=1689719889.5464196)	[('tile_y', 2), ('tile_x', 520)],None,321
autotvm - DEBUG - No: 100	GFLOPS: 8.24/10.80	result: MeasureResult(costs=(2.903690721,), error_no=MeasureErrorNo.NO_ERROR, all_cost=6.441392660140991, timestamp=1689719895.8036351)	[('tile_y', 80), ('tile_x', 104)],None,251
root - INFO - Elpased time = 1325.139607667923
autotvm - DEBUG - Finish loading 100 records
