root - INFO - XGB Tuner Matrix Multiplication - 2023-07-19 23:48:17.151125
autotvm - DEBUG - waiting for device...
autotvm - DEBUG - device available
autotvm - INFO - Get devices for measurement successfully!
autotvm - DEBUG - No: 1	GFLOPS: 5.01/5.01	result: MeasureResult(costs=(4.776313335,), error_no=MeasureErrorNo.NO_ERROR, all_cost=10.274951696395874, timestamp=1689828517.439731)	[('tile_y', 250), ('tile_x', 13)],None,115
autotvm - DEBUG - No: 2	GFLOPS: 7.53/7.53	result: MeasureResult(costs=(3.176920907,), error_no=MeasureErrorNo.NO_ERROR, all_cost=7.162524461746216, timestamp=1689828524.2305512)	[('tile_y', 400), ('tile_x', 52)],None,216
autotvm - DEBUG - No: 3	GFLOPS: 6.90/7.53	result: MeasureResult(costs=(3.4642395329999998,), error_no=MeasureErrorNo.NO_ERROR, all_cost=7.835594654083252, timestamp=1689828531.812357)	[('tile_y', 250), ('tile_x', 260)],None,295
autotvm - DEBUG - No: 4	GFLOPS: 4.93/7.53	result: MeasureResult(costs=(4.850563635,), error_no=MeasureErrorNo.NO_ERROR, all_cost=10.457463264465332, timestamp=1689828541.9421058)	[('tile_y', 40), ('tile_x', 13)],None,109
autotvm - DEBUG - No: 5	GFLOPS: 4.39/7.53	result: MeasureResult(costs=(5.4547725929999995,), error_no=MeasureErrorNo.NO_ERROR, all_cost=11.583720922470093, timestamp=1689828553.2878745)	[('tile_y', 1), ('tile_x', 2600)],None,380
autotvm - DEBUG - No: 6	GFLOPS: 0.54/7.53	result: MeasureResult(costs=(44.298487771,), error_no=MeasureErrorNo.NO_ERROR, all_cost=89.29897689819336, timestamp=1689828642.4603462)	[('tile_y', 1000), ('tile_x', 1)],None,18
autotvm - DEBUG - No: 7	GFLOPS: 4.74/7.53	result: MeasureResult(costs=(5.043818296,), error_no=MeasureErrorNo.NO_ERROR, all_cost=10.584290266036987, timestamp=1689828652.9660773)	[('tile_y', 20), ('tile_x', 10)],None,87
autotvm - DEBUG - No: 8	GFLOPS: 7.40/7.53	result: MeasureResult(costs=(3.232211592,), error_no=MeasureErrorNo.NO_ERROR, all_cost=7.11420464515686, timestamp=1689828659.8623857)	[('tile_y', 100), ('tile_x', 650)],None,352
autotvm - DEBUG - No: 9	GFLOPS: 3.95/7.53	result: MeasureResult(costs=(6.053850538,), error_no=MeasureErrorNo.NO_ERROR, all_cost=13.016762971878052, timestamp=1689828672.616682)	[('tile_y', 200), ('tile_x', 2)],None,34
autotvm - DEBUG - No: 10	GFLOPS: 5.84/7.53	result: MeasureResult(costs=(4.09542554,), error_no=MeasureErrorNo.NO_ERROR, all_cost=8.919502258300781, timestamp=1689828681.2401714)	[('tile_y', 1000), ('tile_x', 325)],None,318
autotvm - DEBUG - No: 11	GFLOPS: 8.39/8.39	result: MeasureResult(costs=(2.850322295,), error_no=MeasureErrorNo.NO_ERROR, all_cost=6.432291507720947, timestamp=1689828687.3783526)	[('tile_y', 125), ('tile_x', 104)],None,253
autotvm - DEBUG - No: 12	GFLOPS: 3.14/8.39	result: MeasureResult(costs=(7.627844562,), error_no=MeasureErrorNo.NO_ERROR, all_cost=15.854950189590454, timestamp=1689828702.9307208)	[('tile_y', 4), ('tile_x', 5)],None,62
autotvm - DEBUG - No: 13	GFLOPS: 6.15/8.39	result: MeasureResult(costs=(3.891405084,), error_no=MeasureErrorNo.NO_ERROR, all_cost=8.442603349685669, timestamp=1689828711.1398)	[('tile_y', 250), ('tile_x', 325)],None,315
autotvm - DEBUG - No: 14	GFLOPS: 10.01/10.01	result: MeasureResult(costs=(2.389069943,), error_no=MeasureErrorNo.NO_ERROR, all_cost=5.528796672821045, timestamp=1689828716.3583071)	[('tile_y', 16), ('tile_x', 50)],None,186
autotvm - DEBUG - No: 15	GFLOPS: 0.26/10.01	result: MeasureResult(costs=(93.332782437,), error_no=MeasureErrorNo.NO_ERROR, all_cost=187.5669229030609, timestamp=1689828903.654915)	[('tile_y', 2000), ('tile_x', 1)],None,19
autotvm - DEBUG - No: 16	GFLOPS: 5.07/10.01	result: MeasureResult(costs=(4.720523738,), error_no=MeasureErrorNo.NO_ERROR, all_cost=10.01883864402771, timestamp=1689828913.3404953)	[('tile_y', 4), ('tile_x', 50)],None,182
autotvm - DEBUG - No: 17	GFLOPS: 1.39/10.01	result: MeasureResult(costs=(17.261834403,), error_no=MeasureErrorNo.NO_ERROR, all_cost=34.55628442764282, timestamp=1689828947.8190076)	[('tile_y', 2), ('tile_x', 10)],None,81
autotvm - DEBUG - No: 18	GFLOPS: 8.16/10.01	result: MeasureResult(costs=(2.9296187839999996,), error_no=MeasureErrorNo.NO_ERROR, all_cost=6.840036153793335, timestamp=1689828954.3340576)	[('tile_y', 40), ('tile_x', 1300)],None,369
autotvm - DEBUG - No: 19	GFLOPS: 2.86/10.01	result: MeasureResult(costs=(8.352287866000001,), error_no=MeasureErrorNo.NO_ERROR, all_cost=17.310703992843628, timestamp=1689828971.474734)	[('tile_y', 1), ('tile_x', 520)],None,320
autotvm - DEBUG - No: 20	GFLOPS: 0.96/10.01	result: MeasureResult(costs=(24.791500041,), error_no=MeasureErrorNo.NO_ERROR, all_cost=50.09831118583679, timestamp=1689829021.476491)	[('tile_y', 1), ('tile_x', 1)],None,0
autotvm - DEBUG - No: 21	GFLOPS: 7.25/10.01	result: MeasureResult(costs=(3.298183159,), error_no=MeasureErrorNo.NO_ERROR, all_cost=7.40301251411438, timestamp=1689829028.5556335)	[('tile_y', 8), ('tile_x', 1300)],None,364
autotvm - DEBUG - No: 22	GFLOPS: 7.27/10.01	result: MeasureResult(costs=(3.290985846,), error_no=MeasureErrorNo.NO_ERROR, all_cost=7.32085394859314, timestamp=1689829035.5741918)	[('tile_y', 250), ('tile_x', 200)],None,275
autotvm - DEBUG - No: 23	GFLOPS: 5.30/10.01	result: MeasureResult(costs=(4.513074572000001,), error_no=MeasureErrorNo.NO_ERROR, all_cost=9.739649057388306, timestamp=1689829045.0344908)	[('tile_y', 100), ('tile_x', 10)],None,92
autotvm - DEBUG - No: 24	GFLOPS: 8.02/10.01	result: MeasureResult(costs=(2.981150802,), error_no=MeasureErrorNo.NO_ERROR, all_cost=6.555924892425537, timestamp=1689829051.301052)	[('tile_y', 100), ('tile_x', 200)],None,272
autotvm - DEBUG - No: 25	GFLOPS: 4.02/10.01	result: MeasureResult(costs=(5.951816215,), error_no=MeasureErrorNo.NO_ERROR, all_cost=12.657344818115234, timestamp=1689829063.6325226)	[('tile_y', 25), ('tile_x', 1)],None,8
autotvm - DEBUG - No: 26	GFLOPS: 2.35/10.01	result: MeasureResult(costs=(10.181824086,), error_no=MeasureErrorNo.NO_ERROR, all_cost=21.11349391937256, timestamp=1689829084.4979312)	[('tile_y', 100), ('tile_x', 1)],None,12
autotvm - DEBUG - No: 27	GFLOPS: 1.65/10.01	result: MeasureResult(costs=(14.505851548,), error_no=MeasureErrorNo.NO_ERROR, all_cost=29.958773851394653, timestamp=1689829114.1798337)	[('tile_y', 400), ('tile_x', 1)],None,16
autotvm - DEBUG - No: 28	GFLOPS: 4.36/10.01	result: MeasureResult(costs=(5.484922239,), error_no=MeasureErrorNo.NO_ERROR, all_cost=11.731789827346802, timestamp=1689829125.5990543)	[('tile_y', 10), ('tile_x', 13)],None,105
autotvm - DEBUG - No: 29	GFLOPS: 6.21/10.01	result: MeasureResult(costs=(3.853034869,), error_no=MeasureErrorNo.NO_ERROR, all_cost=8.362845420837402, timestamp=1689829133.7435153)	[('tile_y', 4), ('tile_x', 100)],None,222
autotvm - DEBUG - No: 30	GFLOPS: 7.10/10.01	result: MeasureResult(costs=(3.368993326,), error_no=MeasureErrorNo.NO_ERROR, all_cost=7.515728712081909, timestamp=1689829140.9399102)	[('tile_y', 50), ('tile_x', 325)],None,310
autotvm - DEBUG - No: 31	GFLOPS: 3.05/10.01	result: MeasureResult(costs=(7.835579397,), error_no=MeasureErrorNo.NO_ERROR, all_cost=16.351285219192505, timestamp=1689829156.985071)	[('tile_y', 400), ('tile_x', 2)],None,36
autotvm - DEBUG - No: 32	GFLOPS: 7.06/10.01	result: MeasureResult(costs=(3.387697992,), error_no=MeasureErrorNo.NO_ERROR, all_cost=7.612865686416626, timestamp=1689829164.3799663)	[('tile_y', 4), ('tile_x', 2600)],None,382
autotvm - DEBUG - No: 33	GFLOPS: 5.78/10.01	result: MeasureResult(costs=(4.139476547999999,), error_no=MeasureErrorNo.NO_ERROR, all_cost=8.836839199066162, timestamp=1689829173.13532)	[('tile_y', 4), ('tile_x', 650)],None,342
autotvm - DEBUG - No: 34	GFLOPS: 5.13/10.01	result: MeasureResult(costs=(4.664930621000001,), error_no=MeasureErrorNo.NO_ERROR, all_cost=10.280756711959839, timestamp=1689829183.0710568)	[('tile_y', 125), ('tile_x', 25)],None,153
autotvm - DEBUG - No: 35	GFLOPS: 7.44/10.01	result: MeasureResult(costs=(3.214446857,), error_no=MeasureErrorNo.NO_ERROR, all_cost=7.165679931640625, timestamp=1689829189.9478858)	[('tile_y', 100), ('tile_x', 520)],None,332
autotvm - DEBUG - No: 36	GFLOPS: 8.56/10.01	result: MeasureResult(costs=(2.793572487,), error_no=MeasureErrorNo.NO_ERROR, all_cost=6.17786169052124, timestamp=1689829195.8364096)	[('tile_y', 125), ('tile_x', 40)],None,173
autotvm - DEBUG - No: 37	GFLOPS: 7.62/10.01	result: MeasureResult(costs=(3.1393983320000003,), error_no=MeasureErrorNo.NO_ERROR, all_cost=6.858163118362427, timestamp=1689829202.5349934)	[('tile_y', 16), ('tile_x', 200)],None,266
autotvm - DEBUG - No: 38	GFLOPS: 10.48/10.48	result: MeasureResult(costs=(2.2818401290000003,), error_no=MeasureErrorNo.NO_ERROR, all_cost=5.308174133300781, timestamp=1689829207.5401373)	[('tile_y', 20), ('tile_x', 50)],None,187
autotvm - DEBUG - No: 39	GFLOPS: 5.03/10.48	result: MeasureResult(costs=(4.755589203,), error_no=MeasureErrorNo.NO_ERROR, all_cost=10.280321836471558, timestamp=1689829217.529752)	[('tile_y', 80), ('tile_x', 5)],None,71
autotvm - DEBUG - No: 40	GFLOPS: 4.43/10.48	result: MeasureResult(costs=(5.398635962,), error_no=MeasureErrorNo.NO_ERROR, all_cost=11.333072662353516, timestamp=1689829228.5866082)	[('tile_y', 200), ('tile_x', 10)],None,94
autotvm - DEBUG - No: 41	GFLOPS: 8.26/10.48	result: MeasureResult(costs=(2.895651559,), error_no=MeasureErrorNo.NO_ERROR, all_cost=6.5338523387908936, timestamp=1689829234.8149235)	[('tile_y', 50), ('tile_x', 2600)],None,390
autotvm - DEBUG - No: 42	GFLOPS: 3.65/10.48	result: MeasureResult(costs=(6.561277818,), error_no=MeasureErrorNo.NO_ERROR, all_cost=13.865025281906128, timestamp=1689829248.372611)	[('tile_y', 10), ('tile_x', 1)],None,5
autotvm - DEBUG - No: 43	GFLOPS: 3.91/10.48	result: MeasureResult(costs=(6.111230794,), error_no=MeasureErrorNo.NO_ERROR, all_cost=12.942718029022217, timestamp=1689829261.0314364)	[('tile_y', 250), ('tile_x', 2)],None,35
autotvm - DEBUG - No: 44	GFLOPS: 4.30/10.48	result: MeasureResult(costs=(5.559985555,), error_no=MeasureErrorNo.NO_ERROR, all_cost=12.011173963546753, timestamp=1689829272.7677994)	[('tile_y', 400), ('tile_x', 5)],None,76
autotvm - DEBUG - No: 45	GFLOPS: 2.53/10.48	result: MeasureResult(costs=(9.446962498000001,), error_no=MeasureErrorNo.NO_ERROR, all_cost=19.58206295967102, timestamp=1689829292.1382494)	[('tile_y', 125), ('tile_x', 1)],None,13
autotvm - DEBUG - No: 46	GFLOPS: 4.19/10.48	result: MeasureResult(costs=(5.7099559630000005,), error_no=MeasureErrorNo.NO_ERROR, all_cost=12.049143552780151, timestamp=1689829303.8391602)	[('tile_y', 2), ('tile_x', 650)],None,341
autotvm - DEBUG - No: 47	GFLOPS: 0.78/10.48	result: MeasureResult(costs=(30.504329371,), error_no=MeasureErrorNo.NO_ERROR, all_cost=61.52449584007263, timestamp=1689829365.0727472)	[('tile_y', 1), ('tile_x', 2)],None,20
autotvm - DEBUG - No: 48	GFLOPS: 8.25/10.48	result: MeasureResult(costs=(2.897664626,), error_no=MeasureErrorNo.NO_ERROR, all_cost=6.2833411693573, timestamp=1689829371.047193)	[('tile_y', 200), ('tile_x', 40)],None,174
autotvm - DEBUG - No: 49	GFLOPS: 8.42/10.48	result: MeasureResult(costs=(2.84142253,), error_no=MeasureErrorNo.NO_ERROR, all_cost=6.307435035705566, timestamp=1689829377.182588)	[('tile_y', 200), ('tile_x', 2600)],None,394
autotvm - DEBUG - No: 50	GFLOPS: 3.72/10.48	result: MeasureResult(costs=(6.423441966,), error_no=MeasureErrorNo.NO_ERROR, all_cost=13.604830741882324, timestamp=1689829390.4640412)	[('tile_y', 50), ('tile_x', 2)],None,30
autotvm - DEBUG - No: 51	GFLOPS: 5.68/10.48	result: MeasureResult(costs=(4.207719076,), error_no=MeasureErrorNo.NO_ERROR, all_cost=9.125379085540771, timestamp=1689829399.3553393)	[('tile_y', 80), ('tile_x', 13)],None,111
autotvm - DEBUG - No: 52	GFLOPS: 3.34/10.48	result: MeasureResult(costs=(7.157019215,), error_no=MeasureErrorNo.NO_ERROR, all_cost=14.804696083068848, timestamp=1689829413.9552596)	[('tile_y', 20), ('tile_x', 5)],None,67
autotvm - DEBUG - No: 53	GFLOPS: 10.46/10.48	result: MeasureResult(costs=(2.28650995,), error_no=MeasureErrorNo.NO_ERROR, all_cost=5.2679057121276855, timestamp=1689829418.97186)	[('tile_y', 25), ('tile_x', 52)],None,208
autotvm - DEBUG - No: 54	GFLOPS: 4.59/10.48	result: MeasureResult(costs=(5.2162050650000005,), error_no=MeasureErrorNo.NO_ERROR, all_cost=11.110566854476929, timestamp=1689829429.8755808)	[('tile_y', 200), ('tile_x', 5)],None,74
autotvm - DEBUG - No: 55	GFLOPS: 3.93/10.48	result: MeasureResult(costs=(6.080817023,), error_no=MeasureErrorNo.NO_ERROR, all_cost=12.714978694915771, timestamp=1689829442.2797956)	[('tile_y', 16), ('tile_x', 1)],None,6
autotvm - DEBUG - No: 56	GFLOPS: 9.26/10.48	result: MeasureResult(costs=(2.5837413459999996,), error_no=MeasureErrorNo.NO_ERROR, all_cost=5.93525505065918, timestamp=1689829447.887294)	[('tile_y', 50), ('tile_x', 40)],None,170
root - INFO - Elpased time = 945.0443251132965
autotvm - DEBUG - Finish loading 56 records
